[2024-12-28T08:00:19.034+0000] {processor.py:161} INFO - Started process (PID=188) to work on /opt/airflow/dags/e_commerce_dw_dag.py
[2024-12-28T08:00:19.051+0000] {processor.py:830} INFO - Processing file /opt/airflow/dags/e_commerce_dw_dag.py for tasks to queue
[2024-12-28T08:00:19.124+0000] {logging_mixin.py:188} INFO - [2024-12-28T08:00:19.121+0000] {dagbag.py:545} INFO - Filling up the DagBag from /opt/airflow/dags/e_commerce_dw_dag.py
[2024-12-28T08:00:19.462+0000] {processor.py:840} INFO - DAG(s) 'e_commerce_dw_etl' retrieved from /opt/airflow/dags/e_commerce_dw_dag.py
[2024-12-28T08:00:20.071+0000] {logging_mixin.py:188} INFO - [2024-12-28T08:00:20.070+0000] {override.py:1829} INFO - Created Permission View: can delete on DAG:e_commerce_dw_etl
[2024-12-28T08:00:20.093+0000] {logging_mixin.py:188} INFO - [2024-12-28T08:00:20.092+0000] {override.py:1829} INFO - Created Permission View: can edit on DAG:e_commerce_dw_etl
[2024-12-28T08:00:20.105+0000] {logging_mixin.py:188} INFO - [2024-12-28T08:00:20.105+0000] {override.py:1829} INFO - Created Permission View: can read on DAG:e_commerce_dw_etl
[2024-12-28T08:00:20.106+0000] {logging_mixin.py:188} INFO - [2024-12-28T08:00:20.106+0000] {dag.py:3096} INFO - Sync 1 DAGs
[2024-12-28T08:00:20.161+0000] {logging_mixin.py:188} INFO - [2024-12-28T08:00:20.160+0000] {dag.py:3118} INFO - Creating ORM DAG for e_commerce_dw_etl
[2024-12-28T08:00:20.203+0000] {logging_mixin.py:188} INFO - [2024-12-28T08:00:20.203+0000] {dag.py:3954} INFO - Setting next_dagrun for e_commerce_dw_etl to 2024-10-26 00:00:00+00:00, run_after=2024-10-27 00:00:00+00:00
[2024-12-28T08:00:20.252+0000] {processor.py:183} INFO - Processing /opt/airflow/dags/e_commerce_dw_dag.py took 1.259 seconds
[2024-12-28T08:00:50.689+0000] {processor.py:161} INFO - Started process (PID=206) to work on /opt/airflow/dags/e_commerce_dw_dag.py
[2024-12-28T08:00:50.691+0000] {processor.py:830} INFO - Processing file /opt/airflow/dags/e_commerce_dw_dag.py for tasks to queue
[2024-12-28T08:00:50.693+0000] {logging_mixin.py:188} INFO - [2024-12-28T08:00:50.693+0000] {dagbag.py:545} INFO - Filling up the DagBag from /opt/airflow/dags/e_commerce_dw_dag.py
[2024-12-28T08:00:50.808+0000] {processor.py:840} INFO - DAG(s) 'e_commerce_dw_etl' retrieved from /opt/airflow/dags/e_commerce_dw_dag.py
[2024-12-28T08:00:50.906+0000] {logging_mixin.py:188} INFO - [2024-12-28T08:00:50.906+0000] {dag.py:3096} INFO - Sync 1 DAGs
[2024-12-28T08:00:50.984+0000] {logging_mixin.py:188} INFO - [2024-12-28T08:00:50.983+0000] {dag.py:3954} INFO - Setting next_dagrun for e_commerce_dw_etl to 2024-10-26 00:00:00+00:00, run_after=2024-10-27 00:00:00+00:00
[2024-12-28T08:00:51.250+0000] {processor.py:183} INFO - Processing /opt/airflow/dags/e_commerce_dw_dag.py took 0.568 seconds
[2024-12-28T08:01:21.536+0000] {processor.py:161} INFO - Started process (PID=222) to work on /opt/airflow/dags/e_commerce_dw_dag.py
[2024-12-28T08:01:21.537+0000] {processor.py:830} INFO - Processing file /opt/airflow/dags/e_commerce_dw_dag.py for tasks to queue
[2024-12-28T08:01:21.540+0000] {logging_mixin.py:188} INFO - [2024-12-28T08:01:21.540+0000] {dagbag.py:545} INFO - Filling up the DagBag from /opt/airflow/dags/e_commerce_dw_dag.py
[2024-12-28T08:01:21.722+0000] {processor.py:840} INFO - DAG(s) 'e_commerce_dw_etl' retrieved from /opt/airflow/dags/e_commerce_dw_dag.py
[2024-12-28T08:01:22.492+0000] {logging_mixin.py:188} INFO - [2024-12-28T08:01:22.492+0000] {dag.py:3096} INFO - Sync 1 DAGs
[2024-12-28T08:01:22.766+0000] {logging_mixin.py:188} INFO - [2024-12-28T08:01:22.766+0000] {dag.py:3954} INFO - Setting next_dagrun for e_commerce_dw_etl to 2024-10-26 00:00:00+00:00, run_after=2024-10-27 00:00:00+00:00
[2024-12-28T08:01:23.251+0000] {processor.py:183} INFO - Processing /opt/airflow/dags/e_commerce_dw_dag.py took 1.741 seconds
[2024-12-28T08:01:53.781+0000] {processor.py:161} INFO - Started process (PID=244) to work on /opt/airflow/dags/e_commerce_dw_dag.py
[2024-12-28T08:01:53.782+0000] {processor.py:830} INFO - Processing file /opt/airflow/dags/e_commerce_dw_dag.py for tasks to queue
[2024-12-28T08:01:53.785+0000] {logging_mixin.py:188} INFO - [2024-12-28T08:01:53.785+0000] {dagbag.py:545} INFO - Filling up the DagBag from /opt/airflow/dags/e_commerce_dw_dag.py
[2024-12-28T08:01:53.949+0000] {processor.py:840} INFO - DAG(s) 'e_commerce_dw_etl' retrieved from /opt/airflow/dags/e_commerce_dw_dag.py
[2024-12-28T08:01:54.087+0000] {logging_mixin.py:188} INFO - [2024-12-28T08:01:54.086+0000] {dag.py:3096} INFO - Sync 1 DAGs
[2024-12-28T08:01:54.201+0000] {logging_mixin.py:188} INFO - [2024-12-28T08:01:54.200+0000] {dag.py:3954} INFO - Setting next_dagrun for e_commerce_dw_etl to 2024-10-26 00:00:00+00:00, run_after=2024-10-27 00:00:00+00:00
[2024-12-28T08:01:54.248+0000] {processor.py:183} INFO - Processing /opt/airflow/dags/e_commerce_dw_dag.py took 0.475 seconds
[2024-12-28T08:02:24.444+0000] {processor.py:161} INFO - Started process (PID=260) to work on /opt/airflow/dags/e_commerce_dw_dag.py
[2024-12-28T08:02:24.445+0000] {processor.py:830} INFO - Processing file /opt/airflow/dags/e_commerce_dw_dag.py for tasks to queue
[2024-12-28T08:02:24.449+0000] {logging_mixin.py:188} INFO - [2024-12-28T08:02:24.448+0000] {dagbag.py:545} INFO - Filling up the DagBag from /opt/airflow/dags/e_commerce_dw_dag.py
[2024-12-28T08:02:24.568+0000] {processor.py:840} INFO - DAG(s) 'e_commerce_dw_etl' retrieved from /opt/airflow/dags/e_commerce_dw_dag.py
[2024-12-28T08:02:24.641+0000] {logging_mixin.py:188} INFO - [2024-12-28T08:02:24.641+0000] {dag.py:3096} INFO - Sync 1 DAGs
[2024-12-28T08:02:24.686+0000] {logging_mixin.py:188} INFO - [2024-12-28T08:02:24.686+0000] {dag.py:3954} INFO - Setting next_dagrun for e_commerce_dw_etl to 2024-10-26 00:00:00+00:00, run_after=2024-10-27 00:00:00+00:00
[2024-12-28T08:02:24.715+0000] {processor.py:183} INFO - Processing /opt/airflow/dags/e_commerce_dw_dag.py took 0.277 seconds
[2024-12-28T08:02:55.011+0000] {processor.py:161} INFO - Started process (PID=276) to work on /opt/airflow/dags/e_commerce_dw_dag.py
[2024-12-28T08:02:55.013+0000] {processor.py:830} INFO - Processing file /opt/airflow/dags/e_commerce_dw_dag.py for tasks to queue
[2024-12-28T08:02:55.023+0000] {logging_mixin.py:188} INFO - [2024-12-28T08:02:55.022+0000] {dagbag.py:545} INFO - Filling up the DagBag from /opt/airflow/dags/e_commerce_dw_dag.py
[2024-12-28T08:02:55.115+0000] {processor.py:840} INFO - DAG(s) 'e_commerce_dw_etl' retrieved from /opt/airflow/dags/e_commerce_dw_dag.py
[2024-12-28T08:02:55.164+0000] {logging_mixin.py:188} INFO - [2024-12-28T08:02:55.164+0000] {dag.py:3096} INFO - Sync 1 DAGs
[2024-12-28T08:02:55.196+0000] {logging_mixin.py:188} INFO - [2024-12-28T08:02:55.195+0000] {dag.py:3954} INFO - Setting next_dagrun for e_commerce_dw_etl to 2024-10-26 00:00:00+00:00, run_after=2024-10-27 00:00:00+00:00
[2024-12-28T08:02:55.234+0000] {processor.py:183} INFO - Processing /opt/airflow/dags/e_commerce_dw_dag.py took 0.230 seconds
[2024-12-28T08:03:25.364+0000] {processor.py:161} INFO - Started process (PID=292) to work on /opt/airflow/dags/e_commerce_dw_dag.py
[2024-12-28T08:03:25.366+0000] {processor.py:830} INFO - Processing file /opt/airflow/dags/e_commerce_dw_dag.py for tasks to queue
[2024-12-28T08:03:25.372+0000] {logging_mixin.py:188} INFO - [2024-12-28T08:03:25.372+0000] {dagbag.py:545} INFO - Filling up the DagBag from /opt/airflow/dags/e_commerce_dw_dag.py
[2024-12-28T08:03:25.469+0000] {processor.py:840} INFO - DAG(s) 'e_commerce_dw_etl' retrieved from /opt/airflow/dags/e_commerce_dw_dag.py
[2024-12-28T08:03:25.513+0000] {logging_mixin.py:188} INFO - [2024-12-28T08:03:25.513+0000] {dag.py:3096} INFO - Sync 1 DAGs
[2024-12-28T08:03:25.544+0000] {logging_mixin.py:188} INFO - [2024-12-28T08:03:25.544+0000] {dag.py:3954} INFO - Setting next_dagrun for e_commerce_dw_etl to 2024-10-26 00:00:00+00:00, run_after=2024-10-27 00:00:00+00:00
[2024-12-28T08:03:25.576+0000] {processor.py:183} INFO - Processing /opt/airflow/dags/e_commerce_dw_dag.py took 0.227 seconds
[2024-12-28T08:03:55.846+0000] {processor.py:161} INFO - Started process (PID=308) to work on /opt/airflow/dags/e_commerce_dw_dag.py
[2024-12-28T08:03:55.847+0000] {processor.py:830} INFO - Processing file /opt/airflow/dags/e_commerce_dw_dag.py for tasks to queue
[2024-12-28T08:03:55.850+0000] {logging_mixin.py:188} INFO - [2024-12-28T08:03:55.850+0000] {dagbag.py:545} INFO - Filling up the DagBag from /opt/airflow/dags/e_commerce_dw_dag.py
[2024-12-28T08:03:55.936+0000] {processor.py:840} INFO - DAG(s) 'e_commerce_dw_etl' retrieved from /opt/airflow/dags/e_commerce_dw_dag.py
[2024-12-28T08:03:55.973+0000] {logging_mixin.py:188} INFO - [2024-12-28T08:03:55.972+0000] {dag.py:3096} INFO - Sync 1 DAGs
[2024-12-28T08:03:56.018+0000] {logging_mixin.py:188} INFO - [2024-12-28T08:03:56.017+0000] {dag.py:3954} INFO - Setting next_dagrun for e_commerce_dw_etl to 2024-10-26 00:00:00+00:00, run_after=2024-10-27 00:00:00+00:00
[2024-12-28T08:03:56.068+0000] {processor.py:183} INFO - Processing /opt/airflow/dags/e_commerce_dw_dag.py took 0.230 seconds
[2024-12-28T08:04:26.263+0000] {processor.py:161} INFO - Started process (PID=324) to work on /opt/airflow/dags/e_commerce_dw_dag.py
[2024-12-28T08:04:26.264+0000] {processor.py:830} INFO - Processing file /opt/airflow/dags/e_commerce_dw_dag.py for tasks to queue
[2024-12-28T08:04:26.266+0000] {logging_mixin.py:188} INFO - [2024-12-28T08:04:26.266+0000] {dagbag.py:545} INFO - Filling up the DagBag from /opt/airflow/dags/e_commerce_dw_dag.py
[2024-12-28T08:04:26.331+0000] {processor.py:840} INFO - DAG(s) 'e_commerce_dw_etl' retrieved from /opt/airflow/dags/e_commerce_dw_dag.py
[2024-12-28T08:04:26.372+0000] {logging_mixin.py:188} INFO - [2024-12-28T08:04:26.372+0000] {dag.py:3096} INFO - Sync 1 DAGs
[2024-12-28T08:04:26.400+0000] {logging_mixin.py:188} INFO - [2024-12-28T08:04:26.400+0000] {dag.py:3954} INFO - Setting next_dagrun for e_commerce_dw_etl to 2024-10-26 00:00:00+00:00, run_after=2024-10-27 00:00:00+00:00
[2024-12-28T08:04:26.428+0000] {processor.py:183} INFO - Processing /opt/airflow/dags/e_commerce_dw_dag.py took 0.173 seconds
[2024-12-28T08:04:56.816+0000] {processor.py:161} INFO - Started process (PID=340) to work on /opt/airflow/dags/e_commerce_dw_dag.py
[2024-12-28T08:04:56.819+0000] {processor.py:830} INFO - Processing file /opt/airflow/dags/e_commerce_dw_dag.py for tasks to queue
[2024-12-28T08:04:56.825+0000] {logging_mixin.py:188} INFO - [2024-12-28T08:04:56.824+0000] {dagbag.py:545} INFO - Filling up the DagBag from /opt/airflow/dags/e_commerce_dw_dag.py
[2024-12-28T08:04:56.929+0000] {processor.py:840} INFO - DAG(s) 'e_commerce_dw_etl' retrieved from /opt/airflow/dags/e_commerce_dw_dag.py
[2024-12-28T08:04:56.968+0000] {logging_mixin.py:188} INFO - [2024-12-28T08:04:56.967+0000] {dag.py:3096} INFO - Sync 1 DAGs
[2024-12-28T08:04:56.990+0000] {logging_mixin.py:188} INFO - [2024-12-28T08:04:56.990+0000] {dag.py:3954} INFO - Setting next_dagrun for e_commerce_dw_etl to 2024-10-26 00:00:00+00:00, run_after=2024-10-27 00:00:00+00:00
[2024-12-28T08:04:57.024+0000] {processor.py:183} INFO - Processing /opt/airflow/dags/e_commerce_dw_dag.py took 0.217 seconds
[2024-12-28T08:05:27.381+0000] {processor.py:161} INFO - Started process (PID=356) to work on /opt/airflow/dags/e_commerce_dw_dag.py
[2024-12-28T08:05:27.382+0000] {processor.py:830} INFO - Processing file /opt/airflow/dags/e_commerce_dw_dag.py for tasks to queue
[2024-12-28T08:05:27.385+0000] {logging_mixin.py:188} INFO - [2024-12-28T08:05:27.384+0000] {dagbag.py:545} INFO - Filling up the DagBag from /opt/airflow/dags/e_commerce_dw_dag.py
[2024-12-28T08:05:27.442+0000] {processor.py:840} INFO - DAG(s) 'e_commerce_dw_etl' retrieved from /opt/airflow/dags/e_commerce_dw_dag.py
[2024-12-28T08:05:27.484+0000] {logging_mixin.py:188} INFO - [2024-12-28T08:05:27.483+0000] {dag.py:3096} INFO - Sync 1 DAGs
[2024-12-28T08:05:27.505+0000] {logging_mixin.py:188} INFO - [2024-12-28T08:05:27.505+0000] {dag.py:3954} INFO - Setting next_dagrun for e_commerce_dw_etl to 2024-10-26 00:00:00+00:00, run_after=2024-10-27 00:00:00+00:00
[2024-12-28T08:05:27.532+0000] {processor.py:183} INFO - Processing /opt/airflow/dags/e_commerce_dw_dag.py took 0.157 seconds
[2024-12-28T08:05:57.922+0000] {processor.py:161} INFO - Started process (PID=372) to work on /opt/airflow/dags/e_commerce_dw_dag.py
[2024-12-28T08:05:57.923+0000] {processor.py:830} INFO - Processing file /opt/airflow/dags/e_commerce_dw_dag.py for tasks to queue
[2024-12-28T08:05:57.925+0000] {logging_mixin.py:188} INFO - [2024-12-28T08:05:57.925+0000] {dagbag.py:545} INFO - Filling up the DagBag from /opt/airflow/dags/e_commerce_dw_dag.py
[2024-12-28T08:05:58.021+0000] {processor.py:840} INFO - DAG(s) 'e_commerce_dw_etl' retrieved from /opt/airflow/dags/e_commerce_dw_dag.py
[2024-12-28T08:05:58.066+0000] {logging_mixin.py:188} INFO - [2024-12-28T08:05:58.065+0000] {dag.py:3096} INFO - Sync 1 DAGs
[2024-12-28T08:05:58.089+0000] {logging_mixin.py:188} INFO - [2024-12-28T08:05:58.089+0000] {dag.py:3954} INFO - Setting next_dagrun for e_commerce_dw_etl to 2024-10-26 00:00:00+00:00, run_after=2024-10-27 00:00:00+00:00
[2024-12-28T08:05:58.118+0000] {processor.py:183} INFO - Processing /opt/airflow/dags/e_commerce_dw_dag.py took 0.204 seconds
[2024-12-28T08:06:28.274+0000] {processor.py:161} INFO - Started process (PID=388) to work on /opt/airflow/dags/e_commerce_dw_dag.py
[2024-12-28T08:06:28.276+0000] {processor.py:830} INFO - Processing file /opt/airflow/dags/e_commerce_dw_dag.py for tasks to queue
[2024-12-28T08:06:28.278+0000] {logging_mixin.py:188} INFO - [2024-12-28T08:06:28.278+0000] {dagbag.py:545} INFO - Filling up the DagBag from /opt/airflow/dags/e_commerce_dw_dag.py
[2024-12-28T08:06:28.368+0000] {processor.py:840} INFO - DAG(s) 'e_commerce_dw_etl' retrieved from /opt/airflow/dags/e_commerce_dw_dag.py
[2024-12-28T08:06:28.405+0000] {logging_mixin.py:188} INFO - [2024-12-28T08:06:28.405+0000] {dag.py:3096} INFO - Sync 1 DAGs
[2024-12-28T08:06:28.435+0000] {logging_mixin.py:188} INFO - [2024-12-28T08:06:28.435+0000] {dag.py:3954} INFO - Setting next_dagrun for e_commerce_dw_etl to 2024-10-26 00:00:00+00:00, run_after=2024-10-27 00:00:00+00:00
[2024-12-28T08:06:28.478+0000] {processor.py:183} INFO - Processing /opt/airflow/dags/e_commerce_dw_dag.py took 0.212 seconds
[2024-12-28T08:06:58.811+0000] {processor.py:161} INFO - Started process (PID=404) to work on /opt/airflow/dags/e_commerce_dw_dag.py
[2024-12-28T08:06:58.813+0000] {processor.py:830} INFO - Processing file /opt/airflow/dags/e_commerce_dw_dag.py for tasks to queue
[2024-12-28T08:06:58.815+0000] {logging_mixin.py:188} INFO - [2024-12-28T08:06:58.815+0000] {dagbag.py:545} INFO - Filling up the DagBag from /opt/airflow/dags/e_commerce_dw_dag.py
[2024-12-28T08:06:58.899+0000] {processor.py:840} INFO - DAG(s) 'e_commerce_dw_etl' retrieved from /opt/airflow/dags/e_commerce_dw_dag.py
[2024-12-28T08:06:58.931+0000] {logging_mixin.py:188} INFO - [2024-12-28T08:06:58.931+0000] {dag.py:3096} INFO - Sync 1 DAGs
[2024-12-28T08:06:58.952+0000] {logging_mixin.py:188} INFO - [2024-12-28T08:06:58.952+0000] {dag.py:3954} INFO - Setting next_dagrun for e_commerce_dw_etl to 2024-10-26 00:00:00+00:00, run_after=2024-10-27 00:00:00+00:00
[2024-12-28T08:06:58.978+0000] {processor.py:183} INFO - Processing /opt/airflow/dags/e_commerce_dw_dag.py took 0.180 seconds
[2024-12-28T08:07:29.152+0000] {processor.py:161} INFO - Started process (PID=420) to work on /opt/airflow/dags/e_commerce_dw_dag.py
[2024-12-28T08:07:29.153+0000] {processor.py:830} INFO - Processing file /opt/airflow/dags/e_commerce_dw_dag.py for tasks to queue
[2024-12-28T08:07:29.156+0000] {logging_mixin.py:188} INFO - [2024-12-28T08:07:29.155+0000] {dagbag.py:545} INFO - Filling up the DagBag from /opt/airflow/dags/e_commerce_dw_dag.py
[2024-12-28T08:07:29.226+0000] {processor.py:840} INFO - DAG(s) 'e_commerce_dw_etl' retrieved from /opt/airflow/dags/e_commerce_dw_dag.py
[2024-12-28T08:07:29.271+0000] {logging_mixin.py:188} INFO - [2024-12-28T08:07:29.270+0000] {dag.py:3096} INFO - Sync 1 DAGs
[2024-12-28T08:07:29.303+0000] {logging_mixin.py:188} INFO - [2024-12-28T08:07:29.302+0000] {dag.py:3954} INFO - Setting next_dagrun for e_commerce_dw_etl to 2024-10-26 00:00:00+00:00, run_after=2024-10-27 00:00:00+00:00
[2024-12-28T08:07:29.338+0000] {processor.py:183} INFO - Processing /opt/airflow/dags/e_commerce_dw_dag.py took 0.193 seconds
[2024-12-28T08:07:59.667+0000] {processor.py:161} INFO - Started process (PID=437) to work on /opt/airflow/dags/e_commerce_dw_dag.py
[2024-12-28T08:07:59.668+0000] {processor.py:830} INFO - Processing file /opt/airflow/dags/e_commerce_dw_dag.py for tasks to queue
[2024-12-28T08:07:59.675+0000] {logging_mixin.py:188} INFO - [2024-12-28T08:07:59.674+0000] {dagbag.py:545} INFO - Filling up the DagBag from /opt/airflow/dags/e_commerce_dw_dag.py
[2024-12-28T08:07:59.775+0000] {processor.py:840} INFO - DAG(s) 'e_commerce_dw_etl' retrieved from /opt/airflow/dags/e_commerce_dw_dag.py
[2024-12-28T08:07:59.834+0000] {logging_mixin.py:188} INFO - [2024-12-28T08:07:59.833+0000] {dag.py:3096} INFO - Sync 1 DAGs
[2024-12-28T08:07:59.866+0000] {logging_mixin.py:188} INFO - [2024-12-28T08:07:59.866+0000] {dag.py:3954} INFO - Setting next_dagrun for e_commerce_dw_etl to 2024-10-26 00:00:00+00:00, run_after=2024-10-27 00:00:00+00:00
[2024-12-28T08:07:59.892+0000] {processor.py:183} INFO - Processing /opt/airflow/dags/e_commerce_dw_dag.py took 0.256 seconds
[2024-12-28T08:08:30.044+0000] {processor.py:161} INFO - Started process (PID=453) to work on /opt/airflow/dags/e_commerce_dw_dag.py
[2024-12-28T08:08:30.045+0000] {processor.py:830} INFO - Processing file /opt/airflow/dags/e_commerce_dw_dag.py for tasks to queue
[2024-12-28T08:08:30.048+0000] {logging_mixin.py:188} INFO - [2024-12-28T08:08:30.048+0000] {dagbag.py:545} INFO - Filling up the DagBag from /opt/airflow/dags/e_commerce_dw_dag.py
[2024-12-28T08:08:30.120+0000] {processor.py:840} INFO - DAG(s) 'e_commerce_dw_etl' retrieved from /opt/airflow/dags/e_commerce_dw_dag.py
[2024-12-28T08:08:30.159+0000] {logging_mixin.py:188} INFO - [2024-12-28T08:08:30.159+0000] {dag.py:3096} INFO - Sync 1 DAGs
[2024-12-28T08:08:30.184+0000] {logging_mixin.py:188} INFO - [2024-12-28T08:08:30.184+0000] {dag.py:3954} INFO - Setting next_dagrun for e_commerce_dw_etl to 2024-10-26 00:00:00+00:00, run_after=2024-10-27 00:00:00+00:00
[2024-12-28T08:08:30.211+0000] {processor.py:183} INFO - Processing /opt/airflow/dags/e_commerce_dw_dag.py took 0.178 seconds
[2024-12-28T08:09:00.393+0000] {processor.py:161} INFO - Started process (PID=469) to work on /opt/airflow/dags/e_commerce_dw_dag.py
[2024-12-28T08:09:00.395+0000] {processor.py:830} INFO - Processing file /opt/airflow/dags/e_commerce_dw_dag.py for tasks to queue
[2024-12-28T08:09:00.397+0000] {logging_mixin.py:188} INFO - [2024-12-28T08:09:00.397+0000] {dagbag.py:545} INFO - Filling up the DagBag from /opt/airflow/dags/e_commerce_dw_dag.py
[2024-12-28T08:09:00.461+0000] {processor.py:840} INFO - DAG(s) 'e_commerce_dw_etl' retrieved from /opt/airflow/dags/e_commerce_dw_dag.py
[2024-12-28T08:09:00.499+0000] {logging_mixin.py:188} INFO - [2024-12-28T08:09:00.499+0000] {dag.py:3096} INFO - Sync 1 DAGs
[2024-12-28T08:09:00.528+0000] {logging_mixin.py:188} INFO - [2024-12-28T08:09:00.528+0000] {dag.py:3954} INFO - Setting next_dagrun for e_commerce_dw_etl to 2024-10-26 00:00:00+00:00, run_after=2024-10-27 00:00:00+00:00
[2024-12-28T08:09:00.555+0000] {processor.py:183} INFO - Processing /opt/airflow/dags/e_commerce_dw_dag.py took 0.167 seconds
[2024-12-28T08:09:30.919+0000] {processor.py:161} INFO - Started process (PID=485) to work on /opt/airflow/dags/e_commerce_dw_dag.py
[2024-12-28T08:09:30.920+0000] {processor.py:830} INFO - Processing file /opt/airflow/dags/e_commerce_dw_dag.py for tasks to queue
[2024-12-28T08:09:30.922+0000] {logging_mixin.py:188} INFO - [2024-12-28T08:09:30.922+0000] {dagbag.py:545} INFO - Filling up the DagBag from /opt/airflow/dags/e_commerce_dw_dag.py
[2024-12-28T08:09:31.032+0000] {processor.py:840} INFO - DAG(s) 'e_commerce_dw_etl' retrieved from /opt/airflow/dags/e_commerce_dw_dag.py
[2024-12-28T08:09:31.083+0000] {logging_mixin.py:188} INFO - [2024-12-28T08:09:31.082+0000] {dag.py:3096} INFO - Sync 1 DAGs
[2024-12-28T08:09:31.108+0000] {logging_mixin.py:188} INFO - [2024-12-28T08:09:31.108+0000] {dag.py:3954} INFO - Setting next_dagrun for e_commerce_dw_etl to 2024-10-26 00:00:00+00:00, run_after=2024-10-27 00:00:00+00:00
[2024-12-28T08:09:31.136+0000] {processor.py:183} INFO - Processing /opt/airflow/dags/e_commerce_dw_dag.py took 0.224 seconds
[2024-12-28T08:10:01.330+0000] {processor.py:161} INFO - Started process (PID=501) to work on /opt/airflow/dags/e_commerce_dw_dag.py
[2024-12-28T08:10:01.331+0000] {processor.py:830} INFO - Processing file /opt/airflow/dags/e_commerce_dw_dag.py for tasks to queue
[2024-12-28T08:10:01.333+0000] {logging_mixin.py:188} INFO - [2024-12-28T08:10:01.332+0000] {dagbag.py:545} INFO - Filling up the DagBag from /opt/airflow/dags/e_commerce_dw_dag.py
[2024-12-28T08:10:01.385+0000] {processor.py:840} INFO - DAG(s) 'e_commerce_dw_etl' retrieved from /opt/airflow/dags/e_commerce_dw_dag.py
[2024-12-28T08:10:01.413+0000] {logging_mixin.py:188} INFO - [2024-12-28T08:10:01.412+0000] {dag.py:3096} INFO - Sync 1 DAGs
[2024-12-28T08:10:01.434+0000] {logging_mixin.py:188} INFO - [2024-12-28T08:10:01.434+0000] {dag.py:3954} INFO - Setting next_dagrun for e_commerce_dw_etl to 2024-10-26 00:00:00+00:00, run_after=2024-10-27 00:00:00+00:00
[2024-12-28T08:10:01.461+0000] {processor.py:183} INFO - Processing /opt/airflow/dags/e_commerce_dw_dag.py took 0.136 seconds
[2024-12-28T08:10:31.872+0000] {processor.py:161} INFO - Started process (PID=517) to work on /opt/airflow/dags/e_commerce_dw_dag.py
[2024-12-28T08:10:31.874+0000] {processor.py:830} INFO - Processing file /opt/airflow/dags/e_commerce_dw_dag.py for tasks to queue
[2024-12-28T08:10:31.877+0000] {logging_mixin.py:188} INFO - [2024-12-28T08:10:31.876+0000] {dagbag.py:545} INFO - Filling up the DagBag from /opt/airflow/dags/e_commerce_dw_dag.py
[2024-12-28T08:10:32.019+0000] {processor.py:840} INFO - DAG(s) 'e_commerce_dw_etl' retrieved from /opt/airflow/dags/e_commerce_dw_dag.py
[2024-12-28T08:10:32.058+0000] {logging_mixin.py:188} INFO - [2024-12-28T08:10:32.057+0000] {dag.py:3096} INFO - Sync 1 DAGs
[2024-12-28T08:10:32.087+0000] {logging_mixin.py:188} INFO - [2024-12-28T08:10:32.086+0000] {dag.py:3954} INFO - Setting next_dagrun for e_commerce_dw_etl to 2024-10-26 00:00:00+00:00, run_after=2024-10-27 00:00:00+00:00
[2024-12-28T08:10:32.117+0000] {processor.py:183} INFO - Processing /opt/airflow/dags/e_commerce_dw_dag.py took 0.251 seconds
[2024-12-28T08:11:02.240+0000] {processor.py:161} INFO - Started process (PID=533) to work on /opt/airflow/dags/e_commerce_dw_dag.py
[2024-12-28T08:11:02.241+0000] {processor.py:830} INFO - Processing file /opt/airflow/dags/e_commerce_dw_dag.py for tasks to queue
[2024-12-28T08:11:02.243+0000] {logging_mixin.py:188} INFO - [2024-12-28T08:11:02.243+0000] {dagbag.py:545} INFO - Filling up the DagBag from /opt/airflow/dags/e_commerce_dw_dag.py
[2024-12-28T08:11:02.299+0000] {processor.py:840} INFO - DAG(s) 'e_commerce_dw_etl' retrieved from /opt/airflow/dags/e_commerce_dw_dag.py
[2024-12-28T08:11:02.330+0000] {logging_mixin.py:188} INFO - [2024-12-28T08:11:02.330+0000] {dag.py:3096} INFO - Sync 1 DAGs
[2024-12-28T08:11:02.353+0000] {logging_mixin.py:188} INFO - [2024-12-28T08:11:02.353+0000] {dag.py:3954} INFO - Setting next_dagrun for e_commerce_dw_etl to 2024-10-26 00:00:00+00:00, run_after=2024-10-27 00:00:00+00:00
[2024-12-28T08:11:02.380+0000] {processor.py:183} INFO - Processing /opt/airflow/dags/e_commerce_dw_dag.py took 0.147 seconds
[2024-12-28T08:11:32.719+0000] {processor.py:161} INFO - Started process (PID=549) to work on /opt/airflow/dags/e_commerce_dw_dag.py
[2024-12-28T08:11:32.721+0000] {processor.py:830} INFO - Processing file /opt/airflow/dags/e_commerce_dw_dag.py for tasks to queue
[2024-12-28T08:11:32.723+0000] {logging_mixin.py:188} INFO - [2024-12-28T08:11:32.723+0000] {dagbag.py:545} INFO - Filling up the DagBag from /opt/airflow/dags/e_commerce_dw_dag.py
[2024-12-28T08:11:32.781+0000] {processor.py:840} INFO - DAG(s) 'e_commerce_dw_etl' retrieved from /opt/airflow/dags/e_commerce_dw_dag.py
[2024-12-28T08:11:32.815+0000] {logging_mixin.py:188} INFO - [2024-12-28T08:11:32.815+0000] {dag.py:3096} INFO - Sync 1 DAGs
[2024-12-28T08:11:32.841+0000] {logging_mixin.py:188} INFO - [2024-12-28T08:11:32.841+0000] {dag.py:3954} INFO - Setting next_dagrun for e_commerce_dw_etl to 2024-10-26 00:00:00+00:00, run_after=2024-10-27 00:00:00+00:00
[2024-12-28T08:11:32.869+0000] {processor.py:183} INFO - Processing /opt/airflow/dags/e_commerce_dw_dag.py took 0.155 seconds
[2024-12-28T08:12:03.075+0000] {processor.py:161} INFO - Started process (PID=565) to work on /opt/airflow/dags/e_commerce_dw_dag.py
[2024-12-28T08:12:03.076+0000] {processor.py:830} INFO - Processing file /opt/airflow/dags/e_commerce_dw_dag.py for tasks to queue
[2024-12-28T08:12:03.078+0000] {logging_mixin.py:188} INFO - [2024-12-28T08:12:03.078+0000] {dagbag.py:545} INFO - Filling up the DagBag from /opt/airflow/dags/e_commerce_dw_dag.py
[2024-12-28T08:12:03.135+0000] {processor.py:840} INFO - DAG(s) 'e_commerce_dw_etl' retrieved from /opt/airflow/dags/e_commerce_dw_dag.py
[2024-12-28T08:12:03.169+0000] {logging_mixin.py:188} INFO - [2024-12-28T08:12:03.168+0000] {dag.py:3096} INFO - Sync 1 DAGs
[2024-12-28T08:12:03.191+0000] {logging_mixin.py:188} INFO - [2024-12-28T08:12:03.191+0000] {dag.py:3954} INFO - Setting next_dagrun for e_commerce_dw_etl to 2024-10-26 00:00:00+00:00, run_after=2024-10-27 00:00:00+00:00
[2024-12-28T08:12:03.221+0000] {processor.py:183} INFO - Processing /opt/airflow/dags/e_commerce_dw_dag.py took 0.154 seconds
[2024-12-28T08:12:33.495+0000] {processor.py:161} INFO - Started process (PID=581) to work on /opt/airflow/dags/e_commerce_dw_dag.py
[2024-12-28T08:12:33.496+0000] {processor.py:830} INFO - Processing file /opt/airflow/dags/e_commerce_dw_dag.py for tasks to queue
[2024-12-28T08:12:33.498+0000] {logging_mixin.py:188} INFO - [2024-12-28T08:12:33.497+0000] {dagbag.py:545} INFO - Filling up the DagBag from /opt/airflow/dags/e_commerce_dw_dag.py
[2024-12-28T08:12:33.560+0000] {processor.py:840} INFO - DAG(s) 'e_commerce_dw_etl' retrieved from /opt/airflow/dags/e_commerce_dw_dag.py
[2024-12-28T08:12:33.590+0000] {logging_mixin.py:188} INFO - [2024-12-28T08:12:33.590+0000] {dag.py:3096} INFO - Sync 1 DAGs
[2024-12-28T08:12:33.612+0000] {logging_mixin.py:188} INFO - [2024-12-28T08:12:33.612+0000] {dag.py:3954} INFO - Setting next_dagrun for e_commerce_dw_etl to 2024-10-26 00:00:00+00:00, run_after=2024-10-27 00:00:00+00:00
[2024-12-28T08:12:33.638+0000] {processor.py:183} INFO - Processing /opt/airflow/dags/e_commerce_dw_dag.py took 0.149 seconds
[2024-12-28T08:13:04.013+0000] {processor.py:161} INFO - Started process (PID=597) to work on /opt/airflow/dags/e_commerce_dw_dag.py
[2024-12-28T08:13:04.015+0000] {processor.py:830} INFO - Processing file /opt/airflow/dags/e_commerce_dw_dag.py for tasks to queue
[2024-12-28T08:13:04.017+0000] {logging_mixin.py:188} INFO - [2024-12-28T08:13:04.017+0000] {dagbag.py:545} INFO - Filling up the DagBag from /opt/airflow/dags/e_commerce_dw_dag.py
[2024-12-28T08:13:04.070+0000] {processor.py:840} INFO - DAG(s) 'e_commerce_dw_etl' retrieved from /opt/airflow/dags/e_commerce_dw_dag.py
[2024-12-28T08:13:04.104+0000] {logging_mixin.py:188} INFO - [2024-12-28T08:13:04.104+0000] {dag.py:3096} INFO - Sync 1 DAGs
[2024-12-28T08:13:04.127+0000] {logging_mixin.py:188} INFO - [2024-12-28T08:13:04.127+0000] {dag.py:3954} INFO - Setting next_dagrun for e_commerce_dw_etl to 2024-10-26 00:00:00+00:00, run_after=2024-10-27 00:00:00+00:00
[2024-12-28T08:13:04.153+0000] {processor.py:183} INFO - Processing /opt/airflow/dags/e_commerce_dw_dag.py took 0.146 seconds
[2024-12-28T08:13:34.385+0000] {processor.py:161} INFO - Started process (PID=613) to work on /opt/airflow/dags/e_commerce_dw_dag.py
[2024-12-28T08:13:34.386+0000] {processor.py:830} INFO - Processing file /opt/airflow/dags/e_commerce_dw_dag.py for tasks to queue
[2024-12-28T08:13:34.389+0000] {logging_mixin.py:188} INFO - [2024-12-28T08:13:34.389+0000] {dagbag.py:545} INFO - Filling up the DagBag from /opt/airflow/dags/e_commerce_dw_dag.py
[2024-12-28T08:13:34.444+0000] {processor.py:840} INFO - DAG(s) 'e_commerce_dw_etl' retrieved from /opt/airflow/dags/e_commerce_dw_dag.py
[2024-12-28T08:13:34.479+0000] {logging_mixin.py:188} INFO - [2024-12-28T08:13:34.479+0000] {dag.py:3096} INFO - Sync 1 DAGs
[2024-12-28T08:13:34.503+0000] {logging_mixin.py:188} INFO - [2024-12-28T08:13:34.503+0000] {dag.py:3954} INFO - Setting next_dagrun for e_commerce_dw_etl to 2024-10-26 00:00:00+00:00, run_after=2024-10-27 00:00:00+00:00
[2024-12-28T08:13:34.530+0000] {processor.py:183} INFO - Processing /opt/airflow/dags/e_commerce_dw_dag.py took 0.151 seconds
[2024-12-28T08:14:04.803+0000] {processor.py:161} INFO - Started process (PID=629) to work on /opt/airflow/dags/e_commerce_dw_dag.py
[2024-12-28T08:14:04.804+0000] {processor.py:830} INFO - Processing file /opt/airflow/dags/e_commerce_dw_dag.py for tasks to queue
[2024-12-28T08:14:04.807+0000] {logging_mixin.py:188} INFO - [2024-12-28T08:14:04.806+0000] {dagbag.py:545} INFO - Filling up the DagBag from /opt/airflow/dags/e_commerce_dw_dag.py
[2024-12-28T08:14:04.899+0000] {processor.py:840} INFO - DAG(s) 'e_commerce_dw_etl' retrieved from /opt/airflow/dags/e_commerce_dw_dag.py
[2024-12-28T08:14:04.934+0000] {logging_mixin.py:188} INFO - [2024-12-28T08:14:04.934+0000] {dag.py:3096} INFO - Sync 1 DAGs
[2024-12-28T08:14:04.966+0000] {logging_mixin.py:188} INFO - [2024-12-28T08:14:04.966+0000] {dag.py:3954} INFO - Setting next_dagrun for e_commerce_dw_etl to 2024-10-26 00:00:00+00:00, run_after=2024-10-27 00:00:00+00:00
[2024-12-28T08:14:04.988+0000] {processor.py:183} INFO - Processing /opt/airflow/dags/e_commerce_dw_dag.py took 0.191 seconds
[2024-12-28T08:14:35.347+0000] {processor.py:161} INFO - Started process (PID=645) to work on /opt/airflow/dags/e_commerce_dw_dag.py
[2024-12-28T08:14:35.348+0000] {processor.py:830} INFO - Processing file /opt/airflow/dags/e_commerce_dw_dag.py for tasks to queue
[2024-12-28T08:14:35.349+0000] {logging_mixin.py:188} INFO - [2024-12-28T08:14:35.349+0000] {dagbag.py:545} INFO - Filling up the DagBag from /opt/airflow/dags/e_commerce_dw_dag.py
[2024-12-28T08:14:35.400+0000] {processor.py:840} INFO - DAG(s) 'e_commerce_dw_etl' retrieved from /opt/airflow/dags/e_commerce_dw_dag.py
[2024-12-28T08:14:35.430+0000] {logging_mixin.py:188} INFO - [2024-12-28T08:14:35.430+0000] {dag.py:3096} INFO - Sync 1 DAGs
[2024-12-28T08:14:35.454+0000] {logging_mixin.py:188} INFO - [2024-12-28T08:14:35.454+0000] {dag.py:3954} INFO - Setting next_dagrun for e_commerce_dw_etl to 2024-10-26 00:00:00+00:00, run_after=2024-10-27 00:00:00+00:00
[2024-12-28T08:14:35.479+0000] {processor.py:183} INFO - Processing /opt/airflow/dags/e_commerce_dw_dag.py took 0.138 seconds
[2024-12-28T08:15:05.709+0000] {processor.py:161} INFO - Started process (PID=661) to work on /opt/airflow/dags/e_commerce_dw_dag.py
[2024-12-28T08:15:05.710+0000] {processor.py:830} INFO - Processing file /opt/airflow/dags/e_commerce_dw_dag.py for tasks to queue
[2024-12-28T08:15:05.713+0000] {logging_mixin.py:188} INFO - [2024-12-28T08:15:05.712+0000] {dagbag.py:545} INFO - Filling up the DagBag from /opt/airflow/dags/e_commerce_dw_dag.py
[2024-12-28T08:15:05.776+0000] {processor.py:840} INFO - DAG(s) 'e_commerce_dw_etl' retrieved from /opt/airflow/dags/e_commerce_dw_dag.py
[2024-12-28T08:15:05.805+0000] {logging_mixin.py:188} INFO - [2024-12-28T08:15:05.805+0000] {dag.py:3096} INFO - Sync 1 DAGs
[2024-12-28T08:15:05.828+0000] {logging_mixin.py:188} INFO - [2024-12-28T08:15:05.827+0000] {dag.py:3954} INFO - Setting next_dagrun for e_commerce_dw_etl to 2024-10-26 00:00:00+00:00, run_after=2024-10-27 00:00:00+00:00
[2024-12-28T08:15:05.856+0000] {processor.py:183} INFO - Processing /opt/airflow/dags/e_commerce_dw_dag.py took 0.154 seconds
[2024-12-28T08:15:36.272+0000] {processor.py:161} INFO - Started process (PID=677) to work on /opt/airflow/dags/e_commerce_dw_dag.py
[2024-12-28T08:15:36.273+0000] {processor.py:830} INFO - Processing file /opt/airflow/dags/e_commerce_dw_dag.py for tasks to queue
[2024-12-28T08:15:36.277+0000] {logging_mixin.py:188} INFO - [2024-12-28T08:15:36.276+0000] {dagbag.py:545} INFO - Filling up the DagBag from /opt/airflow/dags/e_commerce_dw_dag.py
[2024-12-28T08:15:36.344+0000] {processor.py:840} INFO - DAG(s) 'e_commerce_dw_etl' retrieved from /opt/airflow/dags/e_commerce_dw_dag.py
[2024-12-28T08:15:36.375+0000] {logging_mixin.py:188} INFO - [2024-12-28T08:15:36.375+0000] {dag.py:3096} INFO - Sync 1 DAGs
[2024-12-28T08:15:36.397+0000] {logging_mixin.py:188} INFO - [2024-12-28T08:15:36.397+0000] {dag.py:3954} INFO - Setting next_dagrun for e_commerce_dw_etl to 2024-10-26 00:00:00+00:00, run_after=2024-10-27 00:00:00+00:00
[2024-12-28T08:15:36.424+0000] {processor.py:183} INFO - Processing /opt/airflow/dags/e_commerce_dw_dag.py took 0.158 seconds
[2024-12-28T08:16:06.698+0000] {processor.py:161} INFO - Started process (PID=693) to work on /opt/airflow/dags/e_commerce_dw_dag.py
[2024-12-28T08:16:06.700+0000] {processor.py:830} INFO - Processing file /opt/airflow/dags/e_commerce_dw_dag.py for tasks to queue
[2024-12-28T08:16:06.702+0000] {logging_mixin.py:188} INFO - [2024-12-28T08:16:06.702+0000] {dagbag.py:545} INFO - Filling up the DagBag from /opt/airflow/dags/e_commerce_dw_dag.py
[2024-12-28T08:16:06.763+0000] {processor.py:840} INFO - DAG(s) 'e_commerce_dw_etl' retrieved from /opt/airflow/dags/e_commerce_dw_dag.py
[2024-12-28T08:16:06.798+0000] {logging_mixin.py:188} INFO - [2024-12-28T08:16:06.797+0000] {dag.py:3096} INFO - Sync 1 DAGs
[2024-12-28T08:16:06.820+0000] {logging_mixin.py:188} INFO - [2024-12-28T08:16:06.820+0000] {dag.py:3954} INFO - Setting next_dagrun for e_commerce_dw_etl to 2024-10-26 00:00:00+00:00, run_after=2024-10-27 00:00:00+00:00
[2024-12-28T08:16:06.845+0000] {processor.py:183} INFO - Processing /opt/airflow/dags/e_commerce_dw_dag.py took 0.155 seconds
[2024-12-28T08:16:37.206+0000] {processor.py:161} INFO - Started process (PID=709) to work on /opt/airflow/dags/e_commerce_dw_dag.py
[2024-12-28T08:16:37.207+0000] {processor.py:830} INFO - Processing file /opt/airflow/dags/e_commerce_dw_dag.py for tasks to queue
[2024-12-28T08:16:37.209+0000] {logging_mixin.py:188} INFO - [2024-12-28T08:16:37.208+0000] {dagbag.py:545} INFO - Filling up the DagBag from /opt/airflow/dags/e_commerce_dw_dag.py
[2024-12-28T08:16:37.274+0000] {processor.py:840} INFO - DAG(s) 'e_commerce_dw_etl' retrieved from /opt/airflow/dags/e_commerce_dw_dag.py
[2024-12-28T08:16:37.302+0000] {logging_mixin.py:188} INFO - [2024-12-28T08:16:37.302+0000] {dag.py:3096} INFO - Sync 1 DAGs
[2024-12-28T08:16:37.324+0000] {logging_mixin.py:188} INFO - [2024-12-28T08:16:37.324+0000] {dag.py:3954} INFO - Setting next_dagrun for e_commerce_dw_etl to 2024-10-26 00:00:00+00:00, run_after=2024-10-27 00:00:00+00:00
[2024-12-28T08:16:37.353+0000] {processor.py:183} INFO - Processing /opt/airflow/dags/e_commerce_dw_dag.py took 0.152 seconds
[2024-12-28T08:17:07.567+0000] {processor.py:161} INFO - Started process (PID=725) to work on /opt/airflow/dags/e_commerce_dw_dag.py
[2024-12-28T08:17:07.569+0000] {processor.py:830} INFO - Processing file /opt/airflow/dags/e_commerce_dw_dag.py for tasks to queue
[2024-12-28T08:17:07.571+0000] {logging_mixin.py:188} INFO - [2024-12-28T08:17:07.571+0000] {dagbag.py:545} INFO - Filling up the DagBag from /opt/airflow/dags/e_commerce_dw_dag.py
[2024-12-28T08:17:07.623+0000] {processor.py:840} INFO - DAG(s) 'e_commerce_dw_etl' retrieved from /opt/airflow/dags/e_commerce_dw_dag.py
[2024-12-28T08:17:07.653+0000] {logging_mixin.py:188} INFO - [2024-12-28T08:17:07.653+0000] {dag.py:3096} INFO - Sync 1 DAGs
[2024-12-28T08:17:07.675+0000] {logging_mixin.py:188} INFO - [2024-12-28T08:17:07.675+0000] {dag.py:3954} INFO - Setting next_dagrun for e_commerce_dw_etl to 2024-10-26 00:00:00+00:00, run_after=2024-10-27 00:00:00+00:00
[2024-12-28T08:17:07.703+0000] {processor.py:183} INFO - Processing /opt/airflow/dags/e_commerce_dw_dag.py took 0.143 seconds
[2024-12-28T08:17:38.081+0000] {processor.py:161} INFO - Started process (PID=741) to work on /opt/airflow/dags/e_commerce_dw_dag.py
[2024-12-28T08:17:38.082+0000] {processor.py:830} INFO - Processing file /opt/airflow/dags/e_commerce_dw_dag.py for tasks to queue
[2024-12-28T08:17:38.084+0000] {logging_mixin.py:188} INFO - [2024-12-28T08:17:38.084+0000] {dagbag.py:545} INFO - Filling up the DagBag from /opt/airflow/dags/e_commerce_dw_dag.py
[2024-12-28T08:17:38.210+0000] {processor.py:840} INFO - DAG(s) 'e_commerce_dw_etl' retrieved from /opt/airflow/dags/e_commerce_dw_dag.py
[2024-12-28T08:17:38.242+0000] {logging_mixin.py:188} INFO - [2024-12-28T08:17:38.242+0000] {dag.py:3096} INFO - Sync 1 DAGs
[2024-12-28T08:17:38.266+0000] {logging_mixin.py:188} INFO - [2024-12-28T08:17:38.266+0000] {dag.py:3954} INFO - Setting next_dagrun for e_commerce_dw_etl to 2024-10-26 00:00:00+00:00, run_after=2024-10-27 00:00:00+00:00
[2024-12-28T08:17:38.293+0000] {processor.py:183} INFO - Processing /opt/airflow/dags/e_commerce_dw_dag.py took 0.219 seconds
[2024-12-28T08:18:08.501+0000] {processor.py:161} INFO - Started process (PID=757) to work on /opt/airflow/dags/e_commerce_dw_dag.py
[2024-12-28T08:18:08.502+0000] {processor.py:830} INFO - Processing file /opt/airflow/dags/e_commerce_dw_dag.py for tasks to queue
[2024-12-28T08:18:08.505+0000] {logging_mixin.py:188} INFO - [2024-12-28T08:18:08.504+0000] {dagbag.py:545} INFO - Filling up the DagBag from /opt/airflow/dags/e_commerce_dw_dag.py
[2024-12-28T08:18:08.571+0000] {processor.py:840} INFO - DAG(s) 'e_commerce_dw_etl' retrieved from /opt/airflow/dags/e_commerce_dw_dag.py
[2024-12-28T08:18:08.600+0000] {logging_mixin.py:188} INFO - [2024-12-28T08:18:08.600+0000] {dag.py:3096} INFO - Sync 1 DAGs
[2024-12-28T08:18:08.624+0000] {logging_mixin.py:188} INFO - [2024-12-28T08:18:08.623+0000] {dag.py:3954} INFO - Setting next_dagrun for e_commerce_dw_etl to 2024-10-26 00:00:00+00:00, run_after=2024-10-27 00:00:00+00:00
[2024-12-28T08:18:08.649+0000] {processor.py:183} INFO - Processing /opt/airflow/dags/e_commerce_dw_dag.py took 0.154 seconds
[2024-12-28T08:18:38.959+0000] {processor.py:161} INFO - Started process (PID=773) to work on /opt/airflow/dags/e_commerce_dw_dag.py
[2024-12-28T08:18:38.960+0000] {processor.py:830} INFO - Processing file /opt/airflow/dags/e_commerce_dw_dag.py for tasks to queue
[2024-12-28T08:18:38.963+0000] {logging_mixin.py:188} INFO - [2024-12-28T08:18:38.963+0000] {dagbag.py:545} INFO - Filling up the DagBag from /opt/airflow/dags/e_commerce_dw_dag.py
[2024-12-28T08:18:39.029+0000] {processor.py:840} INFO - DAG(s) 'e_commerce_dw_etl' retrieved from /opt/airflow/dags/e_commerce_dw_dag.py
[2024-12-28T08:18:39.057+0000] {logging_mixin.py:188} INFO - [2024-12-28T08:18:39.057+0000] {dag.py:3096} INFO - Sync 1 DAGs
[2024-12-28T08:18:39.077+0000] {logging_mixin.py:188} INFO - [2024-12-28T08:18:39.077+0000] {dag.py:3954} INFO - Setting next_dagrun for e_commerce_dw_etl to 2024-10-26 00:00:00+00:00, run_after=2024-10-27 00:00:00+00:00
[2024-12-28T08:18:39.103+0000] {processor.py:183} INFO - Processing /opt/airflow/dags/e_commerce_dw_dag.py took 0.150 seconds
[2024-12-28T08:19:09.414+0000] {processor.py:161} INFO - Started process (PID=789) to work on /opt/airflow/dags/e_commerce_dw_dag.py
[2024-12-28T08:19:09.416+0000] {processor.py:830} INFO - Processing file /opt/airflow/dags/e_commerce_dw_dag.py for tasks to queue
[2024-12-28T08:19:09.419+0000] {logging_mixin.py:188} INFO - [2024-12-28T08:19:09.418+0000] {dagbag.py:545} INFO - Filling up the DagBag from /opt/airflow/dags/e_commerce_dw_dag.py
[2024-12-28T08:19:09.487+0000] {processor.py:840} INFO - DAG(s) 'e_commerce_dw_etl' retrieved from /opt/airflow/dags/e_commerce_dw_dag.py
[2024-12-28T08:19:09.527+0000] {logging_mixin.py:188} INFO - [2024-12-28T08:19:09.527+0000] {dag.py:3096} INFO - Sync 1 DAGs
[2024-12-28T08:19:09.555+0000] {logging_mixin.py:188} INFO - [2024-12-28T08:19:09.555+0000] {dag.py:3954} INFO - Setting next_dagrun for e_commerce_dw_etl to 2024-10-26 00:00:00+00:00, run_after=2024-10-27 00:00:00+00:00
[2024-12-28T08:19:09.582+0000] {processor.py:183} INFO - Processing /opt/airflow/dags/e_commerce_dw_dag.py took 0.176 seconds
[2024-12-28T08:19:39.700+0000] {processor.py:161} INFO - Started process (PID=805) to work on /opt/airflow/dags/e_commerce_dw_dag.py
[2024-12-28T08:19:39.701+0000] {processor.py:830} INFO - Processing file /opt/airflow/dags/e_commerce_dw_dag.py for tasks to queue
[2024-12-28T08:19:39.704+0000] {logging_mixin.py:188} INFO - [2024-12-28T08:19:39.704+0000] {dagbag.py:545} INFO - Filling up the DagBag from /opt/airflow/dags/e_commerce_dw_dag.py
[2024-12-28T08:19:39.800+0000] {processor.py:840} INFO - DAG(s) 'e_commerce_dw_etl' retrieved from /opt/airflow/dags/e_commerce_dw_dag.py
[2024-12-28T08:19:39.833+0000] {logging_mixin.py:188} INFO - [2024-12-28T08:19:39.833+0000] {dag.py:3096} INFO - Sync 1 DAGs
[2024-12-28T08:19:39.857+0000] {logging_mixin.py:188} INFO - [2024-12-28T08:19:39.857+0000] {dag.py:3954} INFO - Setting next_dagrun for e_commerce_dw_etl to 2024-10-26 00:00:00+00:00, run_after=2024-10-27 00:00:00+00:00
[2024-12-28T08:19:39.972+0000] {processor.py:183} INFO - Processing /opt/airflow/dags/e_commerce_dw_dag.py took 0.280 seconds
[2024-12-28T08:20:10.021+0000] {processor.py:161} INFO - Started process (PID=821) to work on /opt/airflow/dags/e_commerce_dw_dag.py
[2024-12-28T08:20:10.022+0000] {processor.py:830} INFO - Processing file /opt/airflow/dags/e_commerce_dw_dag.py for tasks to queue
[2024-12-28T08:20:10.026+0000] {logging_mixin.py:188} INFO - [2024-12-28T08:20:10.025+0000] {dagbag.py:545} INFO - Filling up the DagBag from /opt/airflow/dags/e_commerce_dw_dag.py
[2024-12-28T08:20:10.095+0000] {processor.py:840} INFO - DAG(s) 'e_commerce_dw_etl' retrieved from /opt/airflow/dags/e_commerce_dw_dag.py
[2024-12-28T08:20:10.135+0000] {logging_mixin.py:188} INFO - [2024-12-28T08:20:10.135+0000] {dag.py:3096} INFO - Sync 1 DAGs
[2024-12-28T08:20:10.169+0000] {logging_mixin.py:188} INFO - [2024-12-28T08:20:10.169+0000] {dag.py:3954} INFO - Setting next_dagrun for e_commerce_dw_etl to 2024-10-26 00:00:00+00:00, run_after=2024-10-27 00:00:00+00:00
[2024-12-28T08:20:10.201+0000] {processor.py:183} INFO - Processing /opt/airflow/dags/e_commerce_dw_dag.py took 0.186 seconds
[2024-12-28T08:20:40.586+0000] {processor.py:161} INFO - Started process (PID=837) to work on /opt/airflow/dags/e_commerce_dw_dag.py
[2024-12-28T08:20:40.587+0000] {processor.py:830} INFO - Processing file /opt/airflow/dags/e_commerce_dw_dag.py for tasks to queue
[2024-12-28T08:20:40.589+0000] {logging_mixin.py:188} INFO - [2024-12-28T08:20:40.588+0000] {dagbag.py:545} INFO - Filling up the DagBag from /opt/airflow/dags/e_commerce_dw_dag.py
[2024-12-28T08:20:40.639+0000] {processor.py:840} INFO - DAG(s) 'e_commerce_dw_etl' retrieved from /opt/airflow/dags/e_commerce_dw_dag.py
[2024-12-28T08:20:40.667+0000] {logging_mixin.py:188} INFO - [2024-12-28T08:20:40.667+0000] {dag.py:3096} INFO - Sync 1 DAGs
[2024-12-28T08:20:40.694+0000] {logging_mixin.py:188} INFO - [2024-12-28T08:20:40.694+0000] {dag.py:3954} INFO - Setting next_dagrun for e_commerce_dw_etl to 2024-10-26 00:00:00+00:00, run_after=2024-10-27 00:00:00+00:00
[2024-12-28T08:20:40.725+0000] {processor.py:183} INFO - Processing /opt/airflow/dags/e_commerce_dw_dag.py took 0.146 seconds
[2024-12-28T08:21:10.981+0000] {processor.py:161} INFO - Started process (PID=853) to work on /opt/airflow/dags/e_commerce_dw_dag.py
[2024-12-28T08:21:10.983+0000] {processor.py:830} INFO - Processing file /opt/airflow/dags/e_commerce_dw_dag.py for tasks to queue
[2024-12-28T08:21:10.986+0000] {logging_mixin.py:188} INFO - [2024-12-28T08:21:10.985+0000] {dagbag.py:545} INFO - Filling up the DagBag from /opt/airflow/dags/e_commerce_dw_dag.py
[2024-12-28T08:21:11.044+0000] {processor.py:840} INFO - DAG(s) 'e_commerce_dw_etl' retrieved from /opt/airflow/dags/e_commerce_dw_dag.py
[2024-12-28T08:21:11.077+0000] {logging_mixin.py:188} INFO - [2024-12-28T08:21:11.077+0000] {dag.py:3096} INFO - Sync 1 DAGs
[2024-12-28T08:21:11.100+0000] {logging_mixin.py:188} INFO - [2024-12-28T08:21:11.100+0000] {dag.py:3954} INFO - Setting next_dagrun for e_commerce_dw_etl to 2024-10-26 00:00:00+00:00, run_after=2024-10-27 00:00:00+00:00
[2024-12-28T08:21:11.129+0000] {processor.py:183} INFO - Processing /opt/airflow/dags/e_commerce_dw_dag.py took 0.155 seconds
[2024-12-28T08:21:41.353+0000] {processor.py:161} INFO - Started process (PID=869) to work on /opt/airflow/dags/e_commerce_dw_dag.py
[2024-12-28T08:21:41.355+0000] {processor.py:830} INFO - Processing file /opt/airflow/dags/e_commerce_dw_dag.py for tasks to queue
[2024-12-28T08:21:41.357+0000] {logging_mixin.py:188} INFO - [2024-12-28T08:21:41.357+0000] {dagbag.py:545} INFO - Filling up the DagBag from /opt/airflow/dags/e_commerce_dw_dag.py
[2024-12-28T08:21:41.415+0000] {processor.py:840} INFO - DAG(s) 'e_commerce_dw_etl' retrieved from /opt/airflow/dags/e_commerce_dw_dag.py
[2024-12-28T08:21:41.443+0000] {logging_mixin.py:188} INFO - [2024-12-28T08:21:41.443+0000] {dag.py:3096} INFO - Sync 1 DAGs
[2024-12-28T08:21:41.464+0000] {logging_mixin.py:188} INFO - [2024-12-28T08:21:41.464+0000] {dag.py:3954} INFO - Setting next_dagrun for e_commerce_dw_etl to 2024-10-26 00:00:00+00:00, run_after=2024-10-27 00:00:00+00:00
[2024-12-28T08:21:41.490+0000] {processor.py:183} INFO - Processing /opt/airflow/dags/e_commerce_dw_dag.py took 0.144 seconds
[2024-12-28T08:22:11.862+0000] {processor.py:161} INFO - Started process (PID=885) to work on /opt/airflow/dags/e_commerce_dw_dag.py
[2024-12-28T08:22:11.863+0000] {processor.py:830} INFO - Processing file /opt/airflow/dags/e_commerce_dw_dag.py for tasks to queue
[2024-12-28T08:22:11.865+0000] {logging_mixin.py:188} INFO - [2024-12-28T08:22:11.865+0000] {dagbag.py:545} INFO - Filling up the DagBag from /opt/airflow/dags/e_commerce_dw_dag.py
[2024-12-28T08:22:11.942+0000] {processor.py:840} INFO - DAG(s) 'e_commerce_dw_etl' retrieved from /opt/airflow/dags/e_commerce_dw_dag.py
[2024-12-28T08:22:11.971+0000] {logging_mixin.py:188} INFO - [2024-12-28T08:22:11.971+0000] {dag.py:3096} INFO - Sync 1 DAGs
[2024-12-28T08:22:11.994+0000] {logging_mixin.py:188} INFO - [2024-12-28T08:22:11.994+0000] {dag.py:3954} INFO - Setting next_dagrun for e_commerce_dw_etl to 2024-10-26 00:00:00+00:00, run_after=2024-10-27 00:00:00+00:00
[2024-12-28T08:22:12.021+0000] {processor.py:183} INFO - Processing /opt/airflow/dags/e_commerce_dw_dag.py took 0.165 seconds
[2024-12-28T08:22:42.203+0000] {processor.py:161} INFO - Started process (PID=901) to work on /opt/airflow/dags/e_commerce_dw_dag.py
[2024-12-28T08:22:42.204+0000] {processor.py:830} INFO - Processing file /opt/airflow/dags/e_commerce_dw_dag.py for tasks to queue
[2024-12-28T08:22:42.207+0000] {logging_mixin.py:188} INFO - [2024-12-28T08:22:42.206+0000] {dagbag.py:545} INFO - Filling up the DagBag from /opt/airflow/dags/e_commerce_dw_dag.py
[2024-12-28T08:22:42.261+0000] {processor.py:840} INFO - DAG(s) 'e_commerce_dw_etl' retrieved from /opt/airflow/dags/e_commerce_dw_dag.py
[2024-12-28T08:22:42.291+0000] {logging_mixin.py:188} INFO - [2024-12-28T08:22:42.291+0000] {dag.py:3096} INFO - Sync 1 DAGs
[2024-12-28T08:22:42.314+0000] {logging_mixin.py:188} INFO - [2024-12-28T08:22:42.314+0000] {dag.py:3954} INFO - Setting next_dagrun for e_commerce_dw_etl to 2024-10-26 00:00:00+00:00, run_after=2024-10-27 00:00:00+00:00
[2024-12-28T08:22:42.343+0000] {processor.py:183} INFO - Processing /opt/airflow/dags/e_commerce_dw_dag.py took 0.147 seconds
[2024-12-28T08:23:12.702+0000] {processor.py:161} INFO - Started process (PID=917) to work on /opt/airflow/dags/e_commerce_dw_dag.py
[2024-12-28T08:23:12.703+0000] {processor.py:830} INFO - Processing file /opt/airflow/dags/e_commerce_dw_dag.py for tasks to queue
[2024-12-28T08:23:12.705+0000] {logging_mixin.py:188} INFO - [2024-12-28T08:23:12.705+0000] {dagbag.py:545} INFO - Filling up the DagBag from /opt/airflow/dags/e_commerce_dw_dag.py
[2024-12-28T08:23:12.766+0000] {processor.py:840} INFO - DAG(s) 'e_commerce_dw_etl' retrieved from /opt/airflow/dags/e_commerce_dw_dag.py
[2024-12-28T08:23:12.799+0000] {logging_mixin.py:188} INFO - [2024-12-28T08:23:12.799+0000] {dag.py:3096} INFO - Sync 1 DAGs
[2024-12-28T08:23:12.825+0000] {logging_mixin.py:188} INFO - [2024-12-28T08:23:12.825+0000] {dag.py:3954} INFO - Setting next_dagrun for e_commerce_dw_etl to 2024-10-26 00:00:00+00:00, run_after=2024-10-27 00:00:00+00:00
[2024-12-28T08:23:12.853+0000] {processor.py:183} INFO - Processing /opt/airflow/dags/e_commerce_dw_dag.py took 0.158 seconds
[2024-12-28T08:23:43.192+0000] {processor.py:161} INFO - Started process (PID=933) to work on /opt/airflow/dags/e_commerce_dw_dag.py
[2024-12-28T08:23:43.193+0000] {processor.py:830} INFO - Processing file /opt/airflow/dags/e_commerce_dw_dag.py for tasks to queue
[2024-12-28T08:23:43.196+0000] {logging_mixin.py:188} INFO - [2024-12-28T08:23:43.196+0000] {dagbag.py:545} INFO - Filling up the DagBag from /opt/airflow/dags/e_commerce_dw_dag.py
[2024-12-28T08:23:43.298+0000] {processor.py:840} INFO - DAG(s) 'e_commerce_dw_etl' retrieved from /opt/airflow/dags/e_commerce_dw_dag.py
[2024-12-28T08:23:43.400+0000] {logging_mixin.py:188} INFO - [2024-12-28T08:23:43.400+0000] {dag.py:3096} INFO - Sync 1 DAGs
[2024-12-28T08:23:43.457+0000] {logging_mixin.py:188} INFO - [2024-12-28T08:23:43.457+0000] {dag.py:3954} INFO - Setting next_dagrun for e_commerce_dw_etl to 2024-10-26 00:00:00+00:00, run_after=2024-10-27 00:00:00+00:00
[2024-12-28T08:23:43.504+0000] {processor.py:183} INFO - Processing /opt/airflow/dags/e_commerce_dw_dag.py took 0.320 seconds
[2024-12-28T08:24:13.654+0000] {processor.py:161} INFO - Started process (PID=949) to work on /opt/airflow/dags/e_commerce_dw_dag.py
[2024-12-28T08:24:13.655+0000] {processor.py:830} INFO - Processing file /opt/airflow/dags/e_commerce_dw_dag.py for tasks to queue
[2024-12-28T08:24:13.657+0000] {logging_mixin.py:188} INFO - [2024-12-28T08:24:13.657+0000] {dagbag.py:545} INFO - Filling up the DagBag from /opt/airflow/dags/e_commerce_dw_dag.py
[2024-12-28T08:24:13.724+0000] {processor.py:840} INFO - DAG(s) 'e_commerce_dw_etl' retrieved from /opt/airflow/dags/e_commerce_dw_dag.py
[2024-12-28T08:24:13.755+0000] {logging_mixin.py:188} INFO - [2024-12-28T08:24:13.755+0000] {dag.py:3096} INFO - Sync 1 DAGs
[2024-12-28T08:24:13.777+0000] {logging_mixin.py:188} INFO - [2024-12-28T08:24:13.777+0000] {dag.py:3954} INFO - Setting next_dagrun for e_commerce_dw_etl to 2024-10-26 00:00:00+00:00, run_after=2024-10-27 00:00:00+00:00
[2024-12-28T08:24:13.800+0000] {processor.py:183} INFO - Processing /opt/airflow/dags/e_commerce_dw_dag.py took 0.154 seconds
[2024-12-28T08:24:44.004+0000] {processor.py:161} INFO - Started process (PID=965) to work on /opt/airflow/dags/e_commerce_dw_dag.py
[2024-12-28T08:24:44.006+0000] {processor.py:830} INFO - Processing file /opt/airflow/dags/e_commerce_dw_dag.py for tasks to queue
[2024-12-28T08:24:44.008+0000] {logging_mixin.py:188} INFO - [2024-12-28T08:24:44.008+0000] {dagbag.py:545} INFO - Filling up the DagBag from /opt/airflow/dags/e_commerce_dw_dag.py
[2024-12-28T08:24:44.092+0000] {processor.py:840} INFO - DAG(s) 'e_commerce_dw_etl' retrieved from /opt/airflow/dags/e_commerce_dw_dag.py
[2024-12-28T08:24:44.128+0000] {logging_mixin.py:188} INFO - [2024-12-28T08:24:44.128+0000] {dag.py:3096} INFO - Sync 1 DAGs
[2024-12-28T08:24:44.153+0000] {logging_mixin.py:188} INFO - [2024-12-28T08:24:44.153+0000] {dag.py:3954} INFO - Setting next_dagrun for e_commerce_dw_etl to 2024-10-26 00:00:00+00:00, run_after=2024-10-27 00:00:00+00:00
[2024-12-28T08:24:44.179+0000] {processor.py:183} INFO - Processing /opt/airflow/dags/e_commerce_dw_dag.py took 0.184 seconds
[2024-12-28T08:25:14.524+0000] {processor.py:161} INFO - Started process (PID=981) to work on /opt/airflow/dags/e_commerce_dw_dag.py
[2024-12-28T08:25:14.525+0000] {processor.py:830} INFO - Processing file /opt/airflow/dags/e_commerce_dw_dag.py for tasks to queue
[2024-12-28T08:25:14.528+0000] {logging_mixin.py:188} INFO - [2024-12-28T08:25:14.527+0000] {dagbag.py:545} INFO - Filling up the DagBag from /opt/airflow/dags/e_commerce_dw_dag.py
[2024-12-28T08:25:14.672+0000] {processor.py:840} INFO - DAG(s) 'e_commerce_dw_etl' retrieved from /opt/airflow/dags/e_commerce_dw_dag.py
[2024-12-28T08:25:14.705+0000] {logging_mixin.py:188} INFO - [2024-12-28T08:25:14.705+0000] {dag.py:3096} INFO - Sync 1 DAGs
[2024-12-28T08:25:14.727+0000] {logging_mixin.py:188} INFO - [2024-12-28T08:25:14.727+0000] {dag.py:3954} INFO - Setting next_dagrun for e_commerce_dw_etl to 2024-10-26 00:00:00+00:00, run_after=2024-10-27 00:00:00+00:00
[2024-12-28T08:25:14.754+0000] {processor.py:183} INFO - Processing /opt/airflow/dags/e_commerce_dw_dag.py took 0.236 seconds
[2024-12-28T08:25:44.979+0000] {processor.py:161} INFO - Started process (PID=997) to work on /opt/airflow/dags/e_commerce_dw_dag.py
[2024-12-28T08:25:44.981+0000] {processor.py:830} INFO - Processing file /opt/airflow/dags/e_commerce_dw_dag.py for tasks to queue
[2024-12-28T08:25:44.985+0000] {logging_mixin.py:188} INFO - [2024-12-28T08:25:44.984+0000] {dagbag.py:545} INFO - Filling up the DagBag from /opt/airflow/dags/e_commerce_dw_dag.py
[2024-12-28T08:25:45.056+0000] {processor.py:840} INFO - DAG(s) 'e_commerce_dw_etl' retrieved from /opt/airflow/dags/e_commerce_dw_dag.py
[2024-12-28T08:25:45.098+0000] {logging_mixin.py:188} INFO - [2024-12-28T08:25:45.097+0000] {dag.py:3096} INFO - Sync 1 DAGs
[2024-12-28T08:25:45.122+0000] {logging_mixin.py:188} INFO - [2024-12-28T08:25:45.122+0000] {dag.py:3954} INFO - Setting next_dagrun for e_commerce_dw_etl to 2024-10-26 00:00:00+00:00, run_after=2024-10-27 00:00:00+00:00
[2024-12-28T08:25:45.152+0000] {processor.py:183} INFO - Processing /opt/airflow/dags/e_commerce_dw_dag.py took 0.182 seconds
[2024-12-28T08:26:15.390+0000] {processor.py:161} INFO - Started process (PID=1013) to work on /opt/airflow/dags/e_commerce_dw_dag.py
[2024-12-28T08:26:15.391+0000] {processor.py:830} INFO - Processing file /opt/airflow/dags/e_commerce_dw_dag.py for tasks to queue
[2024-12-28T08:26:15.393+0000] {logging_mixin.py:188} INFO - [2024-12-28T08:26:15.393+0000] {dagbag.py:545} INFO - Filling up the DagBag from /opt/airflow/dags/e_commerce_dw_dag.py
[2024-12-28T08:26:15.460+0000] {processor.py:840} INFO - DAG(s) 'e_commerce_dw_etl' retrieved from /opt/airflow/dags/e_commerce_dw_dag.py
[2024-12-28T08:26:15.491+0000] {logging_mixin.py:188} INFO - [2024-12-28T08:26:15.491+0000] {dag.py:3096} INFO - Sync 1 DAGs
[2024-12-28T08:26:15.513+0000] {logging_mixin.py:188} INFO - [2024-12-28T08:26:15.512+0000] {dag.py:3954} INFO - Setting next_dagrun for e_commerce_dw_etl to 2024-10-26 00:00:00+00:00, run_after=2024-10-27 00:00:00+00:00
[2024-12-28T08:26:15.542+0000] {processor.py:183} INFO - Processing /opt/airflow/dags/e_commerce_dw_dag.py took 0.158 seconds
[2024-12-28T08:26:45.799+0000] {processor.py:161} INFO - Started process (PID=1029) to work on /opt/airflow/dags/e_commerce_dw_dag.py
[2024-12-28T08:26:45.801+0000] {processor.py:830} INFO - Processing file /opt/airflow/dags/e_commerce_dw_dag.py for tasks to queue
[2024-12-28T08:26:45.803+0000] {logging_mixin.py:188} INFO - [2024-12-28T08:26:45.802+0000] {dagbag.py:545} INFO - Filling up the DagBag from /opt/airflow/dags/e_commerce_dw_dag.py
[2024-12-28T08:26:45.873+0000] {processor.py:840} INFO - DAG(s) 'e_commerce_dw_etl' retrieved from /opt/airflow/dags/e_commerce_dw_dag.py
[2024-12-28T08:26:45.912+0000] {logging_mixin.py:188} INFO - [2024-12-28T08:26:45.911+0000] {dag.py:3096} INFO - Sync 1 DAGs
[2024-12-28T08:26:45.940+0000] {logging_mixin.py:188} INFO - [2024-12-28T08:26:45.940+0000] {dag.py:3954} INFO - Setting next_dagrun for e_commerce_dw_etl to 2024-10-26 00:00:00+00:00, run_after=2024-10-27 00:00:00+00:00
[2024-12-28T08:26:45.970+0000] {processor.py:183} INFO - Processing /opt/airflow/dags/e_commerce_dw_dag.py took 0.180 seconds
[2024-12-28T08:27:16.227+0000] {processor.py:161} INFO - Started process (PID=1045) to work on /opt/airflow/dags/e_commerce_dw_dag.py
[2024-12-28T08:27:16.228+0000] {processor.py:830} INFO - Processing file /opt/airflow/dags/e_commerce_dw_dag.py for tasks to queue
[2024-12-28T08:27:16.231+0000] {logging_mixin.py:188} INFO - [2024-12-28T08:27:16.231+0000] {dagbag.py:545} INFO - Filling up the DagBag from /opt/airflow/dags/e_commerce_dw_dag.py
[2024-12-28T08:27:16.328+0000] {processor.py:840} INFO - DAG(s) 'e_commerce_dw_etl' retrieved from /opt/airflow/dags/e_commerce_dw_dag.py
[2024-12-28T08:27:16.399+0000] {logging_mixin.py:188} INFO - [2024-12-28T08:27:16.399+0000] {dag.py:3096} INFO - Sync 1 DAGs
[2024-12-28T08:27:16.437+0000] {logging_mixin.py:188} INFO - [2024-12-28T08:27:16.436+0000] {dag.py:3954} INFO - Setting next_dagrun for e_commerce_dw_etl to 2024-10-26 00:00:00+00:00, run_after=2024-10-27 00:00:00+00:00
[2024-12-28T08:27:16.463+0000] {processor.py:183} INFO - Processing /opt/airflow/dags/e_commerce_dw_dag.py took 0.246 seconds
[2024-12-28T08:27:46.617+0000] {processor.py:161} INFO - Started process (PID=1061) to work on /opt/airflow/dags/e_commerce_dw_dag.py
[2024-12-28T08:27:46.619+0000] {processor.py:830} INFO - Processing file /opt/airflow/dags/e_commerce_dw_dag.py for tasks to queue
[2024-12-28T08:27:46.621+0000] {logging_mixin.py:188} INFO - [2024-12-28T08:27:46.621+0000] {dagbag.py:545} INFO - Filling up the DagBag from /opt/airflow/dags/e_commerce_dw_dag.py
[2024-12-28T08:27:46.689+0000] {processor.py:840} INFO - DAG(s) 'e_commerce_dw_etl' retrieved from /opt/airflow/dags/e_commerce_dw_dag.py
[2024-12-28T08:27:46.720+0000] {logging_mixin.py:188} INFO - [2024-12-28T08:27:46.720+0000] {dag.py:3096} INFO - Sync 1 DAGs
[2024-12-28T08:27:46.743+0000] {logging_mixin.py:188} INFO - [2024-12-28T08:27:46.743+0000] {dag.py:3954} INFO - Setting next_dagrun for e_commerce_dw_etl to 2024-10-26 00:00:00+00:00, run_after=2024-10-27 00:00:00+00:00
[2024-12-28T08:27:46.771+0000] {processor.py:183} INFO - Processing /opt/airflow/dags/e_commerce_dw_dag.py took 0.161 seconds
[2024-12-28T08:28:17.116+0000] {processor.py:161} INFO - Started process (PID=1077) to work on /opt/airflow/dags/e_commerce_dw_dag.py
[2024-12-28T08:28:17.118+0000] {processor.py:830} INFO - Processing file /opt/airflow/dags/e_commerce_dw_dag.py for tasks to queue
[2024-12-28T08:28:17.120+0000] {logging_mixin.py:188} INFO - [2024-12-28T08:28:17.120+0000] {dagbag.py:545} INFO - Filling up the DagBag from /opt/airflow/dags/e_commerce_dw_dag.py
[2024-12-28T08:28:17.242+0000] {processor.py:840} INFO - DAG(s) 'e_commerce_dw_etl' retrieved from /opt/airflow/dags/e_commerce_dw_dag.py
[2024-12-28T08:28:17.279+0000] {logging_mixin.py:188} INFO - [2024-12-28T08:28:17.278+0000] {dag.py:3096} INFO - Sync 1 DAGs
[2024-12-28T08:28:17.300+0000] {logging_mixin.py:188} INFO - [2024-12-28T08:28:17.300+0000] {dag.py:3954} INFO - Setting next_dagrun for e_commerce_dw_etl to 2024-10-26 00:00:00+00:00, run_after=2024-10-27 00:00:00+00:00
[2024-12-28T08:28:17.329+0000] {processor.py:183} INFO - Processing /opt/airflow/dags/e_commerce_dw_dag.py took 0.218 seconds
[2024-12-28T08:28:47.474+0000] {processor.py:161} INFO - Started process (PID=1093) to work on /opt/airflow/dags/e_commerce_dw_dag.py
[2024-12-28T08:28:47.475+0000] {processor.py:830} INFO - Processing file /opt/airflow/dags/e_commerce_dw_dag.py for tasks to queue
[2024-12-28T08:28:47.478+0000] {logging_mixin.py:188} INFO - [2024-12-28T08:28:47.477+0000] {dagbag.py:545} INFO - Filling up the DagBag from /opt/airflow/dags/e_commerce_dw_dag.py
[2024-12-28T08:28:47.540+0000] {processor.py:840} INFO - DAG(s) 'e_commerce_dw_etl' retrieved from /opt/airflow/dags/e_commerce_dw_dag.py
[2024-12-28T08:28:47.578+0000] {logging_mixin.py:188} INFO - [2024-12-28T08:28:47.577+0000] {dag.py:3096} INFO - Sync 1 DAGs
[2024-12-28T08:28:47.608+0000] {logging_mixin.py:188} INFO - [2024-12-28T08:28:47.608+0000] {dag.py:3954} INFO - Setting next_dagrun for e_commerce_dw_etl to 2024-10-26 00:00:00+00:00, run_after=2024-10-27 00:00:00+00:00
[2024-12-28T08:28:47.639+0000] {processor.py:183} INFO - Processing /opt/airflow/dags/e_commerce_dw_dag.py took 0.172 seconds
[2024-12-28T08:29:17.887+0000] {processor.py:161} INFO - Started process (PID=1109) to work on /opt/airflow/dags/e_commerce_dw_dag.py
[2024-12-28T08:29:17.888+0000] {processor.py:830} INFO - Processing file /opt/airflow/dags/e_commerce_dw_dag.py for tasks to queue
[2024-12-28T08:29:17.891+0000] {logging_mixin.py:188} INFO - [2024-12-28T08:29:17.890+0000] {dagbag.py:545} INFO - Filling up the DagBag from /opt/airflow/dags/e_commerce_dw_dag.py
[2024-12-28T08:29:17.952+0000] {processor.py:840} INFO - DAG(s) 'e_commerce_dw_etl' retrieved from /opt/airflow/dags/e_commerce_dw_dag.py
[2024-12-28T08:29:17.983+0000] {logging_mixin.py:188} INFO - [2024-12-28T08:29:17.983+0000] {dag.py:3096} INFO - Sync 1 DAGs
[2024-12-28T08:29:18.004+0000] {logging_mixin.py:188} INFO - [2024-12-28T08:29:18.004+0000] {dag.py:3954} INFO - Setting next_dagrun for e_commerce_dw_etl to 2024-10-26 00:00:00+00:00, run_after=2024-10-27 00:00:00+00:00
[2024-12-28T08:29:18.030+0000] {processor.py:183} INFO - Processing /opt/airflow/dags/e_commerce_dw_dag.py took 0.149 seconds
[2024-12-28T08:29:48.320+0000] {processor.py:161} INFO - Started process (PID=1125) to work on /opt/airflow/dags/e_commerce_dw_dag.py
[2024-12-28T08:29:48.321+0000] {processor.py:830} INFO - Processing file /opt/airflow/dags/e_commerce_dw_dag.py for tasks to queue
[2024-12-28T08:29:48.323+0000] {logging_mixin.py:188} INFO - [2024-12-28T08:29:48.323+0000] {dagbag.py:545} INFO - Filling up the DagBag from /opt/airflow/dags/e_commerce_dw_dag.py
[2024-12-28T08:29:48.453+0000] {processor.py:840} INFO - DAG(s) 'e_commerce_dw_etl' retrieved from /opt/airflow/dags/e_commerce_dw_dag.py
[2024-12-28T08:29:48.487+0000] {logging_mixin.py:188} INFO - [2024-12-28T08:29:48.487+0000] {dag.py:3096} INFO - Sync 1 DAGs
[2024-12-28T08:29:48.510+0000] {logging_mixin.py:188} INFO - [2024-12-28T08:29:48.510+0000] {dag.py:3954} INFO - Setting next_dagrun for e_commerce_dw_etl to 2024-10-26 00:00:00+00:00, run_after=2024-10-27 00:00:00+00:00
[2024-12-28T08:29:48.538+0000] {processor.py:183} INFO - Processing /opt/airflow/dags/e_commerce_dw_dag.py took 0.224 seconds
[2024-12-28T08:30:18.904+0000] {processor.py:161} INFO - Started process (PID=1141) to work on /opt/airflow/dags/e_commerce_dw_dag.py
[2024-12-28T08:30:18.916+0000] {processor.py:830} INFO - Processing file /opt/airflow/dags/e_commerce_dw_dag.py for tasks to queue
[2024-12-28T08:30:18.920+0000] {logging_mixin.py:188} INFO - [2024-12-28T08:30:18.920+0000] {dagbag.py:545} INFO - Filling up the DagBag from /opt/airflow/dags/e_commerce_dw_dag.py
[2024-12-28T08:30:19.043+0000] {processor.py:840} INFO - DAG(s) 'e_commerce_dw_etl' retrieved from /opt/airflow/dags/e_commerce_dw_dag.py
[2024-12-28T08:30:19.155+0000] {logging_mixin.py:188} INFO - [2024-12-28T08:30:19.154+0000] {dag.py:3096} INFO - Sync 1 DAGs
[2024-12-28T08:30:19.252+0000] {logging_mixin.py:188} INFO - [2024-12-28T08:30:19.252+0000] {dag.py:3954} INFO - Setting next_dagrun for e_commerce_dw_etl to 2024-10-26 00:00:00+00:00, run_after=2024-10-27 00:00:00+00:00
[2024-12-28T08:30:19.330+0000] {processor.py:183} INFO - Processing /opt/airflow/dags/e_commerce_dw_dag.py took 0.443 seconds
[2024-12-28T08:30:49.448+0000] {processor.py:161} INFO - Started process (PID=1157) to work on /opt/airflow/dags/e_commerce_dw_dag.py
[2024-12-28T08:30:49.450+0000] {processor.py:830} INFO - Processing file /opt/airflow/dags/e_commerce_dw_dag.py for tasks to queue
[2024-12-28T08:30:49.453+0000] {logging_mixin.py:188} INFO - [2024-12-28T08:30:49.453+0000] {dagbag.py:545} INFO - Filling up the DagBag from /opt/airflow/dags/e_commerce_dw_dag.py
[2024-12-28T08:30:49.571+0000] {processor.py:840} INFO - DAG(s) 'e_commerce_dw_etl' retrieved from /opt/airflow/dags/e_commerce_dw_dag.py
[2024-12-28T08:30:49.605+0000] {logging_mixin.py:188} INFO - [2024-12-28T08:30:49.605+0000] {dag.py:3096} INFO - Sync 1 DAGs
[2024-12-28T08:30:49.629+0000] {logging_mixin.py:188} INFO - [2024-12-28T08:30:49.629+0000] {dag.py:3954} INFO - Setting next_dagrun for e_commerce_dw_etl to 2024-10-26 00:00:00+00:00, run_after=2024-10-27 00:00:00+00:00
[2024-12-28T08:30:49.654+0000] {processor.py:183} INFO - Processing /opt/airflow/dags/e_commerce_dw_dag.py took 0.212 seconds
