[2024-12-28T08:00:19.016+0000] {processor.py:161} INFO - Started process (PID=185) to work on /opt/airflow/dags/extract_data.py
[2024-12-28T08:00:19.023+0000] {processor.py:830} INFO - Processing file /opt/airflow/dags/extract_data.py for tasks to queue
[2024-12-28T08:00:19.030+0000] {logging_mixin.py:188} INFO - [2024-12-28T08:00:19.028+0000] {dagbag.py:545} INFO - Filling up the DagBag from /opt/airflow/dags/extract_data.py
[2024-12-28T08:00:19.267+0000] {processor.py:842} WARNING - No viable dags retrieved from /opt/airflow/dags/extract_data.py
[2024-12-28T08:00:19.422+0000] {processor.py:183} INFO - Processing /opt/airflow/dags/extract_data.py took 0.491 seconds
[2024-12-28T08:00:49.641+0000] {processor.py:161} INFO - Started process (PID=201) to work on /opt/airflow/dags/extract_data.py
[2024-12-28T08:00:49.643+0000] {processor.py:830} INFO - Processing file /opt/airflow/dags/extract_data.py for tasks to queue
[2024-12-28T08:00:49.652+0000] {logging_mixin.py:188} INFO - [2024-12-28T08:00:49.652+0000] {dagbag.py:545} INFO - Filling up the DagBag from /opt/airflow/dags/extract_data.py
[2024-12-28T08:00:49.711+0000] {processor.py:842} WARNING - No viable dags retrieved from /opt/airflow/dags/extract_data.py
[2024-12-28T08:00:49.747+0000] {processor.py:183} INFO - Processing /opt/airflow/dags/extract_data.py took 0.143 seconds
[2024-12-28T08:01:21.236+0000] {processor.py:161} INFO - Started process (PID=217) to work on /opt/airflow/dags/extract_data.py
[2024-12-28T08:01:21.250+0000] {processor.py:830} INFO - Processing file /opt/airflow/dags/extract_data.py for tasks to queue
[2024-12-28T08:01:21.280+0000] {logging_mixin.py:188} INFO - [2024-12-28T08:01:21.278+0000] {dagbag.py:545} INFO - Filling up the DagBag from /opt/airflow/dags/extract_data.py
[2024-12-28T08:01:21.365+0000] {processor.py:842} WARNING - No viable dags retrieved from /opt/airflow/dags/extract_data.py
[2024-12-28T08:01:21.426+0000] {processor.py:183} INFO - Processing /opt/airflow/dags/extract_data.py took 0.237 seconds
[2024-12-28T08:01:51.718+0000] {processor.py:161} INFO - Started process (PID=233) to work on /opt/airflow/dags/extract_data.py
[2024-12-28T08:01:51.725+0000] {processor.py:830} INFO - Processing file /opt/airflow/dags/extract_data.py for tasks to queue
[2024-12-28T08:01:51.742+0000] {logging_mixin.py:188} INFO - [2024-12-28T08:01:51.740+0000] {dagbag.py:545} INFO - Filling up the DagBag from /opt/airflow/dags/extract_data.py
[2024-12-28T08:01:51.809+0000] {processor.py:842} WARNING - No viable dags retrieved from /opt/airflow/dags/extract_data.py
[2024-12-28T08:01:51.885+0000] {processor.py:183} INFO - Processing /opt/airflow/dags/extract_data.py took 0.208 seconds
[2024-12-28T08:02:22.286+0000] {processor.py:161} INFO - Started process (PID=249) to work on /opt/airflow/dags/extract_data.py
[2024-12-28T08:02:22.289+0000] {processor.py:830} INFO - Processing file /opt/airflow/dags/extract_data.py for tasks to queue
[2024-12-28T08:02:22.299+0000] {logging_mixin.py:188} INFO - [2024-12-28T08:02:22.298+0000] {dagbag.py:545} INFO - Filling up the DagBag from /opt/airflow/dags/extract_data.py
[2024-12-28T08:02:22.326+0000] {processor.py:842} WARNING - No viable dags retrieved from /opt/airflow/dags/extract_data.py
[2024-12-28T08:02:22.358+0000] {processor.py:183} INFO - Processing /opt/airflow/dags/extract_data.py took 0.086 seconds
[2024-12-28T08:02:52.718+0000] {processor.py:161} INFO - Started process (PID=265) to work on /opt/airflow/dags/extract_data.py
[2024-12-28T08:02:52.728+0000] {processor.py:830} INFO - Processing file /opt/airflow/dags/extract_data.py for tasks to queue
[2024-12-28T08:02:52.738+0000] {logging_mixin.py:188} INFO - [2024-12-28T08:02:52.737+0000] {dagbag.py:545} INFO - Filling up the DagBag from /opt/airflow/dags/extract_data.py
[2024-12-28T08:02:52.821+0000] {processor.py:842} WARNING - No viable dags retrieved from /opt/airflow/dags/extract_data.py
[2024-12-28T08:02:52.940+0000] {processor.py:183} INFO - Processing /opt/airflow/dags/extract_data.py took 0.268 seconds
[2024-12-28T08:03:23.347+0000] {processor.py:161} INFO - Started process (PID=287) to work on /opt/airflow/dags/extract_data.py
[2024-12-28T08:03:23.349+0000] {processor.py:830} INFO - Processing file /opt/airflow/dags/extract_data.py for tasks to queue
[2024-12-28T08:03:23.357+0000] {logging_mixin.py:188} INFO - [2024-12-28T08:03:23.356+0000] {dagbag.py:545} INFO - Filling up the DagBag from /opt/airflow/dags/extract_data.py
[2024-12-28T08:03:23.400+0000] {processor.py:842} WARNING - No viable dags retrieved from /opt/airflow/dags/extract_data.py
[2024-12-28T08:03:23.440+0000] {processor.py:183} INFO - Processing /opt/airflow/dags/extract_data.py took 0.122 seconds
[2024-12-28T08:03:53.801+0000] {processor.py:161} INFO - Started process (PID=303) to work on /opt/airflow/dags/extract_data.py
[2024-12-28T08:03:53.802+0000] {processor.py:830} INFO - Processing file /opt/airflow/dags/extract_data.py for tasks to queue
[2024-12-28T08:03:53.803+0000] {logging_mixin.py:188} INFO - [2024-12-28T08:03:53.803+0000] {dagbag.py:545} INFO - Filling up the DagBag from /opt/airflow/dags/extract_data.py
[2024-12-28T08:03:53.820+0000] {processor.py:842} WARNING - No viable dags retrieved from /opt/airflow/dags/extract_data.py
[2024-12-28T08:03:53.843+0000] {processor.py:183} INFO - Processing /opt/airflow/dags/extract_data.py took 0.048 seconds
[2024-12-28T08:04:24.224+0000] {processor.py:161} INFO - Started process (PID=319) to work on /opt/airflow/dags/extract_data.py
[2024-12-28T08:04:24.225+0000] {processor.py:830} INFO - Processing file /opt/airflow/dags/extract_data.py for tasks to queue
[2024-12-28T08:04:24.229+0000] {logging_mixin.py:188} INFO - [2024-12-28T08:04:24.229+0000] {dagbag.py:545} INFO - Filling up the DagBag from /opt/airflow/dags/extract_data.py
[2024-12-28T08:04:24.265+0000] {processor.py:842} WARNING - No viable dags retrieved from /opt/airflow/dags/extract_data.py
[2024-12-28T08:04:24.302+0000] {processor.py:183} INFO - Processing /opt/airflow/dags/extract_data.py took 0.090 seconds
[2024-12-28T08:04:54.715+0000] {processor.py:161} INFO - Started process (PID=335) to work on /opt/airflow/dags/extract_data.py
[2024-12-28T08:04:54.717+0000] {processor.py:830} INFO - Processing file /opt/airflow/dags/extract_data.py for tasks to queue
[2024-12-28T08:04:54.719+0000] {logging_mixin.py:188} INFO - [2024-12-28T08:04:54.719+0000] {dagbag.py:545} INFO - Filling up the DagBag from /opt/airflow/dags/extract_data.py
[2024-12-28T08:04:54.752+0000] {processor.py:842} WARNING - No viable dags retrieved from /opt/airflow/dags/extract_data.py
[2024-12-28T08:04:54.769+0000] {processor.py:183} INFO - Processing /opt/airflow/dags/extract_data.py took 0.063 seconds
[2024-12-28T08:05:25.301+0000] {processor.py:161} INFO - Started process (PID=351) to work on /opt/airflow/dags/extract_data.py
[2024-12-28T08:05:25.308+0000] {processor.py:830} INFO - Processing file /opt/airflow/dags/extract_data.py for tasks to queue
[2024-12-28T08:05:25.310+0000] {logging_mixin.py:188} INFO - [2024-12-28T08:05:25.310+0000] {dagbag.py:545} INFO - Filling up the DagBag from /opt/airflow/dags/extract_data.py
[2024-12-28T08:05:25.347+0000] {processor.py:842} WARNING - No viable dags retrieved from /opt/airflow/dags/extract_data.py
[2024-12-28T08:05:25.375+0000] {processor.py:183} INFO - Processing /opt/airflow/dags/extract_data.py took 0.088 seconds
[2024-12-28T08:05:55.777+0000] {processor.py:161} INFO - Started process (PID=367) to work on /opt/airflow/dags/extract_data.py
[2024-12-28T08:05:55.778+0000] {processor.py:830} INFO - Processing file /opt/airflow/dags/extract_data.py for tasks to queue
[2024-12-28T08:05:55.781+0000] {logging_mixin.py:188} INFO - [2024-12-28T08:05:55.781+0000] {dagbag.py:545} INFO - Filling up the DagBag from /opt/airflow/dags/extract_data.py
[2024-12-28T08:05:55.816+0000] {processor.py:842} WARNING - No viable dags retrieved from /opt/airflow/dags/extract_data.py
[2024-12-28T08:05:55.835+0000] {processor.py:183} INFO - Processing /opt/airflow/dags/extract_data.py took 0.067 seconds
[2024-12-28T08:06:26.240+0000] {processor.py:161} INFO - Started process (PID=383) to work on /opt/airflow/dags/extract_data.py
[2024-12-28T08:06:26.242+0000] {processor.py:830} INFO - Processing file /opt/airflow/dags/extract_data.py for tasks to queue
[2024-12-28T08:06:26.244+0000] {logging_mixin.py:188} INFO - [2024-12-28T08:06:26.244+0000] {dagbag.py:545} INFO - Filling up the DagBag from /opt/airflow/dags/extract_data.py
[2024-12-28T08:06:26.278+0000] {processor.py:842} WARNING - No viable dags retrieved from /opt/airflow/dags/extract_data.py
[2024-12-28T08:06:26.297+0000] {processor.py:183} INFO - Processing /opt/airflow/dags/extract_data.py took 0.064 seconds
[2024-12-28T08:06:56.681+0000] {processor.py:161} INFO - Started process (PID=399) to work on /opt/airflow/dags/extract_data.py
[2024-12-28T08:06:56.683+0000] {processor.py:830} INFO - Processing file /opt/airflow/dags/extract_data.py for tasks to queue
[2024-12-28T08:06:56.687+0000] {logging_mixin.py:188} INFO - [2024-12-28T08:06:56.687+0000] {dagbag.py:545} INFO - Filling up the DagBag from /opt/airflow/dags/extract_data.py
[2024-12-28T08:06:56.713+0000] {processor.py:842} WARNING - No viable dags retrieved from /opt/airflow/dags/extract_data.py
[2024-12-28T08:06:56.735+0000] {processor.py:183} INFO - Processing /opt/airflow/dags/extract_data.py took 0.062 seconds
[2024-12-28T08:07:27.121+0000] {processor.py:161} INFO - Started process (PID=415) to work on /opt/airflow/dags/extract_data.py
[2024-12-28T08:07:27.125+0000] {processor.py:830} INFO - Processing file /opt/airflow/dags/extract_data.py for tasks to queue
[2024-12-28T08:07:27.130+0000] {logging_mixin.py:188} INFO - [2024-12-28T08:07:27.130+0000] {dagbag.py:545} INFO - Filling up the DagBag from /opt/airflow/dags/extract_data.py
[2024-12-28T08:07:27.170+0000] {processor.py:842} WARNING - No viable dags retrieved from /opt/airflow/dags/extract_data.py
[2024-12-28T08:07:27.198+0000] {processor.py:183} INFO - Processing /opt/airflow/dags/extract_data.py took 0.089 seconds
[2024-12-28T08:07:57.507+0000] {processor.py:161} INFO - Started process (PID=432) to work on /opt/airflow/dags/extract_data.py
[2024-12-28T08:07:57.517+0000] {processor.py:830} INFO - Processing file /opt/airflow/dags/extract_data.py for tasks to queue
[2024-12-28T08:07:57.520+0000] {logging_mixin.py:188} INFO - [2024-12-28T08:07:57.520+0000] {dagbag.py:545} INFO - Filling up the DagBag from /opt/airflow/dags/extract_data.py
[2024-12-28T08:07:57.543+0000] {processor.py:842} WARNING - No viable dags retrieved from /opt/airflow/dags/extract_data.py
[2024-12-28T08:07:57.566+0000] {processor.py:183} INFO - Processing /opt/airflow/dags/extract_data.py took 0.082 seconds
[2024-12-28T08:08:27.908+0000] {processor.py:161} INFO - Started process (PID=448) to work on /opt/airflow/dags/extract_data.py
[2024-12-28T08:08:27.910+0000] {processor.py:830} INFO - Processing file /opt/airflow/dags/extract_data.py for tasks to queue
[2024-12-28T08:08:27.913+0000] {logging_mixin.py:188} INFO - [2024-12-28T08:08:27.912+0000] {dagbag.py:545} INFO - Filling up the DagBag from /opt/airflow/dags/extract_data.py
[2024-12-28T08:08:27.943+0000] {processor.py:842} WARNING - No viable dags retrieved from /opt/airflow/dags/extract_data.py
[2024-12-28T08:08:27.963+0000] {processor.py:183} INFO - Processing /opt/airflow/dags/extract_data.py took 0.067 seconds
[2024-12-28T08:08:58.360+0000] {processor.py:161} INFO - Started process (PID=464) to work on /opt/airflow/dags/extract_data.py
[2024-12-28T08:08:58.362+0000] {processor.py:830} INFO - Processing file /opt/airflow/dags/extract_data.py for tasks to queue
[2024-12-28T08:08:58.374+0000] {logging_mixin.py:188} INFO - [2024-12-28T08:08:58.365+0000] {dagbag.py:545} INFO - Filling up the DagBag from /opt/airflow/dags/extract_data.py
[2024-12-28T08:08:58.407+0000] {processor.py:842} WARNING - No viable dags retrieved from /opt/airflow/dags/extract_data.py
[2024-12-28T08:08:58.433+0000] {processor.py:183} INFO - Processing /opt/airflow/dags/extract_data.py took 0.091 seconds
[2024-12-28T08:09:28.852+0000] {processor.py:161} INFO - Started process (PID=480) to work on /opt/airflow/dags/extract_data.py
[2024-12-28T08:09:28.853+0000] {processor.py:830} INFO - Processing file /opt/airflow/dags/extract_data.py for tasks to queue
[2024-12-28T08:09:28.855+0000] {logging_mixin.py:188} INFO - [2024-12-28T08:09:28.854+0000] {dagbag.py:545} INFO - Filling up the DagBag from /opt/airflow/dags/extract_data.py
[2024-12-28T08:09:28.872+0000] {processor.py:842} WARNING - No viable dags retrieved from /opt/airflow/dags/extract_data.py
[2024-12-28T08:09:28.888+0000] {processor.py:183} INFO - Processing /opt/airflow/dags/extract_data.py took 0.042 seconds
[2024-12-28T08:09:59.268+0000] {processor.py:161} INFO - Started process (PID=496) to work on /opt/airflow/dags/extract_data.py
[2024-12-28T08:09:59.269+0000] {processor.py:830} INFO - Processing file /opt/airflow/dags/extract_data.py for tasks to queue
[2024-12-28T08:09:59.271+0000] {logging_mixin.py:188} INFO - [2024-12-28T08:09:59.271+0000] {dagbag.py:545} INFO - Filling up the DagBag from /opt/airflow/dags/extract_data.py
[2024-12-28T08:09:59.286+0000] {processor.py:842} WARNING - No viable dags retrieved from /opt/airflow/dags/extract_data.py
[2024-12-28T08:09:59.298+0000] {processor.py:183} INFO - Processing /opt/airflow/dags/extract_data.py took 0.036 seconds
[2024-12-28T08:10:29.810+0000] {processor.py:161} INFO - Started process (PID=512) to work on /opt/airflow/dags/extract_data.py
[2024-12-28T08:10:29.814+0000] {processor.py:830} INFO - Processing file /opt/airflow/dags/extract_data.py for tasks to queue
[2024-12-28T08:10:29.818+0000] {logging_mixin.py:188} INFO - [2024-12-28T08:10:29.817+0000] {dagbag.py:545} INFO - Filling up the DagBag from /opt/airflow/dags/extract_data.py
[2024-12-28T08:10:29.848+0000] {processor.py:842} WARNING - No viable dags retrieved from /opt/airflow/dags/extract_data.py
[2024-12-28T08:10:29.871+0000] {processor.py:183} INFO - Processing /opt/airflow/dags/extract_data.py took 0.071 seconds
[2024-12-28T08:11:00.203+0000] {processor.py:161} INFO - Started process (PID=528) to work on /opt/airflow/dags/extract_data.py
[2024-12-28T08:11:00.205+0000] {processor.py:830} INFO - Processing file /opt/airflow/dags/extract_data.py for tasks to queue
[2024-12-28T08:11:00.209+0000] {logging_mixin.py:188} INFO - [2024-12-28T08:11:00.209+0000] {dagbag.py:545} INFO - Filling up the DagBag from /opt/airflow/dags/extract_data.py
[2024-12-28T08:11:00.238+0000] {processor.py:842} WARNING - No viable dags retrieved from /opt/airflow/dags/extract_data.py
[2024-12-28T08:11:00.255+0000] {processor.py:183} INFO - Processing /opt/airflow/dags/extract_data.py took 0.058 seconds
[2024-12-28T08:11:30.622+0000] {processor.py:161} INFO - Started process (PID=544) to work on /opt/airflow/dags/extract_data.py
[2024-12-28T08:11:30.623+0000] {processor.py:830} INFO - Processing file /opt/airflow/dags/extract_data.py for tasks to queue
[2024-12-28T08:11:30.625+0000] {logging_mixin.py:188} INFO - [2024-12-28T08:11:30.624+0000] {dagbag.py:545} INFO - Filling up the DagBag from /opt/airflow/dags/extract_data.py
[2024-12-28T08:11:30.643+0000] {processor.py:842} WARNING - No viable dags retrieved from /opt/airflow/dags/extract_data.py
[2024-12-28T08:11:30.656+0000] {processor.py:183} INFO - Processing /opt/airflow/dags/extract_data.py took 0.040 seconds
[2024-12-28T08:12:01.049+0000] {processor.py:161} INFO - Started process (PID=560) to work on /opt/airflow/dags/extract_data.py
[2024-12-28T08:12:01.050+0000] {processor.py:830} INFO - Processing file /opt/airflow/dags/extract_data.py for tasks to queue
[2024-12-28T08:12:01.052+0000] {logging_mixin.py:188} INFO - [2024-12-28T08:12:01.052+0000] {dagbag.py:545} INFO - Filling up the DagBag from /opt/airflow/dags/extract_data.py
[2024-12-28T08:12:01.075+0000] {processor.py:842} WARNING - No viable dags retrieved from /opt/airflow/dags/extract_data.py
[2024-12-28T08:12:01.090+0000] {processor.py:183} INFO - Processing /opt/airflow/dags/extract_data.py took 0.048 seconds
[2024-12-28T08:12:31.447+0000] {processor.py:161} INFO - Started process (PID=576) to work on /opt/airflow/dags/extract_data.py
[2024-12-28T08:12:31.448+0000] {processor.py:830} INFO - Processing file /opt/airflow/dags/extract_data.py for tasks to queue
[2024-12-28T08:12:31.450+0000] {logging_mixin.py:188} INFO - [2024-12-28T08:12:31.450+0000] {dagbag.py:545} INFO - Filling up the DagBag from /opt/airflow/dags/extract_data.py
[2024-12-28T08:12:31.466+0000] {processor.py:842} WARNING - No viable dags retrieved from /opt/airflow/dags/extract_data.py
[2024-12-28T08:12:31.479+0000] {processor.py:183} INFO - Processing /opt/airflow/dags/extract_data.py took 0.038 seconds
[2024-12-28T08:13:01.887+0000] {processor.py:161} INFO - Started process (PID=592) to work on /opt/airflow/dags/extract_data.py
[2024-12-28T08:13:01.889+0000] {processor.py:830} INFO - Processing file /opt/airflow/dags/extract_data.py for tasks to queue
[2024-12-28T08:13:01.891+0000] {logging_mixin.py:188} INFO - [2024-12-28T08:13:01.890+0000] {dagbag.py:545} INFO - Filling up the DagBag from /opt/airflow/dags/extract_data.py
[2024-12-28T08:13:01.920+0000] {processor.py:842} WARNING - No viable dags retrieved from /opt/airflow/dags/extract_data.py
[2024-12-28T08:13:01.939+0000] {processor.py:183} INFO - Processing /opt/airflow/dags/extract_data.py took 0.057 seconds
[2024-12-28T08:13:32.341+0000] {processor.py:161} INFO - Started process (PID=608) to work on /opt/airflow/dags/extract_data.py
[2024-12-28T08:13:32.342+0000] {processor.py:830} INFO - Processing file /opt/airflow/dags/extract_data.py for tasks to queue
[2024-12-28T08:13:32.344+0000] {logging_mixin.py:188} INFO - [2024-12-28T08:13:32.344+0000] {dagbag.py:545} INFO - Filling up the DagBag from /opt/airflow/dags/extract_data.py
[2024-12-28T08:13:32.361+0000] {processor.py:842} WARNING - No viable dags retrieved from /opt/airflow/dags/extract_data.py
[2024-12-28T08:13:32.377+0000] {processor.py:183} INFO - Processing /opt/airflow/dags/extract_data.py took 0.044 seconds
[2024-12-28T08:14:02.763+0000] {processor.py:161} INFO - Started process (PID=624) to work on /opt/airflow/dags/extract_data.py
[2024-12-28T08:14:02.765+0000] {processor.py:830} INFO - Processing file /opt/airflow/dags/extract_data.py for tasks to queue
[2024-12-28T08:14:02.767+0000] {logging_mixin.py:188} INFO - [2024-12-28T08:14:02.767+0000] {dagbag.py:545} INFO - Filling up the DagBag from /opt/airflow/dags/extract_data.py
[2024-12-28T08:14:02.800+0000] {processor.py:842} WARNING - No viable dags retrieved from /opt/airflow/dags/extract_data.py
[2024-12-28T08:14:02.823+0000] {processor.py:183} INFO - Processing /opt/airflow/dags/extract_data.py took 0.066 seconds
[2024-12-28T08:14:33.224+0000] {processor.py:161} INFO - Started process (PID=640) to work on /opt/airflow/dags/extract_data.py
[2024-12-28T08:14:33.226+0000] {processor.py:830} INFO - Processing file /opt/airflow/dags/extract_data.py for tasks to queue
[2024-12-28T08:14:33.228+0000] {logging_mixin.py:188} INFO - [2024-12-28T08:14:33.228+0000] {dagbag.py:545} INFO - Filling up the DagBag from /opt/airflow/dags/extract_data.py
[2024-12-28T08:14:33.253+0000] {processor.py:842} WARNING - No viable dags retrieved from /opt/airflow/dags/extract_data.py
[2024-12-28T08:14:33.269+0000] {processor.py:183} INFO - Processing /opt/airflow/dags/extract_data.py took 0.052 seconds
[2024-12-28T08:15:03.661+0000] {processor.py:161} INFO - Started process (PID=656) to work on /opt/airflow/dags/extract_data.py
[2024-12-28T08:15:03.662+0000] {processor.py:830} INFO - Processing file /opt/airflow/dags/extract_data.py for tasks to queue
[2024-12-28T08:15:03.665+0000] {logging_mixin.py:188} INFO - [2024-12-28T08:15:03.665+0000] {dagbag.py:545} INFO - Filling up the DagBag from /opt/airflow/dags/extract_data.py
[2024-12-28T08:15:03.697+0000] {processor.py:842} WARNING - No viable dags retrieved from /opt/airflow/dags/extract_data.py
[2024-12-28T08:15:03.713+0000] {processor.py:183} INFO - Processing /opt/airflow/dags/extract_data.py took 0.057 seconds
[2024-12-28T08:15:34.217+0000] {processor.py:161} INFO - Started process (PID=672) to work on /opt/airflow/dags/extract_data.py
[2024-12-28T08:15:34.219+0000] {processor.py:830} INFO - Processing file /opt/airflow/dags/extract_data.py for tasks to queue
[2024-12-28T08:15:34.222+0000] {logging_mixin.py:188} INFO - [2024-12-28T08:15:34.221+0000] {dagbag.py:545} INFO - Filling up the DagBag from /opt/airflow/dags/extract_data.py
[2024-12-28T08:15:34.246+0000] {processor.py:842} WARNING - No viable dags retrieved from /opt/airflow/dags/extract_data.py
[2024-12-28T08:15:34.261+0000] {processor.py:183} INFO - Processing /opt/airflow/dags/extract_data.py took 0.050 seconds
[2024-12-28T08:16:04.657+0000] {processor.py:161} INFO - Started process (PID=688) to work on /opt/airflow/dags/extract_data.py
[2024-12-28T08:16:04.658+0000] {processor.py:830} INFO - Processing file /opt/airflow/dags/extract_data.py for tasks to queue
[2024-12-28T08:16:04.660+0000] {logging_mixin.py:188} INFO - [2024-12-28T08:16:04.660+0000] {dagbag.py:545} INFO - Filling up the DagBag from /opt/airflow/dags/extract_data.py
[2024-12-28T08:16:04.692+0000] {processor.py:842} WARNING - No viable dags retrieved from /opt/airflow/dags/extract_data.py
[2024-12-28T08:16:04.708+0000] {processor.py:183} INFO - Processing /opt/airflow/dags/extract_data.py took 0.057 seconds
[2024-12-28T08:16:35.110+0000] {processor.py:161} INFO - Started process (PID=704) to work on /opt/airflow/dags/extract_data.py
[2024-12-28T08:16:35.112+0000] {processor.py:830} INFO - Processing file /opt/airflow/dags/extract_data.py for tasks to queue
[2024-12-28T08:16:35.114+0000] {logging_mixin.py:188} INFO - [2024-12-28T08:16:35.114+0000] {dagbag.py:545} INFO - Filling up the DagBag from /opt/airflow/dags/extract_data.py
[2024-12-28T08:16:35.141+0000] {processor.py:842} WARNING - No viable dags retrieved from /opt/airflow/dags/extract_data.py
[2024-12-28T08:16:35.154+0000] {processor.py:183} INFO - Processing /opt/airflow/dags/extract_data.py took 0.050 seconds
[2024-12-28T08:17:05.528+0000] {processor.py:161} INFO - Started process (PID=720) to work on /opt/airflow/dags/extract_data.py
[2024-12-28T08:17:05.529+0000] {processor.py:830} INFO - Processing file /opt/airflow/dags/extract_data.py for tasks to queue
[2024-12-28T08:17:05.531+0000] {logging_mixin.py:188} INFO - [2024-12-28T08:17:05.531+0000] {dagbag.py:545} INFO - Filling up the DagBag from /opt/airflow/dags/extract_data.py
[2024-12-28T08:17:05.568+0000] {processor.py:842} WARNING - No viable dags retrieved from /opt/airflow/dags/extract_data.py
[2024-12-28T08:17:05.588+0000] {processor.py:183} INFO - Processing /opt/airflow/dags/extract_data.py took 0.068 seconds
[2024-12-28T08:17:36.002+0000] {processor.py:161} INFO - Started process (PID=736) to work on /opt/airflow/dags/extract_data.py
[2024-12-28T08:17:36.003+0000] {processor.py:830} INFO - Processing file /opt/airflow/dags/extract_data.py for tasks to queue
[2024-12-28T08:17:36.007+0000] {logging_mixin.py:188} INFO - [2024-12-28T08:17:36.006+0000] {dagbag.py:545} INFO - Filling up the DagBag from /opt/airflow/dags/extract_data.py
[2024-12-28T08:17:36.041+0000] {processor.py:842} WARNING - No viable dags retrieved from /opt/airflow/dags/extract_data.py
[2024-12-28T08:17:36.057+0000] {processor.py:183} INFO - Processing /opt/airflow/dags/extract_data.py took 0.062 seconds
[2024-12-28T08:18:06.456+0000] {processor.py:161} INFO - Started process (PID=752) to work on /opt/airflow/dags/extract_data.py
[2024-12-28T08:18:06.458+0000] {processor.py:830} INFO - Processing file /opt/airflow/dags/extract_data.py for tasks to queue
[2024-12-28T08:18:06.460+0000] {logging_mixin.py:188} INFO - [2024-12-28T08:18:06.459+0000] {dagbag.py:545} INFO - Filling up the DagBag from /opt/airflow/dags/extract_data.py
[2024-12-28T08:18:06.491+0000] {processor.py:842} WARNING - No viable dags retrieved from /opt/airflow/dags/extract_data.py
[2024-12-28T08:18:06.507+0000] {processor.py:183} INFO - Processing /opt/airflow/dags/extract_data.py took 0.058 seconds
[2024-12-28T08:18:36.925+0000] {processor.py:161} INFO - Started process (PID=768) to work on /opt/airflow/dags/extract_data.py
[2024-12-28T08:18:36.927+0000] {processor.py:830} INFO - Processing file /opt/airflow/dags/extract_data.py for tasks to queue
[2024-12-28T08:18:36.930+0000] {logging_mixin.py:188} INFO - [2024-12-28T08:18:36.930+0000] {dagbag.py:545} INFO - Filling up the DagBag from /opt/airflow/dags/extract_data.py
[2024-12-28T08:18:36.954+0000] {processor.py:842} WARNING - No viable dags retrieved from /opt/airflow/dags/extract_data.py
[2024-12-28T08:18:36.968+0000] {processor.py:183} INFO - Processing /opt/airflow/dags/extract_data.py took 0.048 seconds
[2024-12-28T08:19:07.331+0000] {processor.py:161} INFO - Started process (PID=784) to work on /opt/airflow/dags/extract_data.py
[2024-12-28T08:19:07.332+0000] {processor.py:830} INFO - Processing file /opt/airflow/dags/extract_data.py for tasks to queue
[2024-12-28T08:19:07.335+0000] {logging_mixin.py:188} INFO - [2024-12-28T08:19:07.335+0000] {dagbag.py:545} INFO - Filling up the DagBag from /opt/airflow/dags/extract_data.py
[2024-12-28T08:19:07.362+0000] {processor.py:842} WARNING - No viable dags retrieved from /opt/airflow/dags/extract_data.py
[2024-12-28T08:19:07.380+0000] {processor.py:183} INFO - Processing /opt/airflow/dags/extract_data.py took 0.058 seconds
[2024-12-28T08:19:37.661+0000] {processor.py:161} INFO - Started process (PID=800) to work on /opt/airflow/dags/extract_data.py
[2024-12-28T08:19:37.662+0000] {processor.py:830} INFO - Processing file /opt/airflow/dags/extract_data.py for tasks to queue
[2024-12-28T08:19:37.665+0000] {logging_mixin.py:188} INFO - [2024-12-28T08:19:37.664+0000] {dagbag.py:545} INFO - Filling up the DagBag from /opt/airflow/dags/extract_data.py
[2024-12-28T08:19:37.684+0000] {processor.py:842} WARNING - No viable dags retrieved from /opt/airflow/dags/extract_data.py
[2024-12-28T08:19:37.702+0000] {processor.py:183} INFO - Processing /opt/airflow/dags/extract_data.py took 0.050 seconds
[2024-12-28T08:20:07.991+0000] {processor.py:161} INFO - Started process (PID=816) to work on /opt/airflow/dags/extract_data.py
[2024-12-28T08:20:07.993+0000] {processor.py:830} INFO - Processing file /opt/airflow/dags/extract_data.py for tasks to queue
[2024-12-28T08:20:07.995+0000] {logging_mixin.py:188} INFO - [2024-12-28T08:20:07.994+0000] {dagbag.py:545} INFO - Filling up the DagBag from /opt/airflow/dags/extract_data.py
[2024-12-28T08:20:08.017+0000] {processor.py:842} WARNING - No viable dags retrieved from /opt/airflow/dags/extract_data.py
[2024-12-28T08:20:08.036+0000] {processor.py:183} INFO - Processing /opt/airflow/dags/extract_data.py took 0.053 seconds
[2024-12-28T08:20:38.536+0000] {processor.py:161} INFO - Started process (PID=832) to work on /opt/airflow/dags/extract_data.py
[2024-12-28T08:20:38.537+0000] {processor.py:830} INFO - Processing file /opt/airflow/dags/extract_data.py for tasks to queue
[2024-12-28T08:20:38.539+0000] {logging_mixin.py:188} INFO - [2024-12-28T08:20:38.539+0000] {dagbag.py:545} INFO - Filling up the DagBag from /opt/airflow/dags/extract_data.py
[2024-12-28T08:20:38.556+0000] {processor.py:842} WARNING - No viable dags retrieved from /opt/airflow/dags/extract_data.py
[2024-12-28T08:20:38.569+0000] {processor.py:183} INFO - Processing /opt/airflow/dags/extract_data.py took 0.039 seconds
[2024-12-28T08:21:08.927+0000] {processor.py:161} INFO - Started process (PID=848) to work on /opt/airflow/dags/extract_data.py
[2024-12-28T08:21:08.929+0000] {processor.py:830} INFO - Processing file /opt/airflow/dags/extract_data.py for tasks to queue
[2024-12-28T08:21:08.930+0000] {logging_mixin.py:188} INFO - [2024-12-28T08:21:08.930+0000] {dagbag.py:545} INFO - Filling up the DagBag from /opt/airflow/dags/extract_data.py
[2024-12-28T08:21:08.948+0000] {processor.py:842} WARNING - No viable dags retrieved from /opt/airflow/dags/extract_data.py
[2024-12-28T08:21:08.961+0000] {processor.py:183} INFO - Processing /opt/airflow/dags/extract_data.py took 0.041 seconds
[2024-12-28T08:21:39.313+0000] {processor.py:161} INFO - Started process (PID=864) to work on /opt/airflow/dags/extract_data.py
[2024-12-28T08:21:39.314+0000] {processor.py:830} INFO - Processing file /opt/airflow/dags/extract_data.py for tasks to queue
[2024-12-28T08:21:39.316+0000] {logging_mixin.py:188} INFO - [2024-12-28T08:21:39.316+0000] {dagbag.py:545} INFO - Filling up the DagBag from /opt/airflow/dags/extract_data.py
[2024-12-28T08:21:39.350+0000] {processor.py:842} WARNING - No viable dags retrieved from /opt/airflow/dags/extract_data.py
[2024-12-28T08:21:39.366+0000] {processor.py:183} INFO - Processing /opt/airflow/dags/extract_data.py took 0.059 seconds
[2024-12-28T08:22:09.726+0000] {processor.py:161} INFO - Started process (PID=880) to work on /opt/airflow/dags/extract_data.py
[2024-12-28T08:22:09.727+0000] {processor.py:830} INFO - Processing file /opt/airflow/dags/extract_data.py for tasks to queue
[2024-12-28T08:22:09.730+0000] {logging_mixin.py:188} INFO - [2024-12-28T08:22:09.730+0000] {dagbag.py:545} INFO - Filling up the DagBag from /opt/airflow/dags/extract_data.py
[2024-12-28T08:22:09.757+0000] {processor.py:842} WARNING - No viable dags retrieved from /opt/airflow/dags/extract_data.py
[2024-12-28T08:22:09.774+0000] {processor.py:183} INFO - Processing /opt/airflow/dags/extract_data.py took 0.056 seconds
[2024-12-28T08:22:40.185+0000] {processor.py:161} INFO - Started process (PID=896) to work on /opt/airflow/dags/extract_data.py
[2024-12-28T08:22:40.187+0000] {processor.py:830} INFO - Processing file /opt/airflow/dags/extract_data.py for tasks to queue
[2024-12-28T08:22:40.190+0000] {logging_mixin.py:188} INFO - [2024-12-28T08:22:40.190+0000] {dagbag.py:545} INFO - Filling up the DagBag from /opt/airflow/dags/extract_data.py
[2024-12-28T08:22:40.212+0000] {processor.py:842} WARNING - No viable dags retrieved from /opt/airflow/dags/extract_data.py
[2024-12-28T08:22:40.234+0000] {processor.py:183} INFO - Processing /opt/airflow/dags/extract_data.py took 0.058 seconds
[2024-12-28T08:23:10.622+0000] {processor.py:161} INFO - Started process (PID=912) to work on /opt/airflow/dags/extract_data.py
[2024-12-28T08:23:10.624+0000] {processor.py:830} INFO - Processing file /opt/airflow/dags/extract_data.py for tasks to queue
[2024-12-28T08:23:10.626+0000] {logging_mixin.py:188} INFO - [2024-12-28T08:23:10.626+0000] {dagbag.py:545} INFO - Filling up the DagBag from /opt/airflow/dags/extract_data.py
[2024-12-28T08:23:10.658+0000] {processor.py:842} WARNING - No viable dags retrieved from /opt/airflow/dags/extract_data.py
[2024-12-28T08:23:10.676+0000] {processor.py:183} INFO - Processing /opt/airflow/dags/extract_data.py took 0.061 seconds
[2024-12-28T08:23:41.075+0000] {processor.py:161} INFO - Started process (PID=928) to work on /opt/airflow/dags/extract_data.py
[2024-12-28T08:23:41.077+0000] {processor.py:830} INFO - Processing file /opt/airflow/dags/extract_data.py for tasks to queue
[2024-12-28T08:23:41.080+0000] {logging_mixin.py:188} INFO - [2024-12-28T08:23:41.079+0000] {dagbag.py:545} INFO - Filling up the DagBag from /opt/airflow/dags/extract_data.py
[2024-12-28T08:23:41.116+0000] {processor.py:842} WARNING - No viable dags retrieved from /opt/airflow/dags/extract_data.py
[2024-12-28T08:23:41.133+0000] {processor.py:183} INFO - Processing /opt/airflow/dags/extract_data.py took 0.065 seconds
[2024-12-28T08:24:11.476+0000] {processor.py:161} INFO - Started process (PID=944) to work on /opt/airflow/dags/extract_data.py
[2024-12-28T08:24:11.478+0000] {processor.py:830} INFO - Processing file /opt/airflow/dags/extract_data.py for tasks to queue
[2024-12-28T08:24:11.480+0000] {logging_mixin.py:188} INFO - [2024-12-28T08:24:11.479+0000] {dagbag.py:545} INFO - Filling up the DagBag from /opt/airflow/dags/extract_data.py
[2024-12-28T08:24:11.510+0000] {processor.py:842} WARNING - No viable dags retrieved from /opt/airflow/dags/extract_data.py
[2024-12-28T08:24:11.527+0000] {processor.py:183} INFO - Processing /opt/airflow/dags/extract_data.py took 0.058 seconds
[2024-12-28T08:24:41.964+0000] {processor.py:161} INFO - Started process (PID=960) to work on /opt/airflow/dags/extract_data.py
[2024-12-28T08:24:41.966+0000] {processor.py:830} INFO - Processing file /opt/airflow/dags/extract_data.py for tasks to queue
[2024-12-28T08:24:41.968+0000] {logging_mixin.py:188} INFO - [2024-12-28T08:24:41.968+0000] {dagbag.py:545} INFO - Filling up the DagBag from /opt/airflow/dags/extract_data.py
[2024-12-28T08:24:42.002+0000] {processor.py:842} WARNING - No viable dags retrieved from /opt/airflow/dags/extract_data.py
[2024-12-28T08:24:42.020+0000] {processor.py:183} INFO - Processing /opt/airflow/dags/extract_data.py took 0.061 seconds
[2024-12-28T08:25:12.408+0000] {processor.py:161} INFO - Started process (PID=976) to work on /opt/airflow/dags/extract_data.py
[2024-12-28T08:25:12.410+0000] {processor.py:830} INFO - Processing file /opt/airflow/dags/extract_data.py for tasks to queue
[2024-12-28T08:25:12.412+0000] {logging_mixin.py:188} INFO - [2024-12-28T08:25:12.412+0000] {dagbag.py:545} INFO - Filling up the DagBag from /opt/airflow/dags/extract_data.py
[2024-12-28T08:25:12.441+0000] {processor.py:842} WARNING - No viable dags retrieved from /opt/airflow/dags/extract_data.py
[2024-12-28T08:25:12.459+0000] {processor.py:183} INFO - Processing /opt/airflow/dags/extract_data.py took 0.057 seconds
[2024-12-28T08:25:42.950+0000] {processor.py:161} INFO - Started process (PID=992) to work on /opt/airflow/dags/extract_data.py
[2024-12-28T08:25:42.952+0000] {processor.py:830} INFO - Processing file /opt/airflow/dags/extract_data.py for tasks to queue
[2024-12-28T08:25:42.954+0000] {logging_mixin.py:188} INFO - [2024-12-28T08:25:42.954+0000] {dagbag.py:545} INFO - Filling up the DagBag from /opt/airflow/dags/extract_data.py
[2024-12-28T08:25:42.978+0000] {processor.py:842} WARNING - No viable dags retrieved from /opt/airflow/dags/extract_data.py
[2024-12-28T08:25:42.994+0000] {processor.py:183} INFO - Processing /opt/airflow/dags/extract_data.py took 0.050 seconds
[2024-12-28T08:26:13.346+0000] {processor.py:161} INFO - Started process (PID=1008) to work on /opt/airflow/dags/extract_data.py
[2024-12-28T08:26:13.347+0000] {processor.py:830} INFO - Processing file /opt/airflow/dags/extract_data.py for tasks to queue
[2024-12-28T08:26:13.350+0000] {logging_mixin.py:188} INFO - [2024-12-28T08:26:13.349+0000] {dagbag.py:545} INFO - Filling up the DagBag from /opt/airflow/dags/extract_data.py
[2024-12-28T08:26:13.370+0000] {processor.py:842} WARNING - No viable dags retrieved from /opt/airflow/dags/extract_data.py
[2024-12-28T08:26:13.387+0000] {processor.py:183} INFO - Processing /opt/airflow/dags/extract_data.py took 0.049 seconds
[2024-12-28T08:26:43.773+0000] {processor.py:161} INFO - Started process (PID=1024) to work on /opt/airflow/dags/extract_data.py
[2024-12-28T08:26:43.774+0000] {processor.py:830} INFO - Processing file /opt/airflow/dags/extract_data.py for tasks to queue
[2024-12-28T08:26:43.776+0000] {logging_mixin.py:188} INFO - [2024-12-28T08:26:43.776+0000] {dagbag.py:545} INFO - Filling up the DagBag from /opt/airflow/dags/extract_data.py
[2024-12-28T08:26:43.800+0000] {processor.py:842} WARNING - No viable dags retrieved from /opt/airflow/dags/extract_data.py
[2024-12-28T08:26:43.817+0000] {processor.py:183} INFO - Processing /opt/airflow/dags/extract_data.py took 0.051 seconds
[2024-12-28T08:27:14.193+0000] {processor.py:161} INFO - Started process (PID=1040) to work on /opt/airflow/dags/extract_data.py
[2024-12-28T08:27:14.194+0000] {processor.py:830} INFO - Processing file /opt/airflow/dags/extract_data.py for tasks to queue
[2024-12-28T08:27:14.196+0000] {logging_mixin.py:188} INFO - [2024-12-28T08:27:14.196+0000] {dagbag.py:545} INFO - Filling up the DagBag from /opt/airflow/dags/extract_data.py
[2024-12-28T08:27:14.214+0000] {processor.py:842} WARNING - No viable dags retrieved from /opt/airflow/dags/extract_data.py
[2024-12-28T08:27:14.229+0000] {processor.py:183} INFO - Processing /opt/airflow/dags/extract_data.py took 0.044 seconds
[2024-12-28T08:27:44.566+0000] {processor.py:161} INFO - Started process (PID=1056) to work on /opt/airflow/dags/extract_data.py
[2024-12-28T08:27:44.567+0000] {processor.py:830} INFO - Processing file /opt/airflow/dags/extract_data.py for tasks to queue
[2024-12-28T08:27:44.570+0000] {logging_mixin.py:188} INFO - [2024-12-28T08:27:44.570+0000] {dagbag.py:545} INFO - Filling up the DagBag from /opt/airflow/dags/extract_data.py
[2024-12-28T08:27:44.589+0000] {processor.py:842} WARNING - No viable dags retrieved from /opt/airflow/dags/extract_data.py
[2024-12-28T08:27:44.605+0000] {processor.py:183} INFO - Processing /opt/airflow/dags/extract_data.py took 0.046 seconds
[2024-12-28T08:28:15.011+0000] {processor.py:161} INFO - Started process (PID=1072) to work on /opt/airflow/dags/extract_data.py
[2024-12-28T08:28:15.012+0000] {processor.py:830} INFO - Processing file /opt/airflow/dags/extract_data.py for tasks to queue
[2024-12-28T08:28:15.015+0000] {logging_mixin.py:188} INFO - [2024-12-28T08:28:15.015+0000] {dagbag.py:545} INFO - Filling up the DagBag from /opt/airflow/dags/extract_data.py
[2024-12-28T08:28:15.043+0000] {processor.py:842} WARNING - No viable dags retrieved from /opt/airflow/dags/extract_data.py
[2024-12-28T08:28:15.060+0000] {processor.py:183} INFO - Processing /opt/airflow/dags/extract_data.py took 0.055 seconds
[2024-12-28T08:28:45.435+0000] {processor.py:161} INFO - Started process (PID=1088) to work on /opt/airflow/dags/extract_data.py
[2024-12-28T08:28:45.436+0000] {processor.py:830} INFO - Processing file /opt/airflow/dags/extract_data.py for tasks to queue
[2024-12-28T08:28:45.438+0000] {logging_mixin.py:188} INFO - [2024-12-28T08:28:45.438+0000] {dagbag.py:545} INFO - Filling up the DagBag from /opt/airflow/dags/extract_data.py
[2024-12-28T08:28:45.462+0000] {processor.py:842} WARNING - No viable dags retrieved from /opt/airflow/dags/extract_data.py
[2024-12-28T08:28:45.486+0000] {processor.py:183} INFO - Processing /opt/airflow/dags/extract_data.py took 0.059 seconds
[2024-12-28T08:29:15.832+0000] {processor.py:161} INFO - Started process (PID=1104) to work on /opt/airflow/dags/extract_data.py
[2024-12-28T08:29:15.834+0000] {processor.py:830} INFO - Processing file /opt/airflow/dags/extract_data.py for tasks to queue
[2024-12-28T08:29:15.836+0000] {logging_mixin.py:188} INFO - [2024-12-28T08:29:15.836+0000] {dagbag.py:545} INFO - Filling up the DagBag from /opt/airflow/dags/extract_data.py
[2024-12-28T08:29:15.855+0000] {processor.py:842} WARNING - No viable dags retrieved from /opt/airflow/dags/extract_data.py
[2024-12-28T08:29:15.870+0000] {processor.py:183} INFO - Processing /opt/airflow/dags/extract_data.py took 0.045 seconds
[2024-12-28T08:29:46.226+0000] {processor.py:161} INFO - Started process (PID=1120) to work on /opt/airflow/dags/extract_data.py
[2024-12-28T08:29:46.227+0000] {processor.py:830} INFO - Processing file /opt/airflow/dags/extract_data.py for tasks to queue
[2024-12-28T08:29:46.230+0000] {logging_mixin.py:188} INFO - [2024-12-28T08:29:46.230+0000] {dagbag.py:545} INFO - Filling up the DagBag from /opt/airflow/dags/extract_data.py
[2024-12-28T08:29:46.264+0000] {processor.py:842} WARNING - No viable dags retrieved from /opt/airflow/dags/extract_data.py
[2024-12-28T08:29:46.279+0000] {processor.py:183} INFO - Processing /opt/airflow/dags/extract_data.py took 0.060 seconds
[2024-12-28T08:30:16.673+0000] {processor.py:161} INFO - Started process (PID=1136) to work on /opt/airflow/dags/extract_data.py
[2024-12-28T08:30:16.675+0000] {processor.py:830} INFO - Processing file /opt/airflow/dags/extract_data.py for tasks to queue
[2024-12-28T08:30:16.687+0000] {logging_mixin.py:188} INFO - [2024-12-28T08:30:16.687+0000] {dagbag.py:545} INFO - Filling up the DagBag from /opt/airflow/dags/extract_data.py
[2024-12-28T08:30:16.751+0000] {processor.py:842} WARNING - No viable dags retrieved from /opt/airflow/dags/extract_data.py
[2024-12-28T08:30:16.827+0000] {processor.py:183} INFO - Processing /opt/airflow/dags/extract_data.py took 0.175 seconds
[2024-12-28T08:30:47.398+0000] {processor.py:161} INFO - Started process (PID=1152) to work on /opt/airflow/dags/extract_data.py
[2024-12-28T08:30:47.400+0000] {processor.py:830} INFO - Processing file /opt/airflow/dags/extract_data.py for tasks to queue
[2024-12-28T08:30:47.403+0000] {logging_mixin.py:188} INFO - [2024-12-28T08:30:47.403+0000] {dagbag.py:545} INFO - Filling up the DagBag from /opt/airflow/dags/extract_data.py
[2024-12-28T08:30:47.431+0000] {processor.py:842} WARNING - No viable dags retrieved from /opt/airflow/dags/extract_data.py
[2024-12-28T08:30:47.449+0000] {processor.py:183} INFO - Processing /opt/airflow/dags/extract_data.py took 0.058 seconds
