[2025-01-07T15:02:56.999+0000] {local_task_job_runner.py:120} INFO - ::group::Pre task execution logs
[2025-01-07T15:02:57.451+0000] {taskinstance.py:2076} INFO - Dependencies all met for dep_context=non-requeueable deps ti=<TaskInstance: complex_etl_dag.branch_task scheduled__2024-04-02T00:00:00+00:00 [queued]>
[2025-01-07T15:02:57.539+0000] {taskinstance.py:2076} INFO - Dependencies all met for dep_context=requeueable deps ti=<TaskInstance: complex_etl_dag.branch_task scheduled__2024-04-02T00:00:00+00:00 [queued]>
[2025-01-07T15:02:57.560+0000] {taskinstance.py:2306} INFO - Starting attempt 1 of 2
[2025-01-07T15:02:57.889+0000] {taskinstance.py:2330} INFO - Executing <Task(BranchPythonOperator): branch_task> on 2024-04-02 00:00:00+00:00
[2025-01-07T15:02:57.906+0000] {standard_task_runner.py:63} INFO - Started process 2405 to run task
[2025-01-07T15:02:57.956+0000] {standard_task_runner.py:90} INFO - Running: ['***', 'tasks', 'run', 'complex_etl_dag', 'branch_task', 'scheduled__2024-04-02T00:00:00+00:00', '--job-id', '838', '--raw', '--subdir', 'DAGS_FOLDER/dag_test.py', '--cfg-path', '/tmp/tmpypwwfsen']
[2025-01-07T15:02:57.970+0000] {standard_task_runner.py:91} INFO - Job 838: Subtask branch_task
[2025-01-07T15:02:58.274+0000] {task_command.py:426} INFO - Running <TaskInstance: complex_etl_dag.branch_task scheduled__2024-04-02T00:00:00+00:00 [running]> on host 4ff5b0867c78
[2025-01-07T15:02:58.654+0000] {taskinstance.py:2648} INFO - Exporting env vars: AIRFLOW_CTX_DAG_OWNER='***' AIRFLOW_CTX_DAG_ID='complex_etl_dag' AIRFLOW_CTX_TASK_ID='branch_task' AIRFLOW_CTX_EXECUTION_DATE='2024-04-02T00:00:00+00:00' AIRFLOW_CTX_TRY_NUMBER='1' AIRFLOW_CTX_DAG_RUN_ID='scheduled__2024-04-02T00:00:00+00:00'
[2025-01-07T15:02:58.659+0000] {taskinstance.py:430} INFO - ::endgroup::
[2025-01-07T15:02:58.695+0000] {baseoperator.py:400} WARNING - BranchPythonOperator.execute cannot be called outside TaskInstance!
[2025-01-07T15:02:58.751+0000] {python.py:237} INFO - Done. Returned value was: transform_data
[2025-01-07T15:02:58.780+0000] {branch.py:36} INFO - Branch into transform_data
[2025-01-07T15:02:58.786+0000] {skipmixin.py:178} INFO - Following branch transform_data
[2025-01-07T15:02:58.856+0000] {skipmixin.py:246} INFO - Skipping tasks [('skip_transform', -1)]
[2025-01-07T15:02:58.993+0000] {taskinstance.py:441} INFO - ::group::Post task execution logs
[2025-01-07T15:02:59.126+0000] {taskinstance.py:1206} INFO - Marking task as SUCCESS. dag_id=complex_etl_dag, task_id=branch_task, run_id=scheduled__2024-04-02T00:00:00+00:00, execution_date=20240402T000000, start_date=20250107T150257, end_date=20250107T150259
[2025-01-07T15:02:59.374+0000] {local_task_job_runner.py:240} INFO - Task exited with return code 0
[2025-01-07T15:02:59.582+0000] {taskinstance.py:3503} INFO - 1 downstream tasks scheduled from follow-on schedule check
[2025-01-07T15:02:59.629+0000] {local_task_job_runner.py:222} INFO - ::endgroup::
