[2025-01-07T15:01:07.680+0000] {local_task_job_runner.py:120} INFO - ::group::Pre task execution logs
[2025-01-07T15:01:07.813+0000] {taskinstance.py:2076} INFO - Dependencies all met for dep_context=non-requeueable deps ti=<TaskInstance: complex_etl_dag.branch_task manual__2025-01-07T15:01:03.109378+00:00 [queued]>
[2025-01-07T15:01:07.862+0000] {taskinstance.py:2076} INFO - Dependencies all met for dep_context=requeueable deps ti=<TaskInstance: complex_etl_dag.branch_task manual__2025-01-07T15:01:03.109378+00:00 [queued]>
[2025-01-07T15:01:07.863+0000] {taskinstance.py:2306} INFO - Starting attempt 1 of 2
[2025-01-07T15:01:08.040+0000] {taskinstance.py:2330} INFO - Executing <Task(BranchPythonOperator): branch_task> on 2025-01-07 15:01:03.109378+00:00
[2025-01-07T15:01:08.047+0000] {standard_task_runner.py:63} INFO - Started process 1613 to run task
[2025-01-07T15:01:08.053+0000] {standard_task_runner.py:90} INFO - Running: ['***', 'tasks', 'run', 'complex_etl_dag', 'branch_task', 'manual__2025-01-07T15:01:03.109378+00:00', '--job-id', '485', '--raw', '--subdir', 'DAGS_FOLDER/dag_test.py', '--cfg-path', '/tmp/tmp8dfq3hze']
[2025-01-07T15:01:08.059+0000] {standard_task_runner.py:91} INFO - Job 485: Subtask branch_task
[2025-01-07T15:01:08.307+0000] {task_command.py:426} INFO - Running <TaskInstance: complex_etl_dag.branch_task manual__2025-01-07T15:01:03.109378+00:00 [running]> on host 4ff5b0867c78
[2025-01-07T15:01:08.972+0000] {taskinstance.py:2648} INFO - Exporting env vars: AIRFLOW_CTX_DAG_OWNER='***' AIRFLOW_CTX_DAG_ID='complex_etl_dag' AIRFLOW_CTX_TASK_ID='branch_task' AIRFLOW_CTX_EXECUTION_DATE='2025-01-07T15:01:03.109378+00:00' AIRFLOW_CTX_TRY_NUMBER='1' AIRFLOW_CTX_DAG_RUN_ID='manual__2025-01-07T15:01:03.109378+00:00'
[2025-01-07T15:01:09.000+0000] {taskinstance.py:430} INFO - ::endgroup::
[2025-01-07T15:01:09.052+0000] {baseoperator.py:400} WARNING - BranchPythonOperator.execute cannot be called outside TaskInstance!
[2025-01-07T15:01:09.070+0000] {python.py:237} INFO - Done. Returned value was: transform_data
[2025-01-07T15:01:09.071+0000] {branch.py:36} INFO - Branch into transform_data
[2025-01-07T15:01:09.072+0000] {skipmixin.py:178} INFO - Following branch transform_data
[2025-01-07T15:01:09.110+0000] {skipmixin.py:246} INFO - Skipping tasks [('skip_transform', -1)]
[2025-01-07T15:01:09.177+0000] {taskinstance.py:441} INFO - ::group::Post task execution logs
[2025-01-07T15:01:09.261+0000] {taskinstance.py:1206} INFO - Marking task as SUCCESS. dag_id=complex_etl_dag, task_id=branch_task, run_id=manual__2025-01-07T15:01:03.109378+00:00, execution_date=20250107T150103, start_date=20250107T150107, end_date=20250107T150109
[2025-01-07T15:01:09.350+0000] {local_task_job_runner.py:240} INFO - Task exited with return code 0
[2025-01-07T15:01:09.426+0000] {taskinstance.py:3503} INFO - 1 downstream tasks scheduled from follow-on schedule check
[2025-01-07T15:01:09.436+0000] {local_task_job_runner.py:222} INFO - ::endgroup::
