[2025-01-07T15:01:55.525+0000] {local_task_job_runner.py:120} INFO - ::group::Pre task execution logs
[2025-01-07T15:01:55.687+0000] {taskinstance.py:2076} INFO - Dependencies all met for dep_context=non-requeueable deps ti=<TaskInstance: complex_etl_dag.branch_task scheduled__2024-02-16T00:00:00+00:00 [queued]>
[2025-01-07T15:01:55.763+0000] {taskinstance.py:2076} INFO - Dependencies all met for dep_context=requeueable deps ti=<TaskInstance: complex_etl_dag.branch_task scheduled__2024-02-16T00:00:00+00:00 [queued]>
[2025-01-07T15:01:55.781+0000] {taskinstance.py:2306} INFO - Starting attempt 1 of 2
[2025-01-07T15:01:56.348+0000] {taskinstance.py:2330} INFO - Executing <Task(BranchPythonOperator): branch_task> on 2024-02-16 00:00:00+00:00
[2025-01-07T15:01:56.456+0000] {standard_task_runner.py:63} INFO - Started process 1993 to run task
[2025-01-07T15:01:56.493+0000] {standard_task_runner.py:90} INFO - Running: ['***', 'tasks', 'run', 'complex_etl_dag', 'branch_task', 'scheduled__2024-02-16T00:00:00+00:00', '--job-id', '655', '--raw', '--subdir', 'DAGS_FOLDER/dag_test.py', '--cfg-path', '/tmp/tmpuv6_63qj']
[2025-01-07T15:01:56.499+0000] {standard_task_runner.py:91} INFO - Job 655: Subtask branch_task
[2025-01-07T15:01:56.784+0000] {task_command.py:426} INFO - Running <TaskInstance: complex_etl_dag.branch_task scheduled__2024-02-16T00:00:00+00:00 [running]> on host 4ff5b0867c78
[2025-01-07T15:01:57.355+0000] {taskinstance.py:2648} INFO - Exporting env vars: AIRFLOW_CTX_DAG_OWNER='***' AIRFLOW_CTX_DAG_ID='complex_etl_dag' AIRFLOW_CTX_TASK_ID='branch_task' AIRFLOW_CTX_EXECUTION_DATE='2024-02-16T00:00:00+00:00' AIRFLOW_CTX_TRY_NUMBER='1' AIRFLOW_CTX_DAG_RUN_ID='scheduled__2024-02-16T00:00:00+00:00'
[2025-01-07T15:01:57.365+0000] {taskinstance.py:430} INFO - ::endgroup::
[2025-01-07T15:01:57.436+0000] {baseoperator.py:400} WARNING - BranchPythonOperator.execute cannot be called outside TaskInstance!
[2025-01-07T15:01:57.482+0000] {python.py:237} INFO - Done. Returned value was: transform_data
[2025-01-07T15:01:57.484+0000] {branch.py:36} INFO - Branch into transform_data
[2025-01-07T15:01:57.487+0000] {skipmixin.py:178} INFO - Following branch transform_data
[2025-01-07T15:01:57.627+0000] {skipmixin.py:246} INFO - Skipping tasks [('skip_transform', -1)]
[2025-01-07T15:01:57.734+0000] {taskinstance.py:441} INFO - ::group::Post task execution logs
[2025-01-07T15:01:57.811+0000] {taskinstance.py:1206} INFO - Marking task as SUCCESS. dag_id=complex_etl_dag, task_id=branch_task, run_id=scheduled__2024-02-16T00:00:00+00:00, execution_date=20240216T000000, start_date=20250107T150155, end_date=20250107T150157
[2025-01-07T15:01:57.876+0000] {local_task_job_runner.py:240} INFO - Task exited with return code 0
[2025-01-07T15:01:57.991+0000] {taskinstance.py:3503} INFO - 1 downstream tasks scheduled from follow-on schedule check
[2025-01-07T15:01:58.005+0000] {local_task_job_runner.py:222} INFO - ::endgroup::
