[2025-01-07T15:13:50.515+0000] {local_task_job_runner.py:120} INFO - ::group::Pre task execution logs
[2025-01-07T15:13:50.548+0000] {taskinstance.py:2076} INFO - Dependencies all met for dep_context=non-requeueable deps ti=<TaskInstance: my_dag.choose_best_model scheduled__2025-01-06T00:00:00+00:00 [queued]>
[2025-01-07T15:13:50.560+0000] {taskinstance.py:2076} INFO - Dependencies all met for dep_context=requeueable deps ti=<TaskInstance: my_dag.choose_best_model scheduled__2025-01-06T00:00:00+00:00 [queued]>
[2025-01-07T15:13:50.561+0000] {taskinstance.py:2306} INFO - Starting attempt 1 of 1
[2025-01-07T15:13:50.579+0000] {taskinstance.py:2330} INFO - Executing <Task(BranchPythonOperator): choose_best_model> on 2025-01-06 00:00:00+00:00
[2025-01-07T15:13:50.584+0000] {standard_task_runner.py:63} INFO - Started process 3078 to run task
[2025-01-07T15:13:50.587+0000] {standard_task_runner.py:90} INFO - Running: ['***', 'tasks', 'run', 'my_dag', 'choose_best_model', 'scheduled__2025-01-06T00:00:00+00:00', '--job-id', '876', '--raw', '--subdir', 'DAGS_FOLDER/das_ytb.py', '--cfg-path', '/tmp/tmpv5hxmjkx']
[2025-01-07T15:13:50.590+0000] {standard_task_runner.py:91} INFO - Job 876: Subtask choose_best_model
[2025-01-07T15:13:50.658+0000] {task_command.py:426} INFO - Running <TaskInstance: my_dag.choose_best_model scheduled__2025-01-06T00:00:00+00:00 [running]> on host 4ff5b0867c78
[2025-01-07T15:13:50.773+0000] {taskinstance.py:2648} INFO - Exporting env vars: AIRFLOW_CTX_DAG_OWNER='***' AIRFLOW_CTX_DAG_ID='my_dag' AIRFLOW_CTX_TASK_ID='choose_best_model' AIRFLOW_CTX_EXECUTION_DATE='2025-01-06T00:00:00+00:00' AIRFLOW_CTX_TRY_NUMBER='1' AIRFLOW_CTX_DAG_RUN_ID='scheduled__2025-01-06T00:00:00+00:00'
[2025-01-07T15:13:50.774+0000] {taskinstance.py:430} INFO - ::endgroup::
[2025-01-07T15:13:50.785+0000] {baseoperator.py:400} WARNING - BranchPythonOperator.execute cannot be called outside TaskInstance!
[2025-01-07T15:13:50.795+0000] {python.py:237} INFO - Done. Returned value was: is_accurate
[2025-01-07T15:13:50.795+0000] {branch.py:36} INFO - Branch into is_accurate
[2025-01-07T15:13:50.796+0000] {skipmixin.py:178} INFO - Following branch is_accurate
[2025-01-07T15:13:50.815+0000] {skipmixin.py:246} INFO - Skipping tasks [('is_inaccurate', -1)]
[2025-01-07T15:13:50.838+0000] {taskinstance.py:441} INFO - ::group::Post task execution logs
[2025-01-07T15:13:50.857+0000] {taskinstance.py:1206} INFO - Marking task as SUCCESS. dag_id=my_dag, task_id=choose_best_model, run_id=scheduled__2025-01-06T00:00:00+00:00, execution_date=20250106T000000, start_date=20250107T151350, end_date=20250107T151350
[2025-01-07T15:13:50.880+0000] {local_task_job_runner.py:240} INFO - Task exited with return code 0
[2025-01-07T15:13:50.906+0000] {taskinstance.py:3503} INFO - 1 downstream tasks scheduled from follow-on schedule check
[2025-01-07T15:13:50.912+0000] {local_task_job_runner.py:222} INFO - ::endgroup::
