[2024-12-30T15:04:01.874+0000] {processor.py:161} INFO - Started process (PID=188) to work on /opt/airflow/dags/e_commerce_dw_dag.py
[2024-12-30T15:04:01.876+0000] {processor.py:830} INFO - Processing file /opt/airflow/dags/e_commerce_dw_dag.py for tasks to queue
[2024-12-30T15:04:01.881+0000] {logging_mixin.py:188} INFO - [2024-12-30T15:04:01.880+0000] {dagbag.py:545} INFO - Filling up the DagBag from /opt/airflow/dags/e_commerce_dw_dag.py
[2024-12-30T15:04:02.277+0000] {processor.py:840} INFO - DAG(s) 'e_commerce_dw_etl' retrieved from /opt/airflow/dags/e_commerce_dw_dag.py
[2024-12-30T15:04:02.890+0000] {logging_mixin.py:188} INFO - [2024-12-30T15:04:02.888+0000] {dag.py:3096} INFO - Sync 1 DAGs
[2024-12-30T15:04:02.940+0000] {logging_mixin.py:188} INFO - [2024-12-30T15:04:02.940+0000] {dag.py:3954} INFO - Setting next_dagrun for e_commerce_dw_etl to 2024-12-29 00:00:00+00:00, run_after=2024-12-30 00:00:00+00:00
[2024-12-30T15:04:02.992+0000] {processor.py:183} INFO - Processing /opt/airflow/dags/e_commerce_dw_dag.py took 1.140 seconds
[2024-12-30T15:04:33.390+0000] {processor.py:161} INFO - Started process (PID=208) to work on /opt/airflow/dags/e_commerce_dw_dag.py
[2024-12-30T15:04:33.403+0000] {processor.py:830} INFO - Processing file /opt/airflow/dags/e_commerce_dw_dag.py for tasks to queue
[2024-12-30T15:04:33.410+0000] {logging_mixin.py:188} INFO - [2024-12-30T15:04:33.410+0000] {dagbag.py:545} INFO - Filling up the DagBag from /opt/airflow/dags/e_commerce_dw_dag.py
[2024-12-30T15:04:33.502+0000] {processor.py:840} INFO - DAG(s) 'e_commerce_dw_etl' retrieved from /opt/airflow/dags/e_commerce_dw_dag.py
[2024-12-30T15:04:33.564+0000] {logging_mixin.py:188} INFO - [2024-12-30T15:04:33.564+0000] {dag.py:3096} INFO - Sync 1 DAGs
[2024-12-30T15:04:33.600+0000] {logging_mixin.py:188} INFO - [2024-12-30T15:04:33.599+0000] {dag.py:3954} INFO - Setting next_dagrun for e_commerce_dw_etl to 2024-12-30 00:00:00+00:00, run_after=2024-12-31 00:00:00+00:00
[2024-12-30T15:04:33.642+0000] {processor.py:183} INFO - Processing /opt/airflow/dags/e_commerce_dw_dag.py took 0.273 seconds
[2024-12-30T15:05:03.799+0000] {processor.py:161} INFO - Started process (PID=224) to work on /opt/airflow/dags/e_commerce_dw_dag.py
[2024-12-30T15:05:03.800+0000] {processor.py:830} INFO - Processing file /opt/airflow/dags/e_commerce_dw_dag.py for tasks to queue
[2024-12-30T15:05:03.802+0000] {logging_mixin.py:188} INFO - [2024-12-30T15:05:03.802+0000] {dagbag.py:545} INFO - Filling up the DagBag from /opt/airflow/dags/e_commerce_dw_dag.py
[2024-12-30T15:05:03.855+0000] {processor.py:840} INFO - DAG(s) 'e_commerce_dw_etl' retrieved from /opt/airflow/dags/e_commerce_dw_dag.py
[2024-12-30T15:05:03.898+0000] {logging_mixin.py:188} INFO - [2024-12-30T15:05:03.897+0000] {dag.py:3096} INFO - Sync 1 DAGs
[2024-12-30T15:05:03.927+0000] {logging_mixin.py:188} INFO - [2024-12-30T15:05:03.926+0000] {dag.py:3954} INFO - Setting next_dagrun for e_commerce_dw_etl to 2024-12-30 00:00:00+00:00, run_after=2024-12-31 00:00:00+00:00
[2024-12-30T15:05:03.959+0000] {processor.py:183} INFO - Processing /opt/airflow/dags/e_commerce_dw_dag.py took 0.166 seconds
[2024-12-30T15:05:34.114+0000] {processor.py:161} INFO - Started process (PID=246) to work on /opt/airflow/dags/e_commerce_dw_dag.py
[2024-12-30T15:05:34.115+0000] {processor.py:830} INFO - Processing file /opt/airflow/dags/e_commerce_dw_dag.py for tasks to queue
[2024-12-30T15:05:34.117+0000] {logging_mixin.py:188} INFO - [2024-12-30T15:05:34.117+0000] {dagbag.py:545} INFO - Filling up the DagBag from /opt/airflow/dags/e_commerce_dw_dag.py
[2024-12-30T15:05:34.219+0000] {processor.py:840} INFO - DAG(s) 'e_commerce_dw_etl' retrieved from /opt/airflow/dags/e_commerce_dw_dag.py
[2024-12-30T15:05:34.268+0000] {logging_mixin.py:188} INFO - [2024-12-30T15:05:34.268+0000] {dag.py:3096} INFO - Sync 1 DAGs
[2024-12-30T15:05:34.307+0000] {logging_mixin.py:188} INFO - [2024-12-30T15:05:34.307+0000] {dag.py:3954} INFO - Setting next_dagrun for e_commerce_dw_etl to 2024-12-30 00:00:00+00:00, run_after=2024-12-31 00:00:00+00:00
[2024-12-30T15:05:34.345+0000] {processor.py:183} INFO - Processing /opt/airflow/dags/e_commerce_dw_dag.py took 0.237 seconds
[2024-12-30T15:06:04.500+0000] {processor.py:161} INFO - Started process (PID=262) to work on /opt/airflow/dags/e_commerce_dw_dag.py
[2024-12-30T15:06:04.501+0000] {processor.py:830} INFO - Processing file /opt/airflow/dags/e_commerce_dw_dag.py for tasks to queue
[2024-12-30T15:06:04.503+0000] {logging_mixin.py:188} INFO - [2024-12-30T15:06:04.502+0000] {dagbag.py:545} INFO - Filling up the DagBag from /opt/airflow/dags/e_commerce_dw_dag.py
[2024-12-30T15:06:04.562+0000] {processor.py:840} INFO - DAG(s) 'e_commerce_dw_etl' retrieved from /opt/airflow/dags/e_commerce_dw_dag.py
[2024-12-30T15:06:04.592+0000] {logging_mixin.py:188} INFO - [2024-12-30T15:06:04.592+0000] {dag.py:3096} INFO - Sync 1 DAGs
[2024-12-30T15:06:04.617+0000] {logging_mixin.py:188} INFO - [2024-12-30T15:06:04.617+0000] {dag.py:3954} INFO - Setting next_dagrun for e_commerce_dw_etl to 2024-12-30 00:00:00+00:00, run_after=2024-12-31 00:00:00+00:00
[2024-12-30T15:06:04.645+0000] {processor.py:183} INFO - Processing /opt/airflow/dags/e_commerce_dw_dag.py took 0.152 seconds
[2024-12-30T15:06:34.961+0000] {processor.py:161} INFO - Started process (PID=278) to work on /opt/airflow/dags/e_commerce_dw_dag.py
[2024-12-30T15:06:34.962+0000] {processor.py:830} INFO - Processing file /opt/airflow/dags/e_commerce_dw_dag.py for tasks to queue
[2024-12-30T15:06:34.964+0000] {logging_mixin.py:188} INFO - [2024-12-30T15:06:34.964+0000] {dagbag.py:545} INFO - Filling up the DagBag from /opt/airflow/dags/e_commerce_dw_dag.py
[2024-12-30T15:06:35.036+0000] {processor.py:840} INFO - DAG(s) 'e_commerce_dw_etl' retrieved from /opt/airflow/dags/e_commerce_dw_dag.py
[2024-12-30T15:06:35.075+0000] {logging_mixin.py:188} INFO - [2024-12-30T15:06:35.075+0000] {dag.py:3096} INFO - Sync 1 DAGs
[2024-12-30T15:06:35.107+0000] {logging_mixin.py:188} INFO - [2024-12-30T15:06:35.107+0000] {dag.py:3954} INFO - Setting next_dagrun for e_commerce_dw_etl to 2024-12-30 00:00:00+00:00, run_after=2024-12-31 00:00:00+00:00
[2024-12-30T15:06:35.149+0000] {processor.py:183} INFO - Processing /opt/airflow/dags/e_commerce_dw_dag.py took 0.198 seconds
[2024-12-30T15:07:05.248+0000] {processor.py:161} INFO - Started process (PID=296) to work on /opt/airflow/dags/e_commerce_dw_dag.py
[2024-12-30T15:07:05.249+0000] {processor.py:830} INFO - Processing file /opt/airflow/dags/e_commerce_dw_dag.py for tasks to queue
[2024-12-30T15:07:05.251+0000] {logging_mixin.py:188} INFO - [2024-12-30T15:07:05.251+0000] {dagbag.py:545} INFO - Filling up the DagBag from /opt/airflow/dags/e_commerce_dw_dag.py
[2024-12-30T15:07:05.311+0000] {processor.py:840} INFO - DAG(s) 'e_commerce_dw_etl' retrieved from /opt/airflow/dags/e_commerce_dw_dag.py
[2024-12-30T15:07:05.355+0000] {logging_mixin.py:188} INFO - [2024-12-30T15:07:05.355+0000] {dag.py:3096} INFO - Sync 1 DAGs
[2024-12-30T15:07:05.387+0000] {logging_mixin.py:188} INFO - [2024-12-30T15:07:05.387+0000] {dag.py:3954} INFO - Setting next_dagrun for e_commerce_dw_etl to 2024-12-30 00:00:00+00:00, run_after=2024-12-31 00:00:00+00:00
[2024-12-30T15:07:05.419+0000] {processor.py:183} INFO - Processing /opt/airflow/dags/e_commerce_dw_dag.py took 0.177 seconds
[2024-12-30T15:07:35.733+0000] {processor.py:161} INFO - Started process (PID=312) to work on /opt/airflow/dags/e_commerce_dw_dag.py
[2024-12-30T15:07:35.734+0000] {processor.py:830} INFO - Processing file /opt/airflow/dags/e_commerce_dw_dag.py for tasks to queue
[2024-12-30T15:07:35.737+0000] {logging_mixin.py:188} INFO - [2024-12-30T15:07:35.736+0000] {dagbag.py:545} INFO - Filling up the DagBag from /opt/airflow/dags/e_commerce_dw_dag.py
[2024-12-30T15:07:35.857+0000] {processor.py:840} INFO - DAG(s) 'e_commerce_dw_etl' retrieved from /opt/airflow/dags/e_commerce_dw_dag.py
[2024-12-30T15:07:35.887+0000] {logging_mixin.py:188} INFO - [2024-12-30T15:07:35.887+0000] {dag.py:3096} INFO - Sync 1 DAGs
[2024-12-30T15:07:35.908+0000] {logging_mixin.py:188} INFO - [2024-12-30T15:07:35.908+0000] {dag.py:3954} INFO - Setting next_dagrun for e_commerce_dw_etl to 2024-12-30 00:00:00+00:00, run_after=2024-12-31 00:00:00+00:00
[2024-12-30T15:07:35.932+0000] {processor.py:183} INFO - Processing /opt/airflow/dags/e_commerce_dw_dag.py took 0.205 seconds
[2024-12-30T15:08:06.109+0000] {processor.py:161} INFO - Started process (PID=328) to work on /opt/airflow/dags/e_commerce_dw_dag.py
[2024-12-30T15:08:06.111+0000] {processor.py:830} INFO - Processing file /opt/airflow/dags/e_commerce_dw_dag.py for tasks to queue
[2024-12-30T15:08:06.113+0000] {logging_mixin.py:188} INFO - [2024-12-30T15:08:06.113+0000] {dagbag.py:545} INFO - Filling up the DagBag from /opt/airflow/dags/e_commerce_dw_dag.py
[2024-12-30T15:08:06.183+0000] {processor.py:840} INFO - DAG(s) 'e_commerce_dw_etl' retrieved from /opt/airflow/dags/e_commerce_dw_dag.py
[2024-12-30T15:08:06.211+0000] {logging_mixin.py:188} INFO - [2024-12-30T15:08:06.211+0000] {dag.py:3096} INFO - Sync 1 DAGs
[2024-12-30T15:08:06.231+0000] {logging_mixin.py:188} INFO - [2024-12-30T15:08:06.231+0000] {dag.py:3954} INFO - Setting next_dagrun for e_commerce_dw_etl to 2024-12-30 00:00:00+00:00, run_after=2024-12-31 00:00:00+00:00
[2024-12-30T15:08:06.256+0000] {processor.py:183} INFO - Processing /opt/airflow/dags/e_commerce_dw_dag.py took 0.153 seconds
[2024-12-30T15:08:36.530+0000] {processor.py:161} INFO - Started process (PID=344) to work on /opt/airflow/dags/e_commerce_dw_dag.py
[2024-12-30T15:08:36.531+0000] {processor.py:830} INFO - Processing file /opt/airflow/dags/e_commerce_dw_dag.py for tasks to queue
[2024-12-30T15:08:36.533+0000] {logging_mixin.py:188} INFO - [2024-12-30T15:08:36.533+0000] {dagbag.py:545} INFO - Filling up the DagBag from /opt/airflow/dags/e_commerce_dw_dag.py
[2024-12-30T15:08:36.611+0000] {processor.py:840} INFO - DAG(s) 'e_commerce_dw_etl' retrieved from /opt/airflow/dags/e_commerce_dw_dag.py
[2024-12-30T15:08:36.638+0000] {logging_mixin.py:188} INFO - [2024-12-30T15:08:36.638+0000] {dag.py:3096} INFO - Sync 1 DAGs
[2024-12-30T15:08:36.664+0000] {logging_mixin.py:188} INFO - [2024-12-30T15:08:36.664+0000] {dag.py:3954} INFO - Setting next_dagrun for e_commerce_dw_etl to 2024-12-30 00:00:00+00:00, run_after=2024-12-31 00:00:00+00:00
[2024-12-30T15:08:36.695+0000] {processor.py:183} INFO - Processing /opt/airflow/dags/e_commerce_dw_dag.py took 0.172 seconds
[2024-12-30T15:09:06.933+0000] {processor.py:161} INFO - Started process (PID=360) to work on /opt/airflow/dags/e_commerce_dw_dag.py
[2024-12-30T15:09:06.934+0000] {processor.py:830} INFO - Processing file /opt/airflow/dags/e_commerce_dw_dag.py for tasks to queue
[2024-12-30T15:09:06.936+0000] {logging_mixin.py:188} INFO - [2024-12-30T15:09:06.936+0000] {dagbag.py:545} INFO - Filling up the DagBag from /opt/airflow/dags/e_commerce_dw_dag.py
[2024-12-30T15:09:06.985+0000] {processor.py:840} INFO - DAG(s) 'e_commerce_dw_etl' retrieved from /opt/airflow/dags/e_commerce_dw_dag.py
[2024-12-30T15:09:07.012+0000] {logging_mixin.py:188} INFO - [2024-12-30T15:09:07.012+0000] {dag.py:3096} INFO - Sync 1 DAGs
[2024-12-30T15:09:07.032+0000] {logging_mixin.py:188} INFO - [2024-12-30T15:09:07.032+0000] {dag.py:3954} INFO - Setting next_dagrun for e_commerce_dw_etl to 2024-12-30 00:00:00+00:00, run_after=2024-12-31 00:00:00+00:00
[2024-12-30T15:09:07.057+0000] {processor.py:183} INFO - Processing /opt/airflow/dags/e_commerce_dw_dag.py took 0.131 seconds
[2024-12-30T15:09:37.407+0000] {processor.py:161} INFO - Started process (PID=376) to work on /opt/airflow/dags/e_commerce_dw_dag.py
[2024-12-30T15:09:37.409+0000] {processor.py:830} INFO - Processing file /opt/airflow/dags/e_commerce_dw_dag.py for tasks to queue
[2024-12-30T15:09:37.411+0000] {logging_mixin.py:188} INFO - [2024-12-30T15:09:37.411+0000] {dagbag.py:545} INFO - Filling up the DagBag from /opt/airflow/dags/e_commerce_dw_dag.py
[2024-12-30T15:09:37.481+0000] {processor.py:840} INFO - DAG(s) 'e_commerce_dw_etl' retrieved from /opt/airflow/dags/e_commerce_dw_dag.py
[2024-12-30T15:09:37.519+0000] {logging_mixin.py:188} INFO - [2024-12-30T15:09:37.518+0000] {dag.py:3096} INFO - Sync 1 DAGs
[2024-12-30T15:09:37.546+0000] {logging_mixin.py:188} INFO - [2024-12-30T15:09:37.545+0000] {dag.py:3954} INFO - Setting next_dagrun for e_commerce_dw_etl to 2024-12-30 00:00:00+00:00, run_after=2024-12-31 00:00:00+00:00
[2024-12-30T15:09:37.575+0000] {processor.py:183} INFO - Processing /opt/airflow/dags/e_commerce_dw_dag.py took 0.174 seconds
[2024-12-30T15:10:07.746+0000] {processor.py:161} INFO - Started process (PID=392) to work on /opt/airflow/dags/e_commerce_dw_dag.py
[2024-12-30T15:10:07.748+0000] {processor.py:830} INFO - Processing file /opt/airflow/dags/e_commerce_dw_dag.py for tasks to queue
[2024-12-30T15:10:07.751+0000] {logging_mixin.py:188} INFO - [2024-12-30T15:10:07.751+0000] {dagbag.py:545} INFO - Filling up the DagBag from /opt/airflow/dags/e_commerce_dw_dag.py
[2024-12-30T15:10:07.804+0000] {processor.py:840} INFO - DAG(s) 'e_commerce_dw_etl' retrieved from /opt/airflow/dags/e_commerce_dw_dag.py
[2024-12-30T15:10:07.835+0000] {logging_mixin.py:188} INFO - [2024-12-30T15:10:07.835+0000] {dag.py:3096} INFO - Sync 1 DAGs
[2024-12-30T15:10:07.856+0000] {logging_mixin.py:188} INFO - [2024-12-30T15:10:07.856+0000] {dag.py:3954} INFO - Setting next_dagrun for e_commerce_dw_etl to 2024-12-30 00:00:00+00:00, run_after=2024-12-31 00:00:00+00:00
[2024-12-30T15:10:07.886+0000] {processor.py:183} INFO - Processing /opt/airflow/dags/e_commerce_dw_dag.py took 0.147 seconds
[2024-12-30T15:10:38.143+0000] {processor.py:161} INFO - Started process (PID=408) to work on /opt/airflow/dags/e_commerce_dw_dag.py
[2024-12-30T15:10:38.144+0000] {processor.py:830} INFO - Processing file /opt/airflow/dags/e_commerce_dw_dag.py for tasks to queue
[2024-12-30T15:10:38.146+0000] {logging_mixin.py:188} INFO - [2024-12-30T15:10:38.145+0000] {dagbag.py:545} INFO - Filling up the DagBag from /opt/airflow/dags/e_commerce_dw_dag.py
[2024-12-30T15:10:38.193+0000] {processor.py:840} INFO - DAG(s) 'e_commerce_dw_etl' retrieved from /opt/airflow/dags/e_commerce_dw_dag.py
[2024-12-30T15:10:38.221+0000] {logging_mixin.py:188} INFO - [2024-12-30T15:10:38.221+0000] {dag.py:3096} INFO - Sync 1 DAGs
[2024-12-30T15:10:38.241+0000] {logging_mixin.py:188} INFO - [2024-12-30T15:10:38.240+0000] {dag.py:3954} INFO - Setting next_dagrun for e_commerce_dw_etl to 2024-12-30 00:00:00+00:00, run_after=2024-12-31 00:00:00+00:00
[2024-12-30T15:10:38.265+0000] {processor.py:183} INFO - Processing /opt/airflow/dags/e_commerce_dw_dag.py took 0.128 seconds
[2024-12-30T15:11:08.565+0000] {processor.py:161} INFO - Started process (PID=424) to work on /opt/airflow/dags/e_commerce_dw_dag.py
[2024-12-30T15:11:08.566+0000] {processor.py:830} INFO - Processing file /opt/airflow/dags/e_commerce_dw_dag.py for tasks to queue
[2024-12-30T15:11:08.568+0000] {logging_mixin.py:188} INFO - [2024-12-30T15:11:08.568+0000] {dagbag.py:545} INFO - Filling up the DagBag from /opt/airflow/dags/e_commerce_dw_dag.py
[2024-12-30T15:11:08.624+0000] {processor.py:840} INFO - DAG(s) 'e_commerce_dw_etl' retrieved from /opt/airflow/dags/e_commerce_dw_dag.py
[2024-12-30T15:11:08.660+0000] {logging_mixin.py:188} INFO - [2024-12-30T15:11:08.659+0000] {dag.py:3096} INFO - Sync 1 DAGs
[2024-12-30T15:11:08.702+0000] {logging_mixin.py:188} INFO - [2024-12-30T15:11:08.702+0000] {dag.py:3954} INFO - Setting next_dagrun for e_commerce_dw_etl to 2024-12-30 00:00:00+00:00, run_after=2024-12-31 00:00:00+00:00
[2024-12-30T15:11:08.734+0000] {processor.py:183} INFO - Processing /opt/airflow/dags/e_commerce_dw_dag.py took 0.176 seconds
[2024-12-30T15:11:38.908+0000] {processor.py:161} INFO - Started process (PID=440) to work on /opt/airflow/dags/e_commerce_dw_dag.py
[2024-12-30T15:11:38.909+0000] {processor.py:830} INFO - Processing file /opt/airflow/dags/e_commerce_dw_dag.py for tasks to queue
[2024-12-30T15:11:38.911+0000] {logging_mixin.py:188} INFO - [2024-12-30T15:11:38.911+0000] {dagbag.py:545} INFO - Filling up the DagBag from /opt/airflow/dags/e_commerce_dw_dag.py
[2024-12-30T15:11:38.962+0000] {processor.py:840} INFO - DAG(s) 'e_commerce_dw_etl' retrieved from /opt/airflow/dags/e_commerce_dw_dag.py
[2024-12-30T15:11:38.990+0000] {logging_mixin.py:188} INFO - [2024-12-30T15:11:38.990+0000] {dag.py:3096} INFO - Sync 1 DAGs
[2024-12-30T15:11:39.011+0000] {logging_mixin.py:188} INFO - [2024-12-30T15:11:39.011+0000] {dag.py:3954} INFO - Setting next_dagrun for e_commerce_dw_etl to 2024-12-30 00:00:00+00:00, run_after=2024-12-31 00:00:00+00:00
[2024-12-30T15:11:39.040+0000] {processor.py:183} INFO - Processing /opt/airflow/dags/e_commerce_dw_dag.py took 0.138 seconds
[2024-12-30T15:12:09.399+0000] {processor.py:161} INFO - Started process (PID=456) to work on /opt/airflow/dags/e_commerce_dw_dag.py
[2024-12-30T15:12:09.401+0000] {processor.py:830} INFO - Processing file /opt/airflow/dags/e_commerce_dw_dag.py for tasks to queue
[2024-12-30T15:12:09.403+0000] {logging_mixin.py:188} INFO - [2024-12-30T15:12:09.403+0000] {dagbag.py:545} INFO - Filling up the DagBag from /opt/airflow/dags/e_commerce_dw_dag.py
[2024-12-30T15:12:09.484+0000] {processor.py:840} INFO - DAG(s) 'e_commerce_dw_etl' retrieved from /opt/airflow/dags/e_commerce_dw_dag.py
[2024-12-30T15:12:09.520+0000] {logging_mixin.py:188} INFO - [2024-12-30T15:12:09.520+0000] {dag.py:3096} INFO - Sync 1 DAGs
[2024-12-30T15:12:09.552+0000] {logging_mixin.py:188} INFO - [2024-12-30T15:12:09.552+0000] {dag.py:3954} INFO - Setting next_dagrun for e_commerce_dw_etl to 2024-12-30 00:00:00+00:00, run_after=2024-12-31 00:00:00+00:00
[2024-12-30T15:12:09.578+0000] {processor.py:183} INFO - Processing /opt/airflow/dags/e_commerce_dw_dag.py took 0.184 seconds
[2024-12-30T15:12:40.145+0000] {processor.py:161} INFO - Started process (PID=472) to work on /opt/airflow/dags/e_commerce_dw_dag.py
[2024-12-30T15:12:40.148+0000] {processor.py:830} INFO - Processing file /opt/airflow/dags/e_commerce_dw_dag.py for tasks to queue
[2024-12-30T15:12:40.154+0000] {logging_mixin.py:188} INFO - [2024-12-30T15:12:40.153+0000] {dagbag.py:545} INFO - Filling up the DagBag from /opt/airflow/dags/e_commerce_dw_dag.py
[2024-12-30T15:12:40.234+0000] {processor.py:840} INFO - DAG(s) 'e_commerce_dw_etl' retrieved from /opt/airflow/dags/e_commerce_dw_dag.py
[2024-12-30T15:12:40.285+0000] {logging_mixin.py:188} INFO - [2024-12-30T15:12:40.285+0000] {dag.py:3096} INFO - Sync 1 DAGs
[2024-12-30T15:12:40.311+0000] {logging_mixin.py:188} INFO - [2024-12-30T15:12:40.310+0000] {dag.py:3954} INFO - Setting next_dagrun for e_commerce_dw_etl to 2024-12-30 00:00:00+00:00, run_after=2024-12-31 00:00:00+00:00
[2024-12-30T15:12:40.337+0000] {processor.py:183} INFO - Processing /opt/airflow/dags/e_commerce_dw_dag.py took 0.204 seconds
[2024-12-30T15:13:10.479+0000] {processor.py:161} INFO - Started process (PID=488) to work on /opt/airflow/dags/e_commerce_dw_dag.py
[2024-12-30T15:13:10.480+0000] {processor.py:830} INFO - Processing file /opt/airflow/dags/e_commerce_dw_dag.py for tasks to queue
[2024-12-30T15:13:10.483+0000] {logging_mixin.py:188} INFO - [2024-12-30T15:13:10.482+0000] {dagbag.py:545} INFO - Filling up the DagBag from /opt/airflow/dags/e_commerce_dw_dag.py
[2024-12-30T15:13:10.556+0000] {processor.py:840} INFO - DAG(s) 'e_commerce_dw_etl' retrieved from /opt/airflow/dags/e_commerce_dw_dag.py
[2024-12-30T15:13:10.586+0000] {logging_mixin.py:188} INFO - [2024-12-30T15:13:10.585+0000] {dag.py:3096} INFO - Sync 1 DAGs
[2024-12-30T15:13:10.621+0000] {logging_mixin.py:188} INFO - [2024-12-30T15:13:10.621+0000] {dag.py:3954} INFO - Setting next_dagrun for e_commerce_dw_etl to 2024-12-30 00:00:00+00:00, run_after=2024-12-31 00:00:00+00:00
[2024-12-30T15:13:10.652+0000] {processor.py:183} INFO - Processing /opt/airflow/dags/e_commerce_dw_dag.py took 0.179 seconds
[2024-12-30T15:13:40.888+0000] {processor.py:161} INFO - Started process (PID=504) to work on /opt/airflow/dags/e_commerce_dw_dag.py
[2024-12-30T15:13:40.889+0000] {processor.py:830} INFO - Processing file /opt/airflow/dags/e_commerce_dw_dag.py for tasks to queue
[2024-12-30T15:13:40.891+0000] {logging_mixin.py:188} INFO - [2024-12-30T15:13:40.891+0000] {dagbag.py:545} INFO - Filling up the DagBag from /opt/airflow/dags/e_commerce_dw_dag.py
[2024-12-30T15:13:40.944+0000] {processor.py:840} INFO - DAG(s) 'e_commerce_dw_etl' retrieved from /opt/airflow/dags/e_commerce_dw_dag.py
[2024-12-30T15:13:40.977+0000] {logging_mixin.py:188} INFO - [2024-12-30T15:13:40.977+0000] {dag.py:3096} INFO - Sync 1 DAGs
[2024-12-30T15:13:40.998+0000] {logging_mixin.py:188} INFO - [2024-12-30T15:13:40.998+0000] {dag.py:3954} INFO - Setting next_dagrun for e_commerce_dw_etl to 2024-12-30 00:00:00+00:00, run_after=2024-12-31 00:00:00+00:00
[2024-12-30T15:13:41.033+0000] {processor.py:183} INFO - Processing /opt/airflow/dags/e_commerce_dw_dag.py took 0.151 seconds
[2024-12-30T15:14:11.425+0000] {processor.py:161} INFO - Started process (PID=520) to work on /opt/airflow/dags/e_commerce_dw_dag.py
[2024-12-30T15:14:11.427+0000] {processor.py:830} INFO - Processing file /opt/airflow/dags/e_commerce_dw_dag.py for tasks to queue
[2024-12-30T15:14:11.431+0000] {logging_mixin.py:188} INFO - [2024-12-30T15:14:11.430+0000] {dagbag.py:545} INFO - Filling up the DagBag from /opt/airflow/dags/e_commerce_dw_dag.py
[2024-12-30T15:14:11.520+0000] {processor.py:840} INFO - DAG(s) 'e_commerce_dw_etl' retrieved from /opt/airflow/dags/e_commerce_dw_dag.py
[2024-12-30T15:14:11.555+0000] {logging_mixin.py:188} INFO - [2024-12-30T15:14:11.554+0000] {dag.py:3096} INFO - Sync 1 DAGs
[2024-12-30T15:14:11.585+0000] {logging_mixin.py:188} INFO - [2024-12-30T15:14:11.585+0000] {dag.py:3954} INFO - Setting next_dagrun for e_commerce_dw_etl to 2024-12-30 00:00:00+00:00, run_after=2024-12-31 00:00:00+00:00
[2024-12-30T15:14:11.614+0000] {processor.py:183} INFO - Processing /opt/airflow/dags/e_commerce_dw_dag.py took 0.195 seconds
[2024-12-30T15:14:41.792+0000] {processor.py:161} INFO - Started process (PID=536) to work on /opt/airflow/dags/e_commerce_dw_dag.py
[2024-12-30T15:14:41.794+0000] {processor.py:830} INFO - Processing file /opt/airflow/dags/e_commerce_dw_dag.py for tasks to queue
[2024-12-30T15:14:41.799+0000] {logging_mixin.py:188} INFO - [2024-12-30T15:14:41.798+0000] {dagbag.py:545} INFO - Filling up the DagBag from /opt/airflow/dags/e_commerce_dw_dag.py
[2024-12-30T15:14:41.883+0000] {processor.py:840} INFO - DAG(s) 'e_commerce_dw_etl' retrieved from /opt/airflow/dags/e_commerce_dw_dag.py
[2024-12-30T15:14:41.930+0000] {logging_mixin.py:188} INFO - [2024-12-30T15:14:41.929+0000] {dag.py:3096} INFO - Sync 1 DAGs
[2024-12-30T15:14:41.977+0000] {logging_mixin.py:188} INFO - [2024-12-30T15:14:41.976+0000] {dag.py:3954} INFO - Setting next_dagrun for e_commerce_dw_etl to 2024-12-30 00:00:00+00:00, run_after=2024-12-31 00:00:00+00:00
[2024-12-30T15:14:42.006+0000] {processor.py:183} INFO - Processing /opt/airflow/dags/e_commerce_dw_dag.py took 0.222 seconds
[2024-12-30T15:15:12.210+0000] {processor.py:161} INFO - Started process (PID=552) to work on /opt/airflow/dags/e_commerce_dw_dag.py
[2024-12-30T15:15:12.211+0000] {processor.py:830} INFO - Processing file /opt/airflow/dags/e_commerce_dw_dag.py for tasks to queue
[2024-12-30T15:15:12.214+0000] {logging_mixin.py:188} INFO - [2024-12-30T15:15:12.213+0000] {dagbag.py:545} INFO - Filling up the DagBag from /opt/airflow/dags/e_commerce_dw_dag.py
[2024-12-30T15:15:12.277+0000] {processor.py:840} INFO - DAG(s) 'e_commerce_dw_etl' retrieved from /opt/airflow/dags/e_commerce_dw_dag.py
[2024-12-30T15:15:12.304+0000] {logging_mixin.py:188} INFO - [2024-12-30T15:15:12.304+0000] {dag.py:3096} INFO - Sync 1 DAGs
[2024-12-30T15:15:12.325+0000] {logging_mixin.py:188} INFO - [2024-12-30T15:15:12.325+0000] {dag.py:3954} INFO - Setting next_dagrun for e_commerce_dw_etl to 2024-12-30 00:00:00+00:00, run_after=2024-12-31 00:00:00+00:00
[2024-12-30T15:15:12.359+0000] {processor.py:183} INFO - Processing /opt/airflow/dags/e_commerce_dw_dag.py took 0.155 seconds
[2024-12-30T15:15:42.613+0000] {processor.py:161} INFO - Started process (PID=568) to work on /opt/airflow/dags/e_commerce_dw_dag.py
[2024-12-30T15:15:42.614+0000] {processor.py:830} INFO - Processing file /opt/airflow/dags/e_commerce_dw_dag.py for tasks to queue
[2024-12-30T15:15:42.616+0000] {logging_mixin.py:188} INFO - [2024-12-30T15:15:42.616+0000] {dagbag.py:545} INFO - Filling up the DagBag from /opt/airflow/dags/e_commerce_dw_dag.py
[2024-12-30T15:15:42.677+0000] {processor.py:840} INFO - DAG(s) 'e_commerce_dw_etl' retrieved from /opt/airflow/dags/e_commerce_dw_dag.py
[2024-12-30T15:15:42.724+0000] {logging_mixin.py:188} INFO - [2024-12-30T15:15:42.723+0000] {dag.py:3096} INFO - Sync 1 DAGs
[2024-12-30T15:15:42.753+0000] {logging_mixin.py:188} INFO - [2024-12-30T15:15:42.753+0000] {dag.py:3954} INFO - Setting next_dagrun for e_commerce_dw_etl to 2024-12-30 00:00:00+00:00, run_after=2024-12-31 00:00:00+00:00
[2024-12-30T15:15:42.786+0000] {processor.py:183} INFO - Processing /opt/airflow/dags/e_commerce_dw_dag.py took 0.179 seconds
[2024-12-30T15:16:13.037+0000] {processor.py:161} INFO - Started process (PID=584) to work on /opt/airflow/dags/e_commerce_dw_dag.py
[2024-12-30T15:16:13.039+0000] {processor.py:830} INFO - Processing file /opt/airflow/dags/e_commerce_dw_dag.py for tasks to queue
[2024-12-30T15:16:13.041+0000] {logging_mixin.py:188} INFO - [2024-12-30T15:16:13.041+0000] {dagbag.py:545} INFO - Filling up the DagBag from /opt/airflow/dags/e_commerce_dw_dag.py
[2024-12-30T15:16:13.156+0000] {processor.py:840} INFO - DAG(s) 'e_commerce_dw_etl' retrieved from /opt/airflow/dags/e_commerce_dw_dag.py
[2024-12-30T15:16:13.191+0000] {logging_mixin.py:188} INFO - [2024-12-30T15:16:13.191+0000] {dag.py:3096} INFO - Sync 1 DAGs
[2024-12-30T15:16:13.218+0000] {logging_mixin.py:188} INFO - [2024-12-30T15:16:13.218+0000] {dag.py:3954} INFO - Setting next_dagrun for e_commerce_dw_etl to 2024-12-30 00:00:00+00:00, run_after=2024-12-31 00:00:00+00:00
[2024-12-30T15:16:13.250+0000] {processor.py:183} INFO - Processing /opt/airflow/dags/e_commerce_dw_dag.py took 0.219 seconds
[2024-12-30T15:16:43.445+0000] {processor.py:161} INFO - Started process (PID=600) to work on /opt/airflow/dags/e_commerce_dw_dag.py
[2024-12-30T15:16:43.446+0000] {processor.py:830} INFO - Processing file /opt/airflow/dags/e_commerce_dw_dag.py for tasks to queue
[2024-12-30T15:16:43.448+0000] {logging_mixin.py:188} INFO - [2024-12-30T15:16:43.448+0000] {dagbag.py:545} INFO - Filling up the DagBag from /opt/airflow/dags/e_commerce_dw_dag.py
[2024-12-30T15:16:43.524+0000] {processor.py:840} INFO - DAG(s) 'e_commerce_dw_etl' retrieved from /opt/airflow/dags/e_commerce_dw_dag.py
[2024-12-30T15:16:43.552+0000] {logging_mixin.py:188} INFO - [2024-12-30T15:16:43.551+0000] {dag.py:3096} INFO - Sync 1 DAGs
[2024-12-30T15:16:43.577+0000] {logging_mixin.py:188} INFO - [2024-12-30T15:16:43.577+0000] {dag.py:3954} INFO - Setting next_dagrun for e_commerce_dw_etl to 2024-12-30 00:00:00+00:00, run_after=2024-12-31 00:00:00+00:00
[2024-12-30T15:16:43.611+0000] {processor.py:183} INFO - Processing /opt/airflow/dags/e_commerce_dw_dag.py took 0.172 seconds
[2024-12-30T15:17:13.879+0000] {processor.py:161} INFO - Started process (PID=616) to work on /opt/airflow/dags/e_commerce_dw_dag.py
[2024-12-30T15:17:13.880+0000] {processor.py:830} INFO - Processing file /opt/airflow/dags/e_commerce_dw_dag.py for tasks to queue
[2024-12-30T15:17:13.882+0000] {logging_mixin.py:188} INFO - [2024-12-30T15:17:13.882+0000] {dagbag.py:545} INFO - Filling up the DagBag from /opt/airflow/dags/e_commerce_dw_dag.py
[2024-12-30T15:17:13.936+0000] {processor.py:840} INFO - DAG(s) 'e_commerce_dw_etl' retrieved from /opt/airflow/dags/e_commerce_dw_dag.py
[2024-12-30T15:17:13.976+0000] {logging_mixin.py:188} INFO - [2024-12-30T15:17:13.976+0000] {dag.py:3096} INFO - Sync 1 DAGs
[2024-12-30T15:17:13.998+0000] {logging_mixin.py:188} INFO - [2024-12-30T15:17:13.998+0000] {dag.py:3954} INFO - Setting next_dagrun for e_commerce_dw_etl to 2024-12-30 00:00:00+00:00, run_after=2024-12-31 00:00:00+00:00
[2024-12-30T15:17:14.029+0000] {processor.py:183} INFO - Processing /opt/airflow/dags/e_commerce_dw_dag.py took 0.156 seconds
[2024-12-30T15:17:44.279+0000] {processor.py:161} INFO - Started process (PID=632) to work on /opt/airflow/dags/e_commerce_dw_dag.py
[2024-12-30T15:17:44.280+0000] {processor.py:830} INFO - Processing file /opt/airflow/dags/e_commerce_dw_dag.py for tasks to queue
[2024-12-30T15:17:44.283+0000] {logging_mixin.py:188} INFO - [2024-12-30T15:17:44.283+0000] {dagbag.py:545} INFO - Filling up the DagBag from /opt/airflow/dags/e_commerce_dw_dag.py
[2024-12-30T15:17:44.368+0000] {processor.py:840} INFO - DAG(s) 'e_commerce_dw_etl' retrieved from /opt/airflow/dags/e_commerce_dw_dag.py
[2024-12-30T15:17:44.430+0000] {logging_mixin.py:188} INFO - [2024-12-30T15:17:44.429+0000] {dag.py:3096} INFO - Sync 1 DAGs
[2024-12-30T15:17:44.472+0000] {logging_mixin.py:188} INFO - [2024-12-30T15:17:44.471+0000] {dag.py:3954} INFO - Setting next_dagrun for e_commerce_dw_etl to 2024-12-30 00:00:00+00:00, run_after=2024-12-31 00:00:00+00:00
[2024-12-30T15:17:44.509+0000] {processor.py:183} INFO - Processing /opt/airflow/dags/e_commerce_dw_dag.py took 0.237 seconds
[2024-12-30T15:18:14.659+0000] {processor.py:161} INFO - Started process (PID=648) to work on /opt/airflow/dags/e_commerce_dw_dag.py
[2024-12-30T15:18:14.660+0000] {processor.py:830} INFO - Processing file /opt/airflow/dags/e_commerce_dw_dag.py for tasks to queue
[2024-12-30T15:18:14.663+0000] {logging_mixin.py:188} INFO - [2024-12-30T15:18:14.662+0000] {dagbag.py:545} INFO - Filling up the DagBag from /opt/airflow/dags/e_commerce_dw_dag.py
[2024-12-30T15:18:14.771+0000] {processor.py:840} INFO - DAG(s) 'e_commerce_dw_etl' retrieved from /opt/airflow/dags/e_commerce_dw_dag.py
[2024-12-30T15:18:14.817+0000] {logging_mixin.py:188} INFO - [2024-12-30T15:18:14.817+0000] {dag.py:3096} INFO - Sync 1 DAGs
[2024-12-30T15:18:14.863+0000] {logging_mixin.py:188} INFO - [2024-12-30T15:18:14.863+0000] {dag.py:3954} INFO - Setting next_dagrun for e_commerce_dw_etl to 2024-12-30 00:00:00+00:00, run_after=2024-12-31 00:00:00+00:00
[2024-12-30T15:18:14.906+0000] {processor.py:183} INFO - Processing /opt/airflow/dags/e_commerce_dw_dag.py took 0.254 seconds
[2024-12-30T15:18:45.027+0000] {processor.py:161} INFO - Started process (PID=664) to work on /opt/airflow/dags/e_commerce_dw_dag.py
[2024-12-30T15:18:45.028+0000] {processor.py:830} INFO - Processing file /opt/airflow/dags/e_commerce_dw_dag.py for tasks to queue
[2024-12-30T15:18:45.031+0000] {logging_mixin.py:188} INFO - [2024-12-30T15:18:45.030+0000] {dagbag.py:545} INFO - Filling up the DagBag from /opt/airflow/dags/e_commerce_dw_dag.py
[2024-12-30T15:18:45.088+0000] {processor.py:840} INFO - DAG(s) 'e_commerce_dw_etl' retrieved from /opt/airflow/dags/e_commerce_dw_dag.py
[2024-12-30T15:18:45.118+0000] {logging_mixin.py:188} INFO - [2024-12-30T15:18:45.118+0000] {dag.py:3096} INFO - Sync 1 DAGs
[2024-12-30T15:18:45.139+0000] {logging_mixin.py:188} INFO - [2024-12-30T15:18:45.139+0000] {dag.py:3954} INFO - Setting next_dagrun for e_commerce_dw_etl to 2024-12-30 00:00:00+00:00, run_after=2024-12-31 00:00:00+00:00
[2024-12-30T15:18:45.165+0000] {processor.py:183} INFO - Processing /opt/airflow/dags/e_commerce_dw_dag.py took 0.145 seconds
[2024-12-30T15:19:15.560+0000] {processor.py:161} INFO - Started process (PID=680) to work on /opt/airflow/dags/e_commerce_dw_dag.py
[2024-12-30T15:19:15.561+0000] {processor.py:830} INFO - Processing file /opt/airflow/dags/e_commerce_dw_dag.py for tasks to queue
[2024-12-30T15:19:15.563+0000] {logging_mixin.py:188} INFO - [2024-12-30T15:19:15.562+0000] {dagbag.py:545} INFO - Filling up the DagBag from /opt/airflow/dags/e_commerce_dw_dag.py
[2024-12-30T15:19:15.634+0000] {processor.py:840} INFO - DAG(s) 'e_commerce_dw_etl' retrieved from /opt/airflow/dags/e_commerce_dw_dag.py
[2024-12-30T15:19:15.682+0000] {logging_mixin.py:188} INFO - [2024-12-30T15:19:15.681+0000] {dag.py:3096} INFO - Sync 1 DAGs
[2024-12-30T15:19:15.715+0000] {logging_mixin.py:188} INFO - [2024-12-30T15:19:15.714+0000] {dag.py:3954} INFO - Setting next_dagrun for e_commerce_dw_etl to 2024-12-30 00:00:00+00:00, run_after=2024-12-31 00:00:00+00:00
[2024-12-30T15:19:15.750+0000] {processor.py:183} INFO - Processing /opt/airflow/dags/e_commerce_dw_dag.py took 0.197 seconds
[2024-12-30T15:19:45.966+0000] {processor.py:161} INFO - Started process (PID=696) to work on /opt/airflow/dags/e_commerce_dw_dag.py
[2024-12-30T15:19:45.969+0000] {processor.py:830} INFO - Processing file /opt/airflow/dags/e_commerce_dw_dag.py for tasks to queue
[2024-12-30T15:19:45.972+0000] {logging_mixin.py:188} INFO - [2024-12-30T15:19:45.971+0000] {dagbag.py:545} INFO - Filling up the DagBag from /opt/airflow/dags/e_commerce_dw_dag.py
[2024-12-30T15:19:46.064+0000] {processor.py:840} INFO - DAG(s) 'e_commerce_dw_etl' retrieved from /opt/airflow/dags/e_commerce_dw_dag.py
[2024-12-30T15:19:46.094+0000] {logging_mixin.py:188} INFO - [2024-12-30T15:19:46.094+0000] {dag.py:3096} INFO - Sync 1 DAGs
[2024-12-30T15:19:46.127+0000] {logging_mixin.py:188} INFO - [2024-12-30T15:19:46.126+0000] {dag.py:3954} INFO - Setting next_dagrun for e_commerce_dw_etl to 2024-12-30 00:00:00+00:00, run_after=2024-12-31 00:00:00+00:00
[2024-12-30T15:19:46.162+0000] {processor.py:183} INFO - Processing /opt/airflow/dags/e_commerce_dw_dag.py took 0.204 seconds
[2024-12-30T15:20:16.387+0000] {processor.py:161} INFO - Started process (PID=712) to work on /opt/airflow/dags/e_commerce_dw_dag.py
[2024-12-30T15:20:16.389+0000] {processor.py:830} INFO - Processing file /opt/airflow/dags/e_commerce_dw_dag.py for tasks to queue
[2024-12-30T15:20:16.391+0000] {logging_mixin.py:188} INFO - [2024-12-30T15:20:16.391+0000] {dagbag.py:545} INFO - Filling up the DagBag from /opt/airflow/dags/e_commerce_dw_dag.py
[2024-12-30T15:20:16.449+0000] {processor.py:840} INFO - DAG(s) 'e_commerce_dw_etl' retrieved from /opt/airflow/dags/e_commerce_dw_dag.py
[2024-12-30T15:20:16.480+0000] {logging_mixin.py:188} INFO - [2024-12-30T15:20:16.479+0000] {dag.py:3096} INFO - Sync 1 DAGs
[2024-12-30T15:20:16.504+0000] {logging_mixin.py:188} INFO - [2024-12-30T15:20:16.504+0000] {dag.py:3954} INFO - Setting next_dagrun for e_commerce_dw_etl to 2024-12-30 00:00:00+00:00, run_after=2024-12-31 00:00:00+00:00
[2024-12-30T15:20:16.535+0000] {processor.py:183} INFO - Processing /opt/airflow/dags/e_commerce_dw_dag.py took 0.153 seconds
[2024-12-30T15:20:46.854+0000] {processor.py:161} INFO - Started process (PID=728) to work on /opt/airflow/dags/e_commerce_dw_dag.py
[2024-12-30T15:20:46.854+0000] {processor.py:830} INFO - Processing file /opt/airflow/dags/e_commerce_dw_dag.py for tasks to queue
[2024-12-30T15:20:46.856+0000] {logging_mixin.py:188} INFO - [2024-12-30T15:20:46.856+0000] {dagbag.py:545} INFO - Filling up the DagBag from /opt/airflow/dags/e_commerce_dw_dag.py
[2024-12-30T15:20:46.904+0000] {processor.py:840} INFO - DAG(s) 'e_commerce_dw_etl' retrieved from /opt/airflow/dags/e_commerce_dw_dag.py
[2024-12-30T15:20:46.947+0000] {logging_mixin.py:188} INFO - [2024-12-30T15:20:46.947+0000] {dag.py:3096} INFO - Sync 1 DAGs
[2024-12-30T15:20:46.972+0000] {logging_mixin.py:188} INFO - [2024-12-30T15:20:46.972+0000] {dag.py:3954} INFO - Setting next_dagrun for e_commerce_dw_etl to 2024-12-30 00:00:00+00:00, run_after=2024-12-31 00:00:00+00:00
[2024-12-30T15:20:47.004+0000] {processor.py:183} INFO - Processing /opt/airflow/dags/e_commerce_dw_dag.py took 0.156 seconds
[2024-12-30T15:21:17.213+0000] {processor.py:161} INFO - Started process (PID=744) to work on /opt/airflow/dags/e_commerce_dw_dag.py
[2024-12-30T15:21:17.214+0000] {processor.py:830} INFO - Processing file /opt/airflow/dags/e_commerce_dw_dag.py for tasks to queue
[2024-12-30T15:21:17.215+0000] {logging_mixin.py:188} INFO - [2024-12-30T15:21:17.215+0000] {dagbag.py:545} INFO - Filling up the DagBag from /opt/airflow/dags/e_commerce_dw_dag.py
[2024-12-30T15:21:17.269+0000] {processor.py:840} INFO - DAG(s) 'e_commerce_dw_etl' retrieved from /opt/airflow/dags/e_commerce_dw_dag.py
[2024-12-30T15:21:17.300+0000] {logging_mixin.py:188} INFO - [2024-12-30T15:21:17.300+0000] {dag.py:3096} INFO - Sync 1 DAGs
[2024-12-30T15:21:17.345+0000] {logging_mixin.py:188} INFO - [2024-12-30T15:21:17.345+0000] {dag.py:3954} INFO - Setting next_dagrun for e_commerce_dw_etl to 2024-12-30 00:00:00+00:00, run_after=2024-12-31 00:00:00+00:00
[2024-12-30T15:21:17.373+0000] {processor.py:183} INFO - Processing /opt/airflow/dags/e_commerce_dw_dag.py took 0.167 seconds
[2024-12-30T15:21:47.579+0000] {processor.py:161} INFO - Started process (PID=760) to work on /opt/airflow/dags/e_commerce_dw_dag.py
[2024-12-30T15:21:47.580+0000] {processor.py:830} INFO - Processing file /opt/airflow/dags/e_commerce_dw_dag.py for tasks to queue
[2024-12-30T15:21:47.582+0000] {logging_mixin.py:188} INFO - [2024-12-30T15:21:47.582+0000] {dagbag.py:545} INFO - Filling up the DagBag from /opt/airflow/dags/e_commerce_dw_dag.py
[2024-12-30T15:21:47.653+0000] {processor.py:840} INFO - DAG(s) 'e_commerce_dw_etl' retrieved from /opt/airflow/dags/e_commerce_dw_dag.py
[2024-12-30T15:21:47.690+0000] {logging_mixin.py:188} INFO - [2024-12-30T15:21:47.689+0000] {dag.py:3096} INFO - Sync 1 DAGs
[2024-12-30T15:21:47.718+0000] {logging_mixin.py:188} INFO - [2024-12-30T15:21:47.718+0000] {dag.py:3954} INFO - Setting next_dagrun for e_commerce_dw_etl to 2024-12-30 00:00:00+00:00, run_after=2024-12-31 00:00:00+00:00
[2024-12-30T15:21:47.760+0000] {processor.py:183} INFO - Processing /opt/airflow/dags/e_commerce_dw_dag.py took 0.187 seconds
[2024-12-30T15:22:18.001+0000] {processor.py:161} INFO - Started process (PID=776) to work on /opt/airflow/dags/e_commerce_dw_dag.py
[2024-12-30T15:22:18.002+0000] {processor.py:830} INFO - Processing file /opt/airflow/dags/e_commerce_dw_dag.py for tasks to queue
[2024-12-30T15:22:18.004+0000] {logging_mixin.py:188} INFO - [2024-12-30T15:22:18.003+0000] {dagbag.py:545} INFO - Filling up the DagBag from /opt/airflow/dags/e_commerce_dw_dag.py
[2024-12-30T15:22:18.052+0000] {processor.py:840} INFO - DAG(s) 'e_commerce_dw_etl' retrieved from /opt/airflow/dags/e_commerce_dw_dag.py
[2024-12-30T15:22:18.080+0000] {logging_mixin.py:188} INFO - [2024-12-30T15:22:18.079+0000] {dag.py:3096} INFO - Sync 1 DAGs
[2024-12-30T15:22:18.101+0000] {logging_mixin.py:188} INFO - [2024-12-30T15:22:18.101+0000] {dag.py:3954} INFO - Setting next_dagrun for e_commerce_dw_etl to 2024-12-30 00:00:00+00:00, run_after=2024-12-31 00:00:00+00:00
[2024-12-30T15:22:18.129+0000] {processor.py:183} INFO - Processing /opt/airflow/dags/e_commerce_dw_dag.py took 0.135 seconds
[2024-12-30T15:22:48.390+0000] {processor.py:161} INFO - Started process (PID=792) to work on /opt/airflow/dags/e_commerce_dw_dag.py
[2024-12-30T15:22:48.391+0000] {processor.py:830} INFO - Processing file /opt/airflow/dags/e_commerce_dw_dag.py for tasks to queue
[2024-12-30T15:22:48.392+0000] {logging_mixin.py:188} INFO - [2024-12-30T15:22:48.392+0000] {dagbag.py:545} INFO - Filling up the DagBag from /opt/airflow/dags/e_commerce_dw_dag.py
[2024-12-30T15:22:48.443+0000] {processor.py:840} INFO - DAG(s) 'e_commerce_dw_etl' retrieved from /opt/airflow/dags/e_commerce_dw_dag.py
[2024-12-30T15:22:48.473+0000] {logging_mixin.py:188} INFO - [2024-12-30T15:22:48.473+0000] {dag.py:3096} INFO - Sync 1 DAGs
[2024-12-30T15:22:48.495+0000] {logging_mixin.py:188} INFO - [2024-12-30T15:22:48.495+0000] {dag.py:3954} INFO - Setting next_dagrun for e_commerce_dw_etl to 2024-12-30 00:00:00+00:00, run_after=2024-12-31 00:00:00+00:00
[2024-12-30T15:22:48.527+0000] {processor.py:183} INFO - Processing /opt/airflow/dags/e_commerce_dw_dag.py took 0.144 seconds
[2024-12-30T15:23:18.720+0000] {processor.py:161} INFO - Started process (PID=808) to work on /opt/airflow/dags/e_commerce_dw_dag.py
[2024-12-30T15:23:18.721+0000] {processor.py:830} INFO - Processing file /opt/airflow/dags/e_commerce_dw_dag.py for tasks to queue
[2024-12-30T15:23:18.723+0000] {logging_mixin.py:188} INFO - [2024-12-30T15:23:18.723+0000] {dagbag.py:545} INFO - Filling up the DagBag from /opt/airflow/dags/e_commerce_dw_dag.py
[2024-12-30T15:23:18.778+0000] {processor.py:840} INFO - DAG(s) 'e_commerce_dw_etl' retrieved from /opt/airflow/dags/e_commerce_dw_dag.py
[2024-12-30T15:23:18.807+0000] {logging_mixin.py:188} INFO - [2024-12-30T15:23:18.807+0000] {dag.py:3096} INFO - Sync 1 DAGs
[2024-12-30T15:23:18.832+0000] {logging_mixin.py:188} INFO - [2024-12-30T15:23:18.832+0000] {dag.py:3954} INFO - Setting next_dagrun for e_commerce_dw_etl to 2024-12-30 00:00:00+00:00, run_after=2024-12-31 00:00:00+00:00
[2024-12-30T15:23:18.867+0000] {processor.py:183} INFO - Processing /opt/airflow/dags/e_commerce_dw_dag.py took 0.153 seconds
[2024-12-30T15:23:49.162+0000] {processor.py:161} INFO - Started process (PID=824) to work on /opt/airflow/dags/e_commerce_dw_dag.py
[2024-12-30T15:23:49.163+0000] {processor.py:830} INFO - Processing file /opt/airflow/dags/e_commerce_dw_dag.py for tasks to queue
[2024-12-30T15:23:49.165+0000] {logging_mixin.py:188} INFO - [2024-12-30T15:23:49.165+0000] {dagbag.py:545} INFO - Filling up the DagBag from /opt/airflow/dags/e_commerce_dw_dag.py
[2024-12-30T15:23:49.224+0000] {processor.py:840} INFO - DAG(s) 'e_commerce_dw_etl' retrieved from /opt/airflow/dags/e_commerce_dw_dag.py
[2024-12-30T15:23:49.265+0000] {logging_mixin.py:188} INFO - [2024-12-30T15:23:49.265+0000] {dag.py:3096} INFO - Sync 1 DAGs
[2024-12-30T15:23:49.294+0000] {logging_mixin.py:188} INFO - [2024-12-30T15:23:49.293+0000] {dag.py:3954} INFO - Setting next_dagrun for e_commerce_dw_etl to 2024-12-30 00:00:00+00:00, run_after=2024-12-31 00:00:00+00:00
[2024-12-30T15:23:49.326+0000] {processor.py:183} INFO - Processing /opt/airflow/dags/e_commerce_dw_dag.py took 0.169 seconds
[2024-12-30T15:24:19.654+0000] {processor.py:161} INFO - Started process (PID=840) to work on /opt/airflow/dags/e_commerce_dw_dag.py
[2024-12-30T15:24:19.655+0000] {processor.py:830} INFO - Processing file /opt/airflow/dags/e_commerce_dw_dag.py for tasks to queue
[2024-12-30T15:24:19.657+0000] {logging_mixin.py:188} INFO - [2024-12-30T15:24:19.657+0000] {dagbag.py:545} INFO - Filling up the DagBag from /opt/airflow/dags/e_commerce_dw_dag.py
[2024-12-30T15:24:19.753+0000] {processor.py:840} INFO - DAG(s) 'e_commerce_dw_etl' retrieved from /opt/airflow/dags/e_commerce_dw_dag.py
[2024-12-30T15:24:19.792+0000] {logging_mixin.py:188} INFO - [2024-12-30T15:24:19.791+0000] {dag.py:3096} INFO - Sync 1 DAGs
[2024-12-30T15:24:19.822+0000] {logging_mixin.py:188} INFO - [2024-12-30T15:24:19.822+0000] {dag.py:3954} INFO - Setting next_dagrun for e_commerce_dw_etl to 2024-12-30 00:00:00+00:00, run_after=2024-12-31 00:00:00+00:00
[2024-12-30T15:24:19.849+0000] {processor.py:183} INFO - Processing /opt/airflow/dags/e_commerce_dw_dag.py took 0.201 seconds
[2024-12-30T15:24:50.043+0000] {processor.py:161} INFO - Started process (PID=857) to work on /opt/airflow/dags/e_commerce_dw_dag.py
[2024-12-30T15:24:50.044+0000] {processor.py:830} INFO - Processing file /opt/airflow/dags/e_commerce_dw_dag.py for tasks to queue
[2024-12-30T15:24:50.046+0000] {logging_mixin.py:188} INFO - [2024-12-30T15:24:50.046+0000] {dagbag.py:545} INFO - Filling up the DagBag from /opt/airflow/dags/e_commerce_dw_dag.py
[2024-12-30T15:24:50.112+0000] {processor.py:840} INFO - DAG(s) 'e_commerce_dw_etl' retrieved from /opt/airflow/dags/e_commerce_dw_dag.py
[2024-12-30T15:24:50.148+0000] {logging_mixin.py:188} INFO - [2024-12-30T15:24:50.148+0000] {dag.py:3096} INFO - Sync 1 DAGs
[2024-12-30T15:24:50.172+0000] {logging_mixin.py:188} INFO - [2024-12-30T15:24:50.172+0000] {dag.py:3954} INFO - Setting next_dagrun for e_commerce_dw_etl to 2024-12-30 00:00:00+00:00, run_after=2024-12-31 00:00:00+00:00
[2024-12-30T15:24:50.199+0000] {processor.py:183} INFO - Processing /opt/airflow/dags/e_commerce_dw_dag.py took 0.164 seconds
[2024-12-30T15:25:20.479+0000] {processor.py:161} INFO - Started process (PID=874) to work on /opt/airflow/dags/e_commerce_dw_dag.py
[2024-12-30T15:25:20.480+0000] {processor.py:830} INFO - Processing file /opt/airflow/dags/e_commerce_dw_dag.py for tasks to queue
[2024-12-30T15:25:20.482+0000] {logging_mixin.py:188} INFO - [2024-12-30T15:25:20.482+0000] {dagbag.py:545} INFO - Filling up the DagBag from /opt/airflow/dags/e_commerce_dw_dag.py
[2024-12-30T15:25:20.537+0000] {processor.py:840} INFO - DAG(s) 'e_commerce_dw_etl' retrieved from /opt/airflow/dags/e_commerce_dw_dag.py
[2024-12-30T15:25:20.577+0000] {logging_mixin.py:188} INFO - [2024-12-30T15:25:20.577+0000] {dag.py:3096} INFO - Sync 1 DAGs
[2024-12-30T15:25:20.607+0000] {logging_mixin.py:188} INFO - [2024-12-30T15:25:20.607+0000] {dag.py:3954} INFO - Setting next_dagrun for e_commerce_dw_etl to 2024-12-30 00:00:00+00:00, run_after=2024-12-31 00:00:00+00:00
[2024-12-30T15:25:20.641+0000] {processor.py:183} INFO - Processing /opt/airflow/dags/e_commerce_dw_dag.py took 0.167 seconds
[2024-12-30T15:25:50.817+0000] {processor.py:161} INFO - Started process (PID=890) to work on /opt/airflow/dags/e_commerce_dw_dag.py
[2024-12-30T15:25:50.819+0000] {processor.py:830} INFO - Processing file /opt/airflow/dags/e_commerce_dw_dag.py for tasks to queue
[2024-12-30T15:25:50.821+0000] {logging_mixin.py:188} INFO - [2024-12-30T15:25:50.821+0000] {dagbag.py:545} INFO - Filling up the DagBag from /opt/airflow/dags/e_commerce_dw_dag.py
[2024-12-30T15:25:50.885+0000] {processor.py:840} INFO - DAG(s) 'e_commerce_dw_etl' retrieved from /opt/airflow/dags/e_commerce_dw_dag.py
[2024-12-30T15:25:50.916+0000] {logging_mixin.py:188} INFO - [2024-12-30T15:25:50.915+0000] {dag.py:3096} INFO - Sync 1 DAGs
[2024-12-30T15:25:50.946+0000] {logging_mixin.py:188} INFO - [2024-12-30T15:25:50.945+0000] {dag.py:3954} INFO - Setting next_dagrun for e_commerce_dw_etl to 2024-12-30 00:00:00+00:00, run_after=2024-12-31 00:00:00+00:00
[2024-12-30T15:25:50.979+0000] {processor.py:183} INFO - Processing /opt/airflow/dags/e_commerce_dw_dag.py took 0.170 seconds
[2024-12-30T15:26:21.263+0000] {processor.py:161} INFO - Started process (PID=906) to work on /opt/airflow/dags/e_commerce_dw_dag.py
[2024-12-30T15:26:21.264+0000] {processor.py:830} INFO - Processing file /opt/airflow/dags/e_commerce_dw_dag.py for tasks to queue
[2024-12-30T15:26:21.269+0000] {logging_mixin.py:188} INFO - [2024-12-30T15:26:21.268+0000] {dagbag.py:545} INFO - Filling up the DagBag from /opt/airflow/dags/e_commerce_dw_dag.py
[2024-12-30T15:26:21.340+0000] {processor.py:840} INFO - DAG(s) 'e_commerce_dw_etl' retrieved from /opt/airflow/dags/e_commerce_dw_dag.py
[2024-12-30T15:26:21.386+0000] {logging_mixin.py:188} INFO - [2024-12-30T15:26:21.386+0000] {dag.py:3096} INFO - Sync 1 DAGs
[2024-12-30T15:26:21.423+0000] {logging_mixin.py:188} INFO - [2024-12-30T15:26:21.422+0000] {dag.py:3954} INFO - Setting next_dagrun for e_commerce_dw_etl to 2024-12-30 00:00:00+00:00, run_after=2024-12-31 00:00:00+00:00
[2024-12-30T15:26:21.486+0000] {processor.py:183} INFO - Processing /opt/airflow/dags/e_commerce_dw_dag.py took 0.230 seconds
[2024-12-30T15:26:51.590+0000] {processor.py:161} INFO - Started process (PID=922) to work on /opt/airflow/dags/e_commerce_dw_dag.py
[2024-12-30T15:26:51.592+0000] {processor.py:830} INFO - Processing file /opt/airflow/dags/e_commerce_dw_dag.py for tasks to queue
[2024-12-30T15:26:51.596+0000] {logging_mixin.py:188} INFO - [2024-12-30T15:26:51.596+0000] {dagbag.py:545} INFO - Filling up the DagBag from /opt/airflow/dags/e_commerce_dw_dag.py
[2024-12-30T15:26:51.669+0000] {processor.py:840} INFO - DAG(s) 'e_commerce_dw_etl' retrieved from /opt/airflow/dags/e_commerce_dw_dag.py
[2024-12-30T15:26:51.705+0000] {logging_mixin.py:188} INFO - [2024-12-30T15:26:51.705+0000] {dag.py:3096} INFO - Sync 1 DAGs
[2024-12-30T15:26:51.733+0000] {logging_mixin.py:188} INFO - [2024-12-30T15:26:51.733+0000] {dag.py:3954} INFO - Setting next_dagrun for e_commerce_dw_etl to 2024-12-30 00:00:00+00:00, run_after=2024-12-31 00:00:00+00:00
[2024-12-30T15:26:51.768+0000] {processor.py:183} INFO - Processing /opt/airflow/dags/e_commerce_dw_dag.py took 0.186 seconds
[2024-12-30T15:27:21.996+0000] {processor.py:161} INFO - Started process (PID=938) to work on /opt/airflow/dags/e_commerce_dw_dag.py
[2024-12-30T15:27:21.998+0000] {processor.py:830} INFO - Processing file /opt/airflow/dags/e_commerce_dw_dag.py for tasks to queue
[2024-12-30T15:27:22.000+0000] {logging_mixin.py:188} INFO - [2024-12-30T15:27:22.000+0000] {dagbag.py:545} INFO - Filling up the DagBag from /opt/airflow/dags/e_commerce_dw_dag.py
[2024-12-30T15:27:22.065+0000] {processor.py:840} INFO - DAG(s) 'e_commerce_dw_etl' retrieved from /opt/airflow/dags/e_commerce_dw_dag.py
[2024-12-30T15:27:22.098+0000] {logging_mixin.py:188} INFO - [2024-12-30T15:27:22.098+0000] {dag.py:3096} INFO - Sync 1 DAGs
[2024-12-30T15:27:22.125+0000] {logging_mixin.py:188} INFO - [2024-12-30T15:27:22.125+0000] {dag.py:3954} INFO - Setting next_dagrun for e_commerce_dw_etl to 2024-12-30 00:00:00+00:00, run_after=2024-12-31 00:00:00+00:00
[2024-12-30T15:27:22.158+0000] {processor.py:183} INFO - Processing /opt/airflow/dags/e_commerce_dw_dag.py took 0.168 seconds
[2024-12-30T15:27:52.384+0000] {processor.py:161} INFO - Started process (PID=954) to work on /opt/airflow/dags/e_commerce_dw_dag.py
[2024-12-30T15:27:52.386+0000] {processor.py:830} INFO - Processing file /opt/airflow/dags/e_commerce_dw_dag.py for tasks to queue
[2024-12-30T15:27:52.392+0000] {logging_mixin.py:188} INFO - [2024-12-30T15:27:52.391+0000] {dagbag.py:545} INFO - Filling up the DagBag from /opt/airflow/dags/e_commerce_dw_dag.py
[2024-12-30T15:27:52.839+0000] {processor.py:840} INFO - DAG(s) 'e_commerce_dw_etl' retrieved from /opt/airflow/dags/e_commerce_dw_dag.py
[2024-12-30T15:27:52.924+0000] {logging_mixin.py:188} INFO - [2024-12-30T15:27:52.923+0000] {dag.py:3096} INFO - Sync 1 DAGs
[2024-12-30T15:27:52.989+0000] {logging_mixin.py:188} INFO - [2024-12-30T15:27:52.988+0000] {dag.py:3954} INFO - Setting next_dagrun for e_commerce_dw_etl to 2024-12-30 00:00:00+00:00, run_after=2024-12-31 00:00:00+00:00
[2024-12-30T15:27:53.051+0000] {processor.py:183} INFO - Processing /opt/airflow/dags/e_commerce_dw_dag.py took 0.685 seconds
[2024-12-30T15:28:23.753+0000] {processor.py:161} INFO - Started process (PID=970) to work on /opt/airflow/dags/e_commerce_dw_dag.py
[2024-12-30T15:28:23.754+0000] {processor.py:830} INFO - Processing file /opt/airflow/dags/e_commerce_dw_dag.py for tasks to queue
[2024-12-30T15:28:23.756+0000] {logging_mixin.py:188} INFO - [2024-12-30T15:28:23.756+0000] {dagbag.py:545} INFO - Filling up the DagBag from /opt/airflow/dags/e_commerce_dw_dag.py
[2024-12-30T15:28:23.817+0000] {processor.py:840} INFO - DAG(s) 'e_commerce_dw_etl' retrieved from /opt/airflow/dags/e_commerce_dw_dag.py
[2024-12-30T15:28:23.852+0000] {logging_mixin.py:188} INFO - [2024-12-30T15:28:23.851+0000] {dag.py:3096} INFO - Sync 1 DAGs
[2024-12-30T15:28:23.877+0000] {logging_mixin.py:188} INFO - [2024-12-30T15:28:23.877+0000] {dag.py:3954} INFO - Setting next_dagrun for e_commerce_dw_etl to 2024-12-30 00:00:00+00:00, run_after=2024-12-31 00:00:00+00:00
[2024-12-30T15:28:23.904+0000] {processor.py:183} INFO - Processing /opt/airflow/dags/e_commerce_dw_dag.py took 0.157 seconds
[2024-12-30T15:28:54.204+0000] {processor.py:161} INFO - Started process (PID=986) to work on /opt/airflow/dags/e_commerce_dw_dag.py
[2024-12-30T15:28:54.205+0000] {processor.py:830} INFO - Processing file /opt/airflow/dags/e_commerce_dw_dag.py for tasks to queue
[2024-12-30T15:28:54.207+0000] {logging_mixin.py:188} INFO - [2024-12-30T15:28:54.207+0000] {dagbag.py:545} INFO - Filling up the DagBag from /opt/airflow/dags/e_commerce_dw_dag.py
[2024-12-30T15:28:54.289+0000] {processor.py:840} INFO - DAG(s) 'e_commerce_dw_etl' retrieved from /opt/airflow/dags/e_commerce_dw_dag.py
[2024-12-30T15:28:54.338+0000] {logging_mixin.py:188} INFO - [2024-12-30T15:28:54.337+0000] {dag.py:3096} INFO - Sync 1 DAGs
[2024-12-30T15:28:54.369+0000] {logging_mixin.py:188} INFO - [2024-12-30T15:28:54.368+0000] {dag.py:3954} INFO - Setting next_dagrun for e_commerce_dw_etl to 2024-12-30 00:00:00+00:00, run_after=2024-12-31 00:00:00+00:00
[2024-12-30T15:28:54.400+0000] {processor.py:183} INFO - Processing /opt/airflow/dags/e_commerce_dw_dag.py took 0.205 seconds
[2024-12-30T15:29:24.512+0000] {processor.py:161} INFO - Started process (PID=1002) to work on /opt/airflow/dags/e_commerce_dw_dag.py
[2024-12-30T15:29:24.514+0000] {processor.py:830} INFO - Processing file /opt/airflow/dags/e_commerce_dw_dag.py for tasks to queue
[2024-12-30T15:29:24.516+0000] {logging_mixin.py:188} INFO - [2024-12-30T15:29:24.516+0000] {dagbag.py:545} INFO - Filling up the DagBag from /opt/airflow/dags/e_commerce_dw_dag.py
[2024-12-30T15:29:24.587+0000] {processor.py:840} INFO - DAG(s) 'e_commerce_dw_etl' retrieved from /opt/airflow/dags/e_commerce_dw_dag.py
[2024-12-30T15:29:24.627+0000] {logging_mixin.py:188} INFO - [2024-12-30T15:29:24.626+0000] {dag.py:3096} INFO - Sync 1 DAGs
[2024-12-30T15:29:24.663+0000] {logging_mixin.py:188} INFO - [2024-12-30T15:29:24.662+0000] {dag.py:3954} INFO - Setting next_dagrun for e_commerce_dw_etl to 2024-12-30 00:00:00+00:00, run_after=2024-12-31 00:00:00+00:00
[2024-12-30T15:29:24.697+0000] {processor.py:183} INFO - Processing /opt/airflow/dags/e_commerce_dw_dag.py took 0.194 seconds
[2024-12-30T15:29:54.859+0000] {processor.py:161} INFO - Started process (PID=1018) to work on /opt/airflow/dags/e_commerce_dw_dag.py
[2024-12-30T15:29:54.860+0000] {processor.py:830} INFO - Processing file /opt/airflow/dags/e_commerce_dw_dag.py for tasks to queue
[2024-12-30T15:29:54.863+0000] {logging_mixin.py:188} INFO - [2024-12-30T15:29:54.862+0000] {dagbag.py:545} INFO - Filling up the DagBag from /opt/airflow/dags/e_commerce_dw_dag.py
[2024-12-30T15:29:54.918+0000] {processor.py:840} INFO - DAG(s) 'e_commerce_dw_etl' retrieved from /opt/airflow/dags/e_commerce_dw_dag.py
[2024-12-30T15:29:54.952+0000] {logging_mixin.py:188} INFO - [2024-12-30T15:29:54.951+0000] {dag.py:3096} INFO - Sync 1 DAGs
[2024-12-30T15:29:54.976+0000] {logging_mixin.py:188} INFO - [2024-12-30T15:29:54.976+0000] {dag.py:3954} INFO - Setting next_dagrun for e_commerce_dw_etl to 2024-12-30 00:00:00+00:00, run_after=2024-12-31 00:00:00+00:00
[2024-12-30T15:29:55.003+0000] {processor.py:183} INFO - Processing /opt/airflow/dags/e_commerce_dw_dag.py took 0.151 seconds
[2024-12-30T15:30:25.222+0000] {processor.py:161} INFO - Started process (PID=1034) to work on /opt/airflow/dags/e_commerce_dw_dag.py
[2024-12-30T15:30:25.224+0000] {processor.py:830} INFO - Processing file /opt/airflow/dags/e_commerce_dw_dag.py for tasks to queue
[2024-12-30T15:30:25.227+0000] {logging_mixin.py:188} INFO - [2024-12-30T15:30:25.227+0000] {dagbag.py:545} INFO - Filling up the DagBag from /opt/airflow/dags/e_commerce_dw_dag.py
[2024-12-30T15:30:25.337+0000] {processor.py:840} INFO - DAG(s) 'e_commerce_dw_etl' retrieved from /opt/airflow/dags/e_commerce_dw_dag.py
[2024-12-30T15:30:25.399+0000] {logging_mixin.py:188} INFO - [2024-12-30T15:30:25.399+0000] {dag.py:3096} INFO - Sync 1 DAGs
[2024-12-30T15:30:25.430+0000] {logging_mixin.py:188} INFO - [2024-12-30T15:30:25.430+0000] {dag.py:3954} INFO - Setting next_dagrun for e_commerce_dw_etl to 2024-12-30 00:00:00+00:00, run_after=2024-12-31 00:00:00+00:00
[2024-12-30T15:30:25.464+0000] {processor.py:183} INFO - Processing /opt/airflow/dags/e_commerce_dw_dag.py took 0.252 seconds
[2024-12-30T15:30:55.636+0000] {processor.py:161} INFO - Started process (PID=1050) to work on /opt/airflow/dags/e_commerce_dw_dag.py
[2024-12-30T15:30:55.638+0000] {processor.py:830} INFO - Processing file /opt/airflow/dags/e_commerce_dw_dag.py for tasks to queue
[2024-12-30T15:30:55.640+0000] {logging_mixin.py:188} INFO - [2024-12-30T15:30:55.640+0000] {dagbag.py:545} INFO - Filling up the DagBag from /opt/airflow/dags/e_commerce_dw_dag.py
[2024-12-30T15:30:55.732+0000] {processor.py:840} INFO - DAG(s) 'e_commerce_dw_etl' retrieved from /opt/airflow/dags/e_commerce_dw_dag.py
[2024-12-30T15:30:55.778+0000] {logging_mixin.py:188} INFO - [2024-12-30T15:30:55.778+0000] {dag.py:3096} INFO - Sync 1 DAGs
[2024-12-30T15:30:55.803+0000] {logging_mixin.py:188} INFO - [2024-12-30T15:30:55.803+0000] {dag.py:3954} INFO - Setting next_dagrun for e_commerce_dw_etl to 2024-12-30 00:00:00+00:00, run_after=2024-12-31 00:00:00+00:00
[2024-12-30T15:30:55.830+0000] {processor.py:183} INFO - Processing /opt/airflow/dags/e_commerce_dw_dag.py took 0.201 seconds
[2024-12-30T15:31:26.027+0000] {processor.py:161} INFO - Started process (PID=1066) to work on /opt/airflow/dags/e_commerce_dw_dag.py
[2024-12-30T15:31:26.029+0000] {processor.py:830} INFO - Processing file /opt/airflow/dags/e_commerce_dw_dag.py for tasks to queue
[2024-12-30T15:31:26.031+0000] {logging_mixin.py:188} INFO - [2024-12-30T15:31:26.031+0000] {dagbag.py:545} INFO - Filling up the DagBag from /opt/airflow/dags/e_commerce_dw_dag.py
[2024-12-30T15:31:26.097+0000] {processor.py:840} INFO - DAG(s) 'e_commerce_dw_etl' retrieved from /opt/airflow/dags/e_commerce_dw_dag.py
[2024-12-30T15:31:26.129+0000] {logging_mixin.py:188} INFO - [2024-12-30T15:31:26.129+0000] {dag.py:3096} INFO - Sync 1 DAGs
[2024-12-30T15:31:26.159+0000] {logging_mixin.py:188} INFO - [2024-12-30T15:31:26.159+0000] {dag.py:3954} INFO - Setting next_dagrun for e_commerce_dw_etl to 2024-12-30 00:00:00+00:00, run_after=2024-12-31 00:00:00+00:00
[2024-12-30T15:31:26.189+0000] {processor.py:183} INFO - Processing /opt/airflow/dags/e_commerce_dw_dag.py took 0.173 seconds
[2024-12-30T15:31:56.418+0000] {processor.py:161} INFO - Started process (PID=1082) to work on /opt/airflow/dags/e_commerce_dw_dag.py
[2024-12-30T15:31:56.420+0000] {processor.py:830} INFO - Processing file /opt/airflow/dags/e_commerce_dw_dag.py for tasks to queue
[2024-12-30T15:31:56.422+0000] {logging_mixin.py:188} INFO - [2024-12-30T15:31:56.421+0000] {dagbag.py:545} INFO - Filling up the DagBag from /opt/airflow/dags/e_commerce_dw_dag.py
[2024-12-30T15:31:56.493+0000] {processor.py:840} INFO - DAG(s) 'e_commerce_dw_etl' retrieved from /opt/airflow/dags/e_commerce_dw_dag.py
[2024-12-30T15:31:56.528+0000] {logging_mixin.py:188} INFO - [2024-12-30T15:31:56.527+0000] {dag.py:3096} INFO - Sync 1 DAGs
[2024-12-30T15:31:56.549+0000] {logging_mixin.py:188} INFO - [2024-12-30T15:31:56.549+0000] {dag.py:3954} INFO - Setting next_dagrun for e_commerce_dw_etl to 2024-12-30 00:00:00+00:00, run_after=2024-12-31 00:00:00+00:00
[2024-12-30T15:31:56.579+0000] {processor.py:183} INFO - Processing /opt/airflow/dags/e_commerce_dw_dag.py took 0.167 seconds
[2024-12-30T15:32:26.855+0000] {processor.py:161} INFO - Started process (PID=1098) to work on /opt/airflow/dags/e_commerce_dw_dag.py
[2024-12-30T15:32:26.856+0000] {processor.py:830} INFO - Processing file /opt/airflow/dags/e_commerce_dw_dag.py for tasks to queue
[2024-12-30T15:32:26.858+0000] {logging_mixin.py:188} INFO - [2024-12-30T15:32:26.858+0000] {dagbag.py:545} INFO - Filling up the DagBag from /opt/airflow/dags/e_commerce_dw_dag.py
[2024-12-30T15:32:26.910+0000] {processor.py:840} INFO - DAG(s) 'e_commerce_dw_etl' retrieved from /opt/airflow/dags/e_commerce_dw_dag.py
[2024-12-30T15:32:26.940+0000] {logging_mixin.py:188} INFO - [2024-12-30T15:32:26.939+0000] {dag.py:3096} INFO - Sync 1 DAGs
[2024-12-30T15:32:26.965+0000] {logging_mixin.py:188} INFO - [2024-12-30T15:32:26.964+0000] {dag.py:3954} INFO - Setting next_dagrun for e_commerce_dw_etl to 2024-12-30 00:00:00+00:00, run_after=2024-12-31 00:00:00+00:00
[2024-12-30T15:32:26.991+0000] {processor.py:183} INFO - Processing /opt/airflow/dags/e_commerce_dw_dag.py took 0.141 seconds
[2024-12-30T15:32:57.307+0000] {processor.py:161} INFO - Started process (PID=1114) to work on /opt/airflow/dags/e_commerce_dw_dag.py
[2024-12-30T15:32:57.309+0000] {processor.py:830} INFO - Processing file /opt/airflow/dags/e_commerce_dw_dag.py for tasks to queue
[2024-12-30T15:32:57.311+0000] {logging_mixin.py:188} INFO - [2024-12-30T15:32:57.311+0000] {dagbag.py:545} INFO - Filling up the DagBag from /opt/airflow/dags/e_commerce_dw_dag.py
[2024-12-30T15:32:57.364+0000] {processor.py:840} INFO - DAG(s) 'e_commerce_dw_etl' retrieved from /opt/airflow/dags/e_commerce_dw_dag.py
[2024-12-30T15:32:57.401+0000] {logging_mixin.py:188} INFO - [2024-12-30T15:32:57.400+0000] {dag.py:3096} INFO - Sync 1 DAGs
[2024-12-30T15:32:57.428+0000] {logging_mixin.py:188} INFO - [2024-12-30T15:32:57.428+0000] {dag.py:3954} INFO - Setting next_dagrun for e_commerce_dw_etl to 2024-12-30 00:00:00+00:00, run_after=2024-12-31 00:00:00+00:00
[2024-12-30T15:32:57.458+0000] {processor.py:183} INFO - Processing /opt/airflow/dags/e_commerce_dw_dag.py took 0.158 seconds
[2024-12-30T15:33:27.678+0000] {processor.py:161} INFO - Started process (PID=1130) to work on /opt/airflow/dags/e_commerce_dw_dag.py
[2024-12-30T15:33:27.679+0000] {processor.py:830} INFO - Processing file /opt/airflow/dags/e_commerce_dw_dag.py for tasks to queue
[2024-12-30T15:33:27.683+0000] {logging_mixin.py:188} INFO - [2024-12-30T15:33:27.682+0000] {dagbag.py:545} INFO - Filling up the DagBag from /opt/airflow/dags/e_commerce_dw_dag.py
[2024-12-30T15:33:27.748+0000] {processor.py:840} INFO - DAG(s) 'e_commerce_dw_etl' retrieved from /opt/airflow/dags/e_commerce_dw_dag.py
[2024-12-30T15:33:27.785+0000] {logging_mixin.py:188} INFO - [2024-12-30T15:33:27.785+0000] {dag.py:3096} INFO - Sync 1 DAGs
[2024-12-30T15:33:27.814+0000] {logging_mixin.py:188} INFO - [2024-12-30T15:33:27.814+0000] {dag.py:3954} INFO - Setting next_dagrun for e_commerce_dw_etl to 2024-12-30 00:00:00+00:00, run_after=2024-12-31 00:00:00+00:00
[2024-12-30T15:33:27.843+0000] {processor.py:183} INFO - Processing /opt/airflow/dags/e_commerce_dw_dag.py took 0.171 seconds
[2024-12-30T15:33:58.157+0000] {processor.py:161} INFO - Started process (PID=1146) to work on /opt/airflow/dags/e_commerce_dw_dag.py
[2024-12-30T15:33:58.158+0000] {processor.py:830} INFO - Processing file /opt/airflow/dags/e_commerce_dw_dag.py for tasks to queue
[2024-12-30T15:33:58.160+0000] {logging_mixin.py:188} INFO - [2024-12-30T15:33:58.160+0000] {dagbag.py:545} INFO - Filling up the DagBag from /opt/airflow/dags/e_commerce_dw_dag.py
[2024-12-30T15:33:58.248+0000] {processor.py:840} INFO - DAG(s) 'e_commerce_dw_etl' retrieved from /opt/airflow/dags/e_commerce_dw_dag.py
[2024-12-30T15:33:58.293+0000] {logging_mixin.py:188} INFO - [2024-12-30T15:33:58.293+0000] {dag.py:3096} INFO - Sync 1 DAGs
[2024-12-30T15:33:58.325+0000] {logging_mixin.py:188} INFO - [2024-12-30T15:33:58.325+0000] {dag.py:3954} INFO - Setting next_dagrun for e_commerce_dw_etl to 2024-12-30 00:00:00+00:00, run_after=2024-12-31 00:00:00+00:00
[2024-12-30T15:33:58.350+0000] {processor.py:183} INFO - Processing /opt/airflow/dags/e_commerce_dw_dag.py took 0.201 seconds
[2024-12-30T15:34:28.664+0000] {processor.py:161} INFO - Started process (PID=1162) to work on /opt/airflow/dags/e_commerce_dw_dag.py
[2024-12-30T15:34:28.665+0000] {processor.py:830} INFO - Processing file /opt/airflow/dags/e_commerce_dw_dag.py for tasks to queue
[2024-12-30T15:34:28.667+0000] {logging_mixin.py:188} INFO - [2024-12-30T15:34:28.667+0000] {dagbag.py:545} INFO - Filling up the DagBag from /opt/airflow/dags/e_commerce_dw_dag.py
[2024-12-30T15:34:28.735+0000] {processor.py:840} INFO - DAG(s) 'e_commerce_dw_etl' retrieved from /opt/airflow/dags/e_commerce_dw_dag.py
[2024-12-30T15:34:28.774+0000] {logging_mixin.py:188} INFO - [2024-12-30T15:34:28.774+0000] {dag.py:3096} INFO - Sync 1 DAGs
[2024-12-30T15:34:28.808+0000] {logging_mixin.py:188} INFO - [2024-12-30T15:34:28.808+0000] {dag.py:3954} INFO - Setting next_dagrun for e_commerce_dw_etl to 2024-12-30 00:00:00+00:00, run_after=2024-12-31 00:00:00+00:00
[2024-12-30T15:34:28.839+0000] {processor.py:183} INFO - Processing /opt/airflow/dags/e_commerce_dw_dag.py took 0.182 seconds
[2024-12-30T15:34:59.035+0000] {processor.py:161} INFO - Started process (PID=1178) to work on /opt/airflow/dags/e_commerce_dw_dag.py
[2024-12-30T15:34:59.037+0000] {processor.py:830} INFO - Processing file /opt/airflow/dags/e_commerce_dw_dag.py for tasks to queue
[2024-12-30T15:34:59.043+0000] {logging_mixin.py:188} INFO - [2024-12-30T15:34:59.043+0000] {dagbag.py:545} INFO - Filling up the DagBag from /opt/airflow/dags/e_commerce_dw_dag.py
[2024-12-30T15:34:59.137+0000] {processor.py:840} INFO - DAG(s) 'e_commerce_dw_etl' retrieved from /opt/airflow/dags/e_commerce_dw_dag.py
[2024-12-30T15:34:59.185+0000] {logging_mixin.py:188} INFO - [2024-12-30T15:34:59.185+0000] {dag.py:3096} INFO - Sync 1 DAGs
[2024-12-30T15:34:59.245+0000] {logging_mixin.py:188} INFO - [2024-12-30T15:34:59.244+0000] {dag.py:3954} INFO - Setting next_dagrun for e_commerce_dw_etl to 2024-12-30 00:00:00+00:00, run_after=2024-12-31 00:00:00+00:00
[2024-12-30T15:34:59.291+0000] {processor.py:183} INFO - Processing /opt/airflow/dags/e_commerce_dw_dag.py took 0.266 seconds
[2024-12-30T15:35:29.416+0000] {processor.py:161} INFO - Started process (PID=1194) to work on /opt/airflow/dags/e_commerce_dw_dag.py
[2024-12-30T15:35:29.418+0000] {processor.py:830} INFO - Processing file /opt/airflow/dags/e_commerce_dw_dag.py for tasks to queue
[2024-12-30T15:35:29.420+0000] {logging_mixin.py:188} INFO - [2024-12-30T15:35:29.419+0000] {dagbag.py:545} INFO - Filling up the DagBag from /opt/airflow/dags/e_commerce_dw_dag.py
[2024-12-30T15:35:29.484+0000] {processor.py:840} INFO - DAG(s) 'e_commerce_dw_etl' retrieved from /opt/airflow/dags/e_commerce_dw_dag.py
[2024-12-30T15:35:29.515+0000] {logging_mixin.py:188} INFO - [2024-12-30T15:35:29.514+0000] {dag.py:3096} INFO - Sync 1 DAGs
[2024-12-30T15:35:29.541+0000] {logging_mixin.py:188} INFO - [2024-12-30T15:35:29.541+0000] {dag.py:3954} INFO - Setting next_dagrun for e_commerce_dw_etl to 2024-12-30 00:00:00+00:00, run_after=2024-12-31 00:00:00+00:00
[2024-12-30T15:35:29.571+0000] {processor.py:183} INFO - Processing /opt/airflow/dags/e_commerce_dw_dag.py took 0.162 seconds
[2024-12-30T15:35:59.808+0000] {processor.py:161} INFO - Started process (PID=1212) to work on /opt/airflow/dags/e_commerce_dw_dag.py
[2024-12-30T15:35:59.810+0000] {processor.py:830} INFO - Processing file /opt/airflow/dags/e_commerce_dw_dag.py for tasks to queue
[2024-12-30T15:35:59.813+0000] {logging_mixin.py:188} INFO - [2024-12-30T15:35:59.813+0000] {dagbag.py:545} INFO - Filling up the DagBag from /opt/airflow/dags/e_commerce_dw_dag.py
[2024-12-30T15:35:59.896+0000] {processor.py:840} INFO - DAG(s) 'e_commerce_dw_etl' retrieved from /opt/airflow/dags/e_commerce_dw_dag.py
[2024-12-30T15:35:59.927+0000] {logging_mixin.py:188} INFO - [2024-12-30T15:35:59.926+0000] {dag.py:3096} INFO - Sync 1 DAGs
[2024-12-30T15:35:59.949+0000] {logging_mixin.py:188} INFO - [2024-12-30T15:35:59.949+0000] {dag.py:3954} INFO - Setting next_dagrun for e_commerce_dw_etl to 2024-12-30 00:00:00+00:00, run_after=2024-12-31 00:00:00+00:00
[2024-12-30T15:35:59.975+0000] {processor.py:183} INFO - Processing /opt/airflow/dags/e_commerce_dw_dag.py took 0.173 seconds
[2024-12-30T15:36:30.182+0000] {processor.py:161} INFO - Started process (PID=1228) to work on /opt/airflow/dags/e_commerce_dw_dag.py
[2024-12-30T15:36:30.183+0000] {processor.py:830} INFO - Processing file /opt/airflow/dags/e_commerce_dw_dag.py for tasks to queue
[2024-12-30T15:36:30.186+0000] {logging_mixin.py:188} INFO - [2024-12-30T15:36:30.185+0000] {dagbag.py:545} INFO - Filling up the DagBag from /opt/airflow/dags/e_commerce_dw_dag.py
[2024-12-30T15:36:30.243+0000] {processor.py:840} INFO - DAG(s) 'e_commerce_dw_etl' retrieved from /opt/airflow/dags/e_commerce_dw_dag.py
[2024-12-30T15:36:30.275+0000] {logging_mixin.py:188} INFO - [2024-12-30T15:36:30.275+0000] {dag.py:3096} INFO - Sync 1 DAGs
[2024-12-30T15:36:30.298+0000] {logging_mixin.py:188} INFO - [2024-12-30T15:36:30.297+0000] {dag.py:3954} INFO - Setting next_dagrun for e_commerce_dw_etl to 2024-12-30 00:00:00+00:00, run_after=2024-12-31 00:00:00+00:00
[2024-12-30T15:36:30.323+0000] {processor.py:183} INFO - Processing /opt/airflow/dags/e_commerce_dw_dag.py took 0.147 seconds
[2024-12-30T15:37:00.597+0000] {processor.py:161} INFO - Started process (PID=1244) to work on /opt/airflow/dags/e_commerce_dw_dag.py
[2024-12-30T15:37:00.598+0000] {processor.py:830} INFO - Processing file /opt/airflow/dags/e_commerce_dw_dag.py for tasks to queue
[2024-12-30T15:37:00.600+0000] {logging_mixin.py:188} INFO - [2024-12-30T15:37:00.600+0000] {dagbag.py:545} INFO - Filling up the DagBag from /opt/airflow/dags/e_commerce_dw_dag.py
[2024-12-30T15:37:00.667+0000] {processor.py:840} INFO - DAG(s) 'e_commerce_dw_etl' retrieved from /opt/airflow/dags/e_commerce_dw_dag.py
[2024-12-30T15:37:00.695+0000] {logging_mixin.py:188} INFO - [2024-12-30T15:37:00.694+0000] {dag.py:3096} INFO - Sync 1 DAGs
[2024-12-30T15:37:00.715+0000] {logging_mixin.py:188} INFO - [2024-12-30T15:37:00.715+0000] {dag.py:3954} INFO - Setting next_dagrun for e_commerce_dw_etl to 2024-12-30 00:00:00+00:00, run_after=2024-12-31 00:00:00+00:00
[2024-12-30T15:37:00.742+0000] {processor.py:183} INFO - Processing /opt/airflow/dags/e_commerce_dw_dag.py took 0.152 seconds
[2024-12-30T15:37:30.984+0000] {processor.py:161} INFO - Started process (PID=1260) to work on /opt/airflow/dags/e_commerce_dw_dag.py
[2024-12-30T15:37:30.985+0000] {processor.py:830} INFO - Processing file /opt/airflow/dags/e_commerce_dw_dag.py for tasks to queue
[2024-12-30T15:37:30.987+0000] {logging_mixin.py:188} INFO - [2024-12-30T15:37:30.986+0000] {dagbag.py:545} INFO - Filling up the DagBag from /opt/airflow/dags/e_commerce_dw_dag.py
[2024-12-30T15:37:31.037+0000] {processor.py:840} INFO - DAG(s) 'e_commerce_dw_etl' retrieved from /opt/airflow/dags/e_commerce_dw_dag.py
[2024-12-30T15:37:31.065+0000] {logging_mixin.py:188} INFO - [2024-12-30T15:37:31.065+0000] {dag.py:3096} INFO - Sync 1 DAGs
[2024-12-30T15:37:31.085+0000] {logging_mixin.py:188} INFO - [2024-12-30T15:37:31.084+0000] {dag.py:3954} INFO - Setting next_dagrun for e_commerce_dw_etl to 2024-12-30 00:00:00+00:00, run_after=2024-12-31 00:00:00+00:00
[2024-12-30T15:37:31.113+0000] {processor.py:183} INFO - Processing /opt/airflow/dags/e_commerce_dw_dag.py took 0.135 seconds
[2024-12-30T15:38:01.368+0000] {processor.py:161} INFO - Started process (PID=1276) to work on /opt/airflow/dags/e_commerce_dw_dag.py
[2024-12-30T15:38:01.370+0000] {processor.py:830} INFO - Processing file /opt/airflow/dags/e_commerce_dw_dag.py for tasks to queue
[2024-12-30T15:38:01.373+0000] {logging_mixin.py:188} INFO - [2024-12-30T15:38:01.372+0000] {dagbag.py:545} INFO - Filling up the DagBag from /opt/airflow/dags/e_commerce_dw_dag.py
[2024-12-30T15:38:01.435+0000] {processor.py:840} INFO - DAG(s) 'e_commerce_dw_etl' retrieved from /opt/airflow/dags/e_commerce_dw_dag.py
[2024-12-30T15:38:01.467+0000] {logging_mixin.py:188} INFO - [2024-12-30T15:38:01.467+0000] {dag.py:3096} INFO - Sync 1 DAGs
[2024-12-30T15:38:01.491+0000] {logging_mixin.py:188} INFO - [2024-12-30T15:38:01.490+0000] {dag.py:3954} INFO - Setting next_dagrun for e_commerce_dw_etl to 2024-12-30 00:00:00+00:00, run_after=2024-12-31 00:00:00+00:00
[2024-12-30T15:38:01.518+0000] {processor.py:183} INFO - Processing /opt/airflow/dags/e_commerce_dw_dag.py took 0.156 seconds
[2024-12-30T15:38:31.771+0000] {processor.py:161} INFO - Started process (PID=1292) to work on /opt/airflow/dags/e_commerce_dw_dag.py
[2024-12-30T15:38:31.772+0000] {processor.py:830} INFO - Processing file /opt/airflow/dags/e_commerce_dw_dag.py for tasks to queue
[2024-12-30T15:38:31.774+0000] {logging_mixin.py:188} INFO - [2024-12-30T15:38:31.774+0000] {dagbag.py:545} INFO - Filling up the DagBag from /opt/airflow/dags/e_commerce_dw_dag.py
[2024-12-30T15:38:31.827+0000] {processor.py:840} INFO - DAG(s) 'e_commerce_dw_etl' retrieved from /opt/airflow/dags/e_commerce_dw_dag.py
[2024-12-30T15:38:31.854+0000] {logging_mixin.py:188} INFO - [2024-12-30T15:38:31.854+0000] {dag.py:3096} INFO - Sync 1 DAGs
[2024-12-30T15:38:31.875+0000] {logging_mixin.py:188} INFO - [2024-12-30T15:38:31.875+0000] {dag.py:3954} INFO - Setting next_dagrun for e_commerce_dw_etl to 2024-12-30 00:00:00+00:00, run_after=2024-12-31 00:00:00+00:00
[2024-12-30T15:38:31.898+0000] {processor.py:183} INFO - Processing /opt/airflow/dags/e_commerce_dw_dag.py took 0.133 seconds
[2024-12-30T15:39:02.163+0000] {processor.py:161} INFO - Started process (PID=1308) to work on /opt/airflow/dags/e_commerce_dw_dag.py
[2024-12-30T15:39:02.164+0000] {processor.py:830} INFO - Processing file /opt/airflow/dags/e_commerce_dw_dag.py for tasks to queue
[2024-12-30T15:39:02.165+0000] {logging_mixin.py:188} INFO - [2024-12-30T15:39:02.165+0000] {dagbag.py:545} INFO - Filling up the DagBag from /opt/airflow/dags/e_commerce_dw_dag.py
[2024-12-30T15:39:02.223+0000] {processor.py:840} INFO - DAG(s) 'e_commerce_dw_etl' retrieved from /opt/airflow/dags/e_commerce_dw_dag.py
[2024-12-30T15:39:02.253+0000] {logging_mixin.py:188} INFO - [2024-12-30T15:39:02.252+0000] {dag.py:3096} INFO - Sync 1 DAGs
[2024-12-30T15:39:02.272+0000] {logging_mixin.py:188} INFO - [2024-12-30T15:39:02.272+0000] {dag.py:3954} INFO - Setting next_dagrun for e_commerce_dw_etl to 2024-12-30 00:00:00+00:00, run_after=2024-12-31 00:00:00+00:00
[2024-12-30T15:39:02.297+0000] {processor.py:183} INFO - Processing /opt/airflow/dags/e_commerce_dw_dag.py took 0.140 seconds
[2024-12-30T15:39:32.573+0000] {processor.py:161} INFO - Started process (PID=1324) to work on /opt/airflow/dags/e_commerce_dw_dag.py
[2024-12-30T15:39:32.574+0000] {processor.py:830} INFO - Processing file /opt/airflow/dags/e_commerce_dw_dag.py for tasks to queue
[2024-12-30T15:39:32.576+0000] {logging_mixin.py:188} INFO - [2024-12-30T15:39:32.576+0000] {dagbag.py:545} INFO - Filling up the DagBag from /opt/airflow/dags/e_commerce_dw_dag.py
[2024-12-30T15:39:32.630+0000] {processor.py:840} INFO - DAG(s) 'e_commerce_dw_etl' retrieved from /opt/airflow/dags/e_commerce_dw_dag.py
[2024-12-30T15:39:32.657+0000] {logging_mixin.py:188} INFO - [2024-12-30T15:39:32.657+0000] {dag.py:3096} INFO - Sync 1 DAGs
[2024-12-30T15:39:32.678+0000] {logging_mixin.py:188} INFO - [2024-12-30T15:39:32.677+0000] {dag.py:3954} INFO - Setting next_dagrun for e_commerce_dw_etl to 2024-12-30 00:00:00+00:00, run_after=2024-12-31 00:00:00+00:00
[2024-12-30T15:39:32.700+0000] {processor.py:183} INFO - Processing /opt/airflow/dags/e_commerce_dw_dag.py took 0.133 seconds
[2024-12-30T15:40:03.035+0000] {processor.py:161} INFO - Started process (PID=1340) to work on /opt/airflow/dags/e_commerce_dw_dag.py
[2024-12-30T15:40:03.037+0000] {processor.py:830} INFO - Processing file /opt/airflow/dags/e_commerce_dw_dag.py for tasks to queue
[2024-12-30T15:40:03.039+0000] {logging_mixin.py:188} INFO - [2024-12-30T15:40:03.038+0000] {dagbag.py:545} INFO - Filling up the DagBag from /opt/airflow/dags/e_commerce_dw_dag.py
[2024-12-30T15:40:03.140+0000] {processor.py:840} INFO - DAG(s) 'e_commerce_dw_etl' retrieved from /opt/airflow/dags/e_commerce_dw_dag.py
[2024-12-30T15:40:03.204+0000] {logging_mixin.py:188} INFO - [2024-12-30T15:40:03.204+0000] {dag.py:3096} INFO - Sync 1 DAGs
[2024-12-30T15:40:03.235+0000] {logging_mixin.py:188} INFO - [2024-12-30T15:40:03.233+0000] {dag.py:3954} INFO - Setting next_dagrun for e_commerce_dw_etl to 2024-12-30 00:00:00+00:00, run_after=2024-12-31 00:00:00+00:00
[2024-12-30T15:40:03.259+0000] {processor.py:183} INFO - Processing /opt/airflow/dags/e_commerce_dw_dag.py took 0.229 seconds
[2024-12-30T15:40:33.484+0000] {processor.py:161} INFO - Started process (PID=1356) to work on /opt/airflow/dags/e_commerce_dw_dag.py
[2024-12-30T15:40:33.485+0000] {processor.py:830} INFO - Processing file /opt/airflow/dags/e_commerce_dw_dag.py for tasks to queue
[2024-12-30T15:40:33.487+0000] {logging_mixin.py:188} INFO - [2024-12-30T15:40:33.487+0000] {dagbag.py:545} INFO - Filling up the DagBag from /opt/airflow/dags/e_commerce_dw_dag.py
[2024-12-30T15:40:33.542+0000] {processor.py:840} INFO - DAG(s) 'e_commerce_dw_etl' retrieved from /opt/airflow/dags/e_commerce_dw_dag.py
[2024-12-30T15:40:33.574+0000] {logging_mixin.py:188} INFO - [2024-12-30T15:40:33.574+0000] {dag.py:3096} INFO - Sync 1 DAGs
[2024-12-30T15:40:33.599+0000] {logging_mixin.py:188} INFO - [2024-12-30T15:40:33.598+0000] {dag.py:3954} INFO - Setting next_dagrun for e_commerce_dw_etl to 2024-12-30 00:00:00+00:00, run_after=2024-12-31 00:00:00+00:00
[2024-12-30T15:40:33.627+0000] {processor.py:183} INFO - Processing /opt/airflow/dags/e_commerce_dw_dag.py took 0.151 seconds
[2024-12-30T15:41:03.916+0000] {processor.py:161} INFO - Started process (PID=1372) to work on /opt/airflow/dags/e_commerce_dw_dag.py
[2024-12-30T15:41:03.918+0000] {processor.py:830} INFO - Processing file /opt/airflow/dags/e_commerce_dw_dag.py for tasks to queue
[2024-12-30T15:41:03.921+0000] {logging_mixin.py:188} INFO - [2024-12-30T15:41:03.920+0000] {dagbag.py:545} INFO - Filling up the DagBag from /opt/airflow/dags/e_commerce_dw_dag.py
[2024-12-30T15:41:03.973+0000] {processor.py:840} INFO - DAG(s) 'e_commerce_dw_etl' retrieved from /opt/airflow/dags/e_commerce_dw_dag.py
[2024-12-30T15:41:04.003+0000] {logging_mixin.py:188} INFO - [2024-12-30T15:41:04.003+0000] {dag.py:3096} INFO - Sync 1 DAGs
[2024-12-30T15:41:04.024+0000] {logging_mixin.py:188} INFO - [2024-12-30T15:41:04.024+0000] {dag.py:3954} INFO - Setting next_dagrun for e_commerce_dw_etl to 2024-12-30 00:00:00+00:00, run_after=2024-12-31 00:00:00+00:00
[2024-12-30T15:41:04.050+0000] {processor.py:183} INFO - Processing /opt/airflow/dags/e_commerce_dw_dag.py took 0.139 seconds
[2024-12-30T15:41:34.280+0000] {processor.py:161} INFO - Started process (PID=1388) to work on /opt/airflow/dags/e_commerce_dw_dag.py
[2024-12-30T15:41:34.282+0000] {processor.py:830} INFO - Processing file /opt/airflow/dags/e_commerce_dw_dag.py for tasks to queue
[2024-12-30T15:41:34.285+0000] {logging_mixin.py:188} INFO - [2024-12-30T15:41:34.284+0000] {dagbag.py:545} INFO - Filling up the DagBag from /opt/airflow/dags/e_commerce_dw_dag.py
[2024-12-30T15:41:34.358+0000] {processor.py:840} INFO - DAG(s) 'e_commerce_dw_etl' retrieved from /opt/airflow/dags/e_commerce_dw_dag.py
[2024-12-30T15:41:34.393+0000] {logging_mixin.py:188} INFO - [2024-12-30T15:41:34.393+0000] {dag.py:3096} INFO - Sync 1 DAGs
[2024-12-30T15:41:34.422+0000] {logging_mixin.py:188} INFO - [2024-12-30T15:41:34.422+0000] {dag.py:3954} INFO - Setting next_dagrun for e_commerce_dw_etl to 2024-12-30 00:00:00+00:00, run_after=2024-12-31 00:00:00+00:00
[2024-12-30T15:41:34.450+0000] {processor.py:183} INFO - Processing /opt/airflow/dags/e_commerce_dw_dag.py took 0.177 seconds
[2024-12-30T15:42:04.916+0000] {processor.py:161} INFO - Started process (PID=1404) to work on /opt/airflow/dags/e_commerce_dw_dag.py
[2024-12-30T15:42:04.919+0000] {processor.py:830} INFO - Processing file /opt/airflow/dags/e_commerce_dw_dag.py for tasks to queue
[2024-12-30T15:42:04.923+0000] {logging_mixin.py:188} INFO - [2024-12-30T15:42:04.922+0000] {dagbag.py:545} INFO - Filling up the DagBag from /opt/airflow/dags/e_commerce_dw_dag.py
[2024-12-30T15:42:05.041+0000] {processor.py:840} INFO - DAG(s) 'e_commerce_dw_etl' retrieved from /opt/airflow/dags/e_commerce_dw_dag.py
[2024-12-30T15:42:05.086+0000] {logging_mixin.py:188} INFO - [2024-12-30T15:42:05.086+0000] {dag.py:3096} INFO - Sync 1 DAGs
[2024-12-30T15:42:05.167+0000] {logging_mixin.py:188} INFO - [2024-12-30T15:42:05.166+0000] {dag.py:3954} INFO - Setting next_dagrun for e_commerce_dw_etl to 2024-12-30 00:00:00+00:00, run_after=2024-12-31 00:00:00+00:00
[2024-12-30T15:42:05.213+0000] {processor.py:183} INFO - Processing /opt/airflow/dags/e_commerce_dw_dag.py took 0.316 seconds
[2024-12-30T15:42:35.328+0000] {processor.py:161} INFO - Started process (PID=1420) to work on /opt/airflow/dags/e_commerce_dw_dag.py
[2024-12-30T15:42:35.335+0000] {processor.py:830} INFO - Processing file /opt/airflow/dags/e_commerce_dw_dag.py for tasks to queue
[2024-12-30T15:42:35.338+0000] {logging_mixin.py:188} INFO - [2024-12-30T15:42:35.338+0000] {dagbag.py:545} INFO - Filling up the DagBag from /opt/airflow/dags/e_commerce_dw_dag.py
[2024-12-30T15:42:35.413+0000] {processor.py:840} INFO - DAG(s) 'e_commerce_dw_etl' retrieved from /opt/airflow/dags/e_commerce_dw_dag.py
[2024-12-30T15:42:35.447+0000] {logging_mixin.py:188} INFO - [2024-12-30T15:42:35.446+0000] {dag.py:3096} INFO - Sync 1 DAGs
[2024-12-30T15:42:35.473+0000] {logging_mixin.py:188} INFO - [2024-12-30T15:42:35.473+0000] {dag.py:3954} INFO - Setting next_dagrun for e_commerce_dw_etl to 2024-12-30 00:00:00+00:00, run_after=2024-12-31 00:00:00+00:00
[2024-12-30T15:42:35.502+0000] {processor.py:183} INFO - Processing /opt/airflow/dags/e_commerce_dw_dag.py took 0.184 seconds
[2024-12-30T15:43:05.566+0000] {processor.py:161} INFO - Started process (PID=1436) to work on /opt/airflow/dags/e_commerce_dw_dag.py
[2024-12-30T15:43:05.568+0000] {processor.py:830} INFO - Processing file /opt/airflow/dags/e_commerce_dw_dag.py for tasks to queue
[2024-12-30T15:43:05.571+0000] {logging_mixin.py:188} INFO - [2024-12-30T15:43:05.571+0000] {dagbag.py:545} INFO - Filling up the DagBag from /opt/airflow/dags/e_commerce_dw_dag.py
[2024-12-30T15:43:05.654+0000] {processor.py:840} INFO - DAG(s) 'e_commerce_dw_etl' retrieved from /opt/airflow/dags/e_commerce_dw_dag.py
[2024-12-30T15:43:05.693+0000] {logging_mixin.py:188} INFO - [2024-12-30T15:43:05.693+0000] {dag.py:3096} INFO - Sync 1 DAGs
[2024-12-30T15:43:05.719+0000] {logging_mixin.py:188} INFO - [2024-12-30T15:43:05.719+0000] {dag.py:3954} INFO - Setting next_dagrun for e_commerce_dw_etl to 2024-12-30 00:00:00+00:00, run_after=2024-12-31 00:00:00+00:00
[2024-12-30T15:43:05.744+0000] {processor.py:183} INFO - Processing /opt/airflow/dags/e_commerce_dw_dag.py took 0.189 seconds
[2024-12-30T15:43:36.034+0000] {processor.py:161} INFO - Started process (PID=1452) to work on /opt/airflow/dags/e_commerce_dw_dag.py
[2024-12-30T15:43:36.035+0000] {processor.py:830} INFO - Processing file /opt/airflow/dags/e_commerce_dw_dag.py for tasks to queue
[2024-12-30T15:43:36.038+0000] {logging_mixin.py:188} INFO - [2024-12-30T15:43:36.037+0000] {dagbag.py:545} INFO - Filling up the DagBag from /opt/airflow/dags/e_commerce_dw_dag.py
[2024-12-30T15:43:36.116+0000] {processor.py:840} INFO - DAG(s) 'e_commerce_dw_etl' retrieved from /opt/airflow/dags/e_commerce_dw_dag.py
[2024-12-30T15:43:36.160+0000] {logging_mixin.py:188} INFO - [2024-12-30T15:43:36.159+0000] {dag.py:3096} INFO - Sync 1 DAGs
[2024-12-30T15:43:36.196+0000] {logging_mixin.py:188} INFO - [2024-12-30T15:43:36.196+0000] {dag.py:3954} INFO - Setting next_dagrun for e_commerce_dw_etl to 2024-12-30 00:00:00+00:00, run_after=2024-12-31 00:00:00+00:00
[2024-12-30T15:43:36.228+0000] {processor.py:183} INFO - Processing /opt/airflow/dags/e_commerce_dw_dag.py took 0.204 seconds
