[2024-12-30T15:04:01.861+0000] {processor.py:161} INFO - Started process (PID=185) to work on /opt/airflow/dags/extract_data.py
[2024-12-30T15:04:01.865+0000] {processor.py:830} INFO - Processing file /opt/airflow/dags/extract_data.py for tasks to queue
[2024-12-30T15:04:01.871+0000] {logging_mixin.py:188} INFO - [2024-12-30T15:04:01.871+0000] {dagbag.py:545} INFO - Filling up the DagBag from /opt/airflow/dags/extract_data.py
[2024-12-30T15:04:02.031+0000] {processor.py:842} WARNING - No viable dags retrieved from /opt/airflow/dags/extract_data.py
[2024-12-30T15:04:02.068+0000] {processor.py:183} INFO - Processing /opt/airflow/dags/extract_data.py took 0.229 seconds
[2024-12-30T15:04:32.309+0000] {processor.py:161} INFO - Started process (PID=203) to work on /opt/airflow/dags/extract_data.py
[2024-12-30T15:04:32.311+0000] {processor.py:830} INFO - Processing file /opt/airflow/dags/extract_data.py for tasks to queue
[2024-12-30T15:04:32.314+0000] {logging_mixin.py:188} INFO - [2024-12-30T15:04:32.313+0000] {dagbag.py:545} INFO - Filling up the DagBag from /opt/airflow/dags/extract_data.py
[2024-12-30T15:04:32.347+0000] {processor.py:842} WARNING - No viable dags retrieved from /opt/airflow/dags/extract_data.py
[2024-12-30T15:04:32.369+0000] {processor.py:183} INFO - Processing /opt/airflow/dags/extract_data.py took 0.071 seconds
[2024-12-30T15:05:02.700+0000] {processor.py:161} INFO - Started process (PID=219) to work on /opt/airflow/dags/extract_data.py
[2024-12-30T15:05:02.702+0000] {processor.py:830} INFO - Processing file /opt/airflow/dags/extract_data.py for tasks to queue
[2024-12-30T15:05:02.705+0000] {logging_mixin.py:188} INFO - [2024-12-30T15:05:02.704+0000] {dagbag.py:545} INFO - Filling up the DagBag from /opt/airflow/dags/extract_data.py
[2024-12-30T15:05:02.727+0000] {processor.py:842} WARNING - No viable dags retrieved from /opt/airflow/dags/extract_data.py
[2024-12-30T15:05:02.746+0000] {processor.py:183} INFO - Processing /opt/airflow/dags/extract_data.py took 0.054 seconds
[2024-12-30T15:05:33.098+0000] {processor.py:161} INFO - Started process (PID=235) to work on /opt/airflow/dags/extract_data.py
[2024-12-30T15:05:33.099+0000] {processor.py:830} INFO - Processing file /opt/airflow/dags/extract_data.py for tasks to queue
[2024-12-30T15:05:33.102+0000] {logging_mixin.py:188} INFO - [2024-12-30T15:05:33.101+0000] {dagbag.py:545} INFO - Filling up the DagBag from /opt/airflow/dags/extract_data.py
[2024-12-30T15:05:33.127+0000] {processor.py:842} WARNING - No viable dags retrieved from /opt/airflow/dags/extract_data.py
[2024-12-30T15:05:33.146+0000] {processor.py:183} INFO - Processing /opt/airflow/dags/extract_data.py took 0.054 seconds
[2024-12-30T15:06:03.484+0000] {processor.py:161} INFO - Started process (PID=251) to work on /opt/airflow/dags/extract_data.py
[2024-12-30T15:06:03.485+0000] {processor.py:830} INFO - Processing file /opt/airflow/dags/extract_data.py for tasks to queue
[2024-12-30T15:06:03.487+0000] {logging_mixin.py:188} INFO - [2024-12-30T15:06:03.487+0000] {dagbag.py:545} INFO - Filling up the DagBag from /opt/airflow/dags/extract_data.py
[2024-12-30T15:06:03.504+0000] {processor.py:842} WARNING - No viable dags retrieved from /opt/airflow/dags/extract_data.py
[2024-12-30T15:06:03.518+0000] {processor.py:183} INFO - Processing /opt/airflow/dags/extract_data.py took 0.040 seconds
[2024-12-30T15:06:33.855+0000] {processor.py:161} INFO - Started process (PID=267) to work on /opt/airflow/dags/extract_data.py
[2024-12-30T15:06:33.857+0000] {processor.py:830} INFO - Processing file /opt/airflow/dags/extract_data.py for tasks to queue
[2024-12-30T15:06:33.862+0000] {logging_mixin.py:188} INFO - [2024-12-30T15:06:33.861+0000] {dagbag.py:545} INFO - Filling up the DagBag from /opt/airflow/dags/extract_data.py
[2024-12-30T15:06:33.884+0000] {processor.py:842} WARNING - No viable dags retrieved from /opt/airflow/dags/extract_data.py
[2024-12-30T15:06:33.903+0000] {processor.py:183} INFO - Processing /opt/airflow/dags/extract_data.py took 0.058 seconds
[2024-12-30T15:07:04.227+0000] {processor.py:161} INFO - Started process (PID=291) to work on /opt/airflow/dags/extract_data.py
[2024-12-30T15:07:04.228+0000] {processor.py:830} INFO - Processing file /opt/airflow/dags/extract_data.py for tasks to queue
[2024-12-30T15:07:04.232+0000] {logging_mixin.py:188} INFO - [2024-12-30T15:07:04.231+0000] {dagbag.py:545} INFO - Filling up the DagBag from /opt/airflow/dags/extract_data.py
[2024-12-30T15:07:04.260+0000] {processor.py:842} WARNING - No viable dags retrieved from /opt/airflow/dags/extract_data.py
[2024-12-30T15:07:04.293+0000] {processor.py:183} INFO - Processing /opt/airflow/dags/extract_data.py took 0.074 seconds
[2024-12-30T15:07:34.632+0000] {processor.py:161} INFO - Started process (PID=307) to work on /opt/airflow/dags/extract_data.py
[2024-12-30T15:07:34.634+0000] {processor.py:830} INFO - Processing file /opt/airflow/dags/extract_data.py for tasks to queue
[2024-12-30T15:07:34.636+0000] {logging_mixin.py:188} INFO - [2024-12-30T15:07:34.636+0000] {dagbag.py:545} INFO - Filling up the DagBag from /opt/airflow/dags/extract_data.py
[2024-12-30T15:07:34.668+0000] {processor.py:842} WARNING - No viable dags retrieved from /opt/airflow/dags/extract_data.py
[2024-12-30T15:07:34.684+0000] {processor.py:183} INFO - Processing /opt/airflow/dags/extract_data.py took 0.058 seconds
[2024-12-30T15:08:05.071+0000] {processor.py:161} INFO - Started process (PID=323) to work on /opt/airflow/dags/extract_data.py
[2024-12-30T15:08:05.072+0000] {processor.py:830} INFO - Processing file /opt/airflow/dags/extract_data.py for tasks to queue
[2024-12-30T15:08:05.074+0000] {logging_mixin.py:188} INFO - [2024-12-30T15:08:05.074+0000] {dagbag.py:545} INFO - Filling up the DagBag from /opt/airflow/dags/extract_data.py
[2024-12-30T15:08:05.107+0000] {processor.py:842} WARNING - No viable dags retrieved from /opt/airflow/dags/extract_data.py
[2024-12-30T15:08:05.123+0000] {processor.py:183} INFO - Processing /opt/airflow/dags/extract_data.py took 0.057 seconds
[2024-12-30T15:08:35.477+0000] {processor.py:161} INFO - Started process (PID=339) to work on /opt/airflow/dags/extract_data.py
[2024-12-30T15:08:35.477+0000] {processor.py:830} INFO - Processing file /opt/airflow/dags/extract_data.py for tasks to queue
[2024-12-30T15:08:35.479+0000] {logging_mixin.py:188} INFO - [2024-12-30T15:08:35.479+0000] {dagbag.py:545} INFO - Filling up the DagBag from /opt/airflow/dags/extract_data.py
[2024-12-30T15:08:35.493+0000] {processor.py:842} WARNING - No viable dags retrieved from /opt/airflow/dags/extract_data.py
[2024-12-30T15:08:35.505+0000] {processor.py:183} INFO - Processing /opt/airflow/dags/extract_data.py took 0.034 seconds
[2024-12-30T15:09:05.902+0000] {processor.py:161} INFO - Started process (PID=355) to work on /opt/airflow/dags/extract_data.py
[2024-12-30T15:09:05.903+0000] {processor.py:830} INFO - Processing file /opt/airflow/dags/extract_data.py for tasks to queue
[2024-12-30T15:09:05.906+0000] {logging_mixin.py:188} INFO - [2024-12-30T15:09:05.905+0000] {dagbag.py:545} INFO - Filling up the DagBag from /opt/airflow/dags/extract_data.py
[2024-12-30T15:09:05.938+0000] {processor.py:842} WARNING - No viable dags retrieved from /opt/airflow/dags/extract_data.py
[2024-12-30T15:09:05.955+0000] {processor.py:183} INFO - Processing /opt/airflow/dags/extract_data.py took 0.059 seconds
[2024-12-30T15:09:36.354+0000] {processor.py:161} INFO - Started process (PID=371) to work on /opt/airflow/dags/extract_data.py
[2024-12-30T15:09:36.355+0000] {processor.py:830} INFO - Processing file /opt/airflow/dags/extract_data.py for tasks to queue
[2024-12-30T15:09:36.357+0000] {logging_mixin.py:188} INFO - [2024-12-30T15:09:36.357+0000] {dagbag.py:545} INFO - Filling up the DagBag from /opt/airflow/dags/extract_data.py
[2024-12-30T15:09:36.375+0000] {processor.py:842} WARNING - No viable dags retrieved from /opt/airflow/dags/extract_data.py
[2024-12-30T15:09:36.389+0000] {processor.py:183} INFO - Processing /opt/airflow/dags/extract_data.py took 0.042 seconds
[2024-12-30T15:10:06.716+0000] {processor.py:161} INFO - Started process (PID=387) to work on /opt/airflow/dags/extract_data.py
[2024-12-30T15:10:06.717+0000] {processor.py:830} INFO - Processing file /opt/airflow/dags/extract_data.py for tasks to queue
[2024-12-30T15:10:06.720+0000] {logging_mixin.py:188} INFO - [2024-12-30T15:10:06.719+0000] {dagbag.py:545} INFO - Filling up the DagBag from /opt/airflow/dags/extract_data.py
[2024-12-30T15:10:06.743+0000] {processor.py:842} WARNING - No viable dags retrieved from /opt/airflow/dags/extract_data.py
[2024-12-30T15:10:06.757+0000] {processor.py:183} INFO - Processing /opt/airflow/dags/extract_data.py took 0.046 seconds
[2024-12-30T15:10:37.120+0000] {processor.py:161} INFO - Started process (PID=403) to work on /opt/airflow/dags/extract_data.py
[2024-12-30T15:10:37.121+0000] {processor.py:830} INFO - Processing file /opt/airflow/dags/extract_data.py for tasks to queue
[2024-12-30T15:10:37.124+0000] {logging_mixin.py:188} INFO - [2024-12-30T15:10:37.123+0000] {dagbag.py:545} INFO - Filling up the DagBag from /opt/airflow/dags/extract_data.py
[2024-12-30T15:10:37.151+0000] {processor.py:842} WARNING - No viable dags retrieved from /opt/airflow/dags/extract_data.py
[2024-12-30T15:10:37.167+0000] {processor.py:183} INFO - Processing /opt/airflow/dags/extract_data.py took 0.052 seconds
[2024-12-30T15:11:07.505+0000] {processor.py:161} INFO - Started process (PID=419) to work on /opt/airflow/dags/extract_data.py
[2024-12-30T15:11:07.506+0000] {processor.py:830} INFO - Processing file /opt/airflow/dags/extract_data.py for tasks to queue
[2024-12-30T15:11:07.509+0000] {logging_mixin.py:188} INFO - [2024-12-30T15:11:07.508+0000] {dagbag.py:545} INFO - Filling up the DagBag from /opt/airflow/dags/extract_data.py
[2024-12-30T15:11:07.530+0000] {processor.py:842} WARNING - No viable dags retrieved from /opt/airflow/dags/extract_data.py
[2024-12-30T15:11:07.548+0000] {processor.py:183} INFO - Processing /opt/airflow/dags/extract_data.py took 0.050 seconds
[2024-12-30T15:11:37.875+0000] {processor.py:161} INFO - Started process (PID=435) to work on /opt/airflow/dags/extract_data.py
[2024-12-30T15:11:37.877+0000] {processor.py:830} INFO - Processing file /opt/airflow/dags/extract_data.py for tasks to queue
[2024-12-30T15:11:37.879+0000] {logging_mixin.py:188} INFO - [2024-12-30T15:11:37.878+0000] {dagbag.py:545} INFO - Filling up the DagBag from /opt/airflow/dags/extract_data.py
[2024-12-30T15:11:37.895+0000] {processor.py:842} WARNING - No viable dags retrieved from /opt/airflow/dags/extract_data.py
[2024-12-30T15:11:37.908+0000] {processor.py:183} INFO - Processing /opt/airflow/dags/extract_data.py took 0.039 seconds
[2024-12-30T15:12:08.298+0000] {processor.py:161} INFO - Started process (PID=451) to work on /opt/airflow/dags/extract_data.py
[2024-12-30T15:12:08.299+0000] {processor.py:830} INFO - Processing file /opt/airflow/dags/extract_data.py for tasks to queue
[2024-12-30T15:12:08.301+0000] {logging_mixin.py:188} INFO - [2024-12-30T15:12:08.301+0000] {dagbag.py:545} INFO - Filling up the DagBag from /opt/airflow/dags/extract_data.py
[2024-12-30T15:12:08.319+0000] {processor.py:842} WARNING - No viable dags retrieved from /opt/airflow/dags/extract_data.py
[2024-12-30T15:12:08.332+0000] {processor.py:183} INFO - Processing /opt/airflow/dags/extract_data.py took 0.040 seconds
[2024-12-30T15:12:38.709+0000] {processor.py:161} INFO - Started process (PID=467) to work on /opt/airflow/dags/extract_data.py
[2024-12-30T15:12:38.710+0000] {processor.py:830} INFO - Processing file /opt/airflow/dags/extract_data.py for tasks to queue
[2024-12-30T15:12:38.712+0000] {logging_mixin.py:188} INFO - [2024-12-30T15:12:38.712+0000] {dagbag.py:545} INFO - Filling up the DagBag from /opt/airflow/dags/extract_data.py
[2024-12-30T15:12:38.729+0000] {processor.py:842} WARNING - No viable dags retrieved from /opt/airflow/dags/extract_data.py
[2024-12-30T15:12:38.744+0000] {processor.py:183} INFO - Processing /opt/airflow/dags/extract_data.py took 0.041 seconds
[2024-12-30T15:13:09.454+0000] {processor.py:161} INFO - Started process (PID=483) to work on /opt/airflow/dags/extract_data.py
[2024-12-30T15:13:09.455+0000] {processor.py:830} INFO - Processing file /opt/airflow/dags/extract_data.py for tasks to queue
[2024-12-30T15:13:09.458+0000] {logging_mixin.py:188} INFO - [2024-12-30T15:13:09.457+0000] {dagbag.py:545} INFO - Filling up the DagBag from /opt/airflow/dags/extract_data.py
[2024-12-30T15:13:09.477+0000] {processor.py:842} WARNING - No viable dags retrieved from /opt/airflow/dags/extract_data.py
[2024-12-30T15:13:09.489+0000] {processor.py:183} INFO - Processing /opt/airflow/dags/extract_data.py took 0.041 seconds
[2024-12-30T15:13:39.857+0000] {processor.py:161} INFO - Started process (PID=499) to work on /opt/airflow/dags/extract_data.py
[2024-12-30T15:13:39.858+0000] {processor.py:830} INFO - Processing file /opt/airflow/dags/extract_data.py for tasks to queue
[2024-12-30T15:13:39.861+0000] {logging_mixin.py:188} INFO - [2024-12-30T15:13:39.861+0000] {dagbag.py:545} INFO - Filling up the DagBag from /opt/airflow/dags/extract_data.py
[2024-12-30T15:13:39.887+0000] {processor.py:842} WARNING - No viable dags retrieved from /opt/airflow/dags/extract_data.py
[2024-12-30T15:13:39.903+0000] {processor.py:183} INFO - Processing /opt/airflow/dags/extract_data.py took 0.052 seconds
[2024-12-30T15:14:10.368+0000] {processor.py:161} INFO - Started process (PID=515) to work on /opt/airflow/dags/extract_data.py
[2024-12-30T15:14:10.369+0000] {processor.py:830} INFO - Processing file /opt/airflow/dags/extract_data.py for tasks to queue
[2024-12-30T15:14:10.371+0000] {logging_mixin.py:188} INFO - [2024-12-30T15:14:10.370+0000] {dagbag.py:545} INFO - Filling up the DagBag from /opt/airflow/dags/extract_data.py
[2024-12-30T15:14:10.391+0000] {processor.py:842} WARNING - No viable dags retrieved from /opt/airflow/dags/extract_data.py
[2024-12-30T15:14:10.403+0000] {processor.py:183} INFO - Processing /opt/airflow/dags/extract_data.py took 0.040 seconds
[2024-12-30T15:14:40.775+0000] {processor.py:161} INFO - Started process (PID=531) to work on /opt/airflow/dags/extract_data.py
[2024-12-30T15:14:40.776+0000] {processor.py:830} INFO - Processing file /opt/airflow/dags/extract_data.py for tasks to queue
[2024-12-30T15:14:40.779+0000] {logging_mixin.py:188} INFO - [2024-12-30T15:14:40.778+0000] {dagbag.py:545} INFO - Filling up the DagBag from /opt/airflow/dags/extract_data.py
[2024-12-30T15:14:40.805+0000] {processor.py:842} WARNING - No viable dags retrieved from /opt/airflow/dags/extract_data.py
[2024-12-30T15:14:40.822+0000] {processor.py:183} INFO - Processing /opt/airflow/dags/extract_data.py took 0.052 seconds
[2024-12-30T15:15:11.173+0000] {processor.py:161} INFO - Started process (PID=547) to work on /opt/airflow/dags/extract_data.py
[2024-12-30T15:15:11.174+0000] {processor.py:830} INFO - Processing file /opt/airflow/dags/extract_data.py for tasks to queue
[2024-12-30T15:15:11.176+0000] {logging_mixin.py:188} INFO - [2024-12-30T15:15:11.176+0000] {dagbag.py:545} INFO - Filling up the DagBag from /opt/airflow/dags/extract_data.py
[2024-12-30T15:15:11.197+0000] {processor.py:842} WARNING - No viable dags retrieved from /opt/airflow/dags/extract_data.py
[2024-12-30T15:15:11.211+0000] {processor.py:183} INFO - Processing /opt/airflow/dags/extract_data.py took 0.045 seconds
[2024-12-30T15:15:41.595+0000] {processor.py:161} INFO - Started process (PID=563) to work on /opt/airflow/dags/extract_data.py
[2024-12-30T15:15:41.596+0000] {processor.py:830} INFO - Processing file /opt/airflow/dags/extract_data.py for tasks to queue
[2024-12-30T15:15:41.597+0000] {logging_mixin.py:188} INFO - [2024-12-30T15:15:41.597+0000] {dagbag.py:545} INFO - Filling up the DagBag from /opt/airflow/dags/extract_data.py
[2024-12-30T15:15:41.617+0000] {processor.py:842} WARNING - No viable dags retrieved from /opt/airflow/dags/extract_data.py
[2024-12-30T15:15:41.632+0000] {processor.py:183} INFO - Processing /opt/airflow/dags/extract_data.py took 0.043 seconds
[2024-12-30T15:16:11.987+0000] {processor.py:161} INFO - Started process (PID=579) to work on /opt/airflow/dags/extract_data.py
[2024-12-30T15:16:11.988+0000] {processor.py:830} INFO - Processing file /opt/airflow/dags/extract_data.py for tasks to queue
[2024-12-30T15:16:11.990+0000] {logging_mixin.py:188} INFO - [2024-12-30T15:16:11.989+0000] {dagbag.py:545} INFO - Filling up the DagBag from /opt/airflow/dags/extract_data.py
[2024-12-30T15:16:12.005+0000] {processor.py:842} WARNING - No viable dags retrieved from /opt/airflow/dags/extract_data.py
[2024-12-30T15:16:12.020+0000] {processor.py:183} INFO - Processing /opt/airflow/dags/extract_data.py took 0.040 seconds
[2024-12-30T15:16:42.412+0000] {processor.py:161} INFO - Started process (PID=595) to work on /opt/airflow/dags/extract_data.py
[2024-12-30T15:16:42.413+0000] {processor.py:830} INFO - Processing file /opt/airflow/dags/extract_data.py for tasks to queue
[2024-12-30T15:16:42.415+0000] {logging_mixin.py:188} INFO - [2024-12-30T15:16:42.415+0000] {dagbag.py:545} INFO - Filling up the DagBag from /opt/airflow/dags/extract_data.py
[2024-12-30T15:16:42.445+0000] {processor.py:842} WARNING - No viable dags retrieved from /opt/airflow/dags/extract_data.py
[2024-12-30T15:16:42.459+0000] {processor.py:183} INFO - Processing /opt/airflow/dags/extract_data.py took 0.054 seconds
[2024-12-30T15:17:12.852+0000] {processor.py:161} INFO - Started process (PID=611) to work on /opt/airflow/dags/extract_data.py
[2024-12-30T15:17:12.853+0000] {processor.py:830} INFO - Processing file /opt/airflow/dags/extract_data.py for tasks to queue
[2024-12-30T15:17:12.855+0000] {logging_mixin.py:188} INFO - [2024-12-30T15:17:12.855+0000] {dagbag.py:545} INFO - Filling up the DagBag from /opt/airflow/dags/extract_data.py
[2024-12-30T15:17:12.873+0000] {processor.py:842} WARNING - No viable dags retrieved from /opt/airflow/dags/extract_data.py
[2024-12-30T15:17:12.888+0000] {processor.py:183} INFO - Processing /opt/airflow/dags/extract_data.py took 0.042 seconds
[2024-12-30T15:17:43.239+0000] {processor.py:161} INFO - Started process (PID=627) to work on /opt/airflow/dags/extract_data.py
[2024-12-30T15:17:43.240+0000] {processor.py:830} INFO - Processing file /opt/airflow/dags/extract_data.py for tasks to queue
[2024-12-30T15:17:43.243+0000] {logging_mixin.py:188} INFO - [2024-12-30T15:17:43.243+0000] {dagbag.py:545} INFO - Filling up the DagBag from /opt/airflow/dags/extract_data.py
[2024-12-30T15:17:43.258+0000] {processor.py:842} WARNING - No viable dags retrieved from /opt/airflow/dags/extract_data.py
[2024-12-30T15:17:43.277+0000] {processor.py:183} INFO - Processing /opt/airflow/dags/extract_data.py took 0.045 seconds
[2024-12-30T15:18:13.620+0000] {processor.py:161} INFO - Started process (PID=643) to work on /opt/airflow/dags/extract_data.py
[2024-12-30T15:18:13.621+0000] {processor.py:830} INFO - Processing file /opt/airflow/dags/extract_data.py for tasks to queue
[2024-12-30T15:18:13.623+0000] {logging_mixin.py:188} INFO - [2024-12-30T15:18:13.623+0000] {dagbag.py:545} INFO - Filling up the DagBag from /opt/airflow/dags/extract_data.py
[2024-12-30T15:18:13.640+0000] {processor.py:842} WARNING - No viable dags retrieved from /opt/airflow/dags/extract_data.py
[2024-12-30T15:18:13.654+0000] {processor.py:183} INFO - Processing /opt/airflow/dags/extract_data.py took 0.041 seconds
[2024-12-30T15:18:44.001+0000] {processor.py:161} INFO - Started process (PID=659) to work on /opt/airflow/dags/extract_data.py
[2024-12-30T15:18:44.002+0000] {processor.py:830} INFO - Processing file /opt/airflow/dags/extract_data.py for tasks to queue
[2024-12-30T15:18:44.004+0000] {logging_mixin.py:188} INFO - [2024-12-30T15:18:44.004+0000] {dagbag.py:545} INFO - Filling up the DagBag from /opt/airflow/dags/extract_data.py
[2024-12-30T15:18:44.032+0000] {processor.py:842} WARNING - No viable dags retrieved from /opt/airflow/dags/extract_data.py
[2024-12-30T15:18:44.049+0000] {processor.py:183} INFO - Processing /opt/airflow/dags/extract_data.py took 0.054 seconds
[2024-12-30T15:19:14.524+0000] {processor.py:161} INFO - Started process (PID=675) to work on /opt/airflow/dags/extract_data.py
[2024-12-30T15:19:14.525+0000] {processor.py:830} INFO - Processing file /opt/airflow/dags/extract_data.py for tasks to queue
[2024-12-30T15:19:14.526+0000] {logging_mixin.py:188} INFO - [2024-12-30T15:19:14.526+0000] {dagbag.py:545} INFO - Filling up the DagBag from /opt/airflow/dags/extract_data.py
[2024-12-30T15:19:14.542+0000] {processor.py:842} WARNING - No viable dags retrieved from /opt/airflow/dags/extract_data.py
[2024-12-30T15:19:14.554+0000] {processor.py:183} INFO - Processing /opt/airflow/dags/extract_data.py took 0.036 seconds
[2024-12-30T15:19:44.950+0000] {processor.py:161} INFO - Started process (PID=691) to work on /opt/airflow/dags/extract_data.py
[2024-12-30T15:19:44.952+0000] {processor.py:830} INFO - Processing file /opt/airflow/dags/extract_data.py for tasks to queue
[2024-12-30T15:19:44.955+0000] {logging_mixin.py:188} INFO - [2024-12-30T15:19:44.954+0000] {dagbag.py:545} INFO - Filling up the DagBag from /opt/airflow/dags/extract_data.py
[2024-12-30T15:19:44.980+0000] {processor.py:842} WARNING - No viable dags retrieved from /opt/airflow/dags/extract_data.py
[2024-12-30T15:19:45.001+0000] {processor.py:183} INFO - Processing /opt/airflow/dags/extract_data.py took 0.075 seconds
[2024-12-30T15:20:15.359+0000] {processor.py:161} INFO - Started process (PID=707) to work on /opt/airflow/dags/extract_data.py
[2024-12-30T15:20:15.361+0000] {processor.py:830} INFO - Processing file /opt/airflow/dags/extract_data.py for tasks to queue
[2024-12-30T15:20:15.363+0000] {logging_mixin.py:188} INFO - [2024-12-30T15:20:15.362+0000] {dagbag.py:545} INFO - Filling up the DagBag from /opt/airflow/dags/extract_data.py
[2024-12-30T15:20:15.393+0000] {processor.py:842} WARNING - No viable dags retrieved from /opt/airflow/dags/extract_data.py
[2024-12-30T15:20:15.409+0000] {processor.py:183} INFO - Processing /opt/airflow/dags/extract_data.py took 0.056 seconds
[2024-12-30T15:20:45.760+0000] {processor.py:161} INFO - Started process (PID=723) to work on /opt/airflow/dags/extract_data.py
[2024-12-30T15:20:45.761+0000] {processor.py:830} INFO - Processing file /opt/airflow/dags/extract_data.py for tasks to queue
[2024-12-30T15:20:45.763+0000] {logging_mixin.py:188} INFO - [2024-12-30T15:20:45.763+0000] {dagbag.py:545} INFO - Filling up the DagBag from /opt/airflow/dags/extract_data.py
[2024-12-30T15:20:45.782+0000] {processor.py:842} WARNING - No viable dags retrieved from /opt/airflow/dags/extract_data.py
[2024-12-30T15:20:45.800+0000] {processor.py:183} INFO - Processing /opt/airflow/dags/extract_data.py took 0.046 seconds
[2024-12-30T15:21:16.175+0000] {processor.py:161} INFO - Started process (PID=739) to work on /opt/airflow/dags/extract_data.py
[2024-12-30T15:21:16.176+0000] {processor.py:830} INFO - Processing file /opt/airflow/dags/extract_data.py for tasks to queue
[2024-12-30T15:21:16.178+0000] {logging_mixin.py:188} INFO - [2024-12-30T15:21:16.178+0000] {dagbag.py:545} INFO - Filling up the DagBag from /opt/airflow/dags/extract_data.py
[2024-12-30T15:21:16.194+0000] {processor.py:842} WARNING - No viable dags retrieved from /opt/airflow/dags/extract_data.py
[2024-12-30T15:21:16.210+0000] {processor.py:183} INFO - Processing /opt/airflow/dags/extract_data.py took 0.041 seconds
[2024-12-30T15:21:46.562+0000] {processor.py:161} INFO - Started process (PID=755) to work on /opt/airflow/dags/extract_data.py
[2024-12-30T15:21:46.563+0000] {processor.py:830} INFO - Processing file /opt/airflow/dags/extract_data.py for tasks to queue
[2024-12-30T15:21:46.564+0000] {logging_mixin.py:188} INFO - [2024-12-30T15:21:46.564+0000] {dagbag.py:545} INFO - Filling up the DagBag from /opt/airflow/dags/extract_data.py
[2024-12-30T15:21:46.582+0000] {processor.py:842} WARNING - No viable dags retrieved from /opt/airflow/dags/extract_data.py
[2024-12-30T15:21:46.598+0000] {processor.py:183} INFO - Processing /opt/airflow/dags/extract_data.py took 0.042 seconds
[2024-12-30T15:22:16.965+0000] {processor.py:161} INFO - Started process (PID=771) to work on /opt/airflow/dags/extract_data.py
[2024-12-30T15:22:16.966+0000] {processor.py:830} INFO - Processing file /opt/airflow/dags/extract_data.py for tasks to queue
[2024-12-30T15:22:16.968+0000] {logging_mixin.py:188} INFO - [2024-12-30T15:22:16.968+0000] {dagbag.py:545} INFO - Filling up the DagBag from /opt/airflow/dags/extract_data.py
[2024-12-30T15:22:16.985+0000] {processor.py:842} WARNING - No viable dags retrieved from /opt/airflow/dags/extract_data.py
[2024-12-30T15:22:16.998+0000] {processor.py:183} INFO - Processing /opt/airflow/dags/extract_data.py took 0.039 seconds
[2024-12-30T15:22:47.356+0000] {processor.py:161} INFO - Started process (PID=787) to work on /opt/airflow/dags/extract_data.py
[2024-12-30T15:22:47.357+0000] {processor.py:830} INFO - Processing file /opt/airflow/dags/extract_data.py for tasks to queue
[2024-12-30T15:22:47.359+0000] {logging_mixin.py:188} INFO - [2024-12-30T15:22:47.359+0000] {dagbag.py:545} INFO - Filling up the DagBag from /opt/airflow/dags/extract_data.py
[2024-12-30T15:22:47.374+0000] {processor.py:842} WARNING - No viable dags retrieved from /opt/airflow/dags/extract_data.py
[2024-12-30T15:22:47.387+0000] {processor.py:183} INFO - Processing /opt/airflow/dags/extract_data.py took 0.037 seconds
[2024-12-30T15:23:17.687+0000] {processor.py:161} INFO - Started process (PID=803) to work on /opt/airflow/dags/extract_data.py
[2024-12-30T15:23:17.688+0000] {processor.py:830} INFO - Processing file /opt/airflow/dags/extract_data.py for tasks to queue
[2024-12-30T15:23:17.689+0000] {logging_mixin.py:188} INFO - [2024-12-30T15:23:17.689+0000] {dagbag.py:545} INFO - Filling up the DagBag from /opt/airflow/dags/extract_data.py
[2024-12-30T15:23:17.709+0000] {processor.py:842} WARNING - No viable dags retrieved from /opt/airflow/dags/extract_data.py
[2024-12-30T15:23:17.724+0000] {processor.py:183} INFO - Processing /opt/airflow/dags/extract_data.py took 0.043 seconds
[2024-12-30T15:23:48.089+0000] {processor.py:161} INFO - Started process (PID=819) to work on /opt/airflow/dags/extract_data.py
[2024-12-30T15:23:48.090+0000] {processor.py:830} INFO - Processing file /opt/airflow/dags/extract_data.py for tasks to queue
[2024-12-30T15:23:48.092+0000] {logging_mixin.py:188} INFO - [2024-12-30T15:23:48.092+0000] {dagbag.py:545} INFO - Filling up the DagBag from /opt/airflow/dags/extract_data.py
[2024-12-30T15:23:48.118+0000] {processor.py:842} WARNING - No viable dags retrieved from /opt/airflow/dags/extract_data.py
[2024-12-30T15:23:48.132+0000] {processor.py:183} INFO - Processing /opt/airflow/dags/extract_data.py took 0.050 seconds
[2024-12-30T15:24:18.635+0000] {processor.py:161} INFO - Started process (PID=835) to work on /opt/airflow/dags/extract_data.py
[2024-12-30T15:24:18.637+0000] {processor.py:830} INFO - Processing file /opt/airflow/dags/extract_data.py for tasks to queue
[2024-12-30T15:24:18.639+0000] {logging_mixin.py:188} INFO - [2024-12-30T15:24:18.638+0000] {dagbag.py:545} INFO - Filling up the DagBag from /opt/airflow/dags/extract_data.py
[2024-12-30T15:24:18.670+0000] {processor.py:842} WARNING - No viable dags retrieved from /opt/airflow/dags/extract_data.py
[2024-12-30T15:24:18.687+0000] {processor.py:183} INFO - Processing /opt/airflow/dags/extract_data.py took 0.059 seconds
[2024-12-30T15:24:49.016+0000] {processor.py:161} INFO - Started process (PID=852) to work on /opt/airflow/dags/extract_data.py
[2024-12-30T15:24:49.017+0000] {processor.py:830} INFO - Processing file /opt/airflow/dags/extract_data.py for tasks to queue
[2024-12-30T15:24:49.020+0000] {logging_mixin.py:188} INFO - [2024-12-30T15:24:49.019+0000] {dagbag.py:545} INFO - Filling up the DagBag from /opt/airflow/dags/extract_data.py
[2024-12-30T15:24:49.046+0000] {processor.py:842} WARNING - No viable dags retrieved from /opt/airflow/dags/extract_data.py
[2024-12-30T15:24:49.063+0000] {processor.py:183} INFO - Processing /opt/airflow/dags/extract_data.py took 0.053 seconds
[2024-12-30T15:25:19.397+0000] {processor.py:161} INFO - Started process (PID=869) to work on /opt/airflow/dags/extract_data.py
[2024-12-30T15:25:19.398+0000] {processor.py:830} INFO - Processing file /opt/airflow/dags/extract_data.py for tasks to queue
[2024-12-30T15:25:19.401+0000] {logging_mixin.py:188} INFO - [2024-12-30T15:25:19.400+0000] {dagbag.py:545} INFO - Filling up the DagBag from /opt/airflow/dags/extract_data.py
[2024-12-30T15:25:19.420+0000] {processor.py:842} WARNING - No viable dags retrieved from /opt/airflow/dags/extract_data.py
[2024-12-30T15:25:19.435+0000] {processor.py:183} INFO - Processing /opt/airflow/dags/extract_data.py took 0.044 seconds
[2024-12-30T15:25:49.782+0000] {processor.py:161} INFO - Started process (PID=885) to work on /opt/airflow/dags/extract_data.py
[2024-12-30T15:25:49.782+0000] {processor.py:830} INFO - Processing file /opt/airflow/dags/extract_data.py for tasks to queue
[2024-12-30T15:25:49.784+0000] {logging_mixin.py:188} INFO - [2024-12-30T15:25:49.784+0000] {dagbag.py:545} INFO - Filling up the DagBag from /opt/airflow/dags/extract_data.py
[2024-12-30T15:25:49.800+0000] {processor.py:842} WARNING - No viable dags retrieved from /opt/airflow/dags/extract_data.py
[2024-12-30T15:25:49.813+0000] {processor.py:183} INFO - Processing /opt/airflow/dags/extract_data.py took 0.037 seconds
[2024-12-30T15:26:20.177+0000] {processor.py:161} INFO - Started process (PID=901) to work on /opt/airflow/dags/extract_data.py
[2024-12-30T15:26:20.180+0000] {processor.py:830} INFO - Processing file /opt/airflow/dags/extract_data.py for tasks to queue
[2024-12-30T15:26:20.184+0000] {logging_mixin.py:188} INFO - [2024-12-30T15:26:20.183+0000] {dagbag.py:545} INFO - Filling up the DagBag from /opt/airflow/dags/extract_data.py
[2024-12-30T15:26:20.207+0000] {processor.py:842} WARNING - No viable dags retrieved from /opt/airflow/dags/extract_data.py
[2024-12-30T15:26:20.227+0000] {processor.py:183} INFO - Processing /opt/airflow/dags/extract_data.py took 0.065 seconds
[2024-12-30T15:26:50.574+0000] {processor.py:161} INFO - Started process (PID=917) to work on /opt/airflow/dags/extract_data.py
[2024-12-30T15:26:50.576+0000] {processor.py:830} INFO - Processing file /opt/airflow/dags/extract_data.py for tasks to queue
[2024-12-30T15:26:50.579+0000] {logging_mixin.py:188} INFO - [2024-12-30T15:26:50.578+0000] {dagbag.py:545} INFO - Filling up the DagBag from /opt/airflow/dags/extract_data.py
[2024-12-30T15:26:50.607+0000] {processor.py:842} WARNING - No viable dags retrieved from /opt/airflow/dags/extract_data.py
[2024-12-30T15:26:50.625+0000] {processor.py:183} INFO - Processing /opt/airflow/dags/extract_data.py took 0.057 seconds
[2024-12-30T15:27:20.965+0000] {processor.py:161} INFO - Started process (PID=933) to work on /opt/airflow/dags/extract_data.py
[2024-12-30T15:27:20.965+0000] {processor.py:830} INFO - Processing file /opt/airflow/dags/extract_data.py for tasks to queue
[2024-12-30T15:27:20.968+0000] {logging_mixin.py:188} INFO - [2024-12-30T15:27:20.967+0000] {dagbag.py:545} INFO - Filling up the DagBag from /opt/airflow/dags/extract_data.py
[2024-12-30T15:27:20.984+0000] {processor.py:842} WARNING - No viable dags retrieved from /opt/airflow/dags/extract_data.py
[2024-12-30T15:27:21.000+0000] {processor.py:183} INFO - Processing /opt/airflow/dags/extract_data.py took 0.042 seconds
[2024-12-30T15:27:51.336+0000] {processor.py:161} INFO - Started process (PID=949) to work on /opt/airflow/dags/extract_data.py
[2024-12-30T15:27:51.337+0000] {processor.py:830} INFO - Processing file /opt/airflow/dags/extract_data.py for tasks to queue
[2024-12-30T15:27:51.341+0000] {logging_mixin.py:188} INFO - [2024-12-30T15:27:51.340+0000] {dagbag.py:545} INFO - Filling up the DagBag from /opt/airflow/dags/extract_data.py
[2024-12-30T15:27:51.369+0000] {processor.py:842} WARNING - No viable dags retrieved from /opt/airflow/dags/extract_data.py
[2024-12-30T15:27:51.390+0000] {processor.py:183} INFO - Processing /opt/airflow/dags/extract_data.py took 0.066 seconds
[2024-12-30T15:28:21.726+0000] {processor.py:161} INFO - Started process (PID=965) to work on /opt/airflow/dags/extract_data.py
[2024-12-30T15:28:21.728+0000] {processor.py:830} INFO - Processing file /opt/airflow/dags/extract_data.py for tasks to queue
[2024-12-30T15:28:21.731+0000] {logging_mixin.py:188} INFO - [2024-12-30T15:28:21.730+0000] {dagbag.py:545} INFO - Filling up the DagBag from /opt/airflow/dags/extract_data.py
[2024-12-30T15:28:21.763+0000] {processor.py:842} WARNING - No viable dags retrieved from /opt/airflow/dags/extract_data.py
[2024-12-30T15:28:21.784+0000] {processor.py:183} INFO - Processing /opt/airflow/dags/extract_data.py took 0.066 seconds
[2024-12-30T15:28:52.119+0000] {processor.py:161} INFO - Started process (PID=981) to work on /opt/airflow/dags/extract_data.py
[2024-12-30T15:28:52.120+0000] {processor.py:830} INFO - Processing file /opt/airflow/dags/extract_data.py for tasks to queue
[2024-12-30T15:28:52.122+0000] {logging_mixin.py:188} INFO - [2024-12-30T15:28:52.122+0000] {dagbag.py:545} INFO - Filling up the DagBag from /opt/airflow/dags/extract_data.py
[2024-12-30T15:28:52.144+0000] {processor.py:842} WARNING - No viable dags retrieved from /opt/airflow/dags/extract_data.py
[2024-12-30T15:28:52.162+0000] {processor.py:183} INFO - Processing /opt/airflow/dags/extract_data.py took 0.051 seconds
[2024-12-30T15:29:22.471+0000] {processor.py:161} INFO - Started process (PID=997) to work on /opt/airflow/dags/extract_data.py
[2024-12-30T15:29:22.472+0000] {processor.py:830} INFO - Processing file /opt/airflow/dags/extract_data.py for tasks to queue
[2024-12-30T15:29:22.474+0000] {logging_mixin.py:188} INFO - [2024-12-30T15:29:22.474+0000] {dagbag.py:545} INFO - Filling up the DagBag from /opt/airflow/dags/extract_data.py
[2024-12-30T15:29:22.495+0000] {processor.py:842} WARNING - No viable dags retrieved from /opt/airflow/dags/extract_data.py
[2024-12-30T15:29:22.511+0000] {processor.py:183} INFO - Processing /opt/airflow/dags/extract_data.py took 0.047 seconds
[2024-12-30T15:29:52.820+0000] {processor.py:161} INFO - Started process (PID=1013) to work on /opt/airflow/dags/extract_data.py
[2024-12-30T15:29:52.820+0000] {processor.py:830} INFO - Processing file /opt/airflow/dags/extract_data.py for tasks to queue
[2024-12-30T15:29:52.822+0000] {logging_mixin.py:188} INFO - [2024-12-30T15:29:52.822+0000] {dagbag.py:545} INFO - Filling up the DagBag from /opt/airflow/dags/extract_data.py
[2024-12-30T15:29:52.839+0000] {processor.py:842} WARNING - No viable dags retrieved from /opt/airflow/dags/extract_data.py
[2024-12-30T15:29:52.855+0000] {processor.py:183} INFO - Processing /opt/airflow/dags/extract_data.py took 0.041 seconds
[2024-12-30T15:30:23.177+0000] {processor.py:161} INFO - Started process (PID=1029) to work on /opt/airflow/dags/extract_data.py
[2024-12-30T15:30:23.180+0000] {processor.py:830} INFO - Processing file /opt/airflow/dags/extract_data.py for tasks to queue
[2024-12-30T15:30:23.184+0000] {logging_mixin.py:188} INFO - [2024-12-30T15:30:23.183+0000] {dagbag.py:545} INFO - Filling up the DagBag from /opt/airflow/dags/extract_data.py
[2024-12-30T15:30:23.214+0000] {processor.py:842} WARNING - No viable dags retrieved from /opt/airflow/dags/extract_data.py
[2024-12-30T15:30:23.235+0000] {processor.py:183} INFO - Processing /opt/airflow/dags/extract_data.py took 0.070 seconds
[2024-12-30T15:30:53.590+0000] {processor.py:161} INFO - Started process (PID=1045) to work on /opt/airflow/dags/extract_data.py
[2024-12-30T15:30:53.592+0000] {processor.py:830} INFO - Processing file /opt/airflow/dags/extract_data.py for tasks to queue
[2024-12-30T15:30:53.594+0000] {logging_mixin.py:188} INFO - [2024-12-30T15:30:53.594+0000] {dagbag.py:545} INFO - Filling up the DagBag from /opt/airflow/dags/extract_data.py
[2024-12-30T15:30:53.616+0000] {processor.py:842} WARNING - No viable dags retrieved from /opt/airflow/dags/extract_data.py
[2024-12-30T15:30:53.633+0000] {processor.py:183} INFO - Processing /opt/airflow/dags/extract_data.py took 0.056 seconds
[2024-12-30T15:31:23.972+0000] {processor.py:161} INFO - Started process (PID=1061) to work on /opt/airflow/dags/extract_data.py
[2024-12-30T15:31:23.973+0000] {processor.py:830} INFO - Processing file /opt/airflow/dags/extract_data.py for tasks to queue
[2024-12-30T15:31:23.975+0000] {logging_mixin.py:188} INFO - [2024-12-30T15:31:23.975+0000] {dagbag.py:545} INFO - Filling up the DagBag from /opt/airflow/dags/extract_data.py
[2024-12-30T15:31:23.997+0000] {processor.py:842} WARNING - No viable dags retrieved from /opt/airflow/dags/extract_data.py
[2024-12-30T15:31:24.018+0000] {processor.py:183} INFO - Processing /opt/airflow/dags/extract_data.py took 0.054 seconds
[2024-12-30T15:31:54.385+0000] {processor.py:161} INFO - Started process (PID=1077) to work on /opt/airflow/dags/extract_data.py
[2024-12-30T15:31:54.386+0000] {processor.py:830} INFO - Processing file /opt/airflow/dags/extract_data.py for tasks to queue
[2024-12-30T15:31:54.388+0000] {logging_mixin.py:188} INFO - [2024-12-30T15:31:54.388+0000] {dagbag.py:545} INFO - Filling up the DagBag from /opt/airflow/dags/extract_data.py
[2024-12-30T15:31:54.404+0000] {processor.py:842} WARNING - No viable dags retrieved from /opt/airflow/dags/extract_data.py
[2024-12-30T15:31:54.419+0000] {processor.py:183} INFO - Processing /opt/airflow/dags/extract_data.py took 0.040 seconds
[2024-12-30T15:32:24.754+0000] {processor.py:161} INFO - Started process (PID=1093) to work on /opt/airflow/dags/extract_data.py
[2024-12-30T15:32:24.756+0000] {processor.py:830} INFO - Processing file /opt/airflow/dags/extract_data.py for tasks to queue
[2024-12-30T15:32:24.761+0000] {logging_mixin.py:188} INFO - [2024-12-30T15:32:24.760+0000] {dagbag.py:545} INFO - Filling up the DagBag from /opt/airflow/dags/extract_data.py
[2024-12-30T15:32:24.786+0000] {processor.py:842} WARNING - No viable dags retrieved from /opt/airflow/dags/extract_data.py
[2024-12-30T15:32:24.802+0000] {processor.py:183} INFO - Processing /opt/airflow/dags/extract_data.py took 0.054 seconds
[2024-12-30T15:32:55.258+0000] {processor.py:161} INFO - Started process (PID=1109) to work on /opt/airflow/dags/extract_data.py
[2024-12-30T15:32:55.260+0000] {processor.py:830} INFO - Processing file /opt/airflow/dags/extract_data.py for tasks to queue
[2024-12-30T15:32:55.262+0000] {logging_mixin.py:188} INFO - [2024-12-30T15:32:55.262+0000] {dagbag.py:545} INFO - Filling up the DagBag from /opt/airflow/dags/extract_data.py
[2024-12-30T15:32:55.287+0000] {processor.py:842} WARNING - No viable dags retrieved from /opt/airflow/dags/extract_data.py
[2024-12-30T15:32:55.310+0000] {processor.py:183} INFO - Processing /opt/airflow/dags/extract_data.py took 0.061 seconds
[2024-12-30T15:33:25.647+0000] {processor.py:161} INFO - Started process (PID=1125) to work on /opt/airflow/dags/extract_data.py
[2024-12-30T15:33:25.657+0000] {processor.py:830} INFO - Processing file /opt/airflow/dags/extract_data.py for tasks to queue
[2024-12-30T15:33:25.660+0000] {logging_mixin.py:188} INFO - [2024-12-30T15:33:25.660+0000] {dagbag.py:545} INFO - Filling up the DagBag from /opt/airflow/dags/extract_data.py
[2024-12-30T15:33:25.691+0000] {processor.py:842} WARNING - No viable dags retrieved from /opt/airflow/dags/extract_data.py
[2024-12-30T15:33:25.708+0000] {processor.py:183} INFO - Processing /opt/airflow/dags/extract_data.py took 0.069 seconds
[2024-12-30T15:33:56.072+0000] {processor.py:161} INFO - Started process (PID=1141) to work on /opt/airflow/dags/extract_data.py
[2024-12-30T15:33:56.074+0000] {processor.py:830} INFO - Processing file /opt/airflow/dags/extract_data.py for tasks to queue
[2024-12-30T15:33:56.078+0000] {logging_mixin.py:188} INFO - [2024-12-30T15:33:56.078+0000] {dagbag.py:545} INFO - Filling up the DagBag from /opt/airflow/dags/extract_data.py
[2024-12-30T15:33:56.102+0000] {processor.py:842} WARNING - No viable dags retrieved from /opt/airflow/dags/extract_data.py
[2024-12-30T15:33:56.117+0000] {processor.py:183} INFO - Processing /opt/airflow/dags/extract_data.py took 0.052 seconds
[2024-12-30T15:34:26.628+0000] {processor.py:161} INFO - Started process (PID=1157) to work on /opt/airflow/dags/extract_data.py
[2024-12-30T15:34:26.629+0000] {processor.py:830} INFO - Processing file /opt/airflow/dags/extract_data.py for tasks to queue
[2024-12-30T15:34:26.636+0000] {logging_mixin.py:188} INFO - [2024-12-30T15:34:26.635+0000] {dagbag.py:545} INFO - Filling up the DagBag from /opt/airflow/dags/extract_data.py
[2024-12-30T15:34:26.669+0000] {processor.py:842} WARNING - No viable dags retrieved from /opt/airflow/dags/extract_data.py
[2024-12-30T15:34:26.689+0000] {processor.py:183} INFO - Processing /opt/airflow/dags/extract_data.py took 0.071 seconds
[2024-12-30T15:34:56.993+0000] {processor.py:161} INFO - Started process (PID=1173) to work on /opt/airflow/dags/extract_data.py
[2024-12-30T15:34:56.994+0000] {processor.py:830} INFO - Processing file /opt/airflow/dags/extract_data.py for tasks to queue
[2024-12-30T15:34:56.996+0000] {logging_mixin.py:188} INFO - [2024-12-30T15:34:56.996+0000] {dagbag.py:545} INFO - Filling up the DagBag from /opt/airflow/dags/extract_data.py
[2024-12-30T15:34:57.013+0000] {processor.py:842} WARNING - No viable dags retrieved from /opt/airflow/dags/extract_data.py
[2024-12-30T15:34:57.033+0000] {processor.py:183} INFO - Processing /opt/airflow/dags/extract_data.py took 0.046 seconds
[2024-12-30T15:35:27.375+0000] {processor.py:161} INFO - Started process (PID=1189) to work on /opt/airflow/dags/extract_data.py
[2024-12-30T15:35:27.376+0000] {processor.py:830} INFO - Processing file /opt/airflow/dags/extract_data.py for tasks to queue
[2024-12-30T15:35:27.378+0000] {logging_mixin.py:188} INFO - [2024-12-30T15:35:27.377+0000] {dagbag.py:545} INFO - Filling up the DagBag from /opt/airflow/dags/extract_data.py
[2024-12-30T15:35:27.394+0000] {processor.py:842} WARNING - No viable dags retrieved from /opt/airflow/dags/extract_data.py
[2024-12-30T15:35:27.409+0000] {processor.py:183} INFO - Processing /opt/airflow/dags/extract_data.py took 0.046 seconds
[2024-12-30T15:35:57.745+0000] {processor.py:161} INFO - Started process (PID=1207) to work on /opt/airflow/dags/extract_data.py
[2024-12-30T15:35:57.746+0000] {processor.py:830} INFO - Processing file /opt/airflow/dags/extract_data.py for tasks to queue
[2024-12-30T15:35:57.748+0000] {logging_mixin.py:188} INFO - [2024-12-30T15:35:57.748+0000] {dagbag.py:545} INFO - Filling up the DagBag from /opt/airflow/dags/extract_data.py
[2024-12-30T15:35:57.775+0000] {processor.py:842} WARNING - No viable dags retrieved from /opt/airflow/dags/extract_data.py
[2024-12-30T15:35:57.800+0000] {processor.py:183} INFO - Processing /opt/airflow/dags/extract_data.py took 0.064 seconds
[2024-12-30T15:36:28.120+0000] {processor.py:161} INFO - Started process (PID=1223) to work on /opt/airflow/dags/extract_data.py
[2024-12-30T15:36:28.121+0000] {processor.py:830} INFO - Processing file /opt/airflow/dags/extract_data.py for tasks to queue
[2024-12-30T15:36:28.123+0000] {logging_mixin.py:188} INFO - [2024-12-30T15:36:28.123+0000] {dagbag.py:545} INFO - Filling up the DagBag from /opt/airflow/dags/extract_data.py
[2024-12-30T15:36:28.136+0000] {processor.py:842} WARNING - No viable dags retrieved from /opt/airflow/dags/extract_data.py
[2024-12-30T15:36:28.149+0000] {processor.py:183} INFO - Processing /opt/airflow/dags/extract_data.py took 0.035 seconds
[2024-12-30T15:36:58.549+0000] {processor.py:161} INFO - Started process (PID=1239) to work on /opt/airflow/dags/extract_data.py
[2024-12-30T15:36:58.550+0000] {processor.py:830} INFO - Processing file /opt/airflow/dags/extract_data.py for tasks to queue
[2024-12-30T15:36:58.553+0000] {logging_mixin.py:188} INFO - [2024-12-30T15:36:58.553+0000] {dagbag.py:545} INFO - Filling up the DagBag from /opt/airflow/dags/extract_data.py
[2024-12-30T15:36:58.579+0000] {processor.py:842} WARNING - No viable dags retrieved from /opt/airflow/dags/extract_data.py
[2024-12-30T15:36:58.593+0000] {processor.py:183} INFO - Processing /opt/airflow/dags/extract_data.py took 0.049 seconds
[2024-12-30T15:37:28.936+0000] {processor.py:161} INFO - Started process (PID=1255) to work on /opt/airflow/dags/extract_data.py
[2024-12-30T15:37:28.937+0000] {processor.py:830} INFO - Processing file /opt/airflow/dags/extract_data.py for tasks to queue
[2024-12-30T15:37:28.939+0000] {logging_mixin.py:188} INFO - [2024-12-30T15:37:28.938+0000] {dagbag.py:545} INFO - Filling up the DagBag from /opt/airflow/dags/extract_data.py
[2024-12-30T15:37:28.950+0000] {processor.py:842} WARNING - No viable dags retrieved from /opt/airflow/dags/extract_data.py
[2024-12-30T15:37:28.963+0000] {processor.py:183} INFO - Processing /opt/airflow/dags/extract_data.py took 0.033 seconds
[2024-12-30T15:37:59.319+0000] {processor.py:161} INFO - Started process (PID=1271) to work on /opt/airflow/dags/extract_data.py
[2024-12-30T15:37:59.320+0000] {processor.py:830} INFO - Processing file /opt/airflow/dags/extract_data.py for tasks to queue
[2024-12-30T15:37:59.322+0000] {logging_mixin.py:188} INFO - [2024-12-30T15:37:59.321+0000] {dagbag.py:545} INFO - Filling up the DagBag from /opt/airflow/dags/extract_data.py
[2024-12-30T15:37:59.337+0000] {processor.py:842} WARNING - No viable dags retrieved from /opt/airflow/dags/extract_data.py
[2024-12-30T15:37:59.350+0000] {processor.py:183} INFO - Processing /opt/airflow/dags/extract_data.py took 0.037 seconds
[2024-12-30T15:38:29.726+0000] {processor.py:161} INFO - Started process (PID=1287) to work on /opt/airflow/dags/extract_data.py
[2024-12-30T15:38:29.727+0000] {processor.py:830} INFO - Processing file /opt/airflow/dags/extract_data.py for tasks to queue
[2024-12-30T15:38:29.729+0000] {logging_mixin.py:188} INFO - [2024-12-30T15:38:29.728+0000] {dagbag.py:545} INFO - Filling up the DagBag from /opt/airflow/dags/extract_data.py
[2024-12-30T15:38:29.744+0000] {processor.py:842} WARNING - No viable dags retrieved from /opt/airflow/dags/extract_data.py
[2024-12-30T15:38:29.757+0000] {processor.py:183} INFO - Processing /opt/airflow/dags/extract_data.py took 0.037 seconds
[2024-12-30T15:39:00.115+0000] {processor.py:161} INFO - Started process (PID=1303) to work on /opt/airflow/dags/extract_data.py
[2024-12-30T15:39:00.116+0000] {processor.py:830} INFO - Processing file /opt/airflow/dags/extract_data.py for tasks to queue
[2024-12-30T15:39:00.118+0000] {logging_mixin.py:188} INFO - [2024-12-30T15:39:00.118+0000] {dagbag.py:545} INFO - Filling up the DagBag from /opt/airflow/dags/extract_data.py
[2024-12-30T15:39:00.133+0000] {processor.py:842} WARNING - No viable dags retrieved from /opt/airflow/dags/extract_data.py
[2024-12-30T15:39:00.146+0000] {processor.py:183} INFO - Processing /opt/airflow/dags/extract_data.py took 0.037 seconds
[2024-12-30T15:39:30.537+0000] {processor.py:161} INFO - Started process (PID=1319) to work on /opt/airflow/dags/extract_data.py
[2024-12-30T15:39:30.538+0000] {processor.py:830} INFO - Processing file /opt/airflow/dags/extract_data.py for tasks to queue
[2024-12-30T15:39:30.540+0000] {logging_mixin.py:188} INFO - [2024-12-30T15:39:30.539+0000] {dagbag.py:545} INFO - Filling up the DagBag from /opt/airflow/dags/extract_data.py
[2024-12-30T15:39:30.561+0000] {processor.py:842} WARNING - No viable dags retrieved from /opt/airflow/dags/extract_data.py
[2024-12-30T15:39:30.575+0000] {processor.py:183} INFO - Processing /opt/airflow/dags/extract_data.py took 0.044 seconds
[2024-12-30T15:40:00.963+0000] {processor.py:161} INFO - Started process (PID=1335) to work on /opt/airflow/dags/extract_data.py
[2024-12-30T15:40:00.965+0000] {processor.py:830} INFO - Processing file /opt/airflow/dags/extract_data.py for tasks to queue
[2024-12-30T15:40:00.969+0000] {logging_mixin.py:188} INFO - [2024-12-30T15:40:00.968+0000] {dagbag.py:545} INFO - Filling up the DagBag from /opt/airflow/dags/extract_data.py
[2024-12-30T15:40:01.015+0000] {processor.py:842} WARNING - No viable dags retrieved from /opt/airflow/dags/extract_data.py
[2024-12-30T15:40:01.047+0000] {processor.py:183} INFO - Processing /opt/airflow/dags/extract_data.py took 0.102 seconds
[2024-12-30T15:40:31.438+0000] {processor.py:161} INFO - Started process (PID=1351) to work on /opt/airflow/dags/extract_data.py
[2024-12-30T15:40:31.440+0000] {processor.py:830} INFO - Processing file /opt/airflow/dags/extract_data.py for tasks to queue
[2024-12-30T15:40:31.442+0000] {logging_mixin.py:188} INFO - [2024-12-30T15:40:31.441+0000] {dagbag.py:545} INFO - Filling up the DagBag from /opt/airflow/dags/extract_data.py
[2024-12-30T15:40:31.465+0000] {processor.py:842} WARNING - No viable dags retrieved from /opt/airflow/dags/extract_data.py
[2024-12-30T15:40:31.478+0000] {processor.py:183} INFO - Processing /opt/airflow/dags/extract_data.py took 0.046 seconds
[2024-12-30T15:41:01.850+0000] {processor.py:161} INFO - Started process (PID=1367) to work on /opt/airflow/dags/extract_data.py
[2024-12-30T15:41:01.851+0000] {processor.py:830} INFO - Processing file /opt/airflow/dags/extract_data.py for tasks to queue
[2024-12-30T15:41:01.853+0000] {logging_mixin.py:188} INFO - [2024-12-30T15:41:01.853+0000] {dagbag.py:545} INFO - Filling up the DagBag from /opt/airflow/dags/extract_data.py
[2024-12-30T15:41:01.872+0000] {processor.py:842} WARNING - No viable dags retrieved from /opt/airflow/dags/extract_data.py
[2024-12-30T15:41:01.885+0000] {processor.py:183} INFO - Processing /opt/airflow/dags/extract_data.py took 0.043 seconds
[2024-12-30T15:41:32.226+0000] {processor.py:161} INFO - Started process (PID=1383) to work on /opt/airflow/dags/extract_data.py
[2024-12-30T15:41:32.227+0000] {processor.py:830} INFO - Processing file /opt/airflow/dags/extract_data.py for tasks to queue
[2024-12-30T15:41:32.230+0000] {logging_mixin.py:188} INFO - [2024-12-30T15:41:32.230+0000] {dagbag.py:545} INFO - Filling up the DagBag from /opt/airflow/dags/extract_data.py
[2024-12-30T15:41:32.249+0000] {processor.py:842} WARNING - No viable dags retrieved from /opt/airflow/dags/extract_data.py
[2024-12-30T15:41:32.267+0000] {processor.py:183} INFO - Processing /opt/airflow/dags/extract_data.py took 0.048 seconds
[2024-12-30T15:42:02.859+0000] {processor.py:161} INFO - Started process (PID=1399) to work on /opt/airflow/dags/extract_data.py
[2024-12-30T15:42:02.860+0000] {processor.py:830} INFO - Processing file /opt/airflow/dags/extract_data.py for tasks to queue
[2024-12-30T15:42:02.862+0000] {logging_mixin.py:188} INFO - [2024-12-30T15:42:02.862+0000] {dagbag.py:545} INFO - Filling up the DagBag from /opt/airflow/dags/extract_data.py
[2024-12-30T15:42:02.892+0000] {processor.py:842} WARNING - No viable dags retrieved from /opt/airflow/dags/extract_data.py
[2024-12-30T15:42:02.914+0000] {processor.py:183} INFO - Processing /opt/airflow/dags/extract_data.py took 0.075 seconds
[2024-12-30T15:42:33.282+0000] {processor.py:161} INFO - Started process (PID=1415) to work on /opt/airflow/dags/extract_data.py
[2024-12-30T15:42:33.285+0000] {processor.py:830} INFO - Processing file /opt/airflow/dags/extract_data.py for tasks to queue
[2024-12-30T15:42:33.290+0000] {logging_mixin.py:188} INFO - [2024-12-30T15:42:33.290+0000] {dagbag.py:545} INFO - Filling up the DagBag from /opt/airflow/dags/extract_data.py
[2024-12-30T15:42:33.339+0000] {processor.py:842} WARNING - No viable dags retrieved from /opt/airflow/dags/extract_data.py
[2024-12-30T15:42:33.359+0000] {processor.py:183} INFO - Processing /opt/airflow/dags/extract_data.py took 0.089 seconds
[2024-12-30T15:43:03.516+0000] {processor.py:161} INFO - Started process (PID=1431) to work on /opt/airflow/dags/extract_data.py
[2024-12-30T15:43:03.518+0000] {processor.py:830} INFO - Processing file /opt/airflow/dags/extract_data.py for tasks to queue
[2024-12-30T15:43:03.521+0000] {logging_mixin.py:188} INFO - [2024-12-30T15:43:03.521+0000] {dagbag.py:545} INFO - Filling up the DagBag from /opt/airflow/dags/extract_data.py
[2024-12-30T15:43:03.577+0000] {processor.py:842} WARNING - No viable dags retrieved from /opt/airflow/dags/extract_data.py
[2024-12-30T15:43:03.617+0000] {processor.py:183} INFO - Processing /opt/airflow/dags/extract_data.py took 0.127 seconds
[2024-12-30T15:43:33.930+0000] {processor.py:161} INFO - Started process (PID=1447) to work on /opt/airflow/dags/extract_data.py
[2024-12-30T15:43:33.931+0000] {processor.py:830} INFO - Processing file /opt/airflow/dags/extract_data.py for tasks to queue
[2024-12-30T15:43:33.933+0000] {logging_mixin.py:188} INFO - [2024-12-30T15:43:33.933+0000] {dagbag.py:545} INFO - Filling up the DagBag from /opt/airflow/dags/extract_data.py
[2024-12-30T15:43:33.954+0000] {processor.py:842} WARNING - No viable dags retrieved from /opt/airflow/dags/extract_data.py
[2024-12-30T15:43:33.970+0000] {processor.py:183} INFO - Processing /opt/airflow/dags/extract_data.py took 0.046 seconds
