[2025-01-07T15:03:06.085+0000] {local_task_job_runner.py:120} INFO - ::group::Pre task execution logs
[2025-01-07T15:03:06.118+0000] {taskinstance.py:2076} INFO - Dependencies all met for dep_context=non-requeueable deps ti=<TaskInstance: complex_etl_dag.branch_task scheduled__2025-01-06T00:00:00+00:00 [queued]>
[2025-01-07T15:03:06.129+0000] {taskinstance.py:2076} INFO - Dependencies all met for dep_context=requeueable deps ti=<TaskInstance: complex_etl_dag.branch_task scheduled__2025-01-06T00:00:00+00:00 [queued]>
[2025-01-07T15:03:06.130+0000] {taskinstance.py:2306} INFO - Starting attempt 1 of 2
[2025-01-07T15:03:06.151+0000] {taskinstance.py:2330} INFO - Executing <Task(BranchPythonOperator): branch_task> on 2025-01-06 00:00:00+00:00
[2025-01-07T15:03:06.155+0000] {standard_task_runner.py:63} INFO - Started process 2458 to run task
[2025-01-07T15:03:06.159+0000] {standard_task_runner.py:90} INFO - Running: ['***', 'tasks', 'run', 'complex_etl_dag', 'branch_task', 'scheduled__2025-01-06T00:00:00+00:00', '--job-id', '862', '--raw', '--subdir', 'DAGS_FOLDER/dag_test.py', '--cfg-path', '/tmp/tmp2byozjpa']
[2025-01-07T15:03:06.162+0000] {standard_task_runner.py:91} INFO - Job 862: Subtask branch_task
[2025-01-07T15:03:06.221+0000] {task_command.py:426} INFO - Running <TaskInstance: complex_etl_dag.branch_task scheduled__2025-01-06T00:00:00+00:00 [running]> on host 4ff5b0867c78
[2025-01-07T15:03:06.333+0000] {taskinstance.py:2648} INFO - Exporting env vars: AIRFLOW_CTX_DAG_OWNER='***' AIRFLOW_CTX_DAG_ID='complex_etl_dag' AIRFLOW_CTX_TASK_ID='branch_task' AIRFLOW_CTX_EXECUTION_DATE='2025-01-06T00:00:00+00:00' AIRFLOW_CTX_TRY_NUMBER='1' AIRFLOW_CTX_DAG_RUN_ID='scheduled__2025-01-06T00:00:00+00:00'
[2025-01-07T15:03:06.334+0000] {taskinstance.py:430} INFO - ::endgroup::
[2025-01-07T15:03:06.344+0000] {baseoperator.py:400} WARNING - BranchPythonOperator.execute cannot be called outside TaskInstance!
[2025-01-07T15:03:06.356+0000] {python.py:237} INFO - Done. Returned value was: transform_data
[2025-01-07T15:03:06.357+0000] {branch.py:36} INFO - Branch into transform_data
[2025-01-07T15:03:06.358+0000] {skipmixin.py:178} INFO - Following branch transform_data
[2025-01-07T15:03:06.374+0000] {skipmixin.py:246} INFO - Skipping tasks [('skip_transform', -1)]
[2025-01-07T15:03:06.402+0000] {taskinstance.py:441} INFO - ::group::Post task execution logs
[2025-01-07T15:03:06.424+0000] {taskinstance.py:1206} INFO - Marking task as SUCCESS. dag_id=complex_etl_dag, task_id=branch_task, run_id=scheduled__2025-01-06T00:00:00+00:00, execution_date=20250106T000000, start_date=20250107T150306, end_date=20250107T150306
[2025-01-07T15:03:06.452+0000] {local_task_job_runner.py:240} INFO - Task exited with return code 0
[2025-01-07T15:03:06.491+0000] {taskinstance.py:3503} INFO - 1 downstream tasks scheduled from follow-on schedule check
[2025-01-07T15:03:06.497+0000] {local_task_job_runner.py:222} INFO - ::endgroup::
