[2025-01-10T10:24:49.867+0000] {local_task_job_runner.py:120} INFO - ::group::Pre task execution logs
[2025-01-10T10:24:49.933+0000] {taskinstance.py:2076} INFO - Dependencies all met for dep_context=non-requeueable deps ti=<TaskInstance: e_commerce_dw_etl.extract.extract_and_load_to_staging scheduled__2025-01-09T00:00:00+00:00 [queued]>
[2025-01-10T10:24:49.947+0000] {taskinstance.py:2076} INFO - Dependencies all met for dep_context=requeueable deps ti=<TaskInstance: e_commerce_dw_etl.extract.extract_and_load_to_staging scheduled__2025-01-09T00:00:00+00:00 [queued]>
[2025-01-10T10:24:49.948+0000] {taskinstance.py:2306} INFO - Starting attempt 1 of 1
[2025-01-10T10:24:49.968+0000] {taskinstance.py:2330} INFO - Executing <Task(PythonOperator): extract.extract_and_load_to_staging> on 2025-01-09 00:00:00+00:00
[2025-01-10T10:24:49.975+0000] {standard_task_runner.py:63} INFO - Started process 219 to run task
[2025-01-10T10:24:49.980+0000] {standard_task_runner.py:90} INFO - Running: ['***', 'tasks', 'run', 'e_commerce_dw_etl', 'extract.extract_and_load_to_staging', 'scheduled__2025-01-09T00:00:00+00:00', '--job-id', '934', '--raw', '--subdir', 'DAGS_FOLDER/e_commerce_dw_dag.py', '--cfg-path', '/tmp/tmp7frdyxzs']
[2025-01-10T10:24:49.984+0000] {standard_task_runner.py:91} INFO - Job 934: Subtask extract.extract_and_load_to_staging
[2025-01-10T10:24:50.050+0000] {task_command.py:426} INFO - Running <TaskInstance: e_commerce_dw_etl.extract.extract_and_load_to_staging scheduled__2025-01-09T00:00:00+00:00 [running]> on host 616c357ff125
[2025-01-10T10:24:50.210+0000] {taskinstance.py:2648} INFO - Exporting env vars: AIRFLOW_CTX_DAG_OWNER='***' AIRFLOW_CTX_DAG_ID='e_commerce_dw_etl' AIRFLOW_CTX_TASK_ID='extract.extract_and_load_to_staging' AIRFLOW_CTX_EXECUTION_DATE='2025-01-09T00:00:00+00:00' AIRFLOW_CTX_TRY_NUMBER='1' AIRFLOW_CTX_DAG_RUN_ID='scheduled__2025-01-09T00:00:00+00:00'
[2025-01-10T10:24:50.212+0000] {taskinstance.py:430} INFO - ::endgroup::
[2025-01-10T10:24:50.269+0000] {base.py:84} INFO - Using connection ID 'mysql' for task execution.
[2025-01-10T10:24:50.356+0000] {base.py:84} INFO - Using connection ID 'mysql' for task execution.
[2025-01-10T10:24:50.385+0000] {logging_mixin.py:188} WARNING - /home/***/.local/lib/python3.10/site-packages/***/providers/common/sql/hooks/sql.py:263 UserWarning: pandas only supports SQLAlchemy connectable (engine/connection) or database string URI or sqlite3 DBAPI2 connection. Other DBAPI2 objects are not tested. Please consider using SQLAlchemy.
[2025-01-10T10:24:50.424+0000] {base.py:84} INFO - Using connection ID 'postgres' for task execution.
[2025-01-10T10:24:50.645+0000] {logging_mixin.py:188} INFO - Đã trích xuất và lưu bảng product_category_name_translation từ MySQL vào PostgreSQL public
[2025-01-10T10:24:50.656+0000] {base.py:84} INFO - Using connection ID 'mysql' for task execution.
[2025-01-10T10:24:50.670+0000] {logging_mixin.py:188} WARNING - /home/***/.local/lib/python3.10/site-packages/***/providers/common/sql/hooks/sql.py:263 UserWarning: pandas only supports SQLAlchemy connectable (engine/connection) or database string URI or sqlite3 DBAPI2 connection. Other DBAPI2 objects are not tested. Please consider using SQLAlchemy.
[2025-01-10T10:24:59.433+0000] {base.py:84} INFO - Using connection ID 'postgres' for task execution.
[2025-01-10T10:25:41.715+0000] {logging_mixin.py:188} INFO - Đã trích xuất và lưu bảng geolocation từ MySQL vào PostgreSQL public
[2025-01-10T10:25:41.726+0000] {base.py:84} INFO - Using connection ID 'mysql' for task execution.
[2025-01-10T10:25:41.745+0000] {logging_mixin.py:188} WARNING - /home/***/.local/lib/python3.10/site-packages/***/providers/common/sql/hooks/sql.py:263 UserWarning: pandas only supports SQLAlchemy connectable (engine/connection) or database string URI or sqlite3 DBAPI2 connection. Other DBAPI2 objects are not tested. Please consider using SQLAlchemy.
[2025-01-10T10:25:41.832+0000] {base.py:84} INFO - Using connection ID 'postgres' for task execution.
[2025-01-10T10:25:42.068+0000] {logging_mixin.py:188} INFO - Đã trích xuất và lưu bảng sellers từ MySQL vào PostgreSQL public
[2025-01-10T10:25:42.075+0000] {base.py:84} INFO - Using connection ID 'mysql' for task execution.
[2025-01-10T10:25:42.087+0000] {logging_mixin.py:188} WARNING - /home/***/.local/lib/python3.10/site-packages/***/providers/common/sql/hooks/sql.py:263 UserWarning: pandas only supports SQLAlchemy connectable (engine/connection) or database string URI or sqlite3 DBAPI2 connection. Other DBAPI2 objects are not tested. Please consider using SQLAlchemy.
[2025-01-10T10:25:43.026+0000] {base.py:84} INFO - Using connection ID 'postgres' for task execution.
[2025-01-10T10:25:46.238+0000] {logging_mixin.py:188} INFO - Đã trích xuất và lưu bảng customers từ MySQL vào PostgreSQL public
[2025-01-10T10:25:46.257+0000] {base.py:84} INFO - Using connection ID 'mysql' for task execution.
[2025-01-10T10:25:46.271+0000] {logging_mixin.py:188} WARNING - /home/***/.local/lib/python3.10/site-packages/***/providers/common/sql/hooks/sql.py:263 UserWarning: pandas only supports SQLAlchemy connectable (engine/connection) or database string URI or sqlite3 DBAPI2 connection. Other DBAPI2 objects are not tested. Please consider using SQLAlchemy.
[2025-01-10T10:25:46.567+0000] {base.py:84} INFO - Using connection ID 'postgres' for task execution.
[2025-01-10T10:25:48.746+0000] {logging_mixin.py:188} INFO - Đã trích xuất và lưu bảng products từ MySQL vào PostgreSQL public
[2025-01-10T10:25:48.760+0000] {base.py:84} INFO - Using connection ID 'mysql' for task execution.
[2025-01-10T10:25:48.776+0000] {logging_mixin.py:188} WARNING - /home/***/.local/lib/python3.10/site-packages/***/providers/common/sql/hooks/sql.py:263 UserWarning: pandas only supports SQLAlchemy connectable (engine/connection) or database string URI or sqlite3 DBAPI2 connection. Other DBAPI2 objects are not tested. Please consider using SQLAlchemy.
[2025-01-10T10:25:50.472+0000] {base.py:84} INFO - Using connection ID 'postgres' for task execution.
[2025-01-10T10:25:55.458+0000] {logging_mixin.py:188} INFO - Đã trích xuất và lưu bảng orders từ MySQL vào PostgreSQL public
[2025-01-10T10:25:55.467+0000] {base.py:84} INFO - Using connection ID 'mysql' for task execution.
[2025-01-10T10:25:55.478+0000] {logging_mixin.py:188} WARNING - /home/***/.local/lib/python3.10/site-packages/***/providers/common/sql/hooks/sql.py:263 UserWarning: pandas only supports SQLAlchemy connectable (engine/connection) or database string URI or sqlite3 DBAPI2 connection. Other DBAPI2 objects are not tested. Please consider using SQLAlchemy.
[2025-01-10T10:25:56.420+0000] {base.py:84} INFO - Using connection ID 'postgres' for task execution.
[2025-01-10T10:26:01.451+0000] {logging_mixin.py:188} INFO - Đã trích xuất và lưu bảng order_items từ MySQL vào PostgreSQL public
[2025-01-10T10:26:01.459+0000] {base.py:84} INFO - Using connection ID 'mysql' for task execution.
[2025-01-10T10:26:01.490+0000] {logging_mixin.py:188} WARNING - /home/***/.local/lib/python3.10/site-packages/***/providers/common/sql/hooks/sql.py:263 UserWarning: pandas only supports SQLAlchemy connectable (engine/connection) or database string URI or sqlite3 DBAPI2 connection. Other DBAPI2 objects are not tested. Please consider using SQLAlchemy.
[2025-01-10T10:26:01.986+0000] {base.py:84} INFO - Using connection ID 'postgres' for task execution.
[2025-01-10T10:26:05.179+0000] {logging_mixin.py:188} INFO - Đã trích xuất và lưu bảng payments từ MySQL vào PostgreSQL public
[2025-01-10T10:26:05.186+0000] {base.py:84} INFO - Using connection ID 'mysql' for task execution.
[2025-01-10T10:26:05.195+0000] {logging_mixin.py:188} WARNING - /home/***/.local/lib/python3.10/site-packages/***/providers/common/sql/hooks/sql.py:263 UserWarning: pandas only supports SQLAlchemy connectable (engine/connection) or database string URI or sqlite3 DBAPI2 connection. Other DBAPI2 objects are not tested. Please consider using SQLAlchemy.
[2025-01-10T10:26:06.053+0000] {base.py:84} INFO - Using connection ID 'postgres' for task execution.
[2025-01-10T10:26:10.187+0000] {logging_mixin.py:188} INFO - Đã trích xuất và lưu bảng order_reviews từ MySQL vào PostgreSQL public
[2025-01-10T10:26:10.202+0000] {python.py:237} INFO - Done. Returned value was: None
[2025-01-10T10:26:10.203+0000] {taskinstance.py:441} INFO - ::group::Post task execution logs
[2025-01-10T10:26:10.212+0000] {taskinstance.py:1206} INFO - Marking task as SUCCESS. dag_id=e_commerce_dw_etl, task_id=extract.extract_and_load_to_staging, run_id=scheduled__2025-01-09T00:00:00+00:00, execution_date=20250109T000000, start_date=20250110T102449, end_date=20250110T102610
[2025-01-10T10:26:10.242+0000] {local_task_job_runner.py:240} INFO - Task exited with return code 0
[2025-01-10T10:26:10.268+0000] {taskinstance.py:3503} INFO - 6 downstream tasks scheduled from follow-on schedule check
[2025-01-10T10:26:10.272+0000] {local_task_job_runner.py:222} INFO - ::endgroup::
