[2025-01-09T16:27:06.089+0000] {local_task_job_runner.py:120} INFO - ::group::Pre task execution logs
[2025-01-09T16:27:06.310+0000] {taskinstance.py:2076} INFO - Dependencies all met for dep_context=non-requeueable deps ti=<TaskInstance: e_commerce_dw_etl.extract.extract_and_load_to_staging manual__2025-01-09T16:27:04.114165+00:00 [queued]>
[2025-01-09T16:27:06.345+0000] {taskinstance.py:2076} INFO - Dependencies all met for dep_context=requeueable deps ti=<TaskInstance: e_commerce_dw_etl.extract.extract_and_load_to_staging manual__2025-01-09T16:27:04.114165+00:00 [queued]>
[2025-01-09T16:27:06.346+0000] {taskinstance.py:2306} INFO - Starting attempt 1 of 1
[2025-01-09T16:27:06.411+0000] {taskinstance.py:2330} INFO - Executing <Task(PythonOperator): extract.extract_and_load_to_staging> on 2025-01-09 16:27:04.114165+00:00
[2025-01-09T16:27:06.432+0000] {standard_task_runner.py:90} INFO - Running: ['***', 'tasks', 'run', 'e_commerce_dw_etl', 'extract.extract_and_load_to_staging', 'manual__2025-01-09T16:27:04.114165+00:00', '--job-id', '917', '--raw', '--subdir', 'DAGS_FOLDER/e_commerce_dw_dag.py', '--cfg-path', '/tmp/tmp2jqfbw26']
[2025-01-09T16:27:06.427+0000] {standard_task_runner.py:63} INFO - Started process 3622 to run task
[2025-01-09T16:27:06.437+0000] {standard_task_runner.py:91} INFO - Job 917: Subtask extract.extract_and_load_to_staging
[2025-01-09T16:27:06.630+0000] {task_command.py:426} INFO - Running <TaskInstance: e_commerce_dw_etl.extract.extract_and_load_to_staging manual__2025-01-09T16:27:04.114165+00:00 [running]> on host 683e2530fb40
[2025-01-09T16:27:08.703+0000] {taskinstance.py:2648} INFO - Exporting env vars: AIRFLOW_CTX_DAG_OWNER='***' AIRFLOW_CTX_DAG_ID='e_commerce_dw_etl' AIRFLOW_CTX_TASK_ID='extract.extract_and_load_to_staging' AIRFLOW_CTX_EXECUTION_DATE='2025-01-09T16:27:04.114165+00:00' AIRFLOW_CTX_TRY_NUMBER='1' AIRFLOW_CTX_DAG_RUN_ID='manual__2025-01-09T16:27:04.114165+00:00'
[2025-01-09T16:27:08.705+0000] {taskinstance.py:430} INFO - ::endgroup::
[2025-01-09T16:27:08.777+0000] {base.py:84} INFO - Using connection ID 'mysql' for task execution.
[2025-01-09T16:27:08.961+0000] {base.py:84} INFO - Using connection ID 'mysql' for task execution.
[2025-01-09T16:27:08.994+0000] {logging_mixin.py:188} WARNING - /home/***/.local/lib/python3.10/site-packages/***/providers/common/sql/hooks/sql.py:263 UserWarning: pandas only supports SQLAlchemy connectable (engine/connection) or database string URI or sqlite3 DBAPI2 connection. Other DBAPI2 objects are not tested. Please consider using SQLAlchemy.
[2025-01-09T16:27:09.099+0000] {base.py:84} INFO - Using connection ID 'postgres' for task execution.
[2025-01-09T16:27:09.298+0000] {logging_mixin.py:188} INFO - Đã trích xuất và lưu bảng product_category_name_translation từ MySQL vào PostgreSQL public
[2025-01-09T16:27:09.309+0000] {base.py:84} INFO - Using connection ID 'mysql' for task execution.
[2025-01-09T16:27:09.321+0000] {logging_mixin.py:188} WARNING - /home/***/.local/lib/python3.10/site-packages/***/providers/common/sql/hooks/sql.py:263 UserWarning: pandas only supports SQLAlchemy connectable (engine/connection) or database string URI or sqlite3 DBAPI2 connection. Other DBAPI2 objects are not tested. Please consider using SQLAlchemy.
[2025-01-09T16:27:13.632+0000] {base.py:84} INFO - Using connection ID 'postgres' for task execution.
[2025-01-09T16:27:48.416+0000] {logging_mixin.py:188} INFO - Đã trích xuất và lưu bảng geolocation từ MySQL vào PostgreSQL public
[2025-01-09T16:27:48.426+0000] {base.py:84} INFO - Using connection ID 'mysql' for task execution.
[2025-01-09T16:27:48.448+0000] {logging_mixin.py:188} WARNING - /home/***/.local/lib/python3.10/site-packages/***/providers/common/sql/hooks/sql.py:263 UserWarning: pandas only supports SQLAlchemy connectable (engine/connection) or database string URI or sqlite3 DBAPI2 connection. Other DBAPI2 objects are not tested. Please consider using SQLAlchemy.
[2025-01-09T16:27:48.553+0000] {base.py:84} INFO - Using connection ID 'postgres' for task execution.
[2025-01-09T16:27:48.931+0000] {logging_mixin.py:188} INFO - Đã trích xuất và lưu bảng sellers từ MySQL vào PostgreSQL public
[2025-01-09T16:27:48.944+0000] {base.py:84} INFO - Using connection ID 'mysql' for task execution.
[2025-01-09T16:27:48.975+0000] {logging_mixin.py:188} WARNING - /home/***/.local/lib/python3.10/site-packages/***/providers/common/sql/hooks/sql.py:263 UserWarning: pandas only supports SQLAlchemy connectable (engine/connection) or database string URI or sqlite3 DBAPI2 connection. Other DBAPI2 objects are not tested. Please consider using SQLAlchemy.
[2025-01-09T16:27:50.397+0000] {base.py:84} INFO - Using connection ID 'postgres' for task execution.
[2025-01-09T16:27:54.714+0000] {logging_mixin.py:188} INFO - Đã trích xuất và lưu bảng customers từ MySQL vào PostgreSQL public
[2025-01-09T16:27:54.725+0000] {base.py:84} INFO - Using connection ID 'mysql' for task execution.
[2025-01-09T16:27:54.744+0000] {logging_mixin.py:188} WARNING - /home/***/.local/lib/python3.10/site-packages/***/providers/common/sql/hooks/sql.py:263 UserWarning: pandas only supports SQLAlchemy connectable (engine/connection) or database string URI or sqlite3 DBAPI2 connection. Other DBAPI2 objects are not tested. Please consider using SQLAlchemy.
[2025-01-09T16:27:55.156+0000] {base.py:84} INFO - Using connection ID 'postgres' for task execution.
[2025-01-09T16:27:56.997+0000] {logging_mixin.py:188} INFO - Đã trích xuất và lưu bảng products từ MySQL vào PostgreSQL public
[2025-01-09T16:27:57.004+0000] {base.py:84} INFO - Using connection ID 'mysql' for task execution.
[2025-01-09T16:27:57.015+0000] {logging_mixin.py:188} WARNING - /home/***/.local/lib/python3.10/site-packages/***/providers/common/sql/hooks/sql.py:263 UserWarning: pandas only supports SQLAlchemy connectable (engine/connection) or database string URI or sqlite3 DBAPI2 connection. Other DBAPI2 objects are not tested. Please consider using SQLAlchemy.
[2025-01-09T16:27:58.349+0000] {base.py:84} INFO - Using connection ID 'postgres' for task execution.
[2025-01-09T16:28:03.344+0000] {logging_mixin.py:188} INFO - Đã trích xuất và lưu bảng orders từ MySQL vào PostgreSQL public
[2025-01-09T16:28:03.351+0000] {base.py:84} INFO - Using connection ID 'mysql' for task execution.
[2025-01-09T16:28:03.365+0000] {logging_mixin.py:188} WARNING - /home/***/.local/lib/python3.10/site-packages/***/providers/common/sql/hooks/sql.py:263 UserWarning: pandas only supports SQLAlchemy connectable (engine/connection) or database string URI or sqlite3 DBAPI2 connection. Other DBAPI2 objects are not tested. Please consider using SQLAlchemy.
[2025-01-09T16:28:04.530+0000] {base.py:84} INFO - Using connection ID 'postgres' for task execution.
[2025-01-09T16:28:09.278+0000] {logging_mixin.py:188} INFO - Đã trích xuất và lưu bảng order_items từ MySQL vào PostgreSQL public
[2025-01-09T16:28:09.286+0000] {base.py:84} INFO - Using connection ID 'mysql' for task execution.
[2025-01-09T16:28:09.298+0000] {logging_mixin.py:188} WARNING - /home/***/.local/lib/python3.10/site-packages/***/providers/common/sql/hooks/sql.py:263 UserWarning: pandas only supports SQLAlchemy connectable (engine/connection) or database string URI or sqlite3 DBAPI2 connection. Other DBAPI2 objects are not tested. Please consider using SQLAlchemy.
[2025-01-09T16:28:09.875+0000] {base.py:84} INFO - Using connection ID 'postgres' for task execution.
[2025-01-09T16:28:13.012+0000] {logging_mixin.py:188} INFO - Đã trích xuất và lưu bảng payments từ MySQL vào PostgreSQL public
[2025-01-09T16:28:13.019+0000] {base.py:84} INFO - Using connection ID 'mysql' for task execution.
[2025-01-09T16:28:13.031+0000] {logging_mixin.py:188} WARNING - /home/***/.local/lib/python3.10/site-packages/***/providers/common/sql/hooks/sql.py:263 UserWarning: pandas only supports SQLAlchemy connectable (engine/connection) or database string URI or sqlite3 DBAPI2 connection. Other DBAPI2 objects are not tested. Please consider using SQLAlchemy.
[2025-01-09T16:28:14.097+0000] {base.py:84} INFO - Using connection ID 'postgres' for task execution.
[2025-01-09T16:28:18.091+0000] {logging_mixin.py:188} INFO - Đã trích xuất và lưu bảng order_reviews từ MySQL vào PostgreSQL public
[2025-01-09T16:28:18.105+0000] {python.py:237} INFO - Done. Returned value was: None
[2025-01-09T16:28:18.107+0000] {taskinstance.py:441} INFO - ::group::Post task execution logs
[2025-01-09T16:28:18.115+0000] {taskinstance.py:1206} INFO - Marking task as SUCCESS. dag_id=e_commerce_dw_etl, task_id=extract.extract_and_load_to_staging, run_id=manual__2025-01-09T16:27:04.114165+00:00, execution_date=20250109T162704, start_date=20250109T162706, end_date=20250109T162818
[2025-01-09T16:28:18.181+0000] {local_task_job_runner.py:240} INFO - Task exited with return code 0
[2025-01-09T16:28:18.209+0000] {taskinstance.py:3503} INFO - 6 downstream tasks scheduled from follow-on schedule check
[2025-01-09T16:28:18.218+0000] {local_task_job_runner.py:222} INFO - ::endgroup::
