[2025-01-10T10:26:11.044+0000] {local_task_job_runner.py:120} INFO - ::group::Pre task execution logs
[2025-01-10T10:26:11.111+0000] {taskinstance.py:2076} INFO - Dependencies all met for dep_context=non-requeueable deps ti=<TaskInstance: e_commerce_dw_etl.transform.transform_dim_products scheduled__2025-01-09T00:00:00+00:00 [queued]>
[2025-01-10T10:26:11.129+0000] {taskinstance.py:2076} INFO - Dependencies all met for dep_context=requeueable deps ti=<TaskInstance: e_commerce_dw_etl.transform.transform_dim_products scheduled__2025-01-09T00:00:00+00:00 [queued]>
[2025-01-10T10:26:11.130+0000] {taskinstance.py:2306} INFO - Starting attempt 1 of 1
[2025-01-10T10:26:11.158+0000] {taskinstance.py:2330} INFO - Executing <Task(PythonOperator): transform.transform_dim_products> on 2025-01-09 00:00:00+00:00
[2025-01-10T10:26:11.166+0000] {standard_task_runner.py:63} INFO - Started process 280 to run task
[2025-01-10T10:26:11.177+0000] {standard_task_runner.py:90} INFO - Running: ['***', 'tasks', 'run', 'e_commerce_dw_etl', 'transform.transform_dim_products', 'scheduled__2025-01-09T00:00:00+00:00', '--job-id', '937', '--raw', '--subdir', 'DAGS_FOLDER/e_commerce_dw_dag.py', '--cfg-path', '/tmp/tmptcppxdq8']
[2025-01-10T10:26:11.181+0000] {standard_task_runner.py:91} INFO - Job 937: Subtask transform.transform_dim_products
[2025-01-10T10:26:11.276+0000] {task_command.py:426} INFO - Running <TaskInstance: e_commerce_dw_etl.transform.transform_dim_products scheduled__2025-01-09T00:00:00+00:00 [running]> on host 616c357ff125
[2025-01-10T10:26:11.849+0000] {taskinstance.py:2648} INFO - Exporting env vars: AIRFLOW_CTX_DAG_OWNER='***' AIRFLOW_CTX_DAG_ID='e_commerce_dw_etl' AIRFLOW_CTX_TASK_ID='transform.transform_dim_products' AIRFLOW_CTX_EXECUTION_DATE='2025-01-09T00:00:00+00:00' AIRFLOW_CTX_TRY_NUMBER='1' AIRFLOW_CTX_DAG_RUN_ID='scheduled__2025-01-09T00:00:00+00:00'
[2025-01-10T10:26:11.851+0000] {taskinstance.py:430} INFO - ::endgroup::
[2025-01-10T10:26:11.902+0000] {base.py:84} INFO - Using connection ID 'postgres' for task execution.
[2025-01-10T10:26:11.943+0000] {logging_mixin.py:188} WARNING - /home/***/.local/lib/python3.10/site-packages/***/providers/common/sql/hooks/sql.py:263 UserWarning: pandas only supports SQLAlchemy connectable (engine/connection) or database string URI or sqlite3 DBAPI2 connection. Other DBAPI2 objects are not tested. Please consider using SQLAlchemy.
[2025-01-10T10:26:12.953+0000] {base.py:84} INFO - Using connection ID 'postgres' for task execution.
[2025-01-10T10:26:12.994+0000] {logging_mixin.py:188} WARNING - /home/***/.local/lib/python3.10/site-packages/***/providers/common/sql/hooks/sql.py:263 UserWarning: pandas only supports SQLAlchemy connectable (engine/connection) or database string URI or sqlite3 DBAPI2 connection. Other DBAPI2 objects are not tested. Please consider using SQLAlchemy.
[2025-01-10T10:26:13.087+0000] {base.py:84} INFO - Using connection ID 'postgres' for task execution.
[2025-01-10T10:26:17.993+0000] {logging_mixin.py:188} INFO - Đã transform và lưu dữ liệu vào dim_products
[2025-01-10T10:26:17.996+0000] {python.py:237} INFO - Done. Returned value was: None
[2025-01-10T10:26:17.997+0000] {taskinstance.py:441} INFO - ::group::Post task execution logs
[2025-01-10T10:26:18.010+0000] {taskinstance.py:1206} INFO - Marking task as SUCCESS. dag_id=e_commerce_dw_etl, task_id=transform.transform_dim_products, run_id=scheduled__2025-01-09T00:00:00+00:00, execution_date=20250109T000000, start_date=20250110T102611, end_date=20250110T102618
[2025-01-10T10:26:18.062+0000] {local_task_job_runner.py:240} INFO - Task exited with return code 0
[2025-01-10T10:26:18.095+0000] {taskinstance.py:3503} INFO - 0 downstream tasks scheduled from follow-on schedule check
[2025-01-10T10:26:18.104+0000] {local_task_job_runner.py:222} INFO - ::endgroup::
