[2025-01-06T15:23:04.384+0000] {processor.py:161} INFO - Started process (PID=201) to work on /opt/airflow/dags/e_commerce_dw_dag.py
[2025-01-06T15:23:04.385+0000] {processor.py:830} INFO - Processing file /opt/airflow/dags/e_commerce_dw_dag.py for tasks to queue
[2025-01-06T15:23:04.387+0000] {logging_mixin.py:188} INFO - [2025-01-06T15:23:04.386+0000] {dagbag.py:545} INFO - Filling up the DagBag from /opt/airflow/dags/e_commerce_dw_dag.py
[2025-01-06T15:23:04.450+0000] {processor.py:840} INFO - DAG(s) 'e_commerce_dw_etl' retrieved from /opt/airflow/dags/e_commerce_dw_dag.py
[2025-01-06T15:23:04.686+0000] {logging_mixin.py:188} INFO - [2025-01-06T15:23:04.685+0000] {dag.py:3096} INFO - Sync 1 DAGs
[2025-01-06T15:23:04.716+0000] {logging_mixin.py:188} INFO - [2025-01-06T15:23:04.716+0000] {dag.py:3954} INFO - Setting next_dagrun for e_commerce_dw_etl to 2024-12-30 00:00:00+00:00, run_after=2024-12-31 00:00:00+00:00
[2025-01-06T15:23:04.747+0000] {processor.py:183} INFO - Processing /opt/airflow/dags/e_commerce_dw_dag.py took 0.371 seconds
[2025-01-06T15:23:34.807+0000] {processor.py:161} INFO - Started process (PID=236) to work on /opt/airflow/dags/e_commerce_dw_dag.py
[2025-01-06T15:23:34.809+0000] {processor.py:830} INFO - Processing file /opt/airflow/dags/e_commerce_dw_dag.py for tasks to queue
[2025-01-06T15:23:34.810+0000] {logging_mixin.py:188} INFO - [2025-01-06T15:23:34.810+0000] {dagbag.py:545} INFO - Filling up the DagBag from /opt/airflow/dags/e_commerce_dw_dag.py
[2025-01-06T15:23:34.884+0000] {processor.py:840} INFO - DAG(s) 'e_commerce_dw_etl' retrieved from /opt/airflow/dags/e_commerce_dw_dag.py
[2025-01-06T15:23:34.936+0000] {logging_mixin.py:188} INFO - [2025-01-06T15:23:34.935+0000] {dag.py:3096} INFO - Sync 1 DAGs
[2025-01-06T15:23:34.972+0000] {logging_mixin.py:188} INFO - [2025-01-06T15:23:34.971+0000] {dag.py:3954} INFO - Setting next_dagrun for e_commerce_dw_etl to 2025-01-06 00:00:00+00:00, run_after=2025-01-07 00:00:00+00:00
[2025-01-06T15:23:35.002+0000] {processor.py:183} INFO - Processing /opt/airflow/dags/e_commerce_dw_dag.py took 0.204 seconds
[2025-01-06T15:24:05.169+0000] {processor.py:161} INFO - Started process (PID=255) to work on /opt/airflow/dags/e_commerce_dw_dag.py
[2025-01-06T15:24:05.170+0000] {processor.py:830} INFO - Processing file /opt/airflow/dags/e_commerce_dw_dag.py for tasks to queue
[2025-01-06T15:24:05.171+0000] {logging_mixin.py:188} INFO - [2025-01-06T15:24:05.171+0000] {dagbag.py:545} INFO - Filling up the DagBag from /opt/airflow/dags/e_commerce_dw_dag.py
[2025-01-06T15:24:05.241+0000] {processor.py:840} INFO - DAG(s) 'e_commerce_dw_etl' retrieved from /opt/airflow/dags/e_commerce_dw_dag.py
[2025-01-06T15:24:05.285+0000] {logging_mixin.py:188} INFO - [2025-01-06T15:24:05.285+0000] {dag.py:3096} INFO - Sync 1 DAGs
[2025-01-06T15:24:05.317+0000] {logging_mixin.py:188} INFO - [2025-01-06T15:24:05.316+0000] {dag.py:3954} INFO - Setting next_dagrun for e_commerce_dw_etl to 2025-01-06 00:00:00+00:00, run_after=2025-01-07 00:00:00+00:00
[2025-01-06T15:24:05.343+0000] {processor.py:183} INFO - Processing /opt/airflow/dags/e_commerce_dw_dag.py took 0.185 seconds
[2025-01-06T15:24:35.691+0000] {processor.py:161} INFO - Started process (PID=276) to work on /opt/airflow/dags/e_commerce_dw_dag.py
[2025-01-06T15:24:35.692+0000] {processor.py:830} INFO - Processing file /opt/airflow/dags/e_commerce_dw_dag.py for tasks to queue
[2025-01-06T15:24:35.693+0000] {logging_mixin.py:188} INFO - [2025-01-06T15:24:35.693+0000] {dagbag.py:545} INFO - Filling up the DagBag from /opt/airflow/dags/e_commerce_dw_dag.py
[2025-01-06T15:24:35.747+0000] {processor.py:840} INFO - DAG(s) 'e_commerce_dw_etl' retrieved from /opt/airflow/dags/e_commerce_dw_dag.py
[2025-01-06T15:24:35.790+0000] {logging_mixin.py:188} INFO - [2025-01-06T15:24:35.790+0000] {dag.py:3096} INFO - Sync 1 DAGs
[2025-01-06T15:24:35.813+0000] {logging_mixin.py:188} INFO - [2025-01-06T15:24:35.812+0000] {dag.py:3954} INFO - Setting next_dagrun for e_commerce_dw_etl to 2025-01-06 00:00:00+00:00, run_after=2025-01-07 00:00:00+00:00
[2025-01-06T15:24:35.836+0000] {processor.py:183} INFO - Processing /opt/airflow/dags/e_commerce_dw_dag.py took 0.150 seconds
[2025-01-06T15:25:06.199+0000] {processor.py:161} INFO - Started process (PID=297) to work on /opt/airflow/dags/e_commerce_dw_dag.py
[2025-01-06T15:25:06.200+0000] {processor.py:830} INFO - Processing file /opt/airflow/dags/e_commerce_dw_dag.py for tasks to queue
[2025-01-06T15:25:06.202+0000] {logging_mixin.py:188} INFO - [2025-01-06T15:25:06.201+0000] {dagbag.py:545} INFO - Filling up the DagBag from /opt/airflow/dags/e_commerce_dw_dag.py
[2025-01-06T15:25:06.258+0000] {processor.py:840} INFO - DAG(s) 'e_commerce_dw_etl' retrieved from /opt/airflow/dags/e_commerce_dw_dag.py
[2025-01-06T15:25:06.295+0000] {logging_mixin.py:188} INFO - [2025-01-06T15:25:06.295+0000] {dag.py:3096} INFO - Sync 1 DAGs
[2025-01-06T15:25:06.320+0000] {logging_mixin.py:188} INFO - [2025-01-06T15:25:06.319+0000] {dag.py:3954} INFO - Setting next_dagrun for e_commerce_dw_etl to 2025-01-06 00:00:00+00:00, run_after=2025-01-07 00:00:00+00:00
[2025-01-06T15:25:06.349+0000] {processor.py:183} INFO - Processing /opt/airflow/dags/e_commerce_dw_dag.py took 0.155 seconds
[2025-01-06T15:26:39.165+0000] {processor.py:161} INFO - Started process (PID=196) to work on /opt/airflow/dags/e_commerce_dw_dag.py
[2025-01-06T15:26:39.171+0000] {processor.py:830} INFO - Processing file /opt/airflow/dags/e_commerce_dw_dag.py for tasks to queue
[2025-01-06T15:26:39.174+0000] {logging_mixin.py:188} INFO - [2025-01-06T15:26:39.173+0000] {dagbag.py:545} INFO - Filling up the DagBag from /opt/airflow/dags/e_commerce_dw_dag.py
[2025-01-06T15:26:39.311+0000] {processor.py:840} INFO - DAG(s) 'e_commerce_dw_etl' retrieved from /opt/airflow/dags/e_commerce_dw_dag.py
[2025-01-06T15:26:39.663+0000] {logging_mixin.py:188} INFO - [2025-01-06T15:26:39.663+0000] {dag.py:3096} INFO - Sync 1 DAGs
[2025-01-06T15:26:39.695+0000] {logging_mixin.py:188} INFO - [2025-01-06T15:26:39.695+0000] {dag.py:3954} INFO - Setting next_dagrun for e_commerce_dw_etl to 2025-01-06 00:00:00+00:00, run_after=2025-01-07 00:00:00+00:00
[2025-01-06T15:26:39.727+0000] {processor.py:183} INFO - Processing /opt/airflow/dags/e_commerce_dw_dag.py took 0.583 seconds
[2025-01-06T15:27:10.379+0000] {processor.py:161} INFO - Started process (PID=217) to work on /opt/airflow/dags/e_commerce_dw_dag.py
[2025-01-06T15:27:10.381+0000] {processor.py:830} INFO - Processing file /opt/airflow/dags/e_commerce_dw_dag.py for tasks to queue
[2025-01-06T15:27:10.383+0000] {logging_mixin.py:188} INFO - [2025-01-06T15:27:10.382+0000] {dagbag.py:545} INFO - Filling up the DagBag from /opt/airflow/dags/e_commerce_dw_dag.py
[2025-01-06T15:27:10.454+0000] {processor.py:840} INFO - DAG(s) 'e_commerce_dw_etl' retrieved from /opt/airflow/dags/e_commerce_dw_dag.py
[2025-01-06T15:27:10.493+0000] {logging_mixin.py:188} INFO - [2025-01-06T15:27:10.493+0000] {dag.py:3096} INFO - Sync 1 DAGs
[2025-01-06T15:27:10.523+0000] {logging_mixin.py:188} INFO - [2025-01-06T15:27:10.523+0000] {dag.py:3954} INFO - Setting next_dagrun for e_commerce_dw_etl to 2025-01-06 00:00:00+00:00, run_after=2025-01-07 00:00:00+00:00
[2025-01-06T15:27:10.551+0000] {processor.py:183} INFO - Processing /opt/airflow/dags/e_commerce_dw_dag.py took 0.178 seconds
[2025-01-06T15:27:40.881+0000] {processor.py:161} INFO - Started process (PID=238) to work on /opt/airflow/dags/e_commerce_dw_dag.py
[2025-01-06T15:27:40.883+0000] {processor.py:830} INFO - Processing file /opt/airflow/dags/e_commerce_dw_dag.py for tasks to queue
[2025-01-06T15:27:40.884+0000] {logging_mixin.py:188} INFO - [2025-01-06T15:27:40.884+0000] {dagbag.py:545} INFO - Filling up the DagBag from /opt/airflow/dags/e_commerce_dw_dag.py
[2025-01-06T15:27:40.967+0000] {processor.py:840} INFO - DAG(s) 'e_commerce_dw_etl' retrieved from /opt/airflow/dags/e_commerce_dw_dag.py
[2025-01-06T15:27:41.001+0000] {logging_mixin.py:188} INFO - [2025-01-06T15:27:41.000+0000] {dag.py:3096} INFO - Sync 1 DAGs
[2025-01-06T15:27:41.024+0000] {logging_mixin.py:188} INFO - [2025-01-06T15:27:41.023+0000] {dag.py:3954} INFO - Setting next_dagrun for e_commerce_dw_etl to 2025-01-06 00:00:00+00:00, run_after=2025-01-07 00:00:00+00:00
[2025-01-06T15:27:41.056+0000] {processor.py:183} INFO - Processing /opt/airflow/dags/e_commerce_dw_dag.py took 0.182 seconds
[2025-01-06T15:28:11.347+0000] {processor.py:161} INFO - Started process (PID=259) to work on /opt/airflow/dags/e_commerce_dw_dag.py
[2025-01-06T15:28:11.348+0000] {processor.py:830} INFO - Processing file /opt/airflow/dags/e_commerce_dw_dag.py for tasks to queue
[2025-01-06T15:28:11.350+0000] {logging_mixin.py:188} INFO - [2025-01-06T15:28:11.349+0000] {dagbag.py:545} INFO - Filling up the DagBag from /opt/airflow/dags/e_commerce_dw_dag.py
[2025-01-06T15:28:11.437+0000] {processor.py:840} INFO - DAG(s) 'e_commerce_dw_etl' retrieved from /opt/airflow/dags/e_commerce_dw_dag.py
[2025-01-06T15:28:11.473+0000] {logging_mixin.py:188} INFO - [2025-01-06T15:28:11.473+0000] {dag.py:3096} INFO - Sync 1 DAGs
[2025-01-06T15:28:11.495+0000] {logging_mixin.py:188} INFO - [2025-01-06T15:28:11.495+0000] {dag.py:3954} INFO - Setting next_dagrun for e_commerce_dw_etl to 2025-01-06 00:00:00+00:00, run_after=2025-01-07 00:00:00+00:00
[2025-01-06T15:28:11.524+0000] {processor.py:183} INFO - Processing /opt/airflow/dags/e_commerce_dw_dag.py took 0.184 seconds
[2025-01-06T15:28:42.026+0000] {processor.py:161} INFO - Started process (PID=286) to work on /opt/airflow/dags/e_commerce_dw_dag.py
[2025-01-06T15:28:42.028+0000] {processor.py:830} INFO - Processing file /opt/airflow/dags/e_commerce_dw_dag.py for tasks to queue
[2025-01-06T15:28:42.030+0000] {logging_mixin.py:188} INFO - [2025-01-06T15:28:42.029+0000] {dagbag.py:545} INFO - Filling up the DagBag from /opt/airflow/dags/e_commerce_dw_dag.py
[2025-01-06T15:28:42.139+0000] {processor.py:840} INFO - DAG(s) 'e_commerce_dw_etl' retrieved from /opt/airflow/dags/e_commerce_dw_dag.py
[2025-01-06T15:28:42.194+0000] {logging_mixin.py:188} INFO - [2025-01-06T15:28:42.193+0000] {dag.py:3096} INFO - Sync 1 DAGs
[2025-01-06T15:28:42.237+0000] {logging_mixin.py:188} INFO - [2025-01-06T15:28:42.237+0000] {dag.py:3954} INFO - Setting next_dagrun for e_commerce_dw_etl to 2025-01-06 00:00:00+00:00, run_after=2025-01-07 00:00:00+00:00
[2025-01-06T15:28:42.270+0000] {processor.py:183} INFO - Processing /opt/airflow/dags/e_commerce_dw_dag.py took 0.250 seconds
[2025-01-06T15:29:12.508+0000] {processor.py:161} INFO - Started process (PID=307) to work on /opt/airflow/dags/e_commerce_dw_dag.py
[2025-01-06T15:29:12.510+0000] {processor.py:830} INFO - Processing file /opt/airflow/dags/e_commerce_dw_dag.py for tasks to queue
[2025-01-06T15:29:12.512+0000] {logging_mixin.py:188} INFO - [2025-01-06T15:29:12.511+0000] {dagbag.py:545} INFO - Filling up the DagBag from /opt/airflow/dags/e_commerce_dw_dag.py
[2025-01-06T15:29:12.581+0000] {processor.py:840} INFO - DAG(s) 'e_commerce_dw_etl' retrieved from /opt/airflow/dags/e_commerce_dw_dag.py
[2025-01-06T15:29:12.620+0000] {logging_mixin.py:188} INFO - [2025-01-06T15:29:12.620+0000] {dag.py:3096} INFO - Sync 1 DAGs
[2025-01-06T15:29:12.647+0000] {logging_mixin.py:188} INFO - [2025-01-06T15:29:12.647+0000] {dag.py:3954} INFO - Setting next_dagrun for e_commerce_dw_etl to 2025-01-06 00:00:00+00:00, run_after=2025-01-07 00:00:00+00:00
[2025-01-06T15:29:12.677+0000] {processor.py:183} INFO - Processing /opt/airflow/dags/e_commerce_dw_dag.py took 0.176 seconds
[2025-01-06T15:29:43.137+0000] {processor.py:161} INFO - Started process (PID=328) to work on /opt/airflow/dags/e_commerce_dw_dag.py
[2025-01-06T15:29:43.138+0000] {processor.py:830} INFO - Processing file /opt/airflow/dags/e_commerce_dw_dag.py for tasks to queue
[2025-01-06T15:29:43.139+0000] {logging_mixin.py:188} INFO - [2025-01-06T15:29:43.139+0000] {dagbag.py:545} INFO - Filling up the DagBag from /opt/airflow/dags/e_commerce_dw_dag.py
[2025-01-06T15:29:43.190+0000] {processor.py:840} INFO - DAG(s) 'e_commerce_dw_etl' retrieved from /opt/airflow/dags/e_commerce_dw_dag.py
[2025-01-06T15:29:43.232+0000] {logging_mixin.py:188} INFO - [2025-01-06T15:29:43.231+0000] {dag.py:3096} INFO - Sync 1 DAGs
[2025-01-06T15:29:43.263+0000] {logging_mixin.py:188} INFO - [2025-01-06T15:29:43.262+0000] {dag.py:3954} INFO - Setting next_dagrun for e_commerce_dw_etl to 2025-01-06 00:00:00+00:00, run_after=2025-01-07 00:00:00+00:00
[2025-01-06T15:29:43.295+0000] {processor.py:183} INFO - Processing /opt/airflow/dags/e_commerce_dw_dag.py took 0.164 seconds
[2025-01-06T15:30:13.597+0000] {processor.py:161} INFO - Started process (PID=349) to work on /opt/airflow/dags/e_commerce_dw_dag.py
[2025-01-06T15:30:13.599+0000] {processor.py:830} INFO - Processing file /opt/airflow/dags/e_commerce_dw_dag.py for tasks to queue
[2025-01-06T15:30:13.600+0000] {logging_mixin.py:188} INFO - [2025-01-06T15:30:13.600+0000] {dagbag.py:545} INFO - Filling up the DagBag from /opt/airflow/dags/e_commerce_dw_dag.py
[2025-01-06T15:30:13.683+0000] {processor.py:840} INFO - DAG(s) 'e_commerce_dw_etl' retrieved from /opt/airflow/dags/e_commerce_dw_dag.py
[2025-01-06T15:30:13.721+0000] {logging_mixin.py:188} INFO - [2025-01-06T15:30:13.720+0000] {dag.py:3096} INFO - Sync 1 DAGs
[2025-01-06T15:30:13.752+0000] {logging_mixin.py:188} INFO - [2025-01-06T15:30:13.752+0000] {dag.py:3954} INFO - Setting next_dagrun for e_commerce_dw_etl to 2025-01-06 00:00:00+00:00, run_after=2025-01-07 00:00:00+00:00
[2025-01-06T15:30:13.785+0000] {processor.py:183} INFO - Processing /opt/airflow/dags/e_commerce_dw_dag.py took 0.197 seconds
[2025-01-06T15:30:44.036+0000] {processor.py:161} INFO - Started process (PID=370) to work on /opt/airflow/dags/e_commerce_dw_dag.py
[2025-01-06T15:30:44.037+0000] {processor.py:830} INFO - Processing file /opt/airflow/dags/e_commerce_dw_dag.py for tasks to queue
[2025-01-06T15:30:44.038+0000] {logging_mixin.py:188} INFO - [2025-01-06T15:30:44.038+0000] {dagbag.py:545} INFO - Filling up the DagBag from /opt/airflow/dags/e_commerce_dw_dag.py
[2025-01-06T15:30:44.115+0000] {processor.py:840} INFO - DAG(s) 'e_commerce_dw_etl' retrieved from /opt/airflow/dags/e_commerce_dw_dag.py
[2025-01-06T15:30:44.150+0000] {logging_mixin.py:188} INFO - [2025-01-06T15:30:44.150+0000] {dag.py:3096} INFO - Sync 1 DAGs
[2025-01-06T15:30:44.180+0000] {logging_mixin.py:188} INFO - [2025-01-06T15:30:44.180+0000] {dag.py:3954} INFO - Setting next_dagrun for e_commerce_dw_etl to 2025-01-06 00:00:00+00:00, run_after=2025-01-07 00:00:00+00:00
[2025-01-06T15:30:44.209+0000] {processor.py:183} INFO - Processing /opt/airflow/dags/e_commerce_dw_dag.py took 0.180 seconds
[2025-01-06T15:31:14.473+0000] {processor.py:161} INFO - Started process (PID=391) to work on /opt/airflow/dags/e_commerce_dw_dag.py
[2025-01-06T15:31:14.475+0000] {processor.py:830} INFO - Processing file /opt/airflow/dags/e_commerce_dw_dag.py for tasks to queue
[2025-01-06T15:31:14.477+0000] {logging_mixin.py:188} INFO - [2025-01-06T15:31:14.476+0000] {dagbag.py:545} INFO - Filling up the DagBag from /opt/airflow/dags/e_commerce_dw_dag.py
[2025-01-06T15:31:14.562+0000] {processor.py:840} INFO - DAG(s) 'e_commerce_dw_etl' retrieved from /opt/airflow/dags/e_commerce_dw_dag.py
[2025-01-06T15:31:14.596+0000] {logging_mixin.py:188} INFO - [2025-01-06T15:31:14.596+0000] {dag.py:3096} INFO - Sync 1 DAGs
[2025-01-06T15:31:14.619+0000] {logging_mixin.py:188} INFO - [2025-01-06T15:31:14.618+0000] {dag.py:3954} INFO - Setting next_dagrun for e_commerce_dw_etl to 2025-01-06 00:00:00+00:00, run_after=2025-01-07 00:00:00+00:00
[2025-01-06T15:31:14.645+0000] {processor.py:183} INFO - Processing /opt/airflow/dags/e_commerce_dw_dag.py took 0.178 seconds
[2025-01-06T15:31:45.114+0000] {processor.py:161} INFO - Started process (PID=412) to work on /opt/airflow/dags/e_commerce_dw_dag.py
[2025-01-06T15:31:45.115+0000] {processor.py:830} INFO - Processing file /opt/airflow/dags/e_commerce_dw_dag.py for tasks to queue
[2025-01-06T15:31:45.116+0000] {logging_mixin.py:188} INFO - [2025-01-06T15:31:45.116+0000] {dagbag.py:545} INFO - Filling up the DagBag from /opt/airflow/dags/e_commerce_dw_dag.py
[2025-01-06T15:31:45.192+0000] {processor.py:840} INFO - DAG(s) 'e_commerce_dw_etl' retrieved from /opt/airflow/dags/e_commerce_dw_dag.py
[2025-01-06T15:31:45.228+0000] {logging_mixin.py:188} INFO - [2025-01-06T15:31:45.228+0000] {dag.py:3096} INFO - Sync 1 DAGs
[2025-01-06T15:31:45.250+0000] {logging_mixin.py:188} INFO - [2025-01-06T15:31:45.250+0000] {dag.py:3954} INFO - Setting next_dagrun for e_commerce_dw_etl to 2025-01-06 00:00:00+00:00, run_after=2025-01-07 00:00:00+00:00
[2025-01-06T15:31:45.280+0000] {processor.py:183} INFO - Processing /opt/airflow/dags/e_commerce_dw_dag.py took 0.172 seconds
[2025-01-06T15:32:15.586+0000] {processor.py:161} INFO - Started process (PID=433) to work on /opt/airflow/dags/e_commerce_dw_dag.py
[2025-01-06T15:32:15.588+0000] {processor.py:830} INFO - Processing file /opt/airflow/dags/e_commerce_dw_dag.py for tasks to queue
[2025-01-06T15:32:15.589+0000] {logging_mixin.py:188} INFO - [2025-01-06T15:32:15.589+0000] {dagbag.py:545} INFO - Filling up the DagBag from /opt/airflow/dags/e_commerce_dw_dag.py
[2025-01-06T15:32:15.686+0000] {processor.py:840} INFO - DAG(s) 'e_commerce_dw_etl' retrieved from /opt/airflow/dags/e_commerce_dw_dag.py
[2025-01-06T15:32:15.724+0000] {logging_mixin.py:188} INFO - [2025-01-06T15:32:15.724+0000] {dag.py:3096} INFO - Sync 1 DAGs
[2025-01-06T15:32:15.756+0000] {logging_mixin.py:188} INFO - [2025-01-06T15:32:15.756+0000] {dag.py:3954} INFO - Setting next_dagrun for e_commerce_dw_etl to 2025-01-06 00:00:00+00:00, run_after=2025-01-07 00:00:00+00:00
[2025-01-06T15:32:15.786+0000] {processor.py:183} INFO - Processing /opt/airflow/dags/e_commerce_dw_dag.py took 0.210 seconds
[2025-01-06T15:32:45.998+0000] {processor.py:161} INFO - Started process (PID=454) to work on /opt/airflow/dags/e_commerce_dw_dag.py
[2025-01-06T15:32:46.000+0000] {processor.py:830} INFO - Processing file /opt/airflow/dags/e_commerce_dw_dag.py for tasks to queue
[2025-01-06T15:32:46.001+0000] {logging_mixin.py:188} INFO - [2025-01-06T15:32:46.001+0000] {dagbag.py:545} INFO - Filling up the DagBag from /opt/airflow/dags/e_commerce_dw_dag.py
[2025-01-06T15:32:46.077+0000] {processor.py:840} INFO - DAG(s) 'e_commerce_dw_etl' retrieved from /opt/airflow/dags/e_commerce_dw_dag.py
[2025-01-06T15:32:46.114+0000] {logging_mixin.py:188} INFO - [2025-01-06T15:32:46.113+0000] {dag.py:3096} INFO - Sync 1 DAGs
[2025-01-06T15:32:46.144+0000] {logging_mixin.py:188} INFO - [2025-01-06T15:32:46.144+0000] {dag.py:3954} INFO - Setting next_dagrun for e_commerce_dw_etl to 2025-01-06 00:00:00+00:00, run_after=2025-01-07 00:00:00+00:00
[2025-01-06T15:32:46.178+0000] {processor.py:183} INFO - Processing /opt/airflow/dags/e_commerce_dw_dag.py took 0.188 seconds
[2025-01-06T15:33:16.457+0000] {processor.py:161} INFO - Started process (PID=475) to work on /opt/airflow/dags/e_commerce_dw_dag.py
[2025-01-06T15:33:16.458+0000] {processor.py:830} INFO - Processing file /opt/airflow/dags/e_commerce_dw_dag.py for tasks to queue
[2025-01-06T15:33:16.459+0000] {logging_mixin.py:188} INFO - [2025-01-06T15:33:16.459+0000] {dagbag.py:545} INFO - Filling up the DagBag from /opt/airflow/dags/e_commerce_dw_dag.py
[2025-01-06T15:33:16.539+0000] {processor.py:840} INFO - DAG(s) 'e_commerce_dw_etl' retrieved from /opt/airflow/dags/e_commerce_dw_dag.py
[2025-01-06T15:33:16.603+0000] {logging_mixin.py:188} INFO - [2025-01-06T15:33:16.603+0000] {dag.py:3096} INFO - Sync 1 DAGs
[2025-01-06T15:33:16.625+0000] {logging_mixin.py:188} INFO - [2025-01-06T15:33:16.625+0000] {dag.py:3954} INFO - Setting next_dagrun for e_commerce_dw_etl to 2025-01-06 00:00:00+00:00, run_after=2025-01-07 00:00:00+00:00
[2025-01-06T15:33:16.650+0000] {processor.py:183} INFO - Processing /opt/airflow/dags/e_commerce_dw_dag.py took 0.199 seconds
[2025-01-06T15:33:46.892+0000] {processor.py:161} INFO - Started process (PID=496) to work on /opt/airflow/dags/e_commerce_dw_dag.py
[2025-01-06T15:33:46.895+0000] {processor.py:830} INFO - Processing file /opt/airflow/dags/e_commerce_dw_dag.py for tasks to queue
[2025-01-06T15:33:46.897+0000] {logging_mixin.py:188} INFO - [2025-01-06T15:33:46.897+0000] {dagbag.py:545} INFO - Filling up the DagBag from /opt/airflow/dags/e_commerce_dw_dag.py
[2025-01-06T15:33:46.997+0000] {processor.py:840} INFO - DAG(s) 'e_commerce_dw_etl' retrieved from /opt/airflow/dags/e_commerce_dw_dag.py
[2025-01-06T15:33:47.037+0000] {logging_mixin.py:188} INFO - [2025-01-06T15:33:47.037+0000] {dag.py:3096} INFO - Sync 1 DAGs
[2025-01-06T15:33:47.071+0000] {logging_mixin.py:188} INFO - [2025-01-06T15:33:47.070+0000] {dag.py:3954} INFO - Setting next_dagrun for e_commerce_dw_etl to 2025-01-06 00:00:00+00:00, run_after=2025-01-07 00:00:00+00:00
[2025-01-06T15:33:47.105+0000] {processor.py:183} INFO - Processing /opt/airflow/dags/e_commerce_dw_dag.py took 0.222 seconds
[2025-01-06T15:34:17.434+0000] {processor.py:161} INFO - Started process (PID=517) to work on /opt/airflow/dags/e_commerce_dw_dag.py
[2025-01-06T15:34:17.436+0000] {processor.py:830} INFO - Processing file /opt/airflow/dags/e_commerce_dw_dag.py for tasks to queue
[2025-01-06T15:34:17.438+0000] {logging_mixin.py:188} INFO - [2025-01-06T15:34:17.438+0000] {dagbag.py:545} INFO - Filling up the DagBag from /opt/airflow/dags/e_commerce_dw_dag.py
[2025-01-06T15:34:17.537+0000] {processor.py:840} INFO - DAG(s) 'e_commerce_dw_etl' retrieved from /opt/airflow/dags/e_commerce_dw_dag.py
[2025-01-06T15:34:17.582+0000] {logging_mixin.py:188} INFO - [2025-01-06T15:34:17.582+0000] {dag.py:3096} INFO - Sync 1 DAGs
[2025-01-06T15:34:17.618+0000] {logging_mixin.py:188} INFO - [2025-01-06T15:34:17.617+0000] {dag.py:3954} INFO - Setting next_dagrun for e_commerce_dw_etl to 2025-01-06 00:00:00+00:00, run_after=2025-01-07 00:00:00+00:00
[2025-01-06T15:34:17.651+0000] {processor.py:183} INFO - Processing /opt/airflow/dags/e_commerce_dw_dag.py took 0.226 seconds
[2025-01-06T15:34:47.985+0000] {processor.py:161} INFO - Started process (PID=538) to work on /opt/airflow/dags/e_commerce_dw_dag.py
[2025-01-06T15:34:47.988+0000] {processor.py:830} INFO - Processing file /opt/airflow/dags/e_commerce_dw_dag.py for tasks to queue
[2025-01-06T15:34:47.990+0000] {logging_mixin.py:188} INFO - [2025-01-06T15:34:47.990+0000] {dagbag.py:545} INFO - Filling up the DagBag from /opt/airflow/dags/e_commerce_dw_dag.py
[2025-01-06T15:34:48.158+0000] {processor.py:840} INFO - DAG(s) 'e_commerce_dw_etl' retrieved from /opt/airflow/dags/e_commerce_dw_dag.py
[2025-01-06T15:34:48.244+0000] {logging_mixin.py:188} INFO - [2025-01-06T15:34:48.243+0000] {dag.py:3096} INFO - Sync 1 DAGs
[2025-01-06T15:34:48.323+0000] {logging_mixin.py:188} INFO - [2025-01-06T15:34:48.323+0000] {dag.py:3954} INFO - Setting next_dagrun for e_commerce_dw_etl to 2025-01-06 00:00:00+00:00, run_after=2025-01-07 00:00:00+00:00
[2025-01-06T15:34:48.390+0000] {processor.py:183} INFO - Processing /opt/airflow/dags/e_commerce_dw_dag.py took 0.424 seconds
[2025-01-06T15:35:18.709+0000] {processor.py:161} INFO - Started process (PID=559) to work on /opt/airflow/dags/e_commerce_dw_dag.py
[2025-01-06T15:35:18.711+0000] {processor.py:830} INFO - Processing file /opt/airflow/dags/e_commerce_dw_dag.py for tasks to queue
[2025-01-06T15:35:18.712+0000] {logging_mixin.py:188} INFO - [2025-01-06T15:35:18.712+0000] {dagbag.py:545} INFO - Filling up the DagBag from /opt/airflow/dags/e_commerce_dw_dag.py
[2025-01-06T15:35:18.783+0000] {processor.py:840} INFO - DAG(s) 'e_commerce_dw_etl' retrieved from /opt/airflow/dags/e_commerce_dw_dag.py
[2025-01-06T15:35:18.822+0000] {logging_mixin.py:188} INFO - [2025-01-06T15:35:18.821+0000] {dag.py:3096} INFO - Sync 1 DAGs
[2025-01-06T15:35:18.854+0000] {logging_mixin.py:188} INFO - [2025-01-06T15:35:18.854+0000] {dag.py:3954} INFO - Setting next_dagrun for e_commerce_dw_etl to 2025-01-06 00:00:00+00:00, run_after=2025-01-07 00:00:00+00:00
[2025-01-06T15:35:18.882+0000] {processor.py:183} INFO - Processing /opt/airflow/dags/e_commerce_dw_dag.py took 0.179 seconds
[2025-01-06T15:35:49.313+0000] {processor.py:161} INFO - Started process (PID=581) to work on /opt/airflow/dags/e_commerce_dw_dag.py
[2025-01-06T15:35:49.314+0000] {processor.py:830} INFO - Processing file /opt/airflow/dags/e_commerce_dw_dag.py for tasks to queue
[2025-01-06T15:35:49.316+0000] {logging_mixin.py:188} INFO - [2025-01-06T15:35:49.315+0000] {dagbag.py:545} INFO - Filling up the DagBag from /opt/airflow/dags/e_commerce_dw_dag.py
[2025-01-06T15:35:49.383+0000] {processor.py:840} INFO - DAG(s) 'e_commerce_dw_etl' retrieved from /opt/airflow/dags/e_commerce_dw_dag.py
[2025-01-06T15:35:49.415+0000] {logging_mixin.py:188} INFO - [2025-01-06T15:35:49.414+0000] {dag.py:3096} INFO - Sync 1 DAGs
[2025-01-06T15:35:49.438+0000] {logging_mixin.py:188} INFO - [2025-01-06T15:35:49.438+0000] {dag.py:3954} INFO - Setting next_dagrun for e_commerce_dw_etl to 2025-01-06 00:00:00+00:00, run_after=2025-01-07 00:00:00+00:00
[2025-01-06T15:35:49.467+0000] {processor.py:183} INFO - Processing /opt/airflow/dags/e_commerce_dw_dag.py took 0.161 seconds
[2025-01-06T15:36:19.898+0000] {processor.py:161} INFO - Started process (PID=602) to work on /opt/airflow/dags/e_commerce_dw_dag.py
[2025-01-06T15:36:19.900+0000] {processor.py:830} INFO - Processing file /opt/airflow/dags/e_commerce_dw_dag.py for tasks to queue
[2025-01-06T15:36:19.901+0000] {logging_mixin.py:188} INFO - [2025-01-06T15:36:19.901+0000] {dagbag.py:545} INFO - Filling up the DagBag from /opt/airflow/dags/e_commerce_dw_dag.py
[2025-01-06T15:36:19.964+0000] {processor.py:840} INFO - DAG(s) 'e_commerce_dw_etl' retrieved from /opt/airflow/dags/e_commerce_dw_dag.py
[2025-01-06T15:36:20.007+0000] {logging_mixin.py:188} INFO - [2025-01-06T15:36:20.007+0000] {dag.py:3096} INFO - Sync 1 DAGs
[2025-01-06T15:36:20.034+0000] {logging_mixin.py:188} INFO - [2025-01-06T15:36:20.034+0000] {dag.py:3954} INFO - Setting next_dagrun for e_commerce_dw_etl to 2025-01-06 00:00:00+00:00, run_after=2025-01-07 00:00:00+00:00
[2025-01-06T15:36:20.059+0000] {processor.py:183} INFO - Processing /opt/airflow/dags/e_commerce_dw_dag.py took 0.166 seconds
[2025-01-06T15:36:50.476+0000] {processor.py:161} INFO - Started process (PID=623) to work on /opt/airflow/dags/e_commerce_dw_dag.py
[2025-01-06T15:36:50.478+0000] {processor.py:830} INFO - Processing file /opt/airflow/dags/e_commerce_dw_dag.py for tasks to queue
[2025-01-06T15:36:50.481+0000] {logging_mixin.py:188} INFO - [2025-01-06T15:36:50.479+0000] {dagbag.py:545} INFO - Filling up the DagBag from /opt/airflow/dags/e_commerce_dw_dag.py
[2025-01-06T15:36:50.555+0000] {processor.py:840} INFO - DAG(s) 'e_commerce_dw_etl' retrieved from /opt/airflow/dags/e_commerce_dw_dag.py
[2025-01-06T15:36:50.594+0000] {logging_mixin.py:188} INFO - [2025-01-06T15:36:50.594+0000] {dag.py:3096} INFO - Sync 1 DAGs
[2025-01-06T15:36:50.622+0000] {logging_mixin.py:188} INFO - [2025-01-06T15:36:50.621+0000] {dag.py:3954} INFO - Setting next_dagrun for e_commerce_dw_etl to 2025-01-06 00:00:00+00:00, run_after=2025-01-07 00:00:00+00:00
[2025-01-06T15:36:50.646+0000] {processor.py:183} INFO - Processing /opt/airflow/dags/e_commerce_dw_dag.py took 0.177 seconds
[2025-01-06T15:37:20.832+0000] {processor.py:161} INFO - Started process (PID=644) to work on /opt/airflow/dags/e_commerce_dw_dag.py
[2025-01-06T15:37:20.833+0000] {processor.py:830} INFO - Processing file /opt/airflow/dags/e_commerce_dw_dag.py for tasks to queue
[2025-01-06T15:37:20.834+0000] {logging_mixin.py:188} INFO - [2025-01-06T15:37:20.834+0000] {dagbag.py:545} INFO - Filling up the DagBag from /opt/airflow/dags/e_commerce_dw_dag.py
[2025-01-06T15:37:20.894+0000] {processor.py:840} INFO - DAG(s) 'e_commerce_dw_etl' retrieved from /opt/airflow/dags/e_commerce_dw_dag.py
[2025-01-06T15:37:20.925+0000] {logging_mixin.py:188} INFO - [2025-01-06T15:37:20.924+0000] {dag.py:3096} INFO - Sync 1 DAGs
[2025-01-06T15:37:20.954+0000] {logging_mixin.py:188} INFO - [2025-01-06T15:37:20.954+0000] {dag.py:3954} INFO - Setting next_dagrun for e_commerce_dw_etl to 2025-01-06 00:00:00+00:00, run_after=2025-01-07 00:00:00+00:00
[2025-01-06T15:37:20.985+0000] {processor.py:183} INFO - Processing /opt/airflow/dags/e_commerce_dw_dag.py took 0.159 seconds
[2025-01-06T15:37:51.235+0000] {processor.py:161} INFO - Started process (PID=665) to work on /opt/airflow/dags/e_commerce_dw_dag.py
[2025-01-06T15:37:51.237+0000] {processor.py:830} INFO - Processing file /opt/airflow/dags/e_commerce_dw_dag.py for tasks to queue
[2025-01-06T15:37:51.238+0000] {logging_mixin.py:188} INFO - [2025-01-06T15:37:51.238+0000] {dagbag.py:545} INFO - Filling up the DagBag from /opt/airflow/dags/e_commerce_dw_dag.py
[2025-01-06T15:37:51.294+0000] {processor.py:840} INFO - DAG(s) 'e_commerce_dw_etl' retrieved from /opt/airflow/dags/e_commerce_dw_dag.py
[2025-01-06T15:37:51.333+0000] {logging_mixin.py:188} INFO - [2025-01-06T15:37:51.332+0000] {dag.py:3096} INFO - Sync 1 DAGs
[2025-01-06T15:37:51.361+0000] {logging_mixin.py:188} INFO - [2025-01-06T15:37:51.361+0000] {dag.py:3954} INFO - Setting next_dagrun for e_commerce_dw_etl to 2025-01-06 00:00:00+00:00, run_after=2025-01-07 00:00:00+00:00
[2025-01-06T15:37:51.389+0000] {processor.py:183} INFO - Processing /opt/airflow/dags/e_commerce_dw_dag.py took 0.161 seconds
[2025-01-06T15:38:21.679+0000] {processor.py:161} INFO - Started process (PID=686) to work on /opt/airflow/dags/e_commerce_dw_dag.py
[2025-01-06T15:38:21.680+0000] {processor.py:830} INFO - Processing file /opt/airflow/dags/e_commerce_dw_dag.py for tasks to queue
[2025-01-06T15:38:21.681+0000] {logging_mixin.py:188} INFO - [2025-01-06T15:38:21.681+0000] {dagbag.py:545} INFO - Filling up the DagBag from /opt/airflow/dags/e_commerce_dw_dag.py
[2025-01-06T15:38:21.741+0000] {processor.py:840} INFO - DAG(s) 'e_commerce_dw_etl' retrieved from /opt/airflow/dags/e_commerce_dw_dag.py
[2025-01-06T15:38:21.772+0000] {logging_mixin.py:188} INFO - [2025-01-06T15:38:21.772+0000] {dag.py:3096} INFO - Sync 1 DAGs
[2025-01-06T15:38:21.803+0000] {logging_mixin.py:188} INFO - [2025-01-06T15:38:21.803+0000] {dag.py:3954} INFO - Setting next_dagrun for e_commerce_dw_etl to 2025-01-06 00:00:00+00:00, run_after=2025-01-07 00:00:00+00:00
[2025-01-06T15:38:21.830+0000] {processor.py:183} INFO - Processing /opt/airflow/dags/e_commerce_dw_dag.py took 0.159 seconds
[2025-01-06T15:38:52.107+0000] {processor.py:161} INFO - Started process (PID=707) to work on /opt/airflow/dags/e_commerce_dw_dag.py
[2025-01-06T15:38:52.108+0000] {processor.py:830} INFO - Processing file /opt/airflow/dags/e_commerce_dw_dag.py for tasks to queue
[2025-01-06T15:38:52.110+0000] {logging_mixin.py:188} INFO - [2025-01-06T15:38:52.109+0000] {dagbag.py:545} INFO - Filling up the DagBag from /opt/airflow/dags/e_commerce_dw_dag.py
[2025-01-06T15:38:52.185+0000] {processor.py:840} INFO - DAG(s) 'e_commerce_dw_etl' retrieved from /opt/airflow/dags/e_commerce_dw_dag.py
[2025-01-06T15:38:52.222+0000] {logging_mixin.py:188} INFO - [2025-01-06T15:38:52.222+0000] {dag.py:3096} INFO - Sync 1 DAGs
[2025-01-06T15:38:52.250+0000] {logging_mixin.py:188} INFO - [2025-01-06T15:38:52.250+0000] {dag.py:3954} INFO - Setting next_dagrun for e_commerce_dw_etl to 2025-01-06 00:00:00+00:00, run_after=2025-01-07 00:00:00+00:00
[2025-01-06T15:38:52.281+0000] {processor.py:183} INFO - Processing /opt/airflow/dags/e_commerce_dw_dag.py took 0.179 seconds
[2025-01-06T15:39:22.465+0000] {processor.py:161} INFO - Started process (PID=728) to work on /opt/airflow/dags/e_commerce_dw_dag.py
[2025-01-06T15:39:22.467+0000] {processor.py:830} INFO - Processing file /opt/airflow/dags/e_commerce_dw_dag.py for tasks to queue
[2025-01-06T15:39:22.468+0000] {logging_mixin.py:188} INFO - [2025-01-06T15:39:22.468+0000] {dagbag.py:545} INFO - Filling up the DagBag from /opt/airflow/dags/e_commerce_dw_dag.py
[2025-01-06T15:39:22.534+0000] {processor.py:840} INFO - DAG(s) 'e_commerce_dw_etl' retrieved from /opt/airflow/dags/e_commerce_dw_dag.py
[2025-01-06T15:39:22.565+0000] {logging_mixin.py:188} INFO - [2025-01-06T15:39:22.565+0000] {dag.py:3096} INFO - Sync 1 DAGs
[2025-01-06T15:39:22.588+0000] {logging_mixin.py:188} INFO - [2025-01-06T15:39:22.587+0000] {dag.py:3954} INFO - Setting next_dagrun for e_commerce_dw_etl to 2025-01-06 00:00:00+00:00, run_after=2025-01-07 00:00:00+00:00
[2025-01-06T15:39:22.616+0000] {processor.py:183} INFO - Processing /opt/airflow/dags/e_commerce_dw_dag.py took 0.158 seconds
[2025-01-06T15:39:53.020+0000] {processor.py:161} INFO - Started process (PID=749) to work on /opt/airflow/dags/e_commerce_dw_dag.py
[2025-01-06T15:39:53.021+0000] {processor.py:830} INFO - Processing file /opt/airflow/dags/e_commerce_dw_dag.py for tasks to queue
[2025-01-06T15:39:53.022+0000] {logging_mixin.py:188} INFO - [2025-01-06T15:39:53.022+0000] {dagbag.py:545} INFO - Filling up the DagBag from /opt/airflow/dags/e_commerce_dw_dag.py
[2025-01-06T15:39:53.087+0000] {processor.py:840} INFO - DAG(s) 'e_commerce_dw_etl' retrieved from /opt/airflow/dags/e_commerce_dw_dag.py
[2025-01-06T15:39:53.123+0000] {logging_mixin.py:188} INFO - [2025-01-06T15:39:53.122+0000] {dag.py:3096} INFO - Sync 1 DAGs
[2025-01-06T15:39:53.146+0000] {logging_mixin.py:188} INFO - [2025-01-06T15:39:53.146+0000] {dag.py:3954} INFO - Setting next_dagrun for e_commerce_dw_etl to 2025-01-06 00:00:00+00:00, run_after=2025-01-07 00:00:00+00:00
[2025-01-06T15:39:53.177+0000] {processor.py:183} INFO - Processing /opt/airflow/dags/e_commerce_dw_dag.py took 0.163 seconds
[2025-01-06T15:40:23.450+0000] {processor.py:161} INFO - Started process (PID=770) to work on /opt/airflow/dags/e_commerce_dw_dag.py
[2025-01-06T15:40:23.452+0000] {processor.py:830} INFO - Processing file /opt/airflow/dags/e_commerce_dw_dag.py for tasks to queue
[2025-01-06T15:40:23.453+0000] {logging_mixin.py:188} INFO - [2025-01-06T15:40:23.453+0000] {dagbag.py:545} INFO - Filling up the DagBag from /opt/airflow/dags/e_commerce_dw_dag.py
[2025-01-06T15:40:23.532+0000] {processor.py:840} INFO - DAG(s) 'e_commerce_dw_etl' retrieved from /opt/airflow/dags/e_commerce_dw_dag.py
[2025-01-06T15:40:23.568+0000] {logging_mixin.py:188} INFO - [2025-01-06T15:40:23.567+0000] {dag.py:3096} INFO - Sync 1 DAGs
[2025-01-06T15:40:23.591+0000] {logging_mixin.py:188} INFO - [2025-01-06T15:40:23.591+0000] {dag.py:3954} INFO - Setting next_dagrun for e_commerce_dw_etl to 2025-01-06 00:00:00+00:00, run_after=2025-01-07 00:00:00+00:00
[2025-01-06T15:40:23.617+0000] {processor.py:183} INFO - Processing /opt/airflow/dags/e_commerce_dw_dag.py took 0.175 seconds
[2025-01-06T15:40:54.178+0000] {processor.py:161} INFO - Started process (PID=791) to work on /opt/airflow/dags/e_commerce_dw_dag.py
[2025-01-06T15:40:54.179+0000] {processor.py:830} INFO - Processing file /opt/airflow/dags/e_commerce_dw_dag.py for tasks to queue
[2025-01-06T15:40:54.180+0000] {logging_mixin.py:188} INFO - [2025-01-06T15:40:54.180+0000] {dagbag.py:545} INFO - Filling up the DagBag from /opt/airflow/dags/e_commerce_dw_dag.py
[2025-01-06T15:40:54.232+0000] {processor.py:840} INFO - DAG(s) 'e_commerce_dw_etl' retrieved from /opt/airflow/dags/e_commerce_dw_dag.py
[2025-01-06T15:40:54.278+0000] {logging_mixin.py:188} INFO - [2025-01-06T15:40:54.277+0000] {dag.py:3096} INFO - Sync 1 DAGs
[2025-01-06T15:40:54.302+0000] {logging_mixin.py:188} INFO - [2025-01-06T15:40:54.302+0000] {dag.py:3954} INFO - Setting next_dagrun for e_commerce_dw_etl to 2025-01-06 00:00:00+00:00, run_after=2025-01-07 00:00:00+00:00
[2025-01-06T15:40:54.331+0000] {processor.py:183} INFO - Processing /opt/airflow/dags/e_commerce_dw_dag.py took 0.158 seconds
[2025-01-06T15:41:24.537+0000] {processor.py:161} INFO - Started process (PID=812) to work on /opt/airflow/dags/e_commerce_dw_dag.py
[2025-01-06T15:41:24.538+0000] {processor.py:830} INFO - Processing file /opt/airflow/dags/e_commerce_dw_dag.py for tasks to queue
[2025-01-06T15:41:24.540+0000] {logging_mixin.py:188} INFO - [2025-01-06T15:41:24.540+0000] {dagbag.py:545} INFO - Filling up the DagBag from /opt/airflow/dags/e_commerce_dw_dag.py
[2025-01-06T15:41:24.644+0000] {processor.py:840} INFO - DAG(s) 'e_commerce_dw_etl' retrieved from /opt/airflow/dags/e_commerce_dw_dag.py
[2025-01-06T15:41:24.686+0000] {logging_mixin.py:188} INFO - [2025-01-06T15:41:24.686+0000] {dag.py:3096} INFO - Sync 1 DAGs
[2025-01-06T15:41:24.717+0000] {logging_mixin.py:188} INFO - [2025-01-06T15:41:24.717+0000] {dag.py:3954} INFO - Setting next_dagrun for e_commerce_dw_etl to 2025-01-06 00:00:00+00:00, run_after=2025-01-07 00:00:00+00:00
[2025-01-06T15:41:24.740+0000] {processor.py:183} INFO - Processing /opt/airflow/dags/e_commerce_dw_dag.py took 0.212 seconds
[2025-01-06T15:41:55.193+0000] {processor.py:161} INFO - Started process (PID=833) to work on /opt/airflow/dags/e_commerce_dw_dag.py
[2025-01-06T15:41:55.194+0000] {processor.py:830} INFO - Processing file /opt/airflow/dags/e_commerce_dw_dag.py for tasks to queue
[2025-01-06T15:41:55.196+0000] {logging_mixin.py:188} INFO - [2025-01-06T15:41:55.195+0000] {dagbag.py:545} INFO - Filling up the DagBag from /opt/airflow/dags/e_commerce_dw_dag.py
[2025-01-06T15:41:55.259+0000] {processor.py:840} INFO - DAG(s) 'e_commerce_dw_etl' retrieved from /opt/airflow/dags/e_commerce_dw_dag.py
[2025-01-06T15:41:55.298+0000] {logging_mixin.py:188} INFO - [2025-01-06T15:41:55.297+0000] {dag.py:3096} INFO - Sync 1 DAGs
[2025-01-06T15:41:55.323+0000] {logging_mixin.py:188} INFO - [2025-01-06T15:41:55.323+0000] {dag.py:3954} INFO - Setting next_dagrun for e_commerce_dw_etl to 2025-01-06 00:00:00+00:00, run_after=2025-01-07 00:00:00+00:00
[2025-01-06T15:41:55.352+0000] {processor.py:183} INFO - Processing /opt/airflow/dags/e_commerce_dw_dag.py took 0.167 seconds
[2025-01-06T15:42:25.665+0000] {processor.py:161} INFO - Started process (PID=854) to work on /opt/airflow/dags/e_commerce_dw_dag.py
[2025-01-06T15:42:25.666+0000] {processor.py:830} INFO - Processing file /opt/airflow/dags/e_commerce_dw_dag.py for tasks to queue
[2025-01-06T15:42:25.668+0000] {logging_mixin.py:188} INFO - [2025-01-06T15:42:25.667+0000] {dagbag.py:545} INFO - Filling up the DagBag from /opt/airflow/dags/e_commerce_dw_dag.py
[2025-01-06T15:42:25.730+0000] {processor.py:840} INFO - DAG(s) 'e_commerce_dw_etl' retrieved from /opt/airflow/dags/e_commerce_dw_dag.py
[2025-01-06T15:42:25.760+0000] {logging_mixin.py:188} INFO - [2025-01-06T15:42:25.760+0000] {dag.py:3096} INFO - Sync 1 DAGs
[2025-01-06T15:42:25.783+0000] {logging_mixin.py:188} INFO - [2025-01-06T15:42:25.783+0000] {dag.py:3954} INFO - Setting next_dagrun for e_commerce_dw_etl to 2025-01-06 00:00:00+00:00, run_after=2025-01-07 00:00:00+00:00
[2025-01-06T15:42:25.809+0000] {processor.py:183} INFO - Processing /opt/airflow/dags/e_commerce_dw_dag.py took 0.152 seconds
[2025-01-06T15:42:56.086+0000] {processor.py:161} INFO - Started process (PID=875) to work on /opt/airflow/dags/e_commerce_dw_dag.py
[2025-01-06T15:42:56.087+0000] {processor.py:830} INFO - Processing file /opt/airflow/dags/e_commerce_dw_dag.py for tasks to queue
[2025-01-06T15:42:56.089+0000] {logging_mixin.py:188} INFO - [2025-01-06T15:42:56.089+0000] {dagbag.py:545} INFO - Filling up the DagBag from /opt/airflow/dags/e_commerce_dw_dag.py
[2025-01-06T15:42:56.162+0000] {processor.py:840} INFO - DAG(s) 'e_commerce_dw_etl' retrieved from /opt/airflow/dags/e_commerce_dw_dag.py
[2025-01-06T15:42:56.194+0000] {logging_mixin.py:188} INFO - [2025-01-06T15:42:56.194+0000] {dag.py:3096} INFO - Sync 1 DAGs
[2025-01-06T15:42:56.217+0000] {logging_mixin.py:188} INFO - [2025-01-06T15:42:56.217+0000] {dag.py:3954} INFO - Setting next_dagrun for e_commerce_dw_etl to 2025-01-06 00:00:00+00:00, run_after=2025-01-07 00:00:00+00:00
[2025-01-06T15:42:56.249+0000] {processor.py:183} INFO - Processing /opt/airflow/dags/e_commerce_dw_dag.py took 0.169 seconds
[2025-01-06T15:43:26.599+0000] {processor.py:161} INFO - Started process (PID=896) to work on /opt/airflow/dags/e_commerce_dw_dag.py
[2025-01-06T15:43:26.600+0000] {processor.py:830} INFO - Processing file /opt/airflow/dags/e_commerce_dw_dag.py for tasks to queue
[2025-01-06T15:43:26.602+0000] {logging_mixin.py:188} INFO - [2025-01-06T15:43:26.601+0000] {dagbag.py:545} INFO - Filling up the DagBag from /opt/airflow/dags/e_commerce_dw_dag.py
[2025-01-06T15:43:26.653+0000] {processor.py:840} INFO - DAG(s) 'e_commerce_dw_etl' retrieved from /opt/airflow/dags/e_commerce_dw_dag.py
[2025-01-06T15:43:26.684+0000] {logging_mixin.py:188} INFO - [2025-01-06T15:43:26.683+0000] {dag.py:3096} INFO - Sync 1 DAGs
[2025-01-06T15:43:26.707+0000] {logging_mixin.py:188} INFO - [2025-01-06T15:43:26.706+0000] {dag.py:3954} INFO - Setting next_dagrun for e_commerce_dw_etl to 2025-01-06 00:00:00+00:00, run_after=2025-01-07 00:00:00+00:00
[2025-01-06T15:43:26.733+0000] {processor.py:183} INFO - Processing /opt/airflow/dags/e_commerce_dw_dag.py took 0.140 seconds
[2025-01-06T15:43:56.988+0000] {processor.py:161} INFO - Started process (PID=917) to work on /opt/airflow/dags/e_commerce_dw_dag.py
[2025-01-06T15:43:56.990+0000] {processor.py:830} INFO - Processing file /opt/airflow/dags/e_commerce_dw_dag.py for tasks to queue
[2025-01-06T15:43:56.992+0000] {logging_mixin.py:188} INFO - [2025-01-06T15:43:56.991+0000] {dagbag.py:545} INFO - Filling up the DagBag from /opt/airflow/dags/e_commerce_dw_dag.py
[2025-01-06T15:43:57.055+0000] {processor.py:840} INFO - DAG(s) 'e_commerce_dw_etl' retrieved from /opt/airflow/dags/e_commerce_dw_dag.py
[2025-01-06T15:43:57.094+0000] {logging_mixin.py:188} INFO - [2025-01-06T15:43:57.094+0000] {dag.py:3096} INFO - Sync 1 DAGs
[2025-01-06T15:43:57.122+0000] {logging_mixin.py:188} INFO - [2025-01-06T15:43:57.122+0000] {dag.py:3954} INFO - Setting next_dagrun for e_commerce_dw_etl to 2025-01-06 00:00:00+00:00, run_after=2025-01-07 00:00:00+00:00
[2025-01-06T15:43:57.153+0000] {processor.py:183} INFO - Processing /opt/airflow/dags/e_commerce_dw_dag.py took 0.170 seconds
[2025-01-06T15:44:27.378+0000] {processor.py:161} INFO - Started process (PID=938) to work on /opt/airflow/dags/e_commerce_dw_dag.py
[2025-01-06T15:44:27.380+0000] {processor.py:830} INFO - Processing file /opt/airflow/dags/e_commerce_dw_dag.py for tasks to queue
[2025-01-06T15:44:27.381+0000] {logging_mixin.py:188} INFO - [2025-01-06T15:44:27.380+0000] {dagbag.py:545} INFO - Filling up the DagBag from /opt/airflow/dags/e_commerce_dw_dag.py
[2025-01-06T15:44:27.436+0000] {processor.py:840} INFO - DAG(s) 'e_commerce_dw_etl' retrieved from /opt/airflow/dags/e_commerce_dw_dag.py
[2025-01-06T15:44:27.474+0000] {logging_mixin.py:188} INFO - [2025-01-06T15:44:27.473+0000] {dag.py:3096} INFO - Sync 1 DAGs
[2025-01-06T15:44:27.500+0000] {logging_mixin.py:188} INFO - [2025-01-06T15:44:27.500+0000] {dag.py:3954} INFO - Setting next_dagrun for e_commerce_dw_etl to 2025-01-06 00:00:00+00:00, run_after=2025-01-07 00:00:00+00:00
[2025-01-06T15:44:27.531+0000] {processor.py:183} INFO - Processing /opt/airflow/dags/e_commerce_dw_dag.py took 0.158 seconds
[2025-01-06T15:44:57.912+0000] {processor.py:161} INFO - Started process (PID=959) to work on /opt/airflow/dags/e_commerce_dw_dag.py
[2025-01-06T15:44:57.913+0000] {processor.py:830} INFO - Processing file /opt/airflow/dags/e_commerce_dw_dag.py for tasks to queue
[2025-01-06T15:44:57.915+0000] {logging_mixin.py:188} INFO - [2025-01-06T15:44:57.915+0000] {dagbag.py:545} INFO - Filling up the DagBag from /opt/airflow/dags/e_commerce_dw_dag.py
[2025-01-06T15:44:57.986+0000] {processor.py:840} INFO - DAG(s) 'e_commerce_dw_etl' retrieved from /opt/airflow/dags/e_commerce_dw_dag.py
[2025-01-06T15:44:58.024+0000] {logging_mixin.py:188} INFO - [2025-01-06T15:44:58.024+0000] {dag.py:3096} INFO - Sync 1 DAGs
[2025-01-06T15:44:58.054+0000] {logging_mixin.py:188} INFO - [2025-01-06T15:44:58.054+0000] {dag.py:3954} INFO - Setting next_dagrun for e_commerce_dw_etl to 2025-01-06 00:00:00+00:00, run_after=2025-01-07 00:00:00+00:00
[2025-01-06T15:44:58.081+0000] {processor.py:183} INFO - Processing /opt/airflow/dags/e_commerce_dw_dag.py took 0.177 seconds
[2025-01-06T15:45:28.465+0000] {processor.py:161} INFO - Started process (PID=980) to work on /opt/airflow/dags/e_commerce_dw_dag.py
[2025-01-06T15:45:28.466+0000] {processor.py:830} INFO - Processing file /opt/airflow/dags/e_commerce_dw_dag.py for tasks to queue
[2025-01-06T15:45:28.467+0000] {logging_mixin.py:188} INFO - [2025-01-06T15:45:28.467+0000] {dagbag.py:545} INFO - Filling up the DagBag from /opt/airflow/dags/e_commerce_dw_dag.py
[2025-01-06T15:45:28.524+0000] {processor.py:840} INFO - DAG(s) 'e_commerce_dw_etl' retrieved from /opt/airflow/dags/e_commerce_dw_dag.py
[2025-01-06T15:45:28.558+0000] {logging_mixin.py:188} INFO - [2025-01-06T15:45:28.558+0000] {dag.py:3096} INFO - Sync 1 DAGs
[2025-01-06T15:45:28.581+0000] {logging_mixin.py:188} INFO - [2025-01-06T15:45:28.581+0000] {dag.py:3954} INFO - Setting next_dagrun for e_commerce_dw_etl to 2025-01-06 00:00:00+00:00, run_after=2025-01-07 00:00:00+00:00
[2025-01-06T15:45:28.608+0000] {processor.py:183} INFO - Processing /opt/airflow/dags/e_commerce_dw_dag.py took 0.149 seconds
[2025-01-06T15:45:58.923+0000] {processor.py:161} INFO - Started process (PID=1001) to work on /opt/airflow/dags/e_commerce_dw_dag.py
[2025-01-06T15:45:58.924+0000] {processor.py:830} INFO - Processing file /opt/airflow/dags/e_commerce_dw_dag.py for tasks to queue
[2025-01-06T15:45:58.925+0000] {logging_mixin.py:188} INFO - [2025-01-06T15:45:58.925+0000] {dagbag.py:545} INFO - Filling up the DagBag from /opt/airflow/dags/e_commerce_dw_dag.py
[2025-01-06T15:45:58.992+0000] {processor.py:840} INFO - DAG(s) 'e_commerce_dw_etl' retrieved from /opt/airflow/dags/e_commerce_dw_dag.py
[2025-01-06T15:45:59.026+0000] {logging_mixin.py:188} INFO - [2025-01-06T15:45:59.026+0000] {dag.py:3096} INFO - Sync 1 DAGs
[2025-01-06T15:45:59.051+0000] {logging_mixin.py:188} INFO - [2025-01-06T15:45:59.051+0000] {dag.py:3954} INFO - Setting next_dagrun for e_commerce_dw_etl to 2025-01-06 00:00:00+00:00, run_after=2025-01-07 00:00:00+00:00
[2025-01-06T15:45:59.079+0000] {processor.py:183} INFO - Processing /opt/airflow/dags/e_commerce_dw_dag.py took 0.163 seconds
[2025-01-06T15:46:29.379+0000] {processor.py:161} INFO - Started process (PID=1022) to work on /opt/airflow/dags/e_commerce_dw_dag.py
[2025-01-06T15:46:29.381+0000] {processor.py:830} INFO - Processing file /opt/airflow/dags/e_commerce_dw_dag.py for tasks to queue
[2025-01-06T15:46:29.382+0000] {logging_mixin.py:188} INFO - [2025-01-06T15:46:29.382+0000] {dagbag.py:545} INFO - Filling up the DagBag from /opt/airflow/dags/e_commerce_dw_dag.py
[2025-01-06T15:46:29.459+0000] {processor.py:840} INFO - DAG(s) 'e_commerce_dw_etl' retrieved from /opt/airflow/dags/e_commerce_dw_dag.py
[2025-01-06T15:46:29.495+0000] {logging_mixin.py:188} INFO - [2025-01-06T15:46:29.495+0000] {dag.py:3096} INFO - Sync 1 DAGs
[2025-01-06T15:46:29.525+0000] {logging_mixin.py:188} INFO - [2025-01-06T15:46:29.525+0000] {dag.py:3954} INFO - Setting next_dagrun for e_commerce_dw_etl to 2025-01-06 00:00:00+00:00, run_after=2025-01-07 00:00:00+00:00
[2025-01-06T15:46:29.550+0000] {processor.py:183} INFO - Processing /opt/airflow/dags/e_commerce_dw_dag.py took 0.182 seconds
[2025-01-06T15:47:00.000+0000] {processor.py:161} INFO - Started process (PID=1043) to work on /opt/airflow/dags/e_commerce_dw_dag.py
[2025-01-06T15:47:00.001+0000] {processor.py:830} INFO - Processing file /opt/airflow/dags/e_commerce_dw_dag.py for tasks to queue
[2025-01-06T15:47:00.003+0000] {logging_mixin.py:188} INFO - [2025-01-06T15:47:00.002+0000] {dagbag.py:545} INFO - Filling up the DagBag from /opt/airflow/dags/e_commerce_dw_dag.py
[2025-01-06T15:47:00.065+0000] {processor.py:840} INFO - DAG(s) 'e_commerce_dw_etl' retrieved from /opt/airflow/dags/e_commerce_dw_dag.py
[2025-01-06T15:47:00.103+0000] {logging_mixin.py:188} INFO - [2025-01-06T15:47:00.103+0000] {dag.py:3096} INFO - Sync 1 DAGs
[2025-01-06T15:47:00.125+0000] {logging_mixin.py:188} INFO - [2025-01-06T15:47:00.125+0000] {dag.py:3954} INFO - Setting next_dagrun for e_commerce_dw_etl to 2025-01-06 00:00:00+00:00, run_after=2025-01-07 00:00:00+00:00
[2025-01-06T15:47:00.153+0000] {processor.py:183} INFO - Processing /opt/airflow/dags/e_commerce_dw_dag.py took 0.159 seconds
[2025-01-06T15:47:30.595+0000] {processor.py:161} INFO - Started process (PID=1064) to work on /opt/airflow/dags/e_commerce_dw_dag.py
[2025-01-06T15:47:30.596+0000] {processor.py:830} INFO - Processing file /opt/airflow/dags/e_commerce_dw_dag.py for tasks to queue
[2025-01-06T15:47:30.597+0000] {logging_mixin.py:188} INFO - [2025-01-06T15:47:30.597+0000] {dagbag.py:545} INFO - Filling up the DagBag from /opt/airflow/dags/e_commerce_dw_dag.py
[2025-01-06T15:47:30.652+0000] {processor.py:840} INFO - DAG(s) 'e_commerce_dw_etl' retrieved from /opt/airflow/dags/e_commerce_dw_dag.py
[2025-01-06T15:47:30.684+0000] {logging_mixin.py:188} INFO - [2025-01-06T15:47:30.684+0000] {dag.py:3096} INFO - Sync 1 DAGs
[2025-01-06T15:47:30.710+0000] {logging_mixin.py:188} INFO - [2025-01-06T15:47:30.709+0000] {dag.py:3954} INFO - Setting next_dagrun for e_commerce_dw_etl to 2025-01-06 00:00:00+00:00, run_after=2025-01-07 00:00:00+00:00
[2025-01-06T15:47:30.739+0000] {processor.py:183} INFO - Processing /opt/airflow/dags/e_commerce_dw_dag.py took 0.152 seconds
[2025-01-06T15:48:01.044+0000] {processor.py:161} INFO - Started process (PID=1085) to work on /opt/airflow/dags/e_commerce_dw_dag.py
[2025-01-06T15:48:01.046+0000] {processor.py:830} INFO - Processing file /opt/airflow/dags/e_commerce_dw_dag.py for tasks to queue
[2025-01-06T15:48:01.048+0000] {logging_mixin.py:188} INFO - [2025-01-06T15:48:01.047+0000] {dagbag.py:545} INFO - Filling up the DagBag from /opt/airflow/dags/e_commerce_dw_dag.py
[2025-01-06T15:48:01.333+0000] {processor.py:840} INFO - DAG(s) 'e_commerce_dw_etl' retrieved from /opt/airflow/dags/e_commerce_dw_dag.py
[2025-01-06T15:48:01.372+0000] {logging_mixin.py:188} INFO - [2025-01-06T15:48:01.371+0000] {dag.py:3096} INFO - Sync 1 DAGs
[2025-01-06T15:48:01.394+0000] {logging_mixin.py:188} INFO - [2025-01-06T15:48:01.394+0000] {dag.py:3954} INFO - Setting next_dagrun for e_commerce_dw_etl to 2025-01-06 00:00:00+00:00, run_after=2025-01-07 00:00:00+00:00
[2025-01-06T15:48:01.421+0000] {processor.py:183} INFO - Processing /opt/airflow/dags/e_commerce_dw_dag.py took 0.385 seconds
[2025-01-06T15:48:31.521+0000] {processor.py:161} INFO - Started process (PID=1106) to work on /opt/airflow/dags/e_commerce_dw_dag.py
[2025-01-06T15:48:31.522+0000] {processor.py:830} INFO - Processing file /opt/airflow/dags/e_commerce_dw_dag.py for tasks to queue
[2025-01-06T15:48:31.528+0000] {logging_mixin.py:188} INFO - [2025-01-06T15:48:31.524+0000] {dagbag.py:545} INFO - Filling up the DagBag from /opt/airflow/dags/e_commerce_dw_dag.py
[2025-01-06T15:48:31.614+0000] {processor.py:840} INFO - DAG(s) 'e_commerce_dw_etl' retrieved from /opt/airflow/dags/e_commerce_dw_dag.py
[2025-01-06T15:48:31.661+0000] {logging_mixin.py:188} INFO - [2025-01-06T15:48:31.660+0000] {dag.py:3096} INFO - Sync 1 DAGs
[2025-01-06T15:48:31.701+0000] {logging_mixin.py:188} INFO - [2025-01-06T15:48:31.701+0000] {dag.py:3954} INFO - Setting next_dagrun for e_commerce_dw_etl to 2025-01-06 00:00:00+00:00, run_after=2025-01-07 00:00:00+00:00
[2025-01-06T15:48:31.735+0000] {processor.py:183} INFO - Processing /opt/airflow/dags/e_commerce_dw_dag.py took 0.225 seconds
