[2025-01-06T15:23:04.286+0000] {processor.py:161} INFO - Started process (PID=194) to work on /opt/airflow/dags/extract_data.py
[2025-01-06T15:23:04.288+0000] {processor.py:830} INFO - Processing file /opt/airflow/dags/extract_data.py for tasks to queue
[2025-01-06T15:23:04.289+0000] {logging_mixin.py:188} INFO - [2025-01-06T15:23:04.288+0000] {dagbag.py:545} INFO - Filling up the DagBag from /opt/airflow/dags/extract_data.py
[2025-01-06T15:23:04.305+0000] {processor.py:842} WARNING - No viable dags retrieved from /opt/airflow/dags/extract_data.py
[2025-01-06T15:23:04.329+0000] {processor.py:183} INFO - Processing /opt/airflow/dags/extract_data.py took 0.054 seconds
[2025-01-06T15:23:34.690+0000] {processor.py:161} INFO - Started process (PID=229) to work on /opt/airflow/dags/extract_data.py
[2025-01-06T15:23:34.692+0000] {processor.py:830} INFO - Processing file /opt/airflow/dags/extract_data.py for tasks to queue
[2025-01-06T15:23:34.696+0000] {logging_mixin.py:188} INFO - [2025-01-06T15:23:34.695+0000] {dagbag.py:545} INFO - Filling up the DagBag from /opt/airflow/dags/extract_data.py
[2025-01-06T15:23:34.720+0000] {processor.py:842} WARNING - No viable dags retrieved from /opt/airflow/dags/extract_data.py
[2025-01-06T15:23:34.747+0000] {processor.py:183} INFO - Processing /opt/airflow/dags/extract_data.py took 0.073 seconds
[2025-01-06T15:24:05.157+0000] {processor.py:161} INFO - Started process (PID=252) to work on /opt/airflow/dags/extract_data.py
[2025-01-06T15:24:05.158+0000] {processor.py:830} INFO - Processing file /opt/airflow/dags/extract_data.py for tasks to queue
[2025-01-06T15:24:05.159+0000] {logging_mixin.py:188} INFO - [2025-01-06T15:24:05.159+0000] {dagbag.py:545} INFO - Filling up the DagBag from /opt/airflow/dags/extract_data.py
[2025-01-06T15:24:05.172+0000] {processor.py:842} WARNING - No viable dags retrieved from /opt/airflow/dags/extract_data.py
[2025-01-06T15:24:05.191+0000] {processor.py:183} INFO - Processing /opt/airflow/dags/extract_data.py took 0.042 seconds
[2025-01-06T15:24:35.686+0000] {processor.py:161} INFO - Started process (PID=273) to work on /opt/airflow/dags/extract_data.py
[2025-01-06T15:24:35.687+0000] {processor.py:830} INFO - Processing file /opt/airflow/dags/extract_data.py for tasks to queue
[2025-01-06T15:24:35.689+0000] {logging_mixin.py:188} INFO - [2025-01-06T15:24:35.688+0000] {dagbag.py:545} INFO - Filling up the DagBag from /opt/airflow/dags/extract_data.py
[2025-01-06T15:24:35.702+0000] {processor.py:842} WARNING - No viable dags retrieved from /opt/airflow/dags/extract_data.py
[2025-01-06T15:24:35.720+0000] {processor.py:183} INFO - Processing /opt/airflow/dags/extract_data.py took 0.042 seconds
[2025-01-06T15:25:06.195+0000] {processor.py:161} INFO - Started process (PID=294) to work on /opt/airflow/dags/extract_data.py
[2025-01-06T15:25:06.196+0000] {processor.py:830} INFO - Processing file /opt/airflow/dags/extract_data.py for tasks to queue
[2025-01-06T15:25:06.197+0000] {logging_mixin.py:188} INFO - [2025-01-06T15:25:06.197+0000] {dagbag.py:545} INFO - Filling up the DagBag from /opt/airflow/dags/extract_data.py
[2025-01-06T15:25:06.211+0000] {processor.py:842} WARNING - No viable dags retrieved from /opt/airflow/dags/extract_data.py
[2025-01-06T15:25:06.229+0000] {processor.py:183} INFO - Processing /opt/airflow/dags/extract_data.py took 0.042 seconds
[2025-01-06T15:26:38.966+0000] {processor.py:161} INFO - Started process (PID=189) to work on /opt/airflow/dags/extract_data.py
[2025-01-06T15:26:38.969+0000] {processor.py:830} INFO - Processing file /opt/airflow/dags/extract_data.py for tasks to queue
[2025-01-06T15:26:38.972+0000] {logging_mixin.py:188} INFO - [2025-01-06T15:26:38.971+0000] {dagbag.py:545} INFO - Filling up the DagBag from /opt/airflow/dags/extract_data.py
[2025-01-06T15:26:39.003+0000] {processor.py:842} WARNING - No viable dags retrieved from /opt/airflow/dags/extract_data.py
[2025-01-06T15:26:39.055+0000] {processor.py:183} INFO - Processing /opt/airflow/dags/extract_data.py took 0.107 seconds
[2025-01-06T15:27:09.240+0000] {processor.py:161} INFO - Started process (PID=210) to work on /opt/airflow/dags/extract_data.py
[2025-01-06T15:27:09.241+0000] {processor.py:830} INFO - Processing file /opt/airflow/dags/extract_data.py for tasks to queue
[2025-01-06T15:27:09.243+0000] {logging_mixin.py:188} INFO - [2025-01-06T15:27:09.242+0000] {dagbag.py:545} INFO - Filling up the DagBag from /opt/airflow/dags/extract_data.py
[2025-01-06T15:27:09.262+0000] {processor.py:842} WARNING - No viable dags retrieved from /opt/airflow/dags/extract_data.py
[2025-01-06T15:27:09.305+0000] {processor.py:183} INFO - Processing /opt/airflow/dags/extract_data.py took 0.075 seconds
[2025-01-06T15:27:39.763+0000] {processor.py:161} INFO - Started process (PID=231) to work on /opt/airflow/dags/extract_data.py
[2025-01-06T15:27:39.764+0000] {processor.py:830} INFO - Processing file /opt/airflow/dags/extract_data.py for tasks to queue
[2025-01-06T15:27:39.766+0000] {logging_mixin.py:188} INFO - [2025-01-06T15:27:39.765+0000] {dagbag.py:545} INFO - Filling up the DagBag from /opt/airflow/dags/extract_data.py
[2025-01-06T15:27:39.781+0000] {processor.py:842} WARNING - No viable dags retrieved from /opt/airflow/dags/extract_data.py
[2025-01-06T15:27:39.807+0000] {processor.py:183} INFO - Processing /opt/airflow/dags/extract_data.py took 0.056 seconds
[2025-01-06T15:28:10.236+0000] {processor.py:161} INFO - Started process (PID=252) to work on /opt/airflow/dags/extract_data.py
[2025-01-06T15:28:10.237+0000] {processor.py:830} INFO - Processing file /opt/airflow/dags/extract_data.py for tasks to queue
[2025-01-06T15:28:10.238+0000] {logging_mixin.py:188} INFO - [2025-01-06T15:28:10.238+0000] {dagbag.py:545} INFO - Filling up the DagBag from /opt/airflow/dags/extract_data.py
[2025-01-06T15:28:10.251+0000] {processor.py:842} WARNING - No viable dags retrieved from /opt/airflow/dags/extract_data.py
[2025-01-06T15:28:10.267+0000] {processor.py:183} INFO - Processing /opt/airflow/dags/extract_data.py took 0.037 seconds
[2025-01-06T15:28:40.837+0000] {processor.py:161} INFO - Started process (PID=273) to work on /opt/airflow/dags/extract_data.py
[2025-01-06T15:28:40.839+0000] {processor.py:830} INFO - Processing file /opt/airflow/dags/extract_data.py for tasks to queue
[2025-01-06T15:28:40.843+0000] {logging_mixin.py:188} INFO - [2025-01-06T15:28:40.842+0000] {dagbag.py:545} INFO - Filling up the DagBag from /opt/airflow/dags/extract_data.py
[2025-01-06T15:28:40.871+0000] {processor.py:842} WARNING - No viable dags retrieved from /opt/airflow/dags/extract_data.py
[2025-01-06T15:28:40.910+0000] {processor.py:183} INFO - Processing /opt/airflow/dags/extract_data.py took 0.092 seconds
[2025-01-06T15:29:11.384+0000] {processor.py:161} INFO - Started process (PID=294) to work on /opt/airflow/dags/extract_data.py
[2025-01-06T15:29:11.385+0000] {processor.py:830} INFO - Processing file /opt/airflow/dags/extract_data.py for tasks to queue
[2025-01-06T15:29:11.388+0000] {logging_mixin.py:188} INFO - [2025-01-06T15:29:11.387+0000] {dagbag.py:545} INFO - Filling up the DagBag from /opt/airflow/dags/extract_data.py
[2025-01-06T15:29:11.414+0000] {processor.py:842} WARNING - No viable dags retrieved from /opt/airflow/dags/extract_data.py
[2025-01-06T15:29:11.435+0000] {processor.py:183} INFO - Processing /opt/airflow/dags/extract_data.py took 0.066 seconds
[2025-01-06T15:29:42.040+0000] {processor.py:161} INFO - Started process (PID=321) to work on /opt/airflow/dags/extract_data.py
[2025-01-06T15:29:42.041+0000] {processor.py:830} INFO - Processing file /opt/airflow/dags/extract_data.py for tasks to queue
[2025-01-06T15:29:42.043+0000] {logging_mixin.py:188} INFO - [2025-01-06T15:29:42.042+0000] {dagbag.py:545} INFO - Filling up the DagBag from /opt/airflow/dags/extract_data.py
[2025-01-06T15:29:42.063+0000] {processor.py:842} WARNING - No viable dags retrieved from /opt/airflow/dags/extract_data.py
[2025-01-06T15:29:42.085+0000] {processor.py:183} INFO - Processing /opt/airflow/dags/extract_data.py took 0.056 seconds
[2025-01-06T15:30:12.482+0000] {processor.py:161} INFO - Started process (PID=342) to work on /opt/airflow/dags/extract_data.py
[2025-01-06T15:30:12.483+0000] {processor.py:830} INFO - Processing file /opt/airflow/dags/extract_data.py for tasks to queue
[2025-01-06T15:30:12.484+0000] {logging_mixin.py:188} INFO - [2025-01-06T15:30:12.484+0000] {dagbag.py:545} INFO - Filling up the DagBag from /opt/airflow/dags/extract_data.py
[2025-01-06T15:30:12.497+0000] {processor.py:842} WARNING - No viable dags retrieved from /opt/airflow/dags/extract_data.py
[2025-01-06T15:30:12.511+0000] {processor.py:183} INFO - Processing /opt/airflow/dags/extract_data.py took 0.036 seconds
[2025-01-06T15:30:42.919+0000] {processor.py:161} INFO - Started process (PID=363) to work on /opt/airflow/dags/extract_data.py
[2025-01-06T15:30:42.920+0000] {processor.py:830} INFO - Processing file /opt/airflow/dags/extract_data.py for tasks to queue
[2025-01-06T15:30:42.922+0000] {logging_mixin.py:188} INFO - [2025-01-06T15:30:42.922+0000] {dagbag.py:545} INFO - Filling up the DagBag from /opt/airflow/dags/extract_data.py
[2025-01-06T15:30:42.947+0000] {processor.py:842} WARNING - No viable dags retrieved from /opt/airflow/dags/extract_data.py
[2025-01-06T15:30:42.967+0000] {processor.py:183} INFO - Processing /opt/airflow/dags/extract_data.py took 0.056 seconds
[2025-01-06T15:31:13.358+0000] {processor.py:161} INFO - Started process (PID=384) to work on /opt/airflow/dags/extract_data.py
[2025-01-06T15:31:13.360+0000] {processor.py:830} INFO - Processing file /opt/airflow/dags/extract_data.py for tasks to queue
[2025-01-06T15:31:13.361+0000] {logging_mixin.py:188} INFO - [2025-01-06T15:31:13.361+0000] {dagbag.py:545} INFO - Filling up the DagBag from /opt/airflow/dags/extract_data.py
[2025-01-06T15:31:13.378+0000] {processor.py:842} WARNING - No viable dags retrieved from /opt/airflow/dags/extract_data.py
[2025-01-06T15:31:13.398+0000] {processor.py:183} INFO - Processing /opt/airflow/dags/extract_data.py took 0.046 seconds
[2025-01-06T15:31:43.982+0000] {processor.py:161} INFO - Started process (PID=405) to work on /opt/airflow/dags/extract_data.py
[2025-01-06T15:31:43.983+0000] {processor.py:830} INFO - Processing file /opt/airflow/dags/extract_data.py for tasks to queue
[2025-01-06T15:31:43.984+0000] {logging_mixin.py:188} INFO - [2025-01-06T15:31:43.984+0000] {dagbag.py:545} INFO - Filling up the DagBag from /opt/airflow/dags/extract_data.py
[2025-01-06T15:31:44.006+0000] {processor.py:842} WARNING - No viable dags retrieved from /opt/airflow/dags/extract_data.py
[2025-01-06T15:31:44.029+0000] {processor.py:183} INFO - Processing /opt/airflow/dags/extract_data.py took 0.054 seconds
[2025-01-06T15:32:14.448+0000] {processor.py:161} INFO - Started process (PID=426) to work on /opt/airflow/dags/extract_data.py
[2025-01-06T15:32:14.449+0000] {processor.py:830} INFO - Processing file /opt/airflow/dags/extract_data.py for tasks to queue
[2025-01-06T15:32:14.451+0000] {logging_mixin.py:188} INFO - [2025-01-06T15:32:14.451+0000] {dagbag.py:545} INFO - Filling up the DagBag from /opt/airflow/dags/extract_data.py
[2025-01-06T15:32:14.478+0000] {processor.py:842} WARNING - No viable dags retrieved from /opt/airflow/dags/extract_data.py
[2025-01-06T15:32:14.496+0000] {processor.py:183} INFO - Processing /opt/airflow/dags/extract_data.py took 0.055 seconds
[2025-01-06T15:32:44.897+0000] {processor.py:161} INFO - Started process (PID=447) to work on /opt/airflow/dags/extract_data.py
[2025-01-06T15:32:44.898+0000] {processor.py:830} INFO - Processing file /opt/airflow/dags/extract_data.py for tasks to queue
[2025-01-06T15:32:44.899+0000] {logging_mixin.py:188} INFO - [2025-01-06T15:32:44.899+0000] {dagbag.py:545} INFO - Filling up the DagBag from /opt/airflow/dags/extract_data.py
[2025-01-06T15:32:44.912+0000] {processor.py:842} WARNING - No viable dags retrieved from /opt/airflow/dags/extract_data.py
[2025-01-06T15:32:44.928+0000] {processor.py:183} INFO - Processing /opt/airflow/dags/extract_data.py took 0.037 seconds
[2025-01-06T15:33:15.331+0000] {processor.py:161} INFO - Started process (PID=468) to work on /opt/airflow/dags/extract_data.py
[2025-01-06T15:33:15.333+0000] {processor.py:830} INFO - Processing file /opt/airflow/dags/extract_data.py for tasks to queue
[2025-01-06T15:33:15.335+0000] {logging_mixin.py:188} INFO - [2025-01-06T15:33:15.334+0000] {dagbag.py:545} INFO - Filling up the DagBag from /opt/airflow/dags/extract_data.py
[2025-01-06T15:33:15.353+0000] {processor.py:842} WARNING - No viable dags retrieved from /opt/airflow/dags/extract_data.py
[2025-01-06T15:33:15.371+0000] {processor.py:183} INFO - Processing /opt/airflow/dags/extract_data.py took 0.051 seconds
[2025-01-06T15:33:45.782+0000] {processor.py:161} INFO - Started process (PID=489) to work on /opt/airflow/dags/extract_data.py
[2025-01-06T15:33:45.783+0000] {processor.py:830} INFO - Processing file /opt/airflow/dags/extract_data.py for tasks to queue
[2025-01-06T15:33:45.784+0000] {logging_mixin.py:188} INFO - [2025-01-06T15:33:45.784+0000] {dagbag.py:545} INFO - Filling up the DagBag from /opt/airflow/dags/extract_data.py
[2025-01-06T15:33:45.804+0000] {processor.py:842} WARNING - No viable dags retrieved from /opt/airflow/dags/extract_data.py
[2025-01-06T15:33:45.821+0000] {processor.py:183} INFO - Processing /opt/airflow/dags/extract_data.py took 0.048 seconds
[2025-01-06T15:34:16.322+0000] {processor.py:161} INFO - Started process (PID=510) to work on /opt/airflow/dags/extract_data.py
[2025-01-06T15:34:16.324+0000] {processor.py:830} INFO - Processing file /opt/airflow/dags/extract_data.py for tasks to queue
[2025-01-06T15:34:16.325+0000] {logging_mixin.py:188} INFO - [2025-01-06T15:34:16.325+0000] {dagbag.py:545} INFO - Filling up the DagBag from /opt/airflow/dags/extract_data.py
[2025-01-06T15:34:16.344+0000] {processor.py:842} WARNING - No viable dags retrieved from /opt/airflow/dags/extract_data.py
[2025-01-06T15:34:16.361+0000] {processor.py:183} INFO - Processing /opt/airflow/dags/extract_data.py took 0.048 seconds
[2025-01-06T15:34:46.823+0000] {processor.py:161} INFO - Started process (PID=531) to work on /opt/airflow/dags/extract_data.py
[2025-01-06T15:34:46.825+0000] {processor.py:830} INFO - Processing file /opt/airflow/dags/extract_data.py for tasks to queue
[2025-01-06T15:34:46.827+0000] {logging_mixin.py:188} INFO - [2025-01-06T15:34:46.827+0000] {dagbag.py:545} INFO - Filling up the DagBag from /opt/airflow/dags/extract_data.py
[2025-01-06T15:34:46.849+0000] {processor.py:842} WARNING - No viable dags retrieved from /opt/airflow/dags/extract_data.py
[2025-01-06T15:34:46.876+0000] {processor.py:183} INFO - Processing /opt/airflow/dags/extract_data.py took 0.059 seconds
[2025-01-06T15:35:17.594+0000] {processor.py:161} INFO - Started process (PID=552) to work on /opt/airflow/dags/extract_data.py
[2025-01-06T15:35:17.595+0000] {processor.py:830} INFO - Processing file /opt/airflow/dags/extract_data.py for tasks to queue
[2025-01-06T15:35:17.597+0000] {logging_mixin.py:188} INFO - [2025-01-06T15:35:17.596+0000] {dagbag.py:545} INFO - Filling up the DagBag from /opt/airflow/dags/extract_data.py
[2025-01-06T15:35:17.614+0000] {processor.py:842} WARNING - No viable dags retrieved from /opt/airflow/dags/extract_data.py
[2025-01-06T15:35:17.637+0000] {processor.py:183} INFO - Processing /opt/airflow/dags/extract_data.py took 0.052 seconds
[2025-01-06T15:35:48.204+0000] {processor.py:161} INFO - Started process (PID=574) to work on /opt/airflow/dags/extract_data.py
[2025-01-06T15:35:48.205+0000] {processor.py:830} INFO - Processing file /opt/airflow/dags/extract_data.py for tasks to queue
[2025-01-06T15:35:48.206+0000] {logging_mixin.py:188} INFO - [2025-01-06T15:35:48.206+0000] {dagbag.py:545} INFO - Filling up the DagBag from /opt/airflow/dags/extract_data.py
[2025-01-06T15:35:48.221+0000] {processor.py:842} WARNING - No viable dags retrieved from /opt/airflow/dags/extract_data.py
[2025-01-06T15:35:48.239+0000] {processor.py:183} INFO - Processing /opt/airflow/dags/extract_data.py took 0.043 seconds
[2025-01-06T15:36:18.796+0000] {processor.py:161} INFO - Started process (PID=595) to work on /opt/airflow/dags/extract_data.py
[2025-01-06T15:36:18.797+0000] {processor.py:830} INFO - Processing file /opt/airflow/dags/extract_data.py for tasks to queue
[2025-01-06T15:36:18.798+0000] {logging_mixin.py:188} INFO - [2025-01-06T15:36:18.798+0000] {dagbag.py:545} INFO - Filling up the DagBag from /opt/airflow/dags/extract_data.py
[2025-01-06T15:36:18.812+0000] {processor.py:842} WARNING - No viable dags retrieved from /opt/airflow/dags/extract_data.py
[2025-01-06T15:36:18.828+0000] {processor.py:183} INFO - Processing /opt/airflow/dags/extract_data.py took 0.037 seconds
[2025-01-06T15:36:49.363+0000] {processor.py:161} INFO - Started process (PID=616) to work on /opt/airflow/dags/extract_data.py
[2025-01-06T15:36:49.365+0000] {processor.py:830} INFO - Processing file /opt/airflow/dags/extract_data.py for tasks to queue
[2025-01-06T15:36:49.366+0000] {logging_mixin.py:188} INFO - [2025-01-06T15:36:49.366+0000] {dagbag.py:545} INFO - Filling up the DagBag from /opt/airflow/dags/extract_data.py
[2025-01-06T15:36:49.381+0000] {processor.py:842} WARNING - No viable dags retrieved from /opt/airflow/dags/extract_data.py
[2025-01-06T15:36:49.402+0000] {processor.py:183} INFO - Processing /opt/airflow/dags/extract_data.py took 0.047 seconds
[2025-01-06T15:37:19.787+0000] {processor.py:161} INFO - Started process (PID=637) to work on /opt/airflow/dags/extract_data.py
[2025-01-06T15:37:19.788+0000] {processor.py:830} INFO - Processing file /opt/airflow/dags/extract_data.py for tasks to queue
[2025-01-06T15:37:19.790+0000] {logging_mixin.py:188} INFO - [2025-01-06T15:37:19.789+0000] {dagbag.py:545} INFO - Filling up the DagBag from /opt/airflow/dags/extract_data.py
[2025-01-06T15:37:19.803+0000] {processor.py:842} WARNING - No viable dags retrieved from /opt/airflow/dags/extract_data.py
[2025-01-06T15:37:19.818+0000] {processor.py:183} INFO - Processing /opt/airflow/dags/extract_data.py took 0.038 seconds
[2025-01-06T15:37:50.207+0000] {processor.py:161} INFO - Started process (PID=658) to work on /opt/airflow/dags/extract_data.py
[2025-01-06T15:37:50.208+0000] {processor.py:830} INFO - Processing file /opt/airflow/dags/extract_data.py for tasks to queue
[2025-01-06T15:37:50.209+0000] {logging_mixin.py:188} INFO - [2025-01-06T15:37:50.208+0000] {dagbag.py:545} INFO - Filling up the DagBag from /opt/airflow/dags/extract_data.py
[2025-01-06T15:37:50.220+0000] {processor.py:842} WARNING - No viable dags retrieved from /opt/airflow/dags/extract_data.py
[2025-01-06T15:37:50.235+0000] {processor.py:183} INFO - Processing /opt/airflow/dags/extract_data.py took 0.037 seconds
[2025-01-06T15:38:20.600+0000] {processor.py:161} INFO - Started process (PID=679) to work on /opt/airflow/dags/extract_data.py
[2025-01-06T15:38:20.601+0000] {processor.py:830} INFO - Processing file /opt/airflow/dags/extract_data.py for tasks to queue
[2025-01-06T15:38:20.602+0000] {logging_mixin.py:188} INFO - [2025-01-06T15:38:20.601+0000] {dagbag.py:545} INFO - Filling up the DagBag from /opt/airflow/dags/extract_data.py
[2025-01-06T15:38:20.613+0000] {processor.py:842} WARNING - No viable dags retrieved from /opt/airflow/dags/extract_data.py
[2025-01-06T15:38:20.627+0000] {processor.py:183} INFO - Processing /opt/airflow/dags/extract_data.py took 0.033 seconds
[2025-01-06T15:38:51.007+0000] {processor.py:161} INFO - Started process (PID=700) to work on /opt/airflow/dags/extract_data.py
[2025-01-06T15:38:51.008+0000] {processor.py:830} INFO - Processing file /opt/airflow/dags/extract_data.py for tasks to queue
[2025-01-06T15:38:51.010+0000] {logging_mixin.py:188} INFO - [2025-01-06T15:38:51.009+0000] {dagbag.py:545} INFO - Filling up the DagBag from /opt/airflow/dags/extract_data.py
[2025-01-06T15:38:51.023+0000] {processor.py:842} WARNING - No viable dags retrieved from /opt/airflow/dags/extract_data.py
[2025-01-06T15:38:51.042+0000] {processor.py:183} INFO - Processing /opt/airflow/dags/extract_data.py took 0.043 seconds
[2025-01-06T15:39:21.421+0000] {processor.py:161} INFO - Started process (PID=721) to work on /opt/airflow/dags/extract_data.py
[2025-01-06T15:39:21.423+0000] {processor.py:830} INFO - Processing file /opt/airflow/dags/extract_data.py for tasks to queue
[2025-01-06T15:39:21.425+0000] {logging_mixin.py:188} INFO - [2025-01-06T15:39:21.425+0000] {dagbag.py:545} INFO - Filling up the DagBag from /opt/airflow/dags/extract_data.py
[2025-01-06T15:39:21.449+0000] {processor.py:842} WARNING - No viable dags retrieved from /opt/airflow/dags/extract_data.py
[2025-01-06T15:39:21.468+0000] {processor.py:183} INFO - Processing /opt/airflow/dags/extract_data.py took 0.057 seconds
[2025-01-06T15:39:51.877+0000] {processor.py:161} INFO - Started process (PID=742) to work on /opt/airflow/dags/extract_data.py
[2025-01-06T15:39:51.878+0000] {processor.py:830} INFO - Processing file /opt/airflow/dags/extract_data.py for tasks to queue
[2025-01-06T15:39:51.881+0000] {logging_mixin.py:188} INFO - [2025-01-06T15:39:51.880+0000] {dagbag.py:545} INFO - Filling up the DagBag from /opt/airflow/dags/extract_data.py
[2025-01-06T15:39:51.906+0000] {processor.py:842} WARNING - No viable dags retrieved from /opt/airflow/dags/extract_data.py
[2025-01-06T15:39:51.930+0000] {processor.py:183} INFO - Processing /opt/airflow/dags/extract_data.py took 0.069 seconds
[2025-01-06T15:40:22.344+0000] {processor.py:161} INFO - Started process (PID=763) to work on /opt/airflow/dags/extract_data.py
[2025-01-06T15:40:22.346+0000] {processor.py:830} INFO - Processing file /opt/airflow/dags/extract_data.py for tasks to queue
[2025-01-06T15:40:22.347+0000] {logging_mixin.py:188} INFO - [2025-01-06T15:40:22.347+0000] {dagbag.py:545} INFO - Filling up the DagBag from /opt/airflow/dags/extract_data.py
[2025-01-06T15:40:22.360+0000] {processor.py:842} WARNING - No viable dags retrieved from /opt/airflow/dags/extract_data.py
[2025-01-06T15:40:22.374+0000] {processor.py:183} INFO - Processing /opt/airflow/dags/extract_data.py took 0.039 seconds
[2025-01-06T15:40:53.059+0000] {processor.py:161} INFO - Started process (PID=784) to work on /opt/airflow/dags/extract_data.py
[2025-01-06T15:40:53.062+0000] {processor.py:830} INFO - Processing file /opt/airflow/dags/extract_data.py for tasks to queue
[2025-01-06T15:40:53.064+0000] {logging_mixin.py:188} INFO - [2025-01-06T15:40:53.064+0000] {dagbag.py:545} INFO - Filling up the DagBag from /opt/airflow/dags/extract_data.py
[2025-01-06T15:40:53.084+0000] {processor.py:842} WARNING - No viable dags retrieved from /opt/airflow/dags/extract_data.py
[2025-01-06T15:40:53.108+0000] {processor.py:183} INFO - Processing /opt/airflow/dags/extract_data.py took 0.058 seconds
[2025-01-06T15:41:23.501+0000] {processor.py:161} INFO - Started process (PID=805) to work on /opt/airflow/dags/extract_data.py
[2025-01-06T15:41:23.502+0000] {processor.py:830} INFO - Processing file /opt/airflow/dags/extract_data.py for tasks to queue
[2025-01-06T15:41:23.503+0000] {logging_mixin.py:188} INFO - [2025-01-06T15:41:23.503+0000] {dagbag.py:545} INFO - Filling up the DagBag from /opt/airflow/dags/extract_data.py
[2025-01-06T15:41:23.516+0000] {processor.py:842} WARNING - No viable dags retrieved from /opt/airflow/dags/extract_data.py
[2025-01-06T15:41:23.534+0000] {processor.py:183} INFO - Processing /opt/airflow/dags/extract_data.py took 0.041 seconds
[2025-01-06T15:41:54.096+0000] {processor.py:161} INFO - Started process (PID=826) to work on /opt/airflow/dags/extract_data.py
[2025-01-06T15:41:54.097+0000] {processor.py:830} INFO - Processing file /opt/airflow/dags/extract_data.py for tasks to queue
[2025-01-06T15:41:54.098+0000] {logging_mixin.py:188} INFO - [2025-01-06T15:41:54.098+0000] {dagbag.py:545} INFO - Filling up the DagBag from /opt/airflow/dags/extract_data.py
[2025-01-06T15:41:54.111+0000] {processor.py:842} WARNING - No viable dags retrieved from /opt/airflow/dags/extract_data.py
[2025-01-06T15:41:54.126+0000] {processor.py:183} INFO - Processing /opt/airflow/dags/extract_data.py took 0.037 seconds
[2025-01-06T15:42:24.550+0000] {processor.py:161} INFO - Started process (PID=847) to work on /opt/airflow/dags/extract_data.py
[2025-01-06T15:42:24.552+0000] {processor.py:830} INFO - Processing file /opt/airflow/dags/extract_data.py for tasks to queue
[2025-01-06T15:42:24.554+0000] {logging_mixin.py:188} INFO - [2025-01-06T15:42:24.553+0000] {dagbag.py:545} INFO - Filling up the DagBag from /opt/airflow/dags/extract_data.py
[2025-01-06T15:42:24.572+0000] {processor.py:842} WARNING - No viable dags retrieved from /opt/airflow/dags/extract_data.py
[2025-01-06T15:42:24.597+0000] {processor.py:183} INFO - Processing /opt/airflow/dags/extract_data.py took 0.058 seconds
[2025-01-06T15:42:54.986+0000] {processor.py:161} INFO - Started process (PID=868) to work on /opt/airflow/dags/extract_data.py
[2025-01-06T15:42:54.987+0000] {processor.py:830} INFO - Processing file /opt/airflow/dags/extract_data.py for tasks to queue
[2025-01-06T15:42:54.989+0000] {logging_mixin.py:188} INFO - [2025-01-06T15:42:54.989+0000] {dagbag.py:545} INFO - Filling up the DagBag from /opt/airflow/dags/extract_data.py
[2025-01-06T15:42:55.003+0000] {processor.py:842} WARNING - No viable dags retrieved from /opt/airflow/dags/extract_data.py
[2025-01-06T15:42:55.018+0000] {processor.py:183} INFO - Processing /opt/airflow/dags/extract_data.py took 0.039 seconds
[2025-01-06T15:43:25.497+0000] {processor.py:161} INFO - Started process (PID=889) to work on /opt/airflow/dags/extract_data.py
[2025-01-06T15:43:25.499+0000] {processor.py:830} INFO - Processing file /opt/airflow/dags/extract_data.py for tasks to queue
[2025-01-06T15:43:25.501+0000] {logging_mixin.py:188} INFO - [2025-01-06T15:43:25.500+0000] {dagbag.py:545} INFO - Filling up the DagBag from /opt/airflow/dags/extract_data.py
[2025-01-06T15:43:25.513+0000] {processor.py:842} WARNING - No viable dags retrieved from /opt/airflow/dags/extract_data.py
[2025-01-06T15:43:25.527+0000] {processor.py:183} INFO - Processing /opt/airflow/dags/extract_data.py took 0.035 seconds
[2025-01-06T15:43:55.943+0000] {processor.py:161} INFO - Started process (PID=910) to work on /opt/airflow/dags/extract_data.py
[2025-01-06T15:43:55.944+0000] {processor.py:830} INFO - Processing file /opt/airflow/dags/extract_data.py for tasks to queue
[2025-01-06T15:43:55.945+0000] {logging_mixin.py:188} INFO - [2025-01-06T15:43:55.945+0000] {dagbag.py:545} INFO - Filling up the DagBag from /opt/airflow/dags/extract_data.py
[2025-01-06T15:43:55.956+0000] {processor.py:842} WARNING - No viable dags retrieved from /opt/airflow/dags/extract_data.py
[2025-01-06T15:43:55.970+0000] {processor.py:183} INFO - Processing /opt/airflow/dags/extract_data.py took 0.035 seconds
[2025-01-06T15:44:26.350+0000] {processor.py:161} INFO - Started process (PID=931) to work on /opt/airflow/dags/extract_data.py
[2025-01-06T15:44:26.351+0000] {processor.py:830} INFO - Processing file /opt/airflow/dags/extract_data.py for tasks to queue
[2025-01-06T15:44:26.353+0000] {logging_mixin.py:188} INFO - [2025-01-06T15:44:26.353+0000] {dagbag.py:545} INFO - Filling up the DagBag from /opt/airflow/dags/extract_data.py
[2025-01-06T15:44:26.365+0000] {processor.py:842} WARNING - No viable dags retrieved from /opt/airflow/dags/extract_data.py
[2025-01-06T15:44:26.379+0000] {processor.py:183} INFO - Processing /opt/airflow/dags/extract_data.py took 0.036 seconds
[2025-01-06T15:44:56.870+0000] {processor.py:161} INFO - Started process (PID=952) to work on /opt/airflow/dags/extract_data.py
[2025-01-06T15:44:56.871+0000] {processor.py:830} INFO - Processing file /opt/airflow/dags/extract_data.py for tasks to queue
[2025-01-06T15:44:56.873+0000] {logging_mixin.py:188} INFO - [2025-01-06T15:44:56.872+0000] {dagbag.py:545} INFO - Filling up the DagBag from /opt/airflow/dags/extract_data.py
[2025-01-06T15:44:56.886+0000] {processor.py:842} WARNING - No viable dags retrieved from /opt/airflow/dags/extract_data.py
[2025-01-06T15:44:56.901+0000] {processor.py:183} INFO - Processing /opt/airflow/dags/extract_data.py took 0.038 seconds
[2025-01-06T15:45:27.357+0000] {processor.py:161} INFO - Started process (PID=973) to work on /opt/airflow/dags/extract_data.py
[2025-01-06T15:45:27.358+0000] {processor.py:830} INFO - Processing file /opt/airflow/dags/extract_data.py for tasks to queue
[2025-01-06T15:45:27.359+0000] {logging_mixin.py:188} INFO - [2025-01-06T15:45:27.359+0000] {dagbag.py:545} INFO - Filling up the DagBag from /opt/airflow/dags/extract_data.py
[2025-01-06T15:45:27.380+0000] {processor.py:842} WARNING - No viable dags retrieved from /opt/airflow/dags/extract_data.py
[2025-01-06T15:45:27.397+0000] {processor.py:183} INFO - Processing /opt/airflow/dags/extract_data.py took 0.048 seconds
[2025-01-06T15:45:57.787+0000] {processor.py:161} INFO - Started process (PID=994) to work on /opt/airflow/dags/extract_data.py
[2025-01-06T15:45:57.788+0000] {processor.py:830} INFO - Processing file /opt/airflow/dags/extract_data.py for tasks to queue
[2025-01-06T15:45:57.790+0000] {logging_mixin.py:188} INFO - [2025-01-06T15:45:57.789+0000] {dagbag.py:545} INFO - Filling up the DagBag from /opt/airflow/dags/extract_data.py
[2025-01-06T15:45:57.809+0000] {processor.py:842} WARNING - No viable dags retrieved from /opt/airflow/dags/extract_data.py
[2025-01-06T15:45:57.834+0000] {processor.py:183} INFO - Processing /opt/airflow/dags/extract_data.py took 0.055 seconds
[2025-01-06T15:46:28.276+0000] {processor.py:161} INFO - Started process (PID=1015) to work on /opt/airflow/dags/extract_data.py
[2025-01-06T15:46:28.278+0000] {processor.py:830} INFO - Processing file /opt/airflow/dags/extract_data.py for tasks to queue
[2025-01-06T15:46:28.279+0000] {logging_mixin.py:188} INFO - [2025-01-06T15:46:28.279+0000] {dagbag.py:545} INFO - Filling up the DagBag from /opt/airflow/dags/extract_data.py
[2025-01-06T15:46:28.309+0000] {processor.py:842} WARNING - No viable dags retrieved from /opt/airflow/dags/extract_data.py
[2025-01-06T15:46:28.327+0000] {processor.py:183} INFO - Processing /opt/airflow/dags/extract_data.py took 0.064 seconds
[2025-01-06T15:46:58.887+0000] {processor.py:161} INFO - Started process (PID=1036) to work on /opt/airflow/dags/extract_data.py
[2025-01-06T15:46:58.888+0000] {processor.py:830} INFO - Processing file /opt/airflow/dags/extract_data.py for tasks to queue
[2025-01-06T15:46:58.889+0000] {logging_mixin.py:188} INFO - [2025-01-06T15:46:58.889+0000] {dagbag.py:545} INFO - Filling up the DagBag from /opt/airflow/dags/extract_data.py
[2025-01-06T15:46:58.910+0000] {processor.py:842} WARNING - No viable dags retrieved from /opt/airflow/dags/extract_data.py
[2025-01-06T15:46:58.929+0000] {processor.py:183} INFO - Processing /opt/airflow/dags/extract_data.py took 0.049 seconds
[2025-01-06T15:47:29.474+0000] {processor.py:161} INFO - Started process (PID=1057) to work on /opt/airflow/dags/extract_data.py
[2025-01-06T15:47:29.475+0000] {processor.py:830} INFO - Processing file /opt/airflow/dags/extract_data.py for tasks to queue
[2025-01-06T15:47:29.477+0000] {logging_mixin.py:188} INFO - [2025-01-06T15:47:29.476+0000] {dagbag.py:545} INFO - Filling up the DagBag from /opt/airflow/dags/extract_data.py
[2025-01-06T15:47:29.500+0000] {processor.py:842} WARNING - No viable dags retrieved from /opt/airflow/dags/extract_data.py
[2025-01-06T15:47:29.519+0000] {processor.py:183} INFO - Processing /opt/airflow/dags/extract_data.py took 0.054 seconds
[2025-01-06T15:47:59.942+0000] {processor.py:161} INFO - Started process (PID=1078) to work on /opt/airflow/dags/extract_data.py
[2025-01-06T15:47:59.943+0000] {processor.py:830} INFO - Processing file /opt/airflow/dags/extract_data.py for tasks to queue
[2025-01-06T15:47:59.944+0000] {logging_mixin.py:188} INFO - [2025-01-06T15:47:59.944+0000] {dagbag.py:545} INFO - Filling up the DagBag from /opt/airflow/dags/extract_data.py
[2025-01-06T15:47:59.964+0000] {processor.py:842} WARNING - No viable dags retrieved from /opt/airflow/dags/extract_data.py
[2025-01-06T15:47:59.982+0000] {processor.py:183} INFO - Processing /opt/airflow/dags/extract_data.py took 0.049 seconds
[2025-01-06T15:48:30.414+0000] {processor.py:161} INFO - Started process (PID=1099) to work on /opt/airflow/dags/extract_data.py
[2025-01-06T15:48:30.415+0000] {processor.py:830} INFO - Processing file /opt/airflow/dags/extract_data.py for tasks to queue
[2025-01-06T15:48:30.416+0000] {logging_mixin.py:188} INFO - [2025-01-06T15:48:30.416+0000] {dagbag.py:545} INFO - Filling up the DagBag from /opt/airflow/dags/extract_data.py
[2025-01-06T15:48:30.432+0000] {processor.py:842} WARNING - No viable dags retrieved from /opt/airflow/dags/extract_data.py
[2025-01-06T15:48:30.449+0000] {processor.py:183} INFO - Processing /opt/airflow/dags/extract_data.py took 0.045 seconds
