[2025-01-08T07:40:04.298+0000] {local_task_job_runner.py:120} INFO - ::group::Pre task execution logs
[2025-01-08T07:40:04.348+0000] {taskinstance.py:2076} INFO - Dependencies all met for dep_context=non-requeueable deps ti=<TaskInstance: e_commerce_dw_etl.extract.extract_and_load_to_staging manual__2025-01-08T07:40:03.706833+00:00 [queued]>
[2025-01-08T07:40:04.359+0000] {taskinstance.py:2076} INFO - Dependencies all met for dep_context=requeueable deps ti=<TaskInstance: e_commerce_dw_etl.extract.extract_and_load_to_staging manual__2025-01-08T07:40:03.706833+00:00 [queued]>
[2025-01-08T07:40:04.360+0000] {taskinstance.py:2306} INFO - Starting attempt 1 of 1
[2025-01-08T07:40:04.383+0000] {taskinstance.py:2330} INFO - Executing <Task(PythonOperator): extract.extract_and_load_to_staging> on 2025-01-08 07:40:03.706833+00:00
[2025-01-08T07:40:04.391+0000] {standard_task_runner.py:63} INFO - Started process 3033 to run task
[2025-01-08T07:40:04.395+0000] {standard_task_runner.py:90} INFO - Running: ['***', 'tasks', 'run', 'e_commerce_dw_etl', 'extract.extract_and_load_to_staging', 'manual__2025-01-08T07:40:03.706833+00:00', '--job-id', '906', '--raw', '--subdir', 'DAGS_FOLDER/e_commerce_dw_dag.py', '--cfg-path', '/tmp/tmpw88z4q_m']
[2025-01-08T07:40:04.398+0000] {standard_task_runner.py:91} INFO - Job 906: Subtask extract.extract_and_load_to_staging
[2025-01-08T07:40:04.470+0000] {task_command.py:426} INFO - Running <TaskInstance: e_commerce_dw_etl.extract.extract_and_load_to_staging manual__2025-01-08T07:40:03.706833+00:00 [running]> on host 4ff5b0867c78
[2025-01-08T07:40:04.604+0000] {taskinstance.py:2648} INFO - Exporting env vars: AIRFLOW_CTX_DAG_OWNER='***' AIRFLOW_CTX_DAG_ID='e_commerce_dw_etl' AIRFLOW_CTX_TASK_ID='extract.extract_and_load_to_staging' AIRFLOW_CTX_EXECUTION_DATE='2025-01-08T07:40:03.706833+00:00' AIRFLOW_CTX_TRY_NUMBER='1' AIRFLOW_CTX_DAG_RUN_ID='manual__2025-01-08T07:40:03.706833+00:00'
[2025-01-08T07:40:04.607+0000] {taskinstance.py:430} INFO - ::endgroup::
[2025-01-08T07:40:04.636+0000] {base.py:84} INFO - Using connection ID 'mysql' for task execution.
[2025-01-08T07:40:04.673+0000] {base.py:84} INFO - Using connection ID 'mysql' for task execution.
[2025-01-08T07:40:04.708+0000] {logging_mixin.py:188} WARNING - /home/***/.local/lib/python3.10/site-packages/***/providers/common/sql/hooks/sql.py:263 UserWarning: pandas only supports SQLAlchemy connectable (engine/connection) or database string URI or sqlite3 DBAPI2 connection. Other DBAPI2 objects are not tested. Please consider using SQLAlchemy.
[2025-01-08T07:40:04.741+0000] {base.py:84} INFO - Using connection ID 'postgres' for task execution.
[2025-01-08T07:40:04.948+0000] {logging_mixin.py:188} INFO - Đã trích xuất và lưu bảng product_category_name_translation từ MySQL vào PostgreSQL public
[2025-01-08T07:40:04.956+0000] {base.py:84} INFO - Using connection ID 'mysql' for task execution.
[2025-01-08T07:40:04.968+0000] {logging_mixin.py:188} WARNING - /home/***/.local/lib/python3.10/site-packages/***/providers/common/sql/hooks/sql.py:263 UserWarning: pandas only supports SQLAlchemy connectable (engine/connection) or database string URI or sqlite3 DBAPI2 connection. Other DBAPI2 objects are not tested. Please consider using SQLAlchemy.
[2025-01-08T07:40:09.565+0000] {base.py:84} INFO - Using connection ID 'postgres' for task execution.
[2025-01-08T07:40:41.099+0000] {logging_mixin.py:188} INFO - Đã trích xuất và lưu bảng geolocation từ MySQL vào PostgreSQL public
[2025-01-08T07:40:41.107+0000] {base.py:84} INFO - Using connection ID 'mysql' for task execution.
[2025-01-08T07:40:41.121+0000] {logging_mixin.py:188} WARNING - /home/***/.local/lib/python3.10/site-packages/***/providers/common/sql/hooks/sql.py:263 UserWarning: pandas only supports SQLAlchemy connectable (engine/connection) or database string URI or sqlite3 DBAPI2 connection. Other DBAPI2 objects are not tested. Please consider using SQLAlchemy.
[2025-01-08T07:40:41.179+0000] {base.py:84} INFO - Using connection ID 'postgres' for task execution.
[2025-01-08T07:40:41.355+0000] {logging_mixin.py:188} INFO - Đã trích xuất và lưu bảng sellers từ MySQL vào PostgreSQL public
[2025-01-08T07:40:41.362+0000] {base.py:84} INFO - Using connection ID 'mysql' for task execution.
[2025-01-08T07:40:41.372+0000] {logging_mixin.py:188} WARNING - /home/***/.local/lib/python3.10/site-packages/***/providers/common/sql/hooks/sql.py:263 UserWarning: pandas only supports SQLAlchemy connectable (engine/connection) or database string URI or sqlite3 DBAPI2 connection. Other DBAPI2 objects are not tested. Please consider using SQLAlchemy.
[2025-01-08T07:40:41.806+0000] {base.py:84} INFO - Using connection ID 'postgres' for task execution.
[2025-01-08T07:40:45.076+0000] {logging_mixin.py:188} INFO - Đã trích xuất và lưu bảng customers từ MySQL vào PostgreSQL public
[2025-01-08T07:40:45.084+0000] {base.py:84} INFO - Using connection ID 'mysql' for task execution.
[2025-01-08T07:40:45.095+0000] {logging_mixin.py:188} WARNING - /home/***/.local/lib/python3.10/site-packages/***/providers/common/sql/hooks/sql.py:263 UserWarning: pandas only supports SQLAlchemy connectable (engine/connection) or database string URI or sqlite3 DBAPI2 connection. Other DBAPI2 objects are not tested. Please consider using SQLAlchemy.
[2025-01-08T07:40:45.298+0000] {base.py:84} INFO - Using connection ID 'postgres' for task execution.
[2025-01-08T07:40:47.146+0000] {logging_mixin.py:188} INFO - Đã trích xuất và lưu bảng products từ MySQL vào PostgreSQL public
[2025-01-08T07:40:47.152+0000] {base.py:84} INFO - Using connection ID 'mysql' for task execution.
[2025-01-08T07:40:47.164+0000] {logging_mixin.py:188} WARNING - /home/***/.local/lib/python3.10/site-packages/***/providers/common/sql/hooks/sql.py:263 UserWarning: pandas only supports SQLAlchemy connectable (engine/connection) or database string URI or sqlite3 DBAPI2 connection. Other DBAPI2 objects are not tested. Please consider using SQLAlchemy.
[2025-01-08T07:40:48.340+0000] {base.py:84} INFO - Using connection ID 'postgres' for task execution.
[2025-01-08T07:40:53.097+0000] {logging_mixin.py:188} INFO - Đã trích xuất và lưu bảng orders từ MySQL vào PostgreSQL public
[2025-01-08T07:40:53.105+0000] {base.py:84} INFO - Using connection ID 'mysql' for task execution.
[2025-01-08T07:40:53.115+0000] {logging_mixin.py:188} WARNING - /home/***/.local/lib/python3.10/site-packages/***/providers/common/sql/hooks/sql.py:263 UserWarning: pandas only supports SQLAlchemy connectable (engine/connection) or database string URI or sqlite3 DBAPI2 connection. Other DBAPI2 objects are not tested. Please consider using SQLAlchemy.
[2025-01-08T07:40:54.090+0000] {base.py:84} INFO - Using connection ID 'postgres' for task execution.
[2025-01-08T07:40:58.988+0000] {logging_mixin.py:188} INFO - Đã trích xuất và lưu bảng order_items từ MySQL vào PostgreSQL public
[2025-01-08T07:40:58.996+0000] {base.py:84} INFO - Using connection ID 'mysql' for task execution.
[2025-01-08T07:40:59.011+0000] {logging_mixin.py:188} WARNING - /home/***/.local/lib/python3.10/site-packages/***/providers/common/sql/hooks/sql.py:263 UserWarning: pandas only supports SQLAlchemy connectable (engine/connection) or database string URI or sqlite3 DBAPI2 connection. Other DBAPI2 objects are not tested. Please consider using SQLAlchemy.
[2025-01-08T07:40:59.495+0000] {base.py:84} INFO - Using connection ID 'postgres' for task execution.
[2025-01-08T07:41:02.981+0000] {logging_mixin.py:188} INFO - Đã trích xuất và lưu bảng payments từ MySQL vào PostgreSQL public
[2025-01-08T07:41:02.988+0000] {base.py:84} INFO - Using connection ID 'mysql' for task execution.
[2025-01-08T07:41:03.001+0000] {logging_mixin.py:188} WARNING - /home/***/.local/lib/python3.10/site-packages/***/providers/common/sql/hooks/sql.py:263 UserWarning: pandas only supports SQLAlchemy connectable (engine/connection) or database string URI or sqlite3 DBAPI2 connection. Other DBAPI2 objects are not tested. Please consider using SQLAlchemy.
[2025-01-08T07:41:04.033+0000] {base.py:84} INFO - Using connection ID 'postgres' for task execution.
[2025-01-08T07:41:08.257+0000] {logging_mixin.py:188} INFO - Đã trích xuất và lưu bảng order_reviews từ MySQL vào PostgreSQL public
[2025-01-08T07:41:08.275+0000] {python.py:237} INFO - Done. Returned value was: None
[2025-01-08T07:41:08.276+0000] {taskinstance.py:441} INFO - ::group::Post task execution logs
[2025-01-08T07:41:08.285+0000] {taskinstance.py:1206} INFO - Marking task as SUCCESS. dag_id=e_commerce_dw_etl, task_id=extract.extract_and_load_to_staging, run_id=manual__2025-01-08T07:40:03.706833+00:00, execution_date=20250108T074003, start_date=20250108T074004, end_date=20250108T074108
[2025-01-08T07:41:08.346+0000] {local_task_job_runner.py:240} INFO - Task exited with return code 0
[2025-01-08T07:41:08.381+0000] {taskinstance.py:3503} INFO - 6 downstream tasks scheduled from follow-on schedule check
[2025-01-08T07:41:08.386+0000] {local_task_job_runner.py:222} INFO - ::endgroup::
