[2025-01-07T15:13:50.513+0000] {local_task_job_runner.py:120} INFO - ::group::Pre task execution logs
[2025-01-07T15:13:50.548+0000] {taskinstance.py:2076} INFO - Dependencies all met for dep_context=non-requeueable deps ti=<TaskInstance: my_dag.choose_best_model manual__2025-01-07T15:13:46.939703+00:00 [queued]>
[2025-01-07T15:13:50.560+0000] {taskinstance.py:2076} INFO - Dependencies all met for dep_context=requeueable deps ti=<TaskInstance: my_dag.choose_best_model manual__2025-01-07T15:13:46.939703+00:00 [queued]>
[2025-01-07T15:13:50.561+0000] {taskinstance.py:2306} INFO - Starting attempt 1 of 1
[2025-01-07T15:13:50.576+0000] {taskinstance.py:2330} INFO - Executing <Task(BranchPythonOperator): choose_best_model> on 2025-01-07 15:13:46.939703+00:00
[2025-01-07T15:13:50.582+0000] {standard_task_runner.py:63} INFO - Started process 3077 to run task
[2025-01-07T15:13:50.585+0000] {standard_task_runner.py:90} INFO - Running: ['***', 'tasks', 'run', 'my_dag', 'choose_best_model', 'manual__2025-01-07T15:13:46.939703+00:00', '--job-id', '875', '--raw', '--subdir', 'DAGS_FOLDER/das_ytb.py', '--cfg-path', '/tmp/tmp6g9sfw31']
[2025-01-07T15:13:50.588+0000] {standard_task_runner.py:91} INFO - Job 875: Subtask choose_best_model
[2025-01-07T15:13:50.650+0000] {task_command.py:426} INFO - Running <TaskInstance: my_dag.choose_best_model manual__2025-01-07T15:13:46.939703+00:00 [running]> on host 4ff5b0867c78
[2025-01-07T15:13:50.765+0000] {taskinstance.py:2648} INFO - Exporting env vars: AIRFLOW_CTX_DAG_OWNER='***' AIRFLOW_CTX_DAG_ID='my_dag' AIRFLOW_CTX_TASK_ID='choose_best_model' AIRFLOW_CTX_EXECUTION_DATE='2025-01-07T15:13:46.939703+00:00' AIRFLOW_CTX_TRY_NUMBER='1' AIRFLOW_CTX_DAG_RUN_ID='manual__2025-01-07T15:13:46.939703+00:00'
[2025-01-07T15:13:50.766+0000] {taskinstance.py:430} INFO - ::endgroup::
[2025-01-07T15:13:50.777+0000] {baseoperator.py:400} WARNING - BranchPythonOperator.execute cannot be called outside TaskInstance!
[2025-01-07T15:13:50.786+0000] {python.py:237} INFO - Done. Returned value was: is_inaccurate
[2025-01-07T15:13:50.787+0000] {branch.py:36} INFO - Branch into is_inaccurate
[2025-01-07T15:13:50.787+0000] {skipmixin.py:178} INFO - Following branch is_inaccurate
[2025-01-07T15:13:50.806+0000] {skipmixin.py:246} INFO - Skipping tasks [('is_accurate', -1)]
[2025-01-07T15:13:50.829+0000] {taskinstance.py:441} INFO - ::group::Post task execution logs
[2025-01-07T15:13:50.848+0000] {taskinstance.py:1206} INFO - Marking task as SUCCESS. dag_id=my_dag, task_id=choose_best_model, run_id=manual__2025-01-07T15:13:46.939703+00:00, execution_date=20250107T151346, start_date=20250107T151350, end_date=20250107T151350
[2025-01-07T15:13:50.880+0000] {local_task_job_runner.py:240} INFO - Task exited with return code 0
[2025-01-07T15:13:50.906+0000] {taskinstance.py:3503} INFO - 1 downstream tasks scheduled from follow-on schedule check
[2025-01-07T15:13:50.910+0000] {local_task_job_runner.py:222} INFO - ::endgroup::
