[2025-01-08T07:29:40.621+0000] {local_task_job_runner.py:120} INFO - ::group::Pre task execution logs
[2025-01-08T07:29:40.693+0000] {taskinstance.py:2076} INFO - Dependencies all met for dep_context=non-requeueable deps ti=<TaskInstance: e_commerce_dw_etl.extract.extract_and_load_to_staging manual__2025-01-08T07:29:39.833688+00:00 [queued]>
[2025-01-08T07:29:40.706+0000] {taskinstance.py:2076} INFO - Dependencies all met for dep_context=requeueable deps ti=<TaskInstance: e_commerce_dw_etl.extract.extract_and_load_to_staging manual__2025-01-08T07:29:39.833688+00:00 [queued]>
[2025-01-08T07:29:40.707+0000] {taskinstance.py:2306} INFO - Starting attempt 1 of 1
[2025-01-08T07:29:40.731+0000] {taskinstance.py:2330} INFO - Executing <Task(PythonOperator): extract.extract_and_load_to_staging> on 2025-01-08 07:29:39.833688+00:00
[2025-01-08T07:29:40.739+0000] {standard_task_runner.py:63} INFO - Started process 2494 to run task
[2025-01-08T07:29:40.744+0000] {standard_task_runner.py:90} INFO - Running: ['***', 'tasks', 'run', 'e_commerce_dw_etl', 'extract.extract_and_load_to_staging', 'manual__2025-01-08T07:29:39.833688+00:00', '--job-id', '899', '--raw', '--subdir', 'DAGS_FOLDER/e_commerce_dw_dag.py', '--cfg-path', '/tmp/tmpo6vn8mgm']
[2025-01-08T07:29:40.747+0000] {standard_task_runner.py:91} INFO - Job 899: Subtask extract.extract_and_load_to_staging
[2025-01-08T07:29:40.820+0000] {task_command.py:426} INFO - Running <TaskInstance: e_commerce_dw_etl.extract.extract_and_load_to_staging manual__2025-01-08T07:29:39.833688+00:00 [running]> on host 4ff5b0867c78
[2025-01-08T07:29:40.990+0000] {taskinstance.py:2648} INFO - Exporting env vars: AIRFLOW_CTX_DAG_OWNER='***' AIRFLOW_CTX_DAG_ID='e_commerce_dw_etl' AIRFLOW_CTX_TASK_ID='extract.extract_and_load_to_staging' AIRFLOW_CTX_EXECUTION_DATE='2025-01-08T07:29:39.833688+00:00' AIRFLOW_CTX_TRY_NUMBER='1' AIRFLOW_CTX_DAG_RUN_ID='manual__2025-01-08T07:29:39.833688+00:00'
[2025-01-08T07:29:40.993+0000] {taskinstance.py:430} INFO - ::endgroup::
[2025-01-08T07:29:41.041+0000] {base.py:84} INFO - Using connection ID 'mysql' for task execution.
[2025-01-08T07:29:41.108+0000] {base.py:84} INFO - Using connection ID 'mysql' for task execution.
[2025-01-08T07:29:41.146+0000] {logging_mixin.py:188} WARNING - /home/***/.local/lib/python3.10/site-packages/***/providers/common/sql/hooks/sql.py:263 UserWarning: pandas only supports SQLAlchemy connectable (engine/connection) or database string URI or sqlite3 DBAPI2 connection. Other DBAPI2 objects are not tested. Please consider using SQLAlchemy.
[2025-01-08T07:29:41.168+0000] {base.py:84} INFO - Using connection ID 'postgres' for task execution.
[2025-01-08T07:29:41.291+0000] {logging_mixin.py:188} INFO - Đã trích xuất và lưu bảng product_category_name_translation từ MySQL vào PostgreSQL public
[2025-01-08T07:29:41.303+0000] {base.py:84} INFO - Using connection ID 'mysql' for task execution.
[2025-01-08T07:29:41.319+0000] {logging_mixin.py:188} WARNING - /home/***/.local/lib/python3.10/site-packages/***/providers/common/sql/hooks/sql.py:263 UserWarning: pandas only supports SQLAlchemy connectable (engine/connection) or database string URI or sqlite3 DBAPI2 connection. Other DBAPI2 objects are not tested. Please consider using SQLAlchemy.
[2025-01-08T07:29:46.118+0000] {base.py:84} INFO - Using connection ID 'postgres' for task execution.
[2025-01-08T07:30:17.401+0000] {logging_mixin.py:188} INFO - Đã trích xuất và lưu bảng geolocation từ MySQL vào PostgreSQL public
[2025-01-08T07:30:17.408+0000] {base.py:84} INFO - Using connection ID 'mysql' for task execution.
[2025-01-08T07:30:17.423+0000] {logging_mixin.py:188} WARNING - /home/***/.local/lib/python3.10/site-packages/***/providers/common/sql/hooks/sql.py:263 UserWarning: pandas only supports SQLAlchemy connectable (engine/connection) or database string URI or sqlite3 DBAPI2 connection. Other DBAPI2 objects are not tested. Please consider using SQLAlchemy.
[2025-01-08T07:30:17.499+0000] {base.py:84} INFO - Using connection ID 'postgres' for task execution.
[2025-01-08T07:30:17.634+0000] {logging_mixin.py:188} INFO - Đã trích xuất và lưu bảng sellers từ MySQL vào PostgreSQL public
[2025-01-08T07:30:17.641+0000] {base.py:84} INFO - Using connection ID 'mysql' for task execution.
[2025-01-08T07:30:17.650+0000] {logging_mixin.py:188} WARNING - /home/***/.local/lib/python3.10/site-packages/***/providers/common/sql/hooks/sql.py:263 UserWarning: pandas only supports SQLAlchemy connectable (engine/connection) or database string URI or sqlite3 DBAPI2 connection. Other DBAPI2 objects are not tested. Please consider using SQLAlchemy.
[2025-01-08T07:30:18.212+0000] {base.py:84} INFO - Using connection ID 'postgres' for task execution.
[2025-01-08T07:30:21.026+0000] {logging_mixin.py:188} INFO - Đã trích xuất và lưu bảng customers từ MySQL vào PostgreSQL public
[2025-01-08T07:30:21.033+0000] {base.py:84} INFO - Using connection ID 'mysql' for task execution.
[2025-01-08T07:30:21.044+0000] {logging_mixin.py:188} WARNING - /home/***/.local/lib/python3.10/site-packages/***/providers/common/sql/hooks/sql.py:263 UserWarning: pandas only supports SQLAlchemy connectable (engine/connection) or database string URI or sqlite3 DBAPI2 connection. Other DBAPI2 objects are not tested. Please consider using SQLAlchemy.
[2025-01-08T07:30:21.283+0000] {base.py:84} INFO - Using connection ID 'postgres' for task execution.
[2025-01-08T07:30:22.984+0000] {logging_mixin.py:188} INFO - Đã trích xuất và lưu bảng products từ MySQL vào PostgreSQL public
[2025-01-08T07:30:22.990+0000] {base.py:84} INFO - Using connection ID 'mysql' for task execution.
[2025-01-08T07:30:23.003+0000] {logging_mixin.py:188} WARNING - /home/***/.local/lib/python3.10/site-packages/***/providers/common/sql/hooks/sql.py:263 UserWarning: pandas only supports SQLAlchemy connectable (engine/connection) or database string URI or sqlite3 DBAPI2 connection. Other DBAPI2 objects are not tested. Please consider using SQLAlchemy.
[2025-01-08T07:30:24.298+0000] {base.py:84} INFO - Using connection ID 'postgres' for task execution.
[2025-01-08T07:30:29.135+0000] {logging_mixin.py:188} INFO - Đã trích xuất và lưu bảng orders từ MySQL vào PostgreSQL public
[2025-01-08T07:30:29.143+0000] {base.py:84} INFO - Using connection ID 'mysql' for task execution.
[2025-01-08T07:30:29.157+0000] {logging_mixin.py:188} WARNING - /home/***/.local/lib/python3.10/site-packages/***/providers/common/sql/hooks/sql.py:263 UserWarning: pandas only supports SQLAlchemy connectable (engine/connection) or database string URI or sqlite3 DBAPI2 connection. Other DBAPI2 objects are not tested. Please consider using SQLAlchemy.
[2025-01-08T07:30:30.201+0000] {base.py:84} INFO - Using connection ID 'postgres' for task execution.
[2025-01-08T07:30:35.065+0000] {logging_mixin.py:188} INFO - Đã trích xuất và lưu bảng order_items từ MySQL vào PostgreSQL public
[2025-01-08T07:30:35.072+0000] {base.py:84} INFO - Using connection ID 'mysql' for task execution.
[2025-01-08T07:30:35.086+0000] {logging_mixin.py:188} WARNING - /home/***/.local/lib/python3.10/site-packages/***/providers/common/sql/hooks/sql.py:263 UserWarning: pandas only supports SQLAlchemy connectable (engine/connection) or database string URI or sqlite3 DBAPI2 connection. Other DBAPI2 objects are not tested. Please consider using SQLAlchemy.
[2025-01-08T07:30:35.804+0000] {base.py:84} INFO - Using connection ID 'postgres' for task execution.
[2025-01-08T07:30:42.731+0000] {logging_mixin.py:188} INFO - Đã trích xuất và lưu bảng payments từ MySQL vào PostgreSQL public
[2025-01-08T07:30:42.744+0000] {base.py:84} INFO - Using connection ID 'mysql' for task execution.
[2025-01-08T07:30:42.769+0000] {logging_mixin.py:188} WARNING - /home/***/.local/lib/python3.10/site-packages/***/providers/common/sql/hooks/sql.py:263 UserWarning: pandas only supports SQLAlchemy connectable (engine/connection) or database string URI or sqlite3 DBAPI2 connection. Other DBAPI2 objects are not tested. Please consider using SQLAlchemy.
[2025-01-08T07:30:44.587+0000] {base.py:84} INFO - Using connection ID 'postgres' for task execution.
[2025-01-08T07:30:54.573+0000] {logging_mixin.py:188} INFO - Đã trích xuất và lưu bảng order_reviews từ MySQL vào PostgreSQL public
[2025-01-08T07:30:54.602+0000] {python.py:237} INFO - Done. Returned value was: None
[2025-01-08T07:30:54.604+0000] {taskinstance.py:441} INFO - ::group::Post task execution logs
[2025-01-08T07:30:54.625+0000] {taskinstance.py:1206} INFO - Marking task as SUCCESS. dag_id=e_commerce_dw_etl, task_id=extract.extract_and_load_to_staging, run_id=manual__2025-01-08T07:29:39.833688+00:00, execution_date=20250108T072939, start_date=20250108T072940, end_date=20250108T073054
[2025-01-08T07:30:54.705+0000] {local_task_job_runner.py:240} INFO - Task exited with return code 0
[2025-01-08T07:30:54.779+0000] {taskinstance.py:3503} INFO - 6 downstream tasks scheduled from follow-on schedule check
[2025-01-08T07:30:54.783+0000] {local_task_job_runner.py:222} INFO - ::endgroup::
