[2025-01-10T10:24:47.790+0000] {processor.py:161} INFO - Started process (PID=198) to work on /opt/airflow/dags/das_ytb.py
[2025-01-10T10:24:47.793+0000] {processor.py:830} INFO - Processing file /opt/airflow/dags/das_ytb.py for tasks to queue
[2025-01-10T10:24:47.794+0000] {logging_mixin.py:188} INFO - [2025-01-10T10:24:47.794+0000] {dagbag.py:545} INFO - Filling up the DagBag from /opt/airflow/dags/das_ytb.py
[2025-01-10T10:24:47.847+0000] {processor.py:840} INFO - DAG(s) 'my_dag' retrieved from /opt/airflow/dags/das_ytb.py
[2025-01-10T10:24:48.266+0000] {logging_mixin.py:188} INFO - [2025-01-10T10:24:48.265+0000] {dag.py:3096} INFO - Sync 1 DAGs
[2025-01-10T10:24:48.327+0000] {logging_mixin.py:188} INFO - [2025-01-10T10:24:48.327+0000] {dag.py:3954} INFO - Setting next_dagrun for my_dag to 2025-01-09 00:00:00+00:00, run_after=2025-01-10 00:00:00+00:00
[2025-01-10T10:24:48.369+0000] {processor.py:183} INFO - Processing /opt/airflow/dags/das_ytb.py took 0.594 seconds
[2025-01-10T10:25:18.696+0000] {processor.py:161} INFO - Started process (PID=231) to work on /opt/airflow/dags/das_ytb.py
[2025-01-10T10:25:18.698+0000] {processor.py:830} INFO - Processing file /opt/airflow/dags/das_ytb.py for tasks to queue
[2025-01-10T10:25:18.699+0000] {logging_mixin.py:188} INFO - [2025-01-10T10:25:18.699+0000] {dagbag.py:545} INFO - Filling up the DagBag from /opt/airflow/dags/das_ytb.py
[2025-01-10T10:25:18.746+0000] {processor.py:840} INFO - DAG(s) 'my_dag' retrieved from /opt/airflow/dags/das_ytb.py
[2025-01-10T10:25:18.808+0000] {logging_mixin.py:188} INFO - [2025-01-10T10:25:18.808+0000] {dag.py:3096} INFO - Sync 1 DAGs
[2025-01-10T10:25:18.878+0000] {logging_mixin.py:188} INFO - [2025-01-10T10:25:18.878+0000] {dag.py:3954} INFO - Setting next_dagrun for my_dag to 2025-01-09 00:00:00+00:00, run_after=2025-01-10 00:00:00+00:00
[2025-01-10T10:25:18.925+0000] {processor.py:183} INFO - Processing /opt/airflow/dags/das_ytb.py took 0.239 seconds
[2025-01-10T10:25:49.358+0000] {processor.py:161} INFO - Started process (PID=252) to work on /opt/airflow/dags/das_ytb.py
[2025-01-10T10:25:49.364+0000] {processor.py:830} INFO - Processing file /opt/airflow/dags/das_ytb.py for tasks to queue
[2025-01-10T10:25:49.367+0000] {logging_mixin.py:188} INFO - [2025-01-10T10:25:49.366+0000] {dagbag.py:545} INFO - Filling up the DagBag from /opt/airflow/dags/das_ytb.py
[2025-01-10T10:25:49.436+0000] {processor.py:840} INFO - DAG(s) 'my_dag' retrieved from /opt/airflow/dags/das_ytb.py
[2025-01-10T10:25:49.523+0000] {logging_mixin.py:188} INFO - [2025-01-10T10:25:49.523+0000] {dag.py:3096} INFO - Sync 1 DAGs
[2025-01-10T10:25:49.589+0000] {logging_mixin.py:188} INFO - [2025-01-10T10:25:49.589+0000] {dag.py:3954} INFO - Setting next_dagrun for my_dag to 2025-01-09 00:00:00+00:00, run_after=2025-01-10 00:00:00+00:00
[2025-01-10T10:25:49.638+0000] {processor.py:183} INFO - Processing /opt/airflow/dags/das_ytb.py took 0.291 seconds
[2025-01-10T10:26:20.250+0000] {processor.py:161} INFO - Started process (PID=290) to work on /opt/airflow/dags/das_ytb.py
[2025-01-10T10:26:20.252+0000] {processor.py:830} INFO - Processing file /opt/airflow/dags/das_ytb.py for tasks to queue
[2025-01-10T10:26:20.253+0000] {logging_mixin.py:188} INFO - [2025-01-10T10:26:20.253+0000] {dagbag.py:545} INFO - Filling up the DagBag from /opt/airflow/dags/das_ytb.py
[2025-01-10T10:26:20.288+0000] {processor.py:840} INFO - DAG(s) 'my_dag' retrieved from /opt/airflow/dags/das_ytb.py
[2025-01-10T10:26:20.340+0000] {logging_mixin.py:188} INFO - [2025-01-10T10:26:20.340+0000] {dag.py:3096} INFO - Sync 1 DAGs
[2025-01-10T10:26:20.376+0000] {logging_mixin.py:188} INFO - [2025-01-10T10:26:20.376+0000] {dag.py:3954} INFO - Setting next_dagrun for my_dag to 2025-01-09 00:00:00+00:00, run_after=2025-01-10 00:00:00+00:00
[2025-01-10T10:26:20.414+0000] {processor.py:183} INFO - Processing /opt/airflow/dags/das_ytb.py took 0.175 seconds
[2025-01-10T10:26:50.981+0000] {processor.py:161} INFO - Started process (PID=318) to work on /opt/airflow/dags/das_ytb.py
[2025-01-10T10:26:50.983+0000] {processor.py:830} INFO - Processing file /opt/airflow/dags/das_ytb.py for tasks to queue
[2025-01-10T10:26:50.986+0000] {logging_mixin.py:188} INFO - [2025-01-10T10:26:50.985+0000] {dagbag.py:545} INFO - Filling up the DagBag from /opt/airflow/dags/das_ytb.py
[2025-01-10T10:26:51.020+0000] {processor.py:840} INFO - DAG(s) 'my_dag' retrieved from /opt/airflow/dags/das_ytb.py
[2025-01-10T10:26:51.070+0000] {logging_mixin.py:188} INFO - [2025-01-10T10:26:51.069+0000] {dag.py:3096} INFO - Sync 1 DAGs
[2025-01-10T10:26:51.102+0000] {logging_mixin.py:188} INFO - [2025-01-10T10:26:51.101+0000] {dag.py:3954} INFO - Setting next_dagrun for my_dag to 2025-01-09 00:00:00+00:00, run_after=2025-01-10 00:00:00+00:00
[2025-01-10T10:26:51.132+0000] {processor.py:183} INFO - Processing /opt/airflow/dags/das_ytb.py took 0.161 seconds
[2025-01-10T10:27:21.683+0000] {processor.py:161} INFO - Started process (PID=344) to work on /opt/airflow/dags/das_ytb.py
[2025-01-10T10:27:21.685+0000] {processor.py:830} INFO - Processing file /opt/airflow/dags/das_ytb.py for tasks to queue
[2025-01-10T10:27:21.688+0000] {logging_mixin.py:188} INFO - [2025-01-10T10:27:21.687+0000] {dagbag.py:545} INFO - Filling up the DagBag from /opt/airflow/dags/das_ytb.py
[2025-01-10T10:27:21.726+0000] {processor.py:840} INFO - DAG(s) 'my_dag' retrieved from /opt/airflow/dags/das_ytb.py
[2025-01-10T10:27:21.783+0000] {logging_mixin.py:188} INFO - [2025-01-10T10:27:21.782+0000] {dag.py:3096} INFO - Sync 1 DAGs
[2025-01-10T10:27:21.863+0000] {logging_mixin.py:188} INFO - [2025-01-10T10:27:21.863+0000] {dag.py:3954} INFO - Setting next_dagrun for my_dag to 2025-01-09 00:00:00+00:00, run_after=2025-01-10 00:00:00+00:00
[2025-01-10T10:27:21.913+0000] {processor.py:183} INFO - Processing /opt/airflow/dags/das_ytb.py took 0.243 seconds
[2025-01-10T10:27:52.356+0000] {processor.py:161} INFO - Started process (PID=370) to work on /opt/airflow/dags/das_ytb.py
[2025-01-10T10:27:52.358+0000] {processor.py:830} INFO - Processing file /opt/airflow/dags/das_ytb.py for tasks to queue
[2025-01-10T10:27:52.360+0000] {logging_mixin.py:188} INFO - [2025-01-10T10:27:52.360+0000] {dagbag.py:545} INFO - Filling up the DagBag from /opt/airflow/dags/das_ytb.py
[2025-01-10T10:27:52.391+0000] {processor.py:840} INFO - DAG(s) 'my_dag' retrieved from /opt/airflow/dags/das_ytb.py
[2025-01-10T10:27:52.427+0000] {logging_mixin.py:188} INFO - [2025-01-10T10:27:52.427+0000] {dag.py:3096} INFO - Sync 1 DAGs
[2025-01-10T10:27:52.469+0000] {logging_mixin.py:188} INFO - [2025-01-10T10:27:52.469+0000] {dag.py:3954} INFO - Setting next_dagrun for my_dag to 2025-01-09 00:00:00+00:00, run_after=2025-01-10 00:00:00+00:00
[2025-01-10T10:27:52.500+0000] {processor.py:183} INFO - Processing /opt/airflow/dags/das_ytb.py took 0.155 seconds
[2025-01-10T10:28:23.157+0000] {processor.py:161} INFO - Started process (PID=396) to work on /opt/airflow/dags/das_ytb.py
[2025-01-10T10:28:23.158+0000] {processor.py:830} INFO - Processing file /opt/airflow/dags/das_ytb.py for tasks to queue
[2025-01-10T10:28:23.159+0000] {logging_mixin.py:188} INFO - [2025-01-10T10:28:23.159+0000] {dagbag.py:545} INFO - Filling up the DagBag from /opt/airflow/dags/das_ytb.py
[2025-01-10T10:28:23.178+0000] {processor.py:840} INFO - DAG(s) 'my_dag' retrieved from /opt/airflow/dags/das_ytb.py
[2025-01-10T10:28:23.212+0000] {logging_mixin.py:188} INFO - [2025-01-10T10:28:23.212+0000] {dag.py:3096} INFO - Sync 1 DAGs
[2025-01-10T10:28:23.238+0000] {logging_mixin.py:188} INFO - [2025-01-10T10:28:23.238+0000] {dag.py:3954} INFO - Setting next_dagrun for my_dag to 2025-01-09 00:00:00+00:00, run_after=2025-01-10 00:00:00+00:00
[2025-01-10T10:28:23.260+0000] {processor.py:183} INFO - Processing /opt/airflow/dags/das_ytb.py took 0.109 seconds
[2025-01-10T10:28:53.725+0000] {processor.py:161} INFO - Started process (PID=422) to work on /opt/airflow/dags/das_ytb.py
[2025-01-10T10:28:53.726+0000] {processor.py:830} INFO - Processing file /opt/airflow/dags/das_ytb.py for tasks to queue
[2025-01-10T10:28:53.727+0000] {logging_mixin.py:188} INFO - [2025-01-10T10:28:53.727+0000] {dagbag.py:545} INFO - Filling up the DagBag from /opt/airflow/dags/das_ytb.py
[2025-01-10T10:28:53.750+0000] {processor.py:840} INFO - DAG(s) 'my_dag' retrieved from /opt/airflow/dags/das_ytb.py
[2025-01-10T10:28:53.782+0000] {logging_mixin.py:188} INFO - [2025-01-10T10:28:53.782+0000] {dag.py:3096} INFO - Sync 1 DAGs
[2025-01-10T10:28:53.809+0000] {logging_mixin.py:188} INFO - [2025-01-10T10:28:53.808+0000] {dag.py:3954} INFO - Setting next_dagrun for my_dag to 2025-01-09 00:00:00+00:00, run_after=2025-01-10 00:00:00+00:00
[2025-01-10T10:28:53.833+0000] {processor.py:183} INFO - Processing /opt/airflow/dags/das_ytb.py took 0.114 seconds
[2025-01-10T10:29:24.518+0000] {processor.py:161} INFO - Started process (PID=448) to work on /opt/airflow/dags/das_ytb.py
[2025-01-10T10:29:24.519+0000] {processor.py:830} INFO - Processing file /opt/airflow/dags/das_ytb.py for tasks to queue
[2025-01-10T10:29:24.521+0000] {logging_mixin.py:188} INFO - [2025-01-10T10:29:24.520+0000] {dagbag.py:545} INFO - Filling up the DagBag from /opt/airflow/dags/das_ytb.py
[2025-01-10T10:29:24.543+0000] {processor.py:840} INFO - DAG(s) 'my_dag' retrieved from /opt/airflow/dags/das_ytb.py
[2025-01-10T10:29:24.575+0000] {logging_mixin.py:188} INFO - [2025-01-10T10:29:24.575+0000] {dag.py:3096} INFO - Sync 1 DAGs
[2025-01-10T10:29:24.598+0000] {logging_mixin.py:188} INFO - [2025-01-10T10:29:24.597+0000] {dag.py:3954} INFO - Setting next_dagrun for my_dag to 2025-01-09 00:00:00+00:00, run_after=2025-01-10 00:00:00+00:00
[2025-01-10T10:29:24.619+0000] {processor.py:183} INFO - Processing /opt/airflow/dags/das_ytb.py took 0.108 seconds
[2025-01-10T10:29:55.169+0000] {processor.py:161} INFO - Started process (PID=474) to work on /opt/airflow/dags/das_ytb.py
[2025-01-10T10:29:55.170+0000] {processor.py:830} INFO - Processing file /opt/airflow/dags/das_ytb.py for tasks to queue
[2025-01-10T10:29:55.171+0000] {logging_mixin.py:188} INFO - [2025-01-10T10:29:55.171+0000] {dagbag.py:545} INFO - Filling up the DagBag from /opt/airflow/dags/das_ytb.py
[2025-01-10T10:29:55.196+0000] {processor.py:840} INFO - DAG(s) 'my_dag' retrieved from /opt/airflow/dags/das_ytb.py
[2025-01-10T10:29:55.231+0000] {logging_mixin.py:188} INFO - [2025-01-10T10:29:55.231+0000] {dag.py:3096} INFO - Sync 1 DAGs
[2025-01-10T10:29:55.255+0000] {logging_mixin.py:188} INFO - [2025-01-10T10:29:55.255+0000] {dag.py:3954} INFO - Setting next_dagrun for my_dag to 2025-01-09 00:00:00+00:00, run_after=2025-01-10 00:00:00+00:00
[2025-01-10T10:29:55.278+0000] {processor.py:183} INFO - Processing /opt/airflow/dags/das_ytb.py took 0.116 seconds
[2025-01-10T10:30:25.842+0000] {processor.py:161} INFO - Started process (PID=500) to work on /opt/airflow/dags/das_ytb.py
[2025-01-10T10:30:25.843+0000] {processor.py:830} INFO - Processing file /opt/airflow/dags/das_ytb.py for tasks to queue
[2025-01-10T10:30:25.844+0000] {logging_mixin.py:188} INFO - [2025-01-10T10:30:25.844+0000] {dagbag.py:545} INFO - Filling up the DagBag from /opt/airflow/dags/das_ytb.py
[2025-01-10T10:30:25.870+0000] {processor.py:840} INFO - DAG(s) 'my_dag' retrieved from /opt/airflow/dags/das_ytb.py
[2025-01-10T10:30:25.901+0000] {logging_mixin.py:188} INFO - [2025-01-10T10:30:25.900+0000] {dag.py:3096} INFO - Sync 1 DAGs
[2025-01-10T10:30:25.929+0000] {logging_mixin.py:188} INFO - [2025-01-10T10:30:25.929+0000] {dag.py:3954} INFO - Setting next_dagrun for my_dag to 2025-01-09 00:00:00+00:00, run_after=2025-01-10 00:00:00+00:00
[2025-01-10T10:30:25.952+0000] {processor.py:183} INFO - Processing /opt/airflow/dags/das_ytb.py took 0.116 seconds
[2025-01-10T10:30:56.476+0000] {processor.py:161} INFO - Started process (PID=526) to work on /opt/airflow/dags/das_ytb.py
[2025-01-10T10:30:56.477+0000] {processor.py:830} INFO - Processing file /opt/airflow/dags/das_ytb.py for tasks to queue
[2025-01-10T10:30:56.478+0000] {logging_mixin.py:188} INFO - [2025-01-10T10:30:56.477+0000] {dagbag.py:545} INFO - Filling up the DagBag from /opt/airflow/dags/das_ytb.py
[2025-01-10T10:30:56.498+0000] {processor.py:840} INFO - DAG(s) 'my_dag' retrieved from /opt/airflow/dags/das_ytb.py
[2025-01-10T10:30:56.533+0000] {logging_mixin.py:188} INFO - [2025-01-10T10:30:56.533+0000] {dag.py:3096} INFO - Sync 1 DAGs
[2025-01-10T10:30:56.558+0000] {logging_mixin.py:188} INFO - [2025-01-10T10:30:56.558+0000] {dag.py:3954} INFO - Setting next_dagrun for my_dag to 2025-01-09 00:00:00+00:00, run_after=2025-01-10 00:00:00+00:00
[2025-01-10T10:30:56.582+0000] {processor.py:183} INFO - Processing /opt/airflow/dags/das_ytb.py took 0.112 seconds
[2025-01-10T10:31:27.070+0000] {processor.py:161} INFO - Started process (PID=552) to work on /opt/airflow/dags/das_ytb.py
[2025-01-10T10:31:27.071+0000] {processor.py:830} INFO - Processing file /opt/airflow/dags/das_ytb.py for tasks to queue
[2025-01-10T10:31:27.072+0000] {logging_mixin.py:188} INFO - [2025-01-10T10:31:27.072+0000] {dagbag.py:545} INFO - Filling up the DagBag from /opt/airflow/dags/das_ytb.py
[2025-01-10T10:31:27.093+0000] {processor.py:840} INFO - DAG(s) 'my_dag' retrieved from /opt/airflow/dags/das_ytb.py
[2025-01-10T10:31:27.126+0000] {logging_mixin.py:188} INFO - [2025-01-10T10:31:27.126+0000] {dag.py:3096} INFO - Sync 1 DAGs
[2025-01-10T10:31:27.151+0000] {logging_mixin.py:188} INFO - [2025-01-10T10:31:27.151+0000] {dag.py:3954} INFO - Setting next_dagrun for my_dag to 2025-01-09 00:00:00+00:00, run_after=2025-01-10 00:00:00+00:00
[2025-01-10T10:31:27.175+0000] {processor.py:183} INFO - Processing /opt/airflow/dags/das_ytb.py took 0.111 seconds
[2025-01-10T10:31:57.703+0000] {processor.py:161} INFO - Started process (PID=578) to work on /opt/airflow/dags/das_ytb.py
[2025-01-10T10:31:57.704+0000] {processor.py:830} INFO - Processing file /opt/airflow/dags/das_ytb.py for tasks to queue
[2025-01-10T10:31:57.705+0000] {logging_mixin.py:188} INFO - [2025-01-10T10:31:57.704+0000] {dagbag.py:545} INFO - Filling up the DagBag from /opt/airflow/dags/das_ytb.py
[2025-01-10T10:31:57.728+0000] {processor.py:840} INFO - DAG(s) 'my_dag' retrieved from /opt/airflow/dags/das_ytb.py
[2025-01-10T10:31:57.765+0000] {logging_mixin.py:188} INFO - [2025-01-10T10:31:57.765+0000] {dag.py:3096} INFO - Sync 1 DAGs
[2025-01-10T10:31:57.794+0000] {logging_mixin.py:188} INFO - [2025-01-10T10:31:57.794+0000] {dag.py:3954} INFO - Setting next_dagrun for my_dag to 2025-01-09 00:00:00+00:00, run_after=2025-01-10 00:00:00+00:00
[2025-01-10T10:31:57.823+0000] {processor.py:183} INFO - Processing /opt/airflow/dags/das_ytb.py took 0.128 seconds
[2025-01-10T10:32:28.315+0000] {processor.py:161} INFO - Started process (PID=604) to work on /opt/airflow/dags/das_ytb.py
[2025-01-10T10:32:28.316+0000] {processor.py:830} INFO - Processing file /opt/airflow/dags/das_ytb.py for tasks to queue
[2025-01-10T10:32:28.317+0000] {logging_mixin.py:188} INFO - [2025-01-10T10:32:28.317+0000] {dagbag.py:545} INFO - Filling up the DagBag from /opt/airflow/dags/das_ytb.py
[2025-01-10T10:32:28.341+0000] {processor.py:840} INFO - DAG(s) 'my_dag' retrieved from /opt/airflow/dags/das_ytb.py
[2025-01-10T10:32:28.379+0000] {logging_mixin.py:188} INFO - [2025-01-10T10:32:28.379+0000] {dag.py:3096} INFO - Sync 1 DAGs
[2025-01-10T10:32:28.404+0000] {logging_mixin.py:188} INFO - [2025-01-10T10:32:28.404+0000] {dag.py:3954} INFO - Setting next_dagrun for my_dag to 2025-01-09 00:00:00+00:00, run_after=2025-01-10 00:00:00+00:00
[2025-01-10T10:32:28.426+0000] {processor.py:183} INFO - Processing /opt/airflow/dags/das_ytb.py took 0.119 seconds
[2025-01-10T10:32:58.963+0000] {processor.py:161} INFO - Started process (PID=630) to work on /opt/airflow/dags/das_ytb.py
[2025-01-10T10:32:58.964+0000] {processor.py:830} INFO - Processing file /opt/airflow/dags/das_ytb.py for tasks to queue
[2025-01-10T10:32:58.965+0000] {logging_mixin.py:188} INFO - [2025-01-10T10:32:58.965+0000] {dagbag.py:545} INFO - Filling up the DagBag from /opt/airflow/dags/das_ytb.py
[2025-01-10T10:32:58.988+0000] {processor.py:840} INFO - DAG(s) 'my_dag' retrieved from /opt/airflow/dags/das_ytb.py
[2025-01-10T10:32:59.020+0000] {logging_mixin.py:188} INFO - [2025-01-10T10:32:59.020+0000] {dag.py:3096} INFO - Sync 1 DAGs
[2025-01-10T10:32:59.047+0000] {logging_mixin.py:188} INFO - [2025-01-10T10:32:59.047+0000] {dag.py:3954} INFO - Setting next_dagrun for my_dag to 2025-01-09 00:00:00+00:00, run_after=2025-01-10 00:00:00+00:00
[2025-01-10T10:32:59.070+0000] {processor.py:183} INFO - Processing /opt/airflow/dags/das_ytb.py took 0.115 seconds
[2025-01-10T10:33:29.655+0000] {processor.py:161} INFO - Started process (PID=656) to work on /opt/airflow/dags/das_ytb.py
[2025-01-10T10:33:29.656+0000] {processor.py:830} INFO - Processing file /opt/airflow/dags/das_ytb.py for tasks to queue
[2025-01-10T10:33:29.657+0000] {logging_mixin.py:188} INFO - [2025-01-10T10:33:29.657+0000] {dagbag.py:545} INFO - Filling up the DagBag from /opt/airflow/dags/das_ytb.py
[2025-01-10T10:33:29.681+0000] {processor.py:840} INFO - DAG(s) 'my_dag' retrieved from /opt/airflow/dags/das_ytb.py
[2025-01-10T10:33:29.712+0000] {logging_mixin.py:188} INFO - [2025-01-10T10:33:29.712+0000] {dag.py:3096} INFO - Sync 1 DAGs
[2025-01-10T10:33:29.743+0000] {logging_mixin.py:188} INFO - [2025-01-10T10:33:29.743+0000] {dag.py:3954} INFO - Setting next_dagrun for my_dag to 2025-01-09 00:00:00+00:00, run_after=2025-01-10 00:00:00+00:00
[2025-01-10T10:33:29.777+0000] {processor.py:183} INFO - Processing /opt/airflow/dags/das_ytb.py took 0.131 seconds
[2025-01-10T10:34:00.322+0000] {processor.py:161} INFO - Started process (PID=682) to work on /opt/airflow/dags/das_ytb.py
[2025-01-10T10:34:00.323+0000] {processor.py:830} INFO - Processing file /opt/airflow/dags/das_ytb.py for tasks to queue
[2025-01-10T10:34:00.324+0000] {logging_mixin.py:188} INFO - [2025-01-10T10:34:00.324+0000] {dagbag.py:545} INFO - Filling up the DagBag from /opt/airflow/dags/das_ytb.py
[2025-01-10T10:34:00.349+0000] {processor.py:840} INFO - DAG(s) 'my_dag' retrieved from /opt/airflow/dags/das_ytb.py
[2025-01-10T10:34:00.389+0000] {logging_mixin.py:188} INFO - [2025-01-10T10:34:00.389+0000] {dag.py:3096} INFO - Sync 1 DAGs
[2025-01-10T10:34:00.414+0000] {logging_mixin.py:188} INFO - [2025-01-10T10:34:00.414+0000] {dag.py:3954} INFO - Setting next_dagrun for my_dag to 2025-01-09 00:00:00+00:00, run_after=2025-01-10 00:00:00+00:00
[2025-01-10T10:34:00.436+0000] {processor.py:183} INFO - Processing /opt/airflow/dags/das_ytb.py took 0.120 seconds
[2025-01-10T10:34:30.978+0000] {processor.py:161} INFO - Started process (PID=708) to work on /opt/airflow/dags/das_ytb.py
[2025-01-10T10:34:30.979+0000] {processor.py:830} INFO - Processing file /opt/airflow/dags/das_ytb.py for tasks to queue
[2025-01-10T10:34:30.981+0000] {logging_mixin.py:188} INFO - [2025-01-10T10:34:30.980+0000] {dagbag.py:545} INFO - Filling up the DagBag from /opt/airflow/dags/das_ytb.py
[2025-01-10T10:34:31.022+0000] {processor.py:840} INFO - DAG(s) 'my_dag' retrieved from /opt/airflow/dags/das_ytb.py
[2025-01-10T10:34:31.060+0000] {logging_mixin.py:188} INFO - [2025-01-10T10:34:31.060+0000] {dag.py:3096} INFO - Sync 1 DAGs
[2025-01-10T10:34:31.089+0000] {logging_mixin.py:188} INFO - [2025-01-10T10:34:31.089+0000] {dag.py:3954} INFO - Setting next_dagrun for my_dag to 2025-01-09 00:00:00+00:00, run_after=2025-01-10 00:00:00+00:00
[2025-01-10T10:34:31.110+0000] {processor.py:183} INFO - Processing /opt/airflow/dags/das_ytb.py took 0.140 seconds
[2025-01-10T10:35:01.764+0000] {processor.py:161} INFO - Started process (PID=734) to work on /opt/airflow/dags/das_ytb.py
[2025-01-10T10:35:01.765+0000] {processor.py:830} INFO - Processing file /opt/airflow/dags/das_ytb.py for tasks to queue
[2025-01-10T10:35:01.766+0000] {logging_mixin.py:188} INFO - [2025-01-10T10:35:01.766+0000] {dagbag.py:545} INFO - Filling up the DagBag from /opt/airflow/dags/das_ytb.py
[2025-01-10T10:35:01.788+0000] {processor.py:840} INFO - DAG(s) 'my_dag' retrieved from /opt/airflow/dags/das_ytb.py
[2025-01-10T10:35:01.819+0000] {logging_mixin.py:188} INFO - [2025-01-10T10:35:01.818+0000] {dag.py:3096} INFO - Sync 1 DAGs
[2025-01-10T10:35:01.843+0000] {logging_mixin.py:188} INFO - [2025-01-10T10:35:01.843+0000] {dag.py:3954} INFO - Setting next_dagrun for my_dag to 2025-01-09 00:00:00+00:00, run_after=2025-01-10 00:00:00+00:00
[2025-01-10T10:35:01.868+0000] {processor.py:183} INFO - Processing /opt/airflow/dags/das_ytb.py took 0.110 seconds
[2025-01-10T10:35:32.331+0000] {processor.py:161} INFO - Started process (PID=760) to work on /opt/airflow/dags/das_ytb.py
[2025-01-10T10:35:32.332+0000] {processor.py:830} INFO - Processing file /opt/airflow/dags/das_ytb.py for tasks to queue
[2025-01-10T10:35:32.335+0000] {logging_mixin.py:188} INFO - [2025-01-10T10:35:32.335+0000] {dagbag.py:545} INFO - Filling up the DagBag from /opt/airflow/dags/das_ytb.py
[2025-01-10T10:35:32.371+0000] {processor.py:840} INFO - DAG(s) 'my_dag' retrieved from /opt/airflow/dags/das_ytb.py
[2025-01-10T10:35:32.413+0000] {logging_mixin.py:188} INFO - [2025-01-10T10:35:32.413+0000] {dag.py:3096} INFO - Sync 1 DAGs
[2025-01-10T10:35:32.440+0000] {logging_mixin.py:188} INFO - [2025-01-10T10:35:32.439+0000] {dag.py:3954} INFO - Setting next_dagrun for my_dag to 2025-01-09 00:00:00+00:00, run_after=2025-01-10 00:00:00+00:00
[2025-01-10T10:35:32.463+0000] {processor.py:183} INFO - Processing /opt/airflow/dags/das_ytb.py took 0.138 seconds
[2025-01-10T10:36:02.998+0000] {processor.py:161} INFO - Started process (PID=786) to work on /opt/airflow/dags/das_ytb.py
[2025-01-10T10:36:02.999+0000] {processor.py:830} INFO - Processing file /opt/airflow/dags/das_ytb.py for tasks to queue
[2025-01-10T10:36:03.000+0000] {logging_mixin.py:188} INFO - [2025-01-10T10:36:03.000+0000] {dagbag.py:545} INFO - Filling up the DagBag from /opt/airflow/dags/das_ytb.py
[2025-01-10T10:36:03.027+0000] {processor.py:840} INFO - DAG(s) 'my_dag' retrieved from /opt/airflow/dags/das_ytb.py
[2025-01-10T10:36:03.064+0000] {logging_mixin.py:188} INFO - [2025-01-10T10:36:03.064+0000] {dag.py:3096} INFO - Sync 1 DAGs
[2025-01-10T10:36:03.090+0000] {logging_mixin.py:188} INFO - [2025-01-10T10:36:03.089+0000] {dag.py:3954} INFO - Setting next_dagrun for my_dag to 2025-01-09 00:00:00+00:00, run_after=2025-01-10 00:00:00+00:00
[2025-01-10T10:36:03.114+0000] {processor.py:183} INFO - Processing /opt/airflow/dags/das_ytb.py took 0.132 seconds
[2025-01-10T10:36:33.650+0000] {processor.py:161} INFO - Started process (PID=812) to work on /opt/airflow/dags/das_ytb.py
[2025-01-10T10:36:33.651+0000] {processor.py:830} INFO - Processing file /opt/airflow/dags/das_ytb.py for tasks to queue
[2025-01-10T10:36:33.652+0000] {logging_mixin.py:188} INFO - [2025-01-10T10:36:33.652+0000] {dagbag.py:545} INFO - Filling up the DagBag from /opt/airflow/dags/das_ytb.py
[2025-01-10T10:36:33.673+0000] {processor.py:840} INFO - DAG(s) 'my_dag' retrieved from /opt/airflow/dags/das_ytb.py
[2025-01-10T10:36:33.705+0000] {logging_mixin.py:188} INFO - [2025-01-10T10:36:33.704+0000] {dag.py:3096} INFO - Sync 1 DAGs
[2025-01-10T10:36:33.726+0000] {logging_mixin.py:188} INFO - [2025-01-10T10:36:33.726+0000] {dag.py:3954} INFO - Setting next_dagrun for my_dag to 2025-01-09 00:00:00+00:00, run_after=2025-01-10 00:00:00+00:00
[2025-01-10T10:36:33.746+0000] {processor.py:183} INFO - Processing /opt/airflow/dags/das_ytb.py took 0.103 seconds
[2025-01-10T10:37:04.203+0000] {processor.py:161} INFO - Started process (PID=838) to work on /opt/airflow/dags/das_ytb.py
[2025-01-10T10:37:04.204+0000] {processor.py:830} INFO - Processing file /opt/airflow/dags/das_ytb.py for tasks to queue
[2025-01-10T10:37:04.205+0000] {logging_mixin.py:188} INFO - [2025-01-10T10:37:04.205+0000] {dagbag.py:545} INFO - Filling up the DagBag from /opt/airflow/dags/das_ytb.py
[2025-01-10T10:37:04.228+0000] {processor.py:840} INFO - DAG(s) 'my_dag' retrieved from /opt/airflow/dags/das_ytb.py
[2025-01-10T10:37:04.265+0000] {logging_mixin.py:188} INFO - [2025-01-10T10:37:04.265+0000] {dag.py:3096} INFO - Sync 1 DAGs
[2025-01-10T10:37:04.291+0000] {logging_mixin.py:188} INFO - [2025-01-10T10:37:04.291+0000] {dag.py:3954} INFO - Setting next_dagrun for my_dag to 2025-01-09 00:00:00+00:00, run_after=2025-01-10 00:00:00+00:00
[2025-01-10T10:37:04.313+0000] {processor.py:183} INFO - Processing /opt/airflow/dags/das_ytb.py took 0.117 seconds
[2025-01-10T10:37:34.796+0000] {processor.py:161} INFO - Started process (PID=864) to work on /opt/airflow/dags/das_ytb.py
[2025-01-10T10:37:34.797+0000] {processor.py:830} INFO - Processing file /opt/airflow/dags/das_ytb.py for tasks to queue
[2025-01-10T10:37:34.799+0000] {logging_mixin.py:188} INFO - [2025-01-10T10:37:34.798+0000] {dagbag.py:545} INFO - Filling up the DagBag from /opt/airflow/dags/das_ytb.py
[2025-01-10T10:37:34.825+0000] {processor.py:840} INFO - DAG(s) 'my_dag' retrieved from /opt/airflow/dags/das_ytb.py
[2025-01-10T10:37:34.864+0000] {logging_mixin.py:188} INFO - [2025-01-10T10:37:34.864+0000] {dag.py:3096} INFO - Sync 1 DAGs
[2025-01-10T10:37:34.896+0000] {logging_mixin.py:188} INFO - [2025-01-10T10:37:34.895+0000] {dag.py:3954} INFO - Setting next_dagrun for my_dag to 2025-01-09 00:00:00+00:00, run_after=2025-01-10 00:00:00+00:00
[2025-01-10T10:37:34.923+0000] {processor.py:183} INFO - Processing /opt/airflow/dags/das_ytb.py took 0.137 seconds
[2025-01-10T10:38:05.419+0000] {processor.py:161} INFO - Started process (PID=890) to work on /opt/airflow/dags/das_ytb.py
[2025-01-10T10:38:05.420+0000] {processor.py:830} INFO - Processing file /opt/airflow/dags/das_ytb.py for tasks to queue
[2025-01-10T10:38:05.422+0000] {logging_mixin.py:188} INFO - [2025-01-10T10:38:05.421+0000] {dagbag.py:545} INFO - Filling up the DagBag from /opt/airflow/dags/das_ytb.py
[2025-01-10T10:38:05.448+0000] {processor.py:840} INFO - DAG(s) 'my_dag' retrieved from /opt/airflow/dags/das_ytb.py
[2025-01-10T10:38:05.484+0000] {logging_mixin.py:188} INFO - [2025-01-10T10:38:05.483+0000] {dag.py:3096} INFO - Sync 1 DAGs
[2025-01-10T10:38:05.511+0000] {logging_mixin.py:188} INFO - [2025-01-10T10:38:05.510+0000] {dag.py:3954} INFO - Setting next_dagrun for my_dag to 2025-01-09 00:00:00+00:00, run_after=2025-01-10 00:00:00+00:00
[2025-01-10T10:38:05.534+0000] {processor.py:183} INFO - Processing /opt/airflow/dags/das_ytb.py took 0.126 seconds
[2025-01-10T10:38:36.048+0000] {processor.py:161} INFO - Started process (PID=916) to work on /opt/airflow/dags/das_ytb.py
[2025-01-10T10:38:36.049+0000] {processor.py:830} INFO - Processing file /opt/airflow/dags/das_ytb.py for tasks to queue
[2025-01-10T10:38:36.050+0000] {logging_mixin.py:188} INFO - [2025-01-10T10:38:36.050+0000] {dagbag.py:545} INFO - Filling up the DagBag from /opt/airflow/dags/das_ytb.py
[2025-01-10T10:38:36.079+0000] {processor.py:840} INFO - DAG(s) 'my_dag' retrieved from /opt/airflow/dags/das_ytb.py
[2025-01-10T10:38:36.114+0000] {logging_mixin.py:188} INFO - [2025-01-10T10:38:36.114+0000] {dag.py:3096} INFO - Sync 1 DAGs
[2025-01-10T10:38:36.147+0000] {logging_mixin.py:188} INFO - [2025-01-10T10:38:36.147+0000] {dag.py:3954} INFO - Setting next_dagrun for my_dag to 2025-01-09 00:00:00+00:00, run_after=2025-01-10 00:00:00+00:00
[2025-01-10T10:38:36.170+0000] {processor.py:183} INFO - Processing /opt/airflow/dags/das_ytb.py took 0.129 seconds
[2025-01-10T10:39:06.640+0000] {processor.py:161} INFO - Started process (PID=942) to work on /opt/airflow/dags/das_ytb.py
[2025-01-10T10:39:06.641+0000] {processor.py:830} INFO - Processing file /opt/airflow/dags/das_ytb.py for tasks to queue
[2025-01-10T10:39:06.644+0000] {logging_mixin.py:188} INFO - [2025-01-10T10:39:06.643+0000] {dagbag.py:545} INFO - Filling up the DagBag from /opt/airflow/dags/das_ytb.py
[2025-01-10T10:39:06.685+0000] {processor.py:840} INFO - DAG(s) 'my_dag' retrieved from /opt/airflow/dags/das_ytb.py
[2025-01-10T10:39:06.735+0000] {logging_mixin.py:188} INFO - [2025-01-10T10:39:06.735+0000] {dag.py:3096} INFO - Sync 1 DAGs
[2025-01-10T10:39:06.772+0000] {logging_mixin.py:188} INFO - [2025-01-10T10:39:06.771+0000] {dag.py:3954} INFO - Setting next_dagrun for my_dag to 2025-01-09 00:00:00+00:00, run_after=2025-01-10 00:00:00+00:00
[2025-01-10T10:39:06.807+0000] {processor.py:183} INFO - Processing /opt/airflow/dags/das_ytb.py took 0.181 seconds
[2025-01-10T10:39:37.339+0000] {processor.py:161} INFO - Started process (PID=968) to work on /opt/airflow/dags/das_ytb.py
[2025-01-10T10:39:37.340+0000] {processor.py:830} INFO - Processing file /opt/airflow/dags/das_ytb.py for tasks to queue
[2025-01-10T10:39:37.341+0000] {logging_mixin.py:188} INFO - [2025-01-10T10:39:37.340+0000] {dagbag.py:545} INFO - Filling up the DagBag from /opt/airflow/dags/das_ytb.py
[2025-01-10T10:39:37.362+0000] {processor.py:840} INFO - DAG(s) 'my_dag' retrieved from /opt/airflow/dags/das_ytb.py
[2025-01-10T10:39:37.400+0000] {logging_mixin.py:188} INFO - [2025-01-10T10:39:37.400+0000] {dag.py:3096} INFO - Sync 1 DAGs
[2025-01-10T10:39:37.424+0000] {logging_mixin.py:188} INFO - [2025-01-10T10:39:37.424+0000] {dag.py:3954} INFO - Setting next_dagrun for my_dag to 2025-01-09 00:00:00+00:00, run_after=2025-01-10 00:00:00+00:00
[2025-01-10T10:39:37.450+0000] {processor.py:183} INFO - Processing /opt/airflow/dags/das_ytb.py took 0.118 seconds
[2025-01-10T10:40:08.087+0000] {processor.py:161} INFO - Started process (PID=994) to work on /opt/airflow/dags/das_ytb.py
[2025-01-10T10:40:08.088+0000] {processor.py:830} INFO - Processing file /opt/airflow/dags/das_ytb.py for tasks to queue
[2025-01-10T10:40:08.089+0000] {logging_mixin.py:188} INFO - [2025-01-10T10:40:08.089+0000] {dagbag.py:545} INFO - Filling up the DagBag from /opt/airflow/dags/das_ytb.py
[2025-01-10T10:40:08.116+0000] {processor.py:840} INFO - DAG(s) 'my_dag' retrieved from /opt/airflow/dags/das_ytb.py
[2025-01-10T10:40:08.175+0000] {logging_mixin.py:188} INFO - [2025-01-10T10:40:08.175+0000] {dag.py:3096} INFO - Sync 1 DAGs
[2025-01-10T10:40:08.207+0000] {logging_mixin.py:188} INFO - [2025-01-10T10:40:08.207+0000] {dag.py:3954} INFO - Setting next_dagrun for my_dag to 2025-01-09 00:00:00+00:00, run_after=2025-01-10 00:00:00+00:00
[2025-01-10T10:40:08.241+0000] {processor.py:183} INFO - Processing /opt/airflow/dags/das_ytb.py took 0.166 seconds
[2025-01-10T10:40:38.787+0000] {processor.py:161} INFO - Started process (PID=1020) to work on /opt/airflow/dags/das_ytb.py
[2025-01-10T10:40:38.797+0000] {processor.py:830} INFO - Processing file /opt/airflow/dags/das_ytb.py for tasks to queue
[2025-01-10T10:40:38.799+0000] {logging_mixin.py:188} INFO - [2025-01-10T10:40:38.799+0000] {dagbag.py:545} INFO - Filling up the DagBag from /opt/airflow/dags/das_ytb.py
[2025-01-10T10:40:38.864+0000] {processor.py:840} INFO - DAG(s) 'my_dag' retrieved from /opt/airflow/dags/das_ytb.py
[2025-01-10T10:40:38.988+0000] {logging_mixin.py:188} INFO - [2025-01-10T10:40:38.987+0000] {dag.py:3096} INFO - Sync 1 DAGs
[2025-01-10T10:40:39.084+0000] {logging_mixin.py:188} INFO - [2025-01-10T10:40:39.083+0000] {dag.py:3954} INFO - Setting next_dagrun for my_dag to 2025-01-09 00:00:00+00:00, run_after=2025-01-10 00:00:00+00:00
[2025-01-10T10:40:39.166+0000] {processor.py:183} INFO - Processing /opt/airflow/dags/das_ytb.py took 0.391 seconds
[2025-01-10T10:41:09.426+0000] {processor.py:161} INFO - Started process (PID=1046) to work on /opt/airflow/dags/das_ytb.py
[2025-01-10T10:41:09.427+0000] {processor.py:830} INFO - Processing file /opt/airflow/dags/das_ytb.py for tasks to queue
[2025-01-10T10:41:09.428+0000] {logging_mixin.py:188} INFO - [2025-01-10T10:41:09.428+0000] {dagbag.py:545} INFO - Filling up the DagBag from /opt/airflow/dags/das_ytb.py
[2025-01-10T10:41:09.452+0000] {processor.py:840} INFO - DAG(s) 'my_dag' retrieved from /opt/airflow/dags/das_ytb.py
[2025-01-10T10:41:09.482+0000] {logging_mixin.py:188} INFO - [2025-01-10T10:41:09.482+0000] {dag.py:3096} INFO - Sync 1 DAGs
[2025-01-10T10:41:09.508+0000] {logging_mixin.py:188} INFO - [2025-01-10T10:41:09.508+0000] {dag.py:3954} INFO - Setting next_dagrun for my_dag to 2025-01-09 00:00:00+00:00, run_after=2025-01-10 00:00:00+00:00
[2025-01-10T10:41:09.534+0000] {processor.py:183} INFO - Processing /opt/airflow/dags/das_ytb.py took 0.114 seconds
[2025-01-10T10:41:40.071+0000] {processor.py:161} INFO - Started process (PID=1072) to work on /opt/airflow/dags/das_ytb.py
[2025-01-10T10:41:40.072+0000] {processor.py:830} INFO - Processing file /opt/airflow/dags/das_ytb.py for tasks to queue
[2025-01-10T10:41:40.072+0000] {logging_mixin.py:188} INFO - [2025-01-10T10:41:40.072+0000] {dagbag.py:545} INFO - Filling up the DagBag from /opt/airflow/dags/das_ytb.py
[2025-01-10T10:41:40.094+0000] {processor.py:840} INFO - DAG(s) 'my_dag' retrieved from /opt/airflow/dags/das_ytb.py
[2025-01-10T10:41:40.124+0000] {logging_mixin.py:188} INFO - [2025-01-10T10:41:40.123+0000] {dag.py:3096} INFO - Sync 1 DAGs
[2025-01-10T10:41:40.154+0000] {logging_mixin.py:188} INFO - [2025-01-10T10:41:40.154+0000] {dag.py:3954} INFO - Setting next_dagrun for my_dag to 2025-01-09 00:00:00+00:00, run_after=2025-01-10 00:00:00+00:00
[2025-01-10T10:41:40.177+0000] {processor.py:183} INFO - Processing /opt/airflow/dags/das_ytb.py took 0.112 seconds
[2025-01-10T10:42:10.674+0000] {processor.py:161} INFO - Started process (PID=1098) to work on /opt/airflow/dags/das_ytb.py
[2025-01-10T10:42:10.675+0000] {processor.py:830} INFO - Processing file /opt/airflow/dags/das_ytb.py for tasks to queue
[2025-01-10T10:42:10.677+0000] {logging_mixin.py:188} INFO - [2025-01-10T10:42:10.676+0000] {dagbag.py:545} INFO - Filling up the DagBag from /opt/airflow/dags/das_ytb.py
[2025-01-10T10:42:10.712+0000] {processor.py:840} INFO - DAG(s) 'my_dag' retrieved from /opt/airflow/dags/das_ytb.py
[2025-01-10T10:42:10.810+0000] {logging_mixin.py:188} INFO - [2025-01-10T10:42:10.809+0000] {dag.py:3096} INFO - Sync 1 DAGs
[2025-01-10T10:42:10.852+0000] {logging_mixin.py:188} INFO - [2025-01-10T10:42:10.851+0000] {dag.py:3954} INFO - Setting next_dagrun for my_dag to 2025-01-09 00:00:00+00:00, run_after=2025-01-10 00:00:00+00:00
[2025-01-10T10:42:10.889+0000] {processor.py:183} INFO - Processing /opt/airflow/dags/das_ytb.py took 0.224 seconds
[2025-01-10T10:42:41.446+0000] {processor.py:161} INFO - Started process (PID=1124) to work on /opt/airflow/dags/das_ytb.py
[2025-01-10T10:42:41.448+0000] {processor.py:830} INFO - Processing file /opt/airflow/dags/das_ytb.py for tasks to queue
[2025-01-10T10:42:41.449+0000] {logging_mixin.py:188} INFO - [2025-01-10T10:42:41.449+0000] {dagbag.py:545} INFO - Filling up the DagBag from /opt/airflow/dags/das_ytb.py
[2025-01-10T10:42:41.475+0000] {processor.py:840} INFO - DAG(s) 'my_dag' retrieved from /opt/airflow/dags/das_ytb.py
[2025-01-10T10:42:41.509+0000] {logging_mixin.py:188} INFO - [2025-01-10T10:42:41.509+0000] {dag.py:3096} INFO - Sync 1 DAGs
[2025-01-10T10:42:41.534+0000] {logging_mixin.py:188} INFO - [2025-01-10T10:42:41.533+0000] {dag.py:3954} INFO - Setting next_dagrun for my_dag to 2025-01-09 00:00:00+00:00, run_after=2025-01-10 00:00:00+00:00
[2025-01-10T10:42:41.557+0000] {processor.py:183} INFO - Processing /opt/airflow/dags/das_ytb.py took 0.118 seconds
[2025-01-10T10:43:12.100+0000] {processor.py:161} INFO - Started process (PID=1150) to work on /opt/airflow/dags/das_ytb.py
[2025-01-10T10:43:12.112+0000] {processor.py:830} INFO - Processing file /opt/airflow/dags/das_ytb.py for tasks to queue
[2025-01-10T10:43:12.119+0000] {logging_mixin.py:188} INFO - [2025-01-10T10:43:12.118+0000] {dagbag.py:545} INFO - Filling up the DagBag from /opt/airflow/dags/das_ytb.py
[2025-01-10T10:43:12.218+0000] {processor.py:840} INFO - DAG(s) 'my_dag' retrieved from /opt/airflow/dags/das_ytb.py
[2025-01-10T10:43:12.313+0000] {logging_mixin.py:188} INFO - [2025-01-10T10:43:12.312+0000] {dag.py:3096} INFO - Sync 1 DAGs
[2025-01-10T10:43:12.385+0000] {logging_mixin.py:188} INFO - [2025-01-10T10:43:12.384+0000] {dag.py:3954} INFO - Setting next_dagrun for my_dag to 2025-01-09 00:00:00+00:00, run_after=2025-01-10 00:00:00+00:00
[2025-01-10T10:43:12.485+0000] {processor.py:183} INFO - Processing /opt/airflow/dags/das_ytb.py took 0.408 seconds
[2025-01-10T10:43:43.052+0000] {processor.py:161} INFO - Started process (PID=1176) to work on /opt/airflow/dags/das_ytb.py
[2025-01-10T10:43:43.054+0000] {processor.py:830} INFO - Processing file /opt/airflow/dags/das_ytb.py for tasks to queue
[2025-01-10T10:43:43.055+0000] {logging_mixin.py:188} INFO - [2025-01-10T10:43:43.055+0000] {dagbag.py:545} INFO - Filling up the DagBag from /opt/airflow/dags/das_ytb.py
[2025-01-10T10:43:43.105+0000] {processor.py:840} INFO - DAG(s) 'my_dag' retrieved from /opt/airflow/dags/das_ytb.py
[2025-01-10T10:43:43.191+0000] {logging_mixin.py:188} INFO - [2025-01-10T10:43:43.191+0000] {dag.py:3096} INFO - Sync 1 DAGs
[2025-01-10T10:43:43.244+0000] {logging_mixin.py:188} INFO - [2025-01-10T10:43:43.243+0000] {dag.py:3954} INFO - Setting next_dagrun for my_dag to 2025-01-09 00:00:00+00:00, run_after=2025-01-10 00:00:00+00:00
[2025-01-10T10:43:43.277+0000] {processor.py:183} INFO - Processing /opt/airflow/dags/das_ytb.py took 0.233 seconds
[2025-01-10T10:44:13.771+0000] {processor.py:161} INFO - Started process (PID=1202) to work on /opt/airflow/dags/das_ytb.py
[2025-01-10T10:44:13.771+0000] {processor.py:830} INFO - Processing file /opt/airflow/dags/das_ytb.py for tasks to queue
[2025-01-10T10:44:13.772+0000] {logging_mixin.py:188} INFO - [2025-01-10T10:44:13.772+0000] {dagbag.py:545} INFO - Filling up the DagBag from /opt/airflow/dags/das_ytb.py
[2025-01-10T10:44:13.797+0000] {processor.py:840} INFO - DAG(s) 'my_dag' retrieved from /opt/airflow/dags/das_ytb.py
[2025-01-10T10:44:13.831+0000] {logging_mixin.py:188} INFO - [2025-01-10T10:44:13.831+0000] {dag.py:3096} INFO - Sync 1 DAGs
[2025-01-10T10:44:13.856+0000] {logging_mixin.py:188} INFO - [2025-01-10T10:44:13.855+0000] {dag.py:3954} INFO - Setting next_dagrun for my_dag to 2025-01-09 00:00:00+00:00, run_after=2025-01-10 00:00:00+00:00
[2025-01-10T10:44:13.880+0000] {processor.py:183} INFO - Processing /opt/airflow/dags/das_ytb.py took 0.115 seconds
[2025-01-10T10:44:44.392+0000] {processor.py:161} INFO - Started process (PID=1228) to work on /opt/airflow/dags/das_ytb.py
[2025-01-10T10:44:44.393+0000] {processor.py:830} INFO - Processing file /opt/airflow/dags/das_ytb.py for tasks to queue
[2025-01-10T10:44:44.394+0000] {logging_mixin.py:188} INFO - [2025-01-10T10:44:44.394+0000] {dagbag.py:545} INFO - Filling up the DagBag from /opt/airflow/dags/das_ytb.py
[2025-01-10T10:44:44.419+0000] {processor.py:840} INFO - DAG(s) 'my_dag' retrieved from /opt/airflow/dags/das_ytb.py
[2025-01-10T10:44:44.451+0000] {logging_mixin.py:188} INFO - [2025-01-10T10:44:44.451+0000] {dag.py:3096} INFO - Sync 1 DAGs
[2025-01-10T10:44:44.489+0000] {logging_mixin.py:188} INFO - [2025-01-10T10:44:44.489+0000] {dag.py:3954} INFO - Setting next_dagrun for my_dag to 2025-01-09 00:00:00+00:00, run_after=2025-01-10 00:00:00+00:00
[2025-01-10T10:44:44.512+0000] {processor.py:183} INFO - Processing /opt/airflow/dags/das_ytb.py took 0.127 seconds
[2025-01-10T10:45:15.027+0000] {processor.py:161} INFO - Started process (PID=1254) to work on /opt/airflow/dags/das_ytb.py
[2025-01-10T10:45:15.029+0000] {processor.py:830} INFO - Processing file /opt/airflow/dags/das_ytb.py for tasks to queue
[2025-01-10T10:45:15.031+0000] {logging_mixin.py:188} INFO - [2025-01-10T10:45:15.031+0000] {dagbag.py:545} INFO - Filling up the DagBag from /opt/airflow/dags/das_ytb.py
[2025-01-10T10:45:15.066+0000] {processor.py:840} INFO - DAG(s) 'my_dag' retrieved from /opt/airflow/dags/das_ytb.py
[2025-01-10T10:45:15.127+0000] {logging_mixin.py:188} INFO - [2025-01-10T10:45:15.127+0000] {dag.py:3096} INFO - Sync 1 DAGs
[2025-01-10T10:45:15.174+0000] {logging_mixin.py:188} INFO - [2025-01-10T10:45:15.173+0000] {dag.py:3954} INFO - Setting next_dagrun for my_dag to 2025-01-09 00:00:00+00:00, run_after=2025-01-10 00:00:00+00:00
[2025-01-10T10:45:15.202+0000] {processor.py:183} INFO - Processing /opt/airflow/dags/das_ytb.py took 0.184 seconds
[2025-01-10T10:45:45.672+0000] {processor.py:161} INFO - Started process (PID=1280) to work on /opt/airflow/dags/das_ytb.py
[2025-01-10T10:45:45.673+0000] {processor.py:830} INFO - Processing file /opt/airflow/dags/das_ytb.py for tasks to queue
[2025-01-10T10:45:45.675+0000] {logging_mixin.py:188} INFO - [2025-01-10T10:45:45.674+0000] {dagbag.py:545} INFO - Filling up the DagBag from /opt/airflow/dags/das_ytb.py
[2025-01-10T10:45:45.697+0000] {processor.py:840} INFO - DAG(s) 'my_dag' retrieved from /opt/airflow/dags/das_ytb.py
[2025-01-10T10:45:45.729+0000] {logging_mixin.py:188} INFO - [2025-01-10T10:45:45.728+0000] {dag.py:3096} INFO - Sync 1 DAGs
[2025-01-10T10:45:45.757+0000] {logging_mixin.py:188} INFO - [2025-01-10T10:45:45.757+0000] {dag.py:3954} INFO - Setting next_dagrun for my_dag to 2025-01-09 00:00:00+00:00, run_after=2025-01-10 00:00:00+00:00
[2025-01-10T10:45:45.787+0000] {processor.py:183} INFO - Processing /opt/airflow/dags/das_ytb.py took 0.121 seconds
[2025-01-10T10:46:16.336+0000] {processor.py:161} INFO - Started process (PID=1306) to work on /opt/airflow/dags/das_ytb.py
[2025-01-10T10:46:16.336+0000] {processor.py:830} INFO - Processing file /opt/airflow/dags/das_ytb.py for tasks to queue
[2025-01-10T10:46:16.337+0000] {logging_mixin.py:188} INFO - [2025-01-10T10:46:16.337+0000] {dagbag.py:545} INFO - Filling up the DagBag from /opt/airflow/dags/das_ytb.py
[2025-01-10T10:46:16.380+0000] {processor.py:840} INFO - DAG(s) 'my_dag' retrieved from /opt/airflow/dags/das_ytb.py
[2025-01-10T10:46:16.416+0000] {logging_mixin.py:188} INFO - [2025-01-10T10:46:16.416+0000] {dag.py:3096} INFO - Sync 1 DAGs
[2025-01-10T10:46:16.439+0000] {logging_mixin.py:188} INFO - [2025-01-10T10:46:16.439+0000] {dag.py:3954} INFO - Setting next_dagrun for my_dag to 2025-01-09 00:00:00+00:00, run_after=2025-01-10 00:00:00+00:00
[2025-01-10T10:46:16.463+0000] {processor.py:183} INFO - Processing /opt/airflow/dags/das_ytb.py took 0.134 seconds
[2025-01-10T10:46:46.994+0000] {processor.py:161} INFO - Started process (PID=1332) to work on /opt/airflow/dags/das_ytb.py
[2025-01-10T10:46:46.995+0000] {processor.py:830} INFO - Processing file /opt/airflow/dags/das_ytb.py for tasks to queue
[2025-01-10T10:46:46.996+0000] {logging_mixin.py:188} INFO - [2025-01-10T10:46:46.996+0000] {dagbag.py:545} INFO - Filling up the DagBag from /opt/airflow/dags/das_ytb.py
[2025-01-10T10:46:47.020+0000] {processor.py:840} INFO - DAG(s) 'my_dag' retrieved from /opt/airflow/dags/das_ytb.py
[2025-01-10T10:46:47.057+0000] {logging_mixin.py:188} INFO - [2025-01-10T10:46:47.057+0000] {dag.py:3096} INFO - Sync 1 DAGs
[2025-01-10T10:46:47.083+0000] {logging_mixin.py:188} INFO - [2025-01-10T10:46:47.082+0000] {dag.py:3954} INFO - Setting next_dagrun for my_dag to 2025-01-09 00:00:00+00:00, run_after=2025-01-10 00:00:00+00:00
[2025-01-10T10:46:47.105+0000] {processor.py:183} INFO - Processing /opt/airflow/dags/das_ytb.py took 0.118 seconds
[2025-01-10T10:47:17.681+0000] {processor.py:161} INFO - Started process (PID=1358) to work on /opt/airflow/dags/das_ytb.py
[2025-01-10T10:47:17.683+0000] {processor.py:830} INFO - Processing file /opt/airflow/dags/das_ytb.py for tasks to queue
[2025-01-10T10:47:17.684+0000] {logging_mixin.py:188} INFO - [2025-01-10T10:47:17.684+0000] {dagbag.py:545} INFO - Filling up the DagBag from /opt/airflow/dags/das_ytb.py
[2025-01-10T10:47:17.711+0000] {processor.py:840} INFO - DAG(s) 'my_dag' retrieved from /opt/airflow/dags/das_ytb.py
[2025-01-10T10:47:17.745+0000] {logging_mixin.py:188} INFO - [2025-01-10T10:47:17.744+0000] {dag.py:3096} INFO - Sync 1 DAGs
[2025-01-10T10:47:17.773+0000] {logging_mixin.py:188} INFO - [2025-01-10T10:47:17.772+0000] {dag.py:3954} INFO - Setting next_dagrun for my_dag to 2025-01-09 00:00:00+00:00, run_after=2025-01-10 00:00:00+00:00
[2025-01-10T10:47:17.798+0000] {processor.py:183} INFO - Processing /opt/airflow/dags/das_ytb.py took 0.130 seconds
[2025-01-10T10:47:48.311+0000] {processor.py:161} INFO - Started process (PID=1384) to work on /opt/airflow/dags/das_ytb.py
[2025-01-10T10:47:48.312+0000] {processor.py:830} INFO - Processing file /opt/airflow/dags/das_ytb.py for tasks to queue
[2025-01-10T10:47:48.312+0000] {logging_mixin.py:188} INFO - [2025-01-10T10:47:48.312+0000] {dagbag.py:545} INFO - Filling up the DagBag from /opt/airflow/dags/das_ytb.py
[2025-01-10T10:47:48.334+0000] {processor.py:840} INFO - DAG(s) 'my_dag' retrieved from /opt/airflow/dags/das_ytb.py
[2025-01-10T10:47:48.368+0000] {logging_mixin.py:188} INFO - [2025-01-10T10:47:48.368+0000] {dag.py:3096} INFO - Sync 1 DAGs
[2025-01-10T10:47:48.393+0000] {logging_mixin.py:188} INFO - [2025-01-10T10:47:48.393+0000] {dag.py:3954} INFO - Setting next_dagrun for my_dag to 2025-01-09 00:00:00+00:00, run_after=2025-01-10 00:00:00+00:00
[2025-01-10T10:47:48.419+0000] {processor.py:183} INFO - Processing /opt/airflow/dags/das_ytb.py took 0.114 seconds
[2025-01-10T10:48:18.953+0000] {processor.py:161} INFO - Started process (PID=1410) to work on /opt/airflow/dags/das_ytb.py
[2025-01-10T10:48:18.954+0000] {processor.py:830} INFO - Processing file /opt/airflow/dags/das_ytb.py for tasks to queue
[2025-01-10T10:48:18.955+0000] {logging_mixin.py:188} INFO - [2025-01-10T10:48:18.955+0000] {dagbag.py:545} INFO - Filling up the DagBag from /opt/airflow/dags/das_ytb.py
[2025-01-10T10:48:18.977+0000] {processor.py:840} INFO - DAG(s) 'my_dag' retrieved from /opt/airflow/dags/das_ytb.py
[2025-01-10T10:48:19.010+0000] {logging_mixin.py:188} INFO - [2025-01-10T10:48:19.010+0000] {dag.py:3096} INFO - Sync 1 DAGs
[2025-01-10T10:48:19.035+0000] {logging_mixin.py:188} INFO - [2025-01-10T10:48:19.035+0000] {dag.py:3954} INFO - Setting next_dagrun for my_dag to 2025-01-09 00:00:00+00:00, run_after=2025-01-10 00:00:00+00:00
[2025-01-10T10:48:19.061+0000] {processor.py:183} INFO - Processing /opt/airflow/dags/das_ytb.py took 0.114 seconds
[2025-01-10T10:48:49.544+0000] {processor.py:161} INFO - Started process (PID=1442) to work on /opt/airflow/dags/das_ytb.py
[2025-01-10T10:48:49.545+0000] {processor.py:830} INFO - Processing file /opt/airflow/dags/das_ytb.py for tasks to queue
[2025-01-10T10:48:49.546+0000] {logging_mixin.py:188} INFO - [2025-01-10T10:48:49.545+0000] {dagbag.py:545} INFO - Filling up the DagBag from /opt/airflow/dags/das_ytb.py
[2025-01-10T10:48:49.573+0000] {processor.py:840} INFO - DAG(s) 'my_dag' retrieved from /opt/airflow/dags/das_ytb.py
[2025-01-10T10:48:49.610+0000] {logging_mixin.py:188} INFO - [2025-01-10T10:48:49.609+0000] {dag.py:3096} INFO - Sync 1 DAGs
[2025-01-10T10:48:49.636+0000] {logging_mixin.py:188} INFO - [2025-01-10T10:48:49.636+0000] {dag.py:3954} INFO - Setting next_dagrun for my_dag to 2025-01-09 00:00:00+00:00, run_after=2025-01-10 00:00:00+00:00
[2025-01-10T10:48:49.661+0000] {processor.py:183} INFO - Processing /opt/airflow/dags/das_ytb.py took 0.124 seconds
[2025-01-10T10:49:20.168+0000] {processor.py:161} INFO - Started process (PID=1468) to work on /opt/airflow/dags/das_ytb.py
[2025-01-10T10:49:20.169+0000] {processor.py:830} INFO - Processing file /opt/airflow/dags/das_ytb.py for tasks to queue
[2025-01-10T10:49:20.171+0000] {logging_mixin.py:188} INFO - [2025-01-10T10:49:20.170+0000] {dagbag.py:545} INFO - Filling up the DagBag from /opt/airflow/dags/das_ytb.py
[2025-01-10T10:49:20.222+0000] {processor.py:840} INFO - DAG(s) 'my_dag' retrieved from /opt/airflow/dags/das_ytb.py
[2025-01-10T10:49:20.282+0000] {logging_mixin.py:188} INFO - [2025-01-10T10:49:20.282+0000] {dag.py:3096} INFO - Sync 1 DAGs
[2025-01-10T10:49:20.341+0000] {logging_mixin.py:188} INFO - [2025-01-10T10:49:20.341+0000] {dag.py:3954} INFO - Setting next_dagrun for my_dag to 2025-01-09 00:00:00+00:00, run_after=2025-01-10 00:00:00+00:00
[2025-01-10T10:49:20.406+0000] {processor.py:183} INFO - Processing /opt/airflow/dags/das_ytb.py took 0.248 seconds
[2025-01-10T10:49:51.175+0000] {processor.py:161} INFO - Started process (PID=1494) to work on /opt/airflow/dags/das_ytb.py
[2025-01-10T10:49:51.176+0000] {processor.py:830} INFO - Processing file /opt/airflow/dags/das_ytb.py for tasks to queue
[2025-01-10T10:49:51.178+0000] {logging_mixin.py:188} INFO - [2025-01-10T10:49:51.178+0000] {dagbag.py:545} INFO - Filling up the DagBag from /opt/airflow/dags/das_ytb.py
[2025-01-10T10:49:51.208+0000] {processor.py:840} INFO - DAG(s) 'my_dag' retrieved from /opt/airflow/dags/das_ytb.py
[2025-01-10T10:49:51.246+0000] {logging_mixin.py:188} INFO - [2025-01-10T10:49:51.245+0000] {dag.py:3096} INFO - Sync 1 DAGs
[2025-01-10T10:49:51.275+0000] {logging_mixin.py:188} INFO - [2025-01-10T10:49:51.275+0000] {dag.py:3954} INFO - Setting next_dagrun for my_dag to 2025-01-09 00:00:00+00:00, run_after=2025-01-10 00:00:00+00:00
[2025-01-10T10:49:51.300+0000] {processor.py:183} INFO - Processing /opt/airflow/dags/das_ytb.py took 0.133 seconds
[2025-01-10T10:50:21.837+0000] {processor.py:161} INFO - Started process (PID=1520) to work on /opt/airflow/dags/das_ytb.py
[2025-01-10T10:50:21.841+0000] {processor.py:830} INFO - Processing file /opt/airflow/dags/das_ytb.py for tasks to queue
[2025-01-10T10:50:21.842+0000] {logging_mixin.py:188} INFO - [2025-01-10T10:50:21.842+0000] {dagbag.py:545} INFO - Filling up the DagBag from /opt/airflow/dags/das_ytb.py
[2025-01-10T10:50:21.876+0000] {processor.py:840} INFO - DAG(s) 'my_dag' retrieved from /opt/airflow/dags/das_ytb.py
[2025-01-10T10:50:21.923+0000] {logging_mixin.py:188} INFO - [2025-01-10T10:50:21.923+0000] {dag.py:3096} INFO - Sync 1 DAGs
[2025-01-10T10:50:21.954+0000] {logging_mixin.py:188} INFO - [2025-01-10T10:50:21.954+0000] {dag.py:3954} INFO - Setting next_dagrun for my_dag to 2025-01-09 00:00:00+00:00, run_after=2025-01-10 00:00:00+00:00
[2025-01-10T10:50:21.984+0000] {processor.py:183} INFO - Processing /opt/airflow/dags/das_ytb.py took 0.160 seconds
[2025-01-10T10:50:52.519+0000] {processor.py:161} INFO - Started process (PID=1546) to work on /opt/airflow/dags/das_ytb.py
[2025-01-10T10:50:52.521+0000] {processor.py:830} INFO - Processing file /opt/airflow/dags/das_ytb.py for tasks to queue
[2025-01-10T10:50:52.523+0000] {logging_mixin.py:188} INFO - [2025-01-10T10:50:52.522+0000] {dagbag.py:545} INFO - Filling up the DagBag from /opt/airflow/dags/das_ytb.py
[2025-01-10T10:50:52.551+0000] {processor.py:840} INFO - DAG(s) 'my_dag' retrieved from /opt/airflow/dags/das_ytb.py
[2025-01-10T10:50:52.585+0000] {logging_mixin.py:188} INFO - [2025-01-10T10:50:52.584+0000] {dag.py:3096} INFO - Sync 1 DAGs
[2025-01-10T10:50:52.609+0000] {logging_mixin.py:188} INFO - [2025-01-10T10:50:52.608+0000] {dag.py:3954} INFO - Setting next_dagrun for my_dag to 2025-01-09 00:00:00+00:00, run_after=2025-01-10 00:00:00+00:00
[2025-01-10T10:50:52.637+0000] {processor.py:183} INFO - Processing /opt/airflow/dags/das_ytb.py took 0.124 seconds
[2025-01-10T10:51:23.148+0000] {processor.py:161} INFO - Started process (PID=1572) to work on /opt/airflow/dags/das_ytb.py
[2025-01-10T10:51:23.150+0000] {processor.py:830} INFO - Processing file /opt/airflow/dags/das_ytb.py for tasks to queue
[2025-01-10T10:51:23.152+0000] {logging_mixin.py:188} INFO - [2025-01-10T10:51:23.151+0000] {dagbag.py:545} INFO - Filling up the DagBag from /opt/airflow/dags/das_ytb.py
[2025-01-10T10:51:23.215+0000] {processor.py:840} INFO - DAG(s) 'my_dag' retrieved from /opt/airflow/dags/das_ytb.py
[2025-01-10T10:51:23.317+0000] {logging_mixin.py:188} INFO - [2025-01-10T10:51:23.317+0000] {dag.py:3096} INFO - Sync 1 DAGs
[2025-01-10T10:51:23.371+0000] {logging_mixin.py:188} INFO - [2025-01-10T10:51:23.371+0000] {dag.py:3954} INFO - Setting next_dagrun for my_dag to 2025-01-09 00:00:00+00:00, run_after=2025-01-10 00:00:00+00:00
[2025-01-10T10:51:23.405+0000] {processor.py:183} INFO - Processing /opt/airflow/dags/das_ytb.py took 0.277 seconds
[2025-01-10T10:51:53.931+0000] {processor.py:161} INFO - Started process (PID=1598) to work on /opt/airflow/dags/das_ytb.py
[2025-01-10T10:51:53.932+0000] {processor.py:830} INFO - Processing file /opt/airflow/dags/das_ytb.py for tasks to queue
[2025-01-10T10:51:53.934+0000] {logging_mixin.py:188} INFO - [2025-01-10T10:51:53.933+0000] {dagbag.py:545} INFO - Filling up the DagBag from /opt/airflow/dags/das_ytb.py
[2025-01-10T10:51:53.968+0000] {processor.py:840} INFO - DAG(s) 'my_dag' retrieved from /opt/airflow/dags/das_ytb.py
[2025-01-10T10:51:54.018+0000] {logging_mixin.py:188} INFO - [2025-01-10T10:51:54.018+0000] {dag.py:3096} INFO - Sync 1 DAGs
[2025-01-10T10:51:54.070+0000] {logging_mixin.py:188} INFO - [2025-01-10T10:51:54.070+0000] {dag.py:3954} INFO - Setting next_dagrun for my_dag to 2025-01-09 00:00:00+00:00, run_after=2025-01-10 00:00:00+00:00
[2025-01-10T10:51:54.104+0000] {processor.py:183} INFO - Processing /opt/airflow/dags/das_ytb.py took 0.183 seconds
