[2025-01-10T10:24:48.548+0000] {processor.py:161} INFO - Started process (PID=213) to work on /opt/airflow/dags/e_commerce_dw_dag.py
[2025-01-10T10:24:48.550+0000] {processor.py:830} INFO - Processing file /opt/airflow/dags/e_commerce_dw_dag.py for tasks to queue
[2025-01-10T10:24:48.551+0000] {logging_mixin.py:188} INFO - [2025-01-10T10:24:48.551+0000] {dagbag.py:545} INFO - Filling up the DagBag from /opt/airflow/dags/e_commerce_dw_dag.py
[2025-01-10T10:24:48.636+0000] {processor.py:840} INFO - DAG(s) 'e_commerce_dw_etl' retrieved from /opt/airflow/dags/e_commerce_dw_dag.py
[2025-01-10T10:24:48.934+0000] {logging_mixin.py:188} INFO - [2025-01-10T10:24:48.934+0000] {dag.py:3096} INFO - Sync 1 DAGs
[2025-01-10T10:24:48.977+0000] {logging_mixin.py:188} INFO - [2025-01-10T10:24:48.976+0000] {dag.py:3954} INFO - Setting next_dagrun for e_commerce_dw_etl to 2025-01-09 00:00:00+00:00, run_after=2025-01-10 00:00:00+00:00
[2025-01-10T10:24:49.018+0000] {processor.py:183} INFO - Processing /opt/airflow/dags/e_commerce_dw_dag.py took 0.477 seconds
[2025-01-10T10:25:19.848+0000] {processor.py:161} INFO - Started process (PID=241) to work on /opt/airflow/dags/e_commerce_dw_dag.py
[2025-01-10T10:25:19.851+0000] {processor.py:830} INFO - Processing file /opt/airflow/dags/e_commerce_dw_dag.py for tasks to queue
[2025-01-10T10:25:19.853+0000] {logging_mixin.py:188} INFO - [2025-01-10T10:25:19.852+0000] {dagbag.py:545} INFO - Filling up the DagBag from /opt/airflow/dags/e_commerce_dw_dag.py
[2025-01-10T10:25:19.919+0000] {processor.py:840} INFO - DAG(s) 'e_commerce_dw_etl' retrieved from /opt/airflow/dags/e_commerce_dw_dag.py
[2025-01-10T10:25:19.968+0000] {logging_mixin.py:188} INFO - [2025-01-10T10:25:19.966+0000] {dag.py:3096} INFO - Sync 1 DAGs
[2025-01-10T10:25:20.007+0000] {logging_mixin.py:188} INFO - [2025-01-10T10:25:20.007+0000] {dag.py:3954} INFO - Setting next_dagrun for e_commerce_dw_etl to 2025-01-10 00:00:00+00:00, run_after=2025-01-11 00:00:00+00:00
[2025-01-10T10:25:20.034+0000] {processor.py:183} INFO - Processing /opt/airflow/dags/e_commerce_dw_dag.py took 0.193 seconds
[2025-01-10T10:25:50.803+0000] {processor.py:161} INFO - Started process (PID=267) to work on /opt/airflow/dags/e_commerce_dw_dag.py
[2025-01-10T10:25:50.804+0000] {processor.py:830} INFO - Processing file /opt/airflow/dags/e_commerce_dw_dag.py for tasks to queue
[2025-01-10T10:25:50.806+0000] {logging_mixin.py:188} INFO - [2025-01-10T10:25:50.805+0000] {dagbag.py:545} INFO - Filling up the DagBag from /opt/airflow/dags/e_commerce_dw_dag.py
[2025-01-10T10:25:50.873+0000] {processor.py:840} INFO - DAG(s) 'e_commerce_dw_etl' retrieved from /opt/airflow/dags/e_commerce_dw_dag.py
[2025-01-10T10:25:50.932+0000] {logging_mixin.py:188} INFO - [2025-01-10T10:25:50.932+0000] {dag.py:3096} INFO - Sync 1 DAGs
[2025-01-10T10:25:50.962+0000] {logging_mixin.py:188} INFO - [2025-01-10T10:25:50.961+0000] {dag.py:3954} INFO - Setting next_dagrun for e_commerce_dw_etl to 2025-01-10 00:00:00+00:00, run_after=2025-01-11 00:00:00+00:00
[2025-01-10T10:25:51.012+0000] {processor.py:183} INFO - Processing /opt/airflow/dags/e_commerce_dw_dag.py took 0.216 seconds
[2025-01-10T10:26:21.505+0000] {processor.py:161} INFO - Started process (PID=305) to work on /opt/airflow/dags/e_commerce_dw_dag.py
[2025-01-10T10:26:21.507+0000] {processor.py:830} INFO - Processing file /opt/airflow/dags/e_commerce_dw_dag.py for tasks to queue
[2025-01-10T10:26:21.508+0000] {logging_mixin.py:188} INFO - [2025-01-10T10:26:21.508+0000] {dagbag.py:545} INFO - Filling up the DagBag from /opt/airflow/dags/e_commerce_dw_dag.py
[2025-01-10T10:26:21.585+0000] {processor.py:840} INFO - DAG(s) 'e_commerce_dw_etl' retrieved from /opt/airflow/dags/e_commerce_dw_dag.py
[2025-01-10T10:26:21.636+0000] {logging_mixin.py:188} INFO - [2025-01-10T10:26:21.636+0000] {dag.py:3096} INFO - Sync 1 DAGs
[2025-01-10T10:26:21.667+0000] {logging_mixin.py:188} INFO - [2025-01-10T10:26:21.667+0000] {dag.py:3954} INFO - Setting next_dagrun for e_commerce_dw_etl to 2025-01-10 00:00:00+00:00, run_after=2025-01-11 00:00:00+00:00
[2025-01-10T10:26:21.691+0000] {processor.py:183} INFO - Processing /opt/airflow/dags/e_commerce_dw_dag.py took 0.194 seconds
[2025-01-10T10:26:52.197+0000] {processor.py:161} INFO - Started process (PID=333) to work on /opt/airflow/dags/e_commerce_dw_dag.py
[2025-01-10T10:26:52.198+0000] {processor.py:830} INFO - Processing file /opt/airflow/dags/e_commerce_dw_dag.py for tasks to queue
[2025-01-10T10:26:52.199+0000] {logging_mixin.py:188} INFO - [2025-01-10T10:26:52.199+0000] {dagbag.py:545} INFO - Filling up the DagBag from /opt/airflow/dags/e_commerce_dw_dag.py
[2025-01-10T10:26:52.268+0000] {processor.py:840} INFO - DAG(s) 'e_commerce_dw_etl' retrieved from /opt/airflow/dags/e_commerce_dw_dag.py
[2025-01-10T10:26:52.312+0000] {logging_mixin.py:188} INFO - [2025-01-10T10:26:52.311+0000] {dag.py:3096} INFO - Sync 1 DAGs
[2025-01-10T10:26:52.333+0000] {logging_mixin.py:188} INFO - [2025-01-10T10:26:52.333+0000] {dag.py:3954} INFO - Setting next_dagrun for e_commerce_dw_etl to 2025-01-10 00:00:00+00:00, run_after=2025-01-11 00:00:00+00:00
[2025-01-10T10:26:52.361+0000] {processor.py:183} INFO - Processing /opt/airflow/dags/e_commerce_dw_dag.py took 0.171 seconds
[2025-01-10T10:27:22.990+0000] {processor.py:161} INFO - Started process (PID=359) to work on /opt/airflow/dags/e_commerce_dw_dag.py
[2025-01-10T10:27:22.991+0000] {processor.py:830} INFO - Processing file /opt/airflow/dags/e_commerce_dw_dag.py for tasks to queue
[2025-01-10T10:27:22.993+0000] {logging_mixin.py:188} INFO - [2025-01-10T10:27:22.992+0000] {dagbag.py:545} INFO - Filling up the DagBag from /opt/airflow/dags/e_commerce_dw_dag.py
[2025-01-10T10:27:23.060+0000] {processor.py:840} INFO - DAG(s) 'e_commerce_dw_etl' retrieved from /opt/airflow/dags/e_commerce_dw_dag.py
[2025-01-10T10:27:23.096+0000] {logging_mixin.py:188} INFO - [2025-01-10T10:27:23.096+0000] {dag.py:3096} INFO - Sync 1 DAGs
[2025-01-10T10:27:23.120+0000] {logging_mixin.py:188} INFO - [2025-01-10T10:27:23.120+0000] {dag.py:3954} INFO - Setting next_dagrun for e_commerce_dw_etl to 2025-01-10 00:00:00+00:00, run_after=2025-01-11 00:00:00+00:00
[2025-01-10T10:27:23.145+0000] {processor.py:183} INFO - Processing /opt/airflow/dags/e_commerce_dw_dag.py took 0.164 seconds
[2025-01-10T10:27:53.596+0000] {processor.py:161} INFO - Started process (PID=385) to work on /opt/airflow/dags/e_commerce_dw_dag.py
[2025-01-10T10:27:53.598+0000] {processor.py:830} INFO - Processing file /opt/airflow/dags/e_commerce_dw_dag.py for tasks to queue
[2025-01-10T10:27:53.599+0000] {logging_mixin.py:188} INFO - [2025-01-10T10:27:53.599+0000] {dagbag.py:545} INFO - Filling up the DagBag from /opt/airflow/dags/e_commerce_dw_dag.py
[2025-01-10T10:27:53.656+0000] {processor.py:840} INFO - DAG(s) 'e_commerce_dw_etl' retrieved from /opt/airflow/dags/e_commerce_dw_dag.py
[2025-01-10T10:27:53.686+0000] {logging_mixin.py:188} INFO - [2025-01-10T10:27:53.686+0000] {dag.py:3096} INFO - Sync 1 DAGs
[2025-01-10T10:27:53.709+0000] {logging_mixin.py:188} INFO - [2025-01-10T10:27:53.708+0000] {dag.py:3954} INFO - Setting next_dagrun for e_commerce_dw_etl to 2025-01-10 00:00:00+00:00, run_after=2025-01-11 00:00:00+00:00
[2025-01-10T10:27:53.734+0000] {processor.py:183} INFO - Processing /opt/airflow/dags/e_commerce_dw_dag.py took 0.146 seconds
[2025-01-10T10:28:24.357+0000] {processor.py:161} INFO - Started process (PID=411) to work on /opt/airflow/dags/e_commerce_dw_dag.py
[2025-01-10T10:28:24.359+0000] {processor.py:830} INFO - Processing file /opt/airflow/dags/e_commerce_dw_dag.py for tasks to queue
[2025-01-10T10:28:24.360+0000] {logging_mixin.py:188} INFO - [2025-01-10T10:28:24.359+0000] {dagbag.py:545} INFO - Filling up the DagBag from /opt/airflow/dags/e_commerce_dw_dag.py
[2025-01-10T10:28:24.420+0000] {processor.py:840} INFO - DAG(s) 'e_commerce_dw_etl' retrieved from /opt/airflow/dags/e_commerce_dw_dag.py
[2025-01-10T10:28:24.450+0000] {logging_mixin.py:188} INFO - [2025-01-10T10:28:24.450+0000] {dag.py:3096} INFO - Sync 1 DAGs
[2025-01-10T10:28:24.474+0000] {logging_mixin.py:188} INFO - [2025-01-10T10:28:24.474+0000] {dag.py:3954} INFO - Setting next_dagrun for e_commerce_dw_etl to 2025-01-10 00:00:00+00:00, run_after=2025-01-11 00:00:00+00:00
[2025-01-10T10:28:24.497+0000] {processor.py:183} INFO - Processing /opt/airflow/dags/e_commerce_dw_dag.py took 0.146 seconds
[2025-01-10T10:28:54.928+0000] {processor.py:161} INFO - Started process (PID=437) to work on /opt/airflow/dags/e_commerce_dw_dag.py
[2025-01-10T10:28:54.929+0000] {processor.py:830} INFO - Processing file /opt/airflow/dags/e_commerce_dw_dag.py for tasks to queue
[2025-01-10T10:28:54.931+0000] {logging_mixin.py:188} INFO - [2025-01-10T10:28:54.930+0000] {dagbag.py:545} INFO - Filling up the DagBag from /opt/airflow/dags/e_commerce_dw_dag.py
[2025-01-10T10:28:54.985+0000] {processor.py:840} INFO - DAG(s) 'e_commerce_dw_etl' retrieved from /opt/airflow/dags/e_commerce_dw_dag.py
[2025-01-10T10:28:55.014+0000] {logging_mixin.py:188} INFO - [2025-01-10T10:28:55.013+0000] {dag.py:3096} INFO - Sync 1 DAGs
[2025-01-10T10:28:55.033+0000] {logging_mixin.py:188} INFO - [2025-01-10T10:28:55.033+0000] {dag.py:3954} INFO - Setting next_dagrun for e_commerce_dw_etl to 2025-01-10 00:00:00+00:00, run_after=2025-01-11 00:00:00+00:00
[2025-01-10T10:28:55.060+0000] {processor.py:183} INFO - Processing /opt/airflow/dags/e_commerce_dw_dag.py took 0.138 seconds
[2025-01-10T10:29:25.693+0000] {processor.py:161} INFO - Started process (PID=463) to work on /opt/airflow/dags/e_commerce_dw_dag.py
[2025-01-10T10:29:25.695+0000] {processor.py:830} INFO - Processing file /opt/airflow/dags/e_commerce_dw_dag.py for tasks to queue
[2025-01-10T10:29:25.696+0000] {logging_mixin.py:188} INFO - [2025-01-10T10:29:25.696+0000] {dagbag.py:545} INFO - Filling up the DagBag from /opt/airflow/dags/e_commerce_dw_dag.py
[2025-01-10T10:29:25.746+0000] {processor.py:840} INFO - DAG(s) 'e_commerce_dw_etl' retrieved from /opt/airflow/dags/e_commerce_dw_dag.py
[2025-01-10T10:29:25.777+0000] {logging_mixin.py:188} INFO - [2025-01-10T10:29:25.777+0000] {dag.py:3096} INFO - Sync 1 DAGs
[2025-01-10T10:29:25.799+0000] {logging_mixin.py:188} INFO - [2025-01-10T10:29:25.799+0000] {dag.py:3954} INFO - Setting next_dagrun for e_commerce_dw_etl to 2025-01-10 00:00:00+00:00, run_after=2025-01-11 00:00:00+00:00
[2025-01-10T10:29:25.825+0000] {processor.py:183} INFO - Processing /opt/airflow/dags/e_commerce_dw_dag.py took 0.137 seconds
[2025-01-10T10:29:56.351+0000] {processor.py:161} INFO - Started process (PID=489) to work on /opt/airflow/dags/e_commerce_dw_dag.py
[2025-01-10T10:29:56.353+0000] {processor.py:830} INFO - Processing file /opt/airflow/dags/e_commerce_dw_dag.py for tasks to queue
[2025-01-10T10:29:56.354+0000] {logging_mixin.py:188} INFO - [2025-01-10T10:29:56.353+0000] {dagbag.py:545} INFO - Filling up the DagBag from /opt/airflow/dags/e_commerce_dw_dag.py
[2025-01-10T10:29:56.403+0000] {processor.py:840} INFO - DAG(s) 'e_commerce_dw_etl' retrieved from /opt/airflow/dags/e_commerce_dw_dag.py
[2025-01-10T10:29:56.434+0000] {logging_mixin.py:188} INFO - [2025-01-10T10:29:56.433+0000] {dag.py:3096} INFO - Sync 1 DAGs
[2025-01-10T10:29:56.458+0000] {logging_mixin.py:188} INFO - [2025-01-10T10:29:56.458+0000] {dag.py:3954} INFO - Setting next_dagrun for e_commerce_dw_etl to 2025-01-10 00:00:00+00:00, run_after=2025-01-11 00:00:00+00:00
[2025-01-10T10:29:56.494+0000] {processor.py:183} INFO - Processing /opt/airflow/dags/e_commerce_dw_dag.py took 0.149 seconds
[2025-01-10T10:30:27.042+0000] {processor.py:161} INFO - Started process (PID=515) to work on /opt/airflow/dags/e_commerce_dw_dag.py
[2025-01-10T10:30:27.043+0000] {processor.py:830} INFO - Processing file /opt/airflow/dags/e_commerce_dw_dag.py for tasks to queue
[2025-01-10T10:30:27.044+0000] {logging_mixin.py:188} INFO - [2025-01-10T10:30:27.044+0000] {dagbag.py:545} INFO - Filling up the DagBag from /opt/airflow/dags/e_commerce_dw_dag.py
[2025-01-10T10:30:27.097+0000] {processor.py:840} INFO - DAG(s) 'e_commerce_dw_etl' retrieved from /opt/airflow/dags/e_commerce_dw_dag.py
[2025-01-10T10:30:27.124+0000] {logging_mixin.py:188} INFO - [2025-01-10T10:30:27.124+0000] {dag.py:3096} INFO - Sync 1 DAGs
[2025-01-10T10:30:27.145+0000] {logging_mixin.py:188} INFO - [2025-01-10T10:30:27.145+0000] {dag.py:3954} INFO - Setting next_dagrun for e_commerce_dw_etl to 2025-01-10 00:00:00+00:00, run_after=2025-01-11 00:00:00+00:00
[2025-01-10T10:30:27.170+0000] {processor.py:183} INFO - Processing /opt/airflow/dags/e_commerce_dw_dag.py took 0.134 seconds
[2025-01-10T10:30:57.682+0000] {processor.py:161} INFO - Started process (PID=541) to work on /opt/airflow/dags/e_commerce_dw_dag.py
[2025-01-10T10:30:57.685+0000] {processor.py:830} INFO - Processing file /opt/airflow/dags/e_commerce_dw_dag.py for tasks to queue
[2025-01-10T10:30:57.687+0000] {logging_mixin.py:188} INFO - [2025-01-10T10:30:57.686+0000] {dagbag.py:545} INFO - Filling up the DagBag from /opt/airflow/dags/e_commerce_dw_dag.py
[2025-01-10T10:30:57.755+0000] {processor.py:840} INFO - DAG(s) 'e_commerce_dw_etl' retrieved from /opt/airflow/dags/e_commerce_dw_dag.py
[2025-01-10T10:30:57.788+0000] {logging_mixin.py:188} INFO - [2025-01-10T10:30:57.788+0000] {dag.py:3096} INFO - Sync 1 DAGs
[2025-01-10T10:30:57.811+0000] {logging_mixin.py:188} INFO - [2025-01-10T10:30:57.811+0000] {dag.py:3954} INFO - Setting next_dagrun for e_commerce_dw_etl to 2025-01-10 00:00:00+00:00, run_after=2025-01-11 00:00:00+00:00
[2025-01-10T10:30:57.833+0000] {processor.py:183} INFO - Processing /opt/airflow/dags/e_commerce_dw_dag.py took 0.160 seconds
[2025-01-10T10:31:28.259+0000] {processor.py:161} INFO - Started process (PID=567) to work on /opt/airflow/dags/e_commerce_dw_dag.py
[2025-01-10T10:31:28.259+0000] {processor.py:830} INFO - Processing file /opt/airflow/dags/e_commerce_dw_dag.py for tasks to queue
[2025-01-10T10:31:28.260+0000] {logging_mixin.py:188} INFO - [2025-01-10T10:31:28.260+0000] {dagbag.py:545} INFO - Filling up the DagBag from /opt/airflow/dags/e_commerce_dw_dag.py
[2025-01-10T10:31:28.309+0000] {processor.py:840} INFO - DAG(s) 'e_commerce_dw_etl' retrieved from /opt/airflow/dags/e_commerce_dw_dag.py
[2025-01-10T10:31:28.337+0000] {logging_mixin.py:188} INFO - [2025-01-10T10:31:28.337+0000] {dag.py:3096} INFO - Sync 1 DAGs
[2025-01-10T10:31:28.359+0000] {logging_mixin.py:188} INFO - [2025-01-10T10:31:28.359+0000] {dag.py:3954} INFO - Setting next_dagrun for e_commerce_dw_etl to 2025-01-10 00:00:00+00:00, run_after=2025-01-11 00:00:00+00:00
[2025-01-10T10:31:28.381+0000] {processor.py:183} INFO - Processing /opt/airflow/dags/e_commerce_dw_dag.py took 0.128 seconds
[2025-01-10T10:31:58.899+0000] {processor.py:161} INFO - Started process (PID=593) to work on /opt/airflow/dags/e_commerce_dw_dag.py
[2025-01-10T10:31:58.900+0000] {processor.py:830} INFO - Processing file /opt/airflow/dags/e_commerce_dw_dag.py for tasks to queue
[2025-01-10T10:31:58.901+0000] {logging_mixin.py:188} INFO - [2025-01-10T10:31:58.901+0000] {dagbag.py:545} INFO - Filling up the DagBag from /opt/airflow/dags/e_commerce_dw_dag.py
[2025-01-10T10:31:58.952+0000] {processor.py:840} INFO - DAG(s) 'e_commerce_dw_etl' retrieved from /opt/airflow/dags/e_commerce_dw_dag.py
[2025-01-10T10:31:58.980+0000] {logging_mixin.py:188} INFO - [2025-01-10T10:31:58.980+0000] {dag.py:3096} INFO - Sync 1 DAGs
[2025-01-10T10:31:58.999+0000] {logging_mixin.py:188} INFO - [2025-01-10T10:31:58.999+0000] {dag.py:3954} INFO - Setting next_dagrun for e_commerce_dw_etl to 2025-01-10 00:00:00+00:00, run_after=2025-01-11 00:00:00+00:00
[2025-01-10T10:31:59.025+0000] {processor.py:183} INFO - Processing /opt/airflow/dags/e_commerce_dw_dag.py took 0.132 seconds
[2025-01-10T10:32:29.511+0000] {processor.py:161} INFO - Started process (PID=619) to work on /opt/airflow/dags/e_commerce_dw_dag.py
[2025-01-10T10:32:29.512+0000] {processor.py:830} INFO - Processing file /opt/airflow/dags/e_commerce_dw_dag.py for tasks to queue
[2025-01-10T10:32:29.513+0000] {logging_mixin.py:188} INFO - [2025-01-10T10:32:29.513+0000] {dagbag.py:545} INFO - Filling up the DagBag from /opt/airflow/dags/e_commerce_dw_dag.py
[2025-01-10T10:32:29.571+0000] {processor.py:840} INFO - DAG(s) 'e_commerce_dw_etl' retrieved from /opt/airflow/dags/e_commerce_dw_dag.py
[2025-01-10T10:32:29.599+0000] {logging_mixin.py:188} INFO - [2025-01-10T10:32:29.599+0000] {dag.py:3096} INFO - Sync 1 DAGs
[2025-01-10T10:32:29.622+0000] {logging_mixin.py:188} INFO - [2025-01-10T10:32:29.622+0000] {dag.py:3954} INFO - Setting next_dagrun for e_commerce_dw_etl to 2025-01-10 00:00:00+00:00, run_after=2025-01-11 00:00:00+00:00
[2025-01-10T10:32:29.643+0000] {processor.py:183} INFO - Processing /opt/airflow/dags/e_commerce_dw_dag.py took 0.139 seconds
[2025-01-10T10:33:00.151+0000] {processor.py:161} INFO - Started process (PID=645) to work on /opt/airflow/dags/e_commerce_dw_dag.py
[2025-01-10T10:33:00.152+0000] {processor.py:830} INFO - Processing file /opt/airflow/dags/e_commerce_dw_dag.py for tasks to queue
[2025-01-10T10:33:00.153+0000] {logging_mixin.py:188} INFO - [2025-01-10T10:33:00.153+0000] {dagbag.py:545} INFO - Filling up the DagBag from /opt/airflow/dags/e_commerce_dw_dag.py
[2025-01-10T10:33:00.208+0000] {processor.py:840} INFO - DAG(s) 'e_commerce_dw_etl' retrieved from /opt/airflow/dags/e_commerce_dw_dag.py
[2025-01-10T10:33:00.242+0000] {logging_mixin.py:188} INFO - [2025-01-10T10:33:00.241+0000] {dag.py:3096} INFO - Sync 1 DAGs
[2025-01-10T10:33:00.263+0000] {logging_mixin.py:188} INFO - [2025-01-10T10:33:00.262+0000] {dag.py:3954} INFO - Setting next_dagrun for e_commerce_dw_etl to 2025-01-10 00:00:00+00:00, run_after=2025-01-11 00:00:00+00:00
[2025-01-10T10:33:00.284+0000] {processor.py:183} INFO - Processing /opt/airflow/dags/e_commerce_dw_dag.py took 0.140 seconds
[2025-01-10T10:33:30.857+0000] {processor.py:161} INFO - Started process (PID=671) to work on /opt/airflow/dags/e_commerce_dw_dag.py
[2025-01-10T10:33:30.858+0000] {processor.py:830} INFO - Processing file /opt/airflow/dags/e_commerce_dw_dag.py for tasks to queue
[2025-01-10T10:33:30.859+0000] {logging_mixin.py:188} INFO - [2025-01-10T10:33:30.859+0000] {dagbag.py:545} INFO - Filling up the DagBag from /opt/airflow/dags/e_commerce_dw_dag.py
[2025-01-10T10:33:30.926+0000] {processor.py:840} INFO - DAG(s) 'e_commerce_dw_etl' retrieved from /opt/airflow/dags/e_commerce_dw_dag.py
[2025-01-10T10:33:30.955+0000] {logging_mixin.py:188} INFO - [2025-01-10T10:33:30.954+0000] {dag.py:3096} INFO - Sync 1 DAGs
[2025-01-10T10:33:30.978+0000] {logging_mixin.py:188} INFO - [2025-01-10T10:33:30.978+0000] {dag.py:3954} INFO - Setting next_dagrun for e_commerce_dw_etl to 2025-01-10 00:00:00+00:00, run_after=2025-01-11 00:00:00+00:00
[2025-01-10T10:33:31.001+0000] {processor.py:183} INFO - Processing /opt/airflow/dags/e_commerce_dw_dag.py took 0.151 seconds
[2025-01-10T10:34:01.505+0000] {processor.py:161} INFO - Started process (PID=697) to work on /opt/airflow/dags/e_commerce_dw_dag.py
[2025-01-10T10:34:01.506+0000] {processor.py:830} INFO - Processing file /opt/airflow/dags/e_commerce_dw_dag.py for tasks to queue
[2025-01-10T10:34:01.507+0000] {logging_mixin.py:188} INFO - [2025-01-10T10:34:01.507+0000] {dagbag.py:545} INFO - Filling up the DagBag from /opt/airflow/dags/e_commerce_dw_dag.py
[2025-01-10T10:34:01.570+0000] {processor.py:840} INFO - DAG(s) 'e_commerce_dw_etl' retrieved from /opt/airflow/dags/e_commerce_dw_dag.py
[2025-01-10T10:34:01.601+0000] {logging_mixin.py:188} INFO - [2025-01-10T10:34:01.601+0000] {dag.py:3096} INFO - Sync 1 DAGs
[2025-01-10T10:34:01.621+0000] {logging_mixin.py:188} INFO - [2025-01-10T10:34:01.621+0000] {dag.py:3954} INFO - Setting next_dagrun for e_commerce_dw_etl to 2025-01-10 00:00:00+00:00, run_after=2025-01-11 00:00:00+00:00
[2025-01-10T10:34:01.644+0000] {processor.py:183} INFO - Processing /opt/airflow/dags/e_commerce_dw_dag.py took 0.144 seconds
[2025-01-10T10:34:32.198+0000] {processor.py:161} INFO - Started process (PID=723) to work on /opt/airflow/dags/e_commerce_dw_dag.py
[2025-01-10T10:34:32.200+0000] {processor.py:830} INFO - Processing file /opt/airflow/dags/e_commerce_dw_dag.py for tasks to queue
[2025-01-10T10:34:32.201+0000] {logging_mixin.py:188} INFO - [2025-01-10T10:34:32.200+0000] {dagbag.py:545} INFO - Filling up the DagBag from /opt/airflow/dags/e_commerce_dw_dag.py
[2025-01-10T10:34:32.276+0000] {processor.py:840} INFO - DAG(s) 'e_commerce_dw_etl' retrieved from /opt/airflow/dags/e_commerce_dw_dag.py
[2025-01-10T10:34:32.314+0000] {logging_mixin.py:188} INFO - [2025-01-10T10:34:32.313+0000] {dag.py:3096} INFO - Sync 1 DAGs
[2025-01-10T10:34:32.338+0000] {logging_mixin.py:188} INFO - [2025-01-10T10:34:32.338+0000] {dag.py:3954} INFO - Setting next_dagrun for e_commerce_dw_etl to 2025-01-10 00:00:00+00:00, run_after=2025-01-11 00:00:00+00:00
[2025-01-10T10:34:32.361+0000] {processor.py:183} INFO - Processing /opt/airflow/dags/e_commerce_dw_dag.py took 0.172 seconds
[2025-01-10T10:35:02.964+0000] {processor.py:161} INFO - Started process (PID=749) to work on /opt/airflow/dags/e_commerce_dw_dag.py
[2025-01-10T10:35:02.966+0000] {processor.py:830} INFO - Processing file /opt/airflow/dags/e_commerce_dw_dag.py for tasks to queue
[2025-01-10T10:35:02.967+0000] {logging_mixin.py:188} INFO - [2025-01-10T10:35:02.967+0000] {dagbag.py:545} INFO - Filling up the DagBag from /opt/airflow/dags/e_commerce_dw_dag.py
[2025-01-10T10:35:03.040+0000] {processor.py:840} INFO - DAG(s) 'e_commerce_dw_etl' retrieved from /opt/airflow/dags/e_commerce_dw_dag.py
[2025-01-10T10:35:03.073+0000] {logging_mixin.py:188} INFO - [2025-01-10T10:35:03.073+0000] {dag.py:3096} INFO - Sync 1 DAGs
[2025-01-10T10:35:03.097+0000] {logging_mixin.py:188} INFO - [2025-01-10T10:35:03.097+0000] {dag.py:3954} INFO - Setting next_dagrun for e_commerce_dw_etl to 2025-01-10 00:00:00+00:00, run_after=2025-01-11 00:00:00+00:00
[2025-01-10T10:35:03.122+0000] {processor.py:183} INFO - Processing /opt/airflow/dags/e_commerce_dw_dag.py took 0.165 seconds
[2025-01-10T10:35:33.550+0000] {processor.py:161} INFO - Started process (PID=775) to work on /opt/airflow/dags/e_commerce_dw_dag.py
[2025-01-10T10:35:33.551+0000] {processor.py:830} INFO - Processing file /opt/airflow/dags/e_commerce_dw_dag.py for tasks to queue
[2025-01-10T10:35:33.553+0000] {logging_mixin.py:188} INFO - [2025-01-10T10:35:33.552+0000] {dagbag.py:545} INFO - Filling up the DagBag from /opt/airflow/dags/e_commerce_dw_dag.py
[2025-01-10T10:35:33.600+0000] {processor.py:840} INFO - DAG(s) 'e_commerce_dw_etl' retrieved from /opt/airflow/dags/e_commerce_dw_dag.py
[2025-01-10T10:35:33.630+0000] {logging_mixin.py:188} INFO - [2025-01-10T10:35:33.630+0000] {dag.py:3096} INFO - Sync 1 DAGs
[2025-01-10T10:35:33.655+0000] {logging_mixin.py:188} INFO - [2025-01-10T10:35:33.654+0000] {dag.py:3954} INFO - Setting next_dagrun for e_commerce_dw_etl to 2025-01-10 00:00:00+00:00, run_after=2025-01-11 00:00:00+00:00
[2025-01-10T10:35:33.676+0000] {processor.py:183} INFO - Processing /opt/airflow/dags/e_commerce_dw_dag.py took 0.132 seconds
[2025-01-10T10:36:04.177+0000] {processor.py:161} INFO - Started process (PID=801) to work on /opt/airflow/dags/e_commerce_dw_dag.py
[2025-01-10T10:36:04.178+0000] {processor.py:830} INFO - Processing file /opt/airflow/dags/e_commerce_dw_dag.py for tasks to queue
[2025-01-10T10:36:04.179+0000] {logging_mixin.py:188} INFO - [2025-01-10T10:36:04.179+0000] {dagbag.py:545} INFO - Filling up the DagBag from /opt/airflow/dags/e_commerce_dw_dag.py
[2025-01-10T10:36:04.237+0000] {processor.py:840} INFO - DAG(s) 'e_commerce_dw_etl' retrieved from /opt/airflow/dags/e_commerce_dw_dag.py
[2025-01-10T10:36:04.269+0000] {logging_mixin.py:188} INFO - [2025-01-10T10:36:04.269+0000] {dag.py:3096} INFO - Sync 1 DAGs
[2025-01-10T10:36:04.291+0000] {logging_mixin.py:188} INFO - [2025-01-10T10:36:04.291+0000] {dag.py:3954} INFO - Setting next_dagrun for e_commerce_dw_etl to 2025-01-10 00:00:00+00:00, run_after=2025-01-11 00:00:00+00:00
[2025-01-10T10:36:04.313+0000] {processor.py:183} INFO - Processing /opt/airflow/dags/e_commerce_dw_dag.py took 0.143 seconds
[2025-01-10T10:36:34.815+0000] {processor.py:161} INFO - Started process (PID=827) to work on /opt/airflow/dags/e_commerce_dw_dag.py
[2025-01-10T10:36:34.817+0000] {processor.py:830} INFO - Processing file /opt/airflow/dags/e_commerce_dw_dag.py for tasks to queue
[2025-01-10T10:36:34.817+0000] {logging_mixin.py:188} INFO - [2025-01-10T10:36:34.817+0000] {dagbag.py:545} INFO - Filling up the DagBag from /opt/airflow/dags/e_commerce_dw_dag.py
[2025-01-10T10:36:34.868+0000] {processor.py:840} INFO - DAG(s) 'e_commerce_dw_etl' retrieved from /opt/airflow/dags/e_commerce_dw_dag.py
[2025-01-10T10:36:34.899+0000] {logging_mixin.py:188} INFO - [2025-01-10T10:36:34.898+0000] {dag.py:3096} INFO - Sync 1 DAGs
[2025-01-10T10:36:34.924+0000] {logging_mixin.py:188} INFO - [2025-01-10T10:36:34.924+0000] {dag.py:3954} INFO - Setting next_dagrun for e_commerce_dw_etl to 2025-01-10 00:00:00+00:00, run_after=2025-01-11 00:00:00+00:00
[2025-01-10T10:36:34.947+0000] {processor.py:183} INFO - Processing /opt/airflow/dags/e_commerce_dw_dag.py took 0.138 seconds
[2025-01-10T10:37:05.381+0000] {processor.py:161} INFO - Started process (PID=853) to work on /opt/airflow/dags/e_commerce_dw_dag.py
[2025-01-10T10:37:05.382+0000] {processor.py:830} INFO - Processing file /opt/airflow/dags/e_commerce_dw_dag.py for tasks to queue
[2025-01-10T10:37:05.383+0000] {logging_mixin.py:188} INFO - [2025-01-10T10:37:05.383+0000] {dagbag.py:545} INFO - Filling up the DagBag from /opt/airflow/dags/e_commerce_dw_dag.py
[2025-01-10T10:37:05.428+0000] {processor.py:840} INFO - DAG(s) 'e_commerce_dw_etl' retrieved from /opt/airflow/dags/e_commerce_dw_dag.py
[2025-01-10T10:37:05.459+0000] {logging_mixin.py:188} INFO - [2025-01-10T10:37:05.459+0000] {dag.py:3096} INFO - Sync 1 DAGs
[2025-01-10T10:37:05.487+0000] {logging_mixin.py:188} INFO - [2025-01-10T10:37:05.487+0000] {dag.py:3954} INFO - Setting next_dagrun for e_commerce_dw_etl to 2025-01-10 00:00:00+00:00, run_after=2025-01-11 00:00:00+00:00
[2025-01-10T10:37:05.510+0000] {processor.py:183} INFO - Processing /opt/airflow/dags/e_commerce_dw_dag.py took 0.135 seconds
[2025-01-10T10:37:36.007+0000] {processor.py:161} INFO - Started process (PID=879) to work on /opt/airflow/dags/e_commerce_dw_dag.py
[2025-01-10T10:37:36.008+0000] {processor.py:830} INFO - Processing file /opt/airflow/dags/e_commerce_dw_dag.py for tasks to queue
[2025-01-10T10:37:36.009+0000] {logging_mixin.py:188} INFO - [2025-01-10T10:37:36.009+0000] {dagbag.py:545} INFO - Filling up the DagBag from /opt/airflow/dags/e_commerce_dw_dag.py
[2025-01-10T10:37:36.059+0000] {processor.py:840} INFO - DAG(s) 'e_commerce_dw_etl' retrieved from /opt/airflow/dags/e_commerce_dw_dag.py
[2025-01-10T10:37:36.088+0000] {logging_mixin.py:188} INFO - [2025-01-10T10:37:36.088+0000] {dag.py:3096} INFO - Sync 1 DAGs
[2025-01-10T10:37:36.111+0000] {logging_mixin.py:188} INFO - [2025-01-10T10:37:36.111+0000] {dag.py:3954} INFO - Setting next_dagrun for e_commerce_dw_etl to 2025-01-10 00:00:00+00:00, run_after=2025-01-11 00:00:00+00:00
[2025-01-10T10:37:36.137+0000] {processor.py:183} INFO - Processing /opt/airflow/dags/e_commerce_dw_dag.py took 0.136 seconds
[2025-01-10T10:38:06.626+0000] {processor.py:161} INFO - Started process (PID=905) to work on /opt/airflow/dags/e_commerce_dw_dag.py
[2025-01-10T10:38:06.630+0000] {processor.py:830} INFO - Processing file /opt/airflow/dags/e_commerce_dw_dag.py for tasks to queue
[2025-01-10T10:38:06.632+0000] {logging_mixin.py:188} INFO - [2025-01-10T10:38:06.632+0000] {dagbag.py:545} INFO - Filling up the DagBag from /opt/airflow/dags/e_commerce_dw_dag.py
[2025-01-10T10:38:06.701+0000] {processor.py:840} INFO - DAG(s) 'e_commerce_dw_etl' retrieved from /opt/airflow/dags/e_commerce_dw_dag.py
[2025-01-10T10:38:06.734+0000] {logging_mixin.py:188} INFO - [2025-01-10T10:38:06.733+0000] {dag.py:3096} INFO - Sync 1 DAGs
[2025-01-10T10:38:06.757+0000] {logging_mixin.py:188} INFO - [2025-01-10T10:38:06.757+0000] {dag.py:3954} INFO - Setting next_dagrun for e_commerce_dw_etl to 2025-01-10 00:00:00+00:00, run_after=2025-01-11 00:00:00+00:00
[2025-01-10T10:38:06.785+0000] {processor.py:183} INFO - Processing /opt/airflow/dags/e_commerce_dw_dag.py took 0.169 seconds
[2025-01-10T10:38:37.237+0000] {processor.py:161} INFO - Started process (PID=931) to work on /opt/airflow/dags/e_commerce_dw_dag.py
[2025-01-10T10:38:37.238+0000] {processor.py:830} INFO - Processing file /opt/airflow/dags/e_commerce_dw_dag.py for tasks to queue
[2025-01-10T10:38:37.240+0000] {logging_mixin.py:188} INFO - [2025-01-10T10:38:37.240+0000] {dagbag.py:545} INFO - Filling up the DagBag from /opt/airflow/dags/e_commerce_dw_dag.py
[2025-01-10T10:38:37.289+0000] {processor.py:840} INFO - DAG(s) 'e_commerce_dw_etl' retrieved from /opt/airflow/dags/e_commerce_dw_dag.py
[2025-01-10T10:38:37.321+0000] {logging_mixin.py:188} INFO - [2025-01-10T10:38:37.321+0000] {dag.py:3096} INFO - Sync 1 DAGs
[2025-01-10T10:38:37.343+0000] {logging_mixin.py:188} INFO - [2025-01-10T10:38:37.343+0000] {dag.py:3954} INFO - Setting next_dagrun for e_commerce_dw_etl to 2025-01-10 00:00:00+00:00, run_after=2025-01-11 00:00:00+00:00
[2025-01-10T10:38:37.369+0000] {processor.py:183} INFO - Processing /opt/airflow/dags/e_commerce_dw_dag.py took 0.138 seconds
[2025-01-10T10:39:07.902+0000] {processor.py:161} INFO - Started process (PID=957) to work on /opt/airflow/dags/e_commerce_dw_dag.py
[2025-01-10T10:39:07.903+0000] {processor.py:830} INFO - Processing file /opt/airflow/dags/e_commerce_dw_dag.py for tasks to queue
[2025-01-10T10:39:07.905+0000] {logging_mixin.py:188} INFO - [2025-01-10T10:39:07.904+0000] {dagbag.py:545} INFO - Filling up the DagBag from /opt/airflow/dags/e_commerce_dw_dag.py
[2025-01-10T10:39:07.959+0000] {processor.py:840} INFO - DAG(s) 'e_commerce_dw_etl' retrieved from /opt/airflow/dags/e_commerce_dw_dag.py
[2025-01-10T10:39:07.987+0000] {logging_mixin.py:188} INFO - [2025-01-10T10:39:07.987+0000] {dag.py:3096} INFO - Sync 1 DAGs
[2025-01-10T10:39:08.007+0000] {logging_mixin.py:188} INFO - [2025-01-10T10:39:08.007+0000] {dag.py:3954} INFO - Setting next_dagrun for e_commerce_dw_etl to 2025-01-10 00:00:00+00:00, run_after=2025-01-11 00:00:00+00:00
[2025-01-10T10:39:08.031+0000] {processor.py:183} INFO - Processing /opt/airflow/dags/e_commerce_dw_dag.py took 0.136 seconds
[2025-01-10T10:39:38.535+0000] {processor.py:161} INFO - Started process (PID=983) to work on /opt/airflow/dags/e_commerce_dw_dag.py
[2025-01-10T10:39:38.536+0000] {processor.py:830} INFO - Processing file /opt/airflow/dags/e_commerce_dw_dag.py for tasks to queue
[2025-01-10T10:39:38.538+0000] {logging_mixin.py:188} INFO - [2025-01-10T10:39:38.537+0000] {dagbag.py:545} INFO - Filling up the DagBag from /opt/airflow/dags/e_commerce_dw_dag.py
[2025-01-10T10:39:38.583+0000] {processor.py:840} INFO - DAG(s) 'e_commerce_dw_etl' retrieved from /opt/airflow/dags/e_commerce_dw_dag.py
[2025-01-10T10:39:38.613+0000] {logging_mixin.py:188} INFO - [2025-01-10T10:39:38.613+0000] {dag.py:3096} INFO - Sync 1 DAGs
[2025-01-10T10:39:38.633+0000] {logging_mixin.py:188} INFO - [2025-01-10T10:39:38.633+0000] {dag.py:3954} INFO - Setting next_dagrun for e_commerce_dw_etl to 2025-01-10 00:00:00+00:00, run_after=2025-01-11 00:00:00+00:00
[2025-01-10T10:39:38.658+0000] {processor.py:183} INFO - Processing /opt/airflow/dags/e_commerce_dw_dag.py took 0.129 seconds
[2025-01-10T10:40:09.358+0000] {processor.py:161} INFO - Started process (PID=1009) to work on /opt/airflow/dags/e_commerce_dw_dag.py
[2025-01-10T10:40:09.359+0000] {processor.py:830} INFO - Processing file /opt/airflow/dags/e_commerce_dw_dag.py for tasks to queue
[2025-01-10T10:40:09.360+0000] {logging_mixin.py:188} INFO - [2025-01-10T10:40:09.360+0000] {dagbag.py:545} INFO - Filling up the DagBag from /opt/airflow/dags/e_commerce_dw_dag.py
[2025-01-10T10:40:09.413+0000] {processor.py:840} INFO - DAG(s) 'e_commerce_dw_etl' retrieved from /opt/airflow/dags/e_commerce_dw_dag.py
[2025-01-10T10:40:09.448+0000] {logging_mixin.py:188} INFO - [2025-01-10T10:40:09.448+0000] {dag.py:3096} INFO - Sync 1 DAGs
[2025-01-10T10:40:09.472+0000] {logging_mixin.py:188} INFO - [2025-01-10T10:40:09.472+0000] {dag.py:3954} INFO - Setting next_dagrun for e_commerce_dw_etl to 2025-01-10 00:00:00+00:00, run_after=2025-01-11 00:00:00+00:00
[2025-01-10T10:40:09.503+0000] {processor.py:183} INFO - Processing /opt/airflow/dags/e_commerce_dw_dag.py took 0.151 seconds
[2025-01-10T10:40:40.333+0000] {processor.py:161} INFO - Started process (PID=1035) to work on /opt/airflow/dags/e_commerce_dw_dag.py
[2025-01-10T10:40:40.335+0000] {processor.py:830} INFO - Processing file /opt/airflow/dags/e_commerce_dw_dag.py for tasks to queue
[2025-01-10T10:40:40.337+0000] {logging_mixin.py:188} INFO - [2025-01-10T10:40:40.337+0000] {dagbag.py:545} INFO - Filling up the DagBag from /opt/airflow/dags/e_commerce_dw_dag.py
[2025-01-10T10:40:40.644+0000] {processor.py:840} INFO - DAG(s) 'e_commerce_dw_etl' retrieved from /opt/airflow/dags/e_commerce_dw_dag.py
[2025-01-10T10:40:40.773+0000] {logging_mixin.py:188} INFO - [2025-01-10T10:40:40.773+0000] {dag.py:3096} INFO - Sync 1 DAGs
[2025-01-10T10:40:40.857+0000] {logging_mixin.py:188} INFO - [2025-01-10T10:40:40.856+0000] {dag.py:3954} INFO - Setting next_dagrun for e_commerce_dw_etl to 2025-01-10 00:00:00+00:00, run_after=2025-01-11 00:00:00+00:00
[2025-01-10T10:40:40.922+0000] {processor.py:183} INFO - Processing /opt/airflow/dags/e_commerce_dw_dag.py took 0.611 seconds
[2025-01-10T10:41:11.662+0000] {processor.py:161} INFO - Started process (PID=1061) to work on /opt/airflow/dags/e_commerce_dw_dag.py
[2025-01-10T10:41:11.663+0000] {processor.py:830} INFO - Processing file /opt/airflow/dags/e_commerce_dw_dag.py for tasks to queue
[2025-01-10T10:41:11.665+0000] {logging_mixin.py:188} INFO - [2025-01-10T10:41:11.664+0000] {dagbag.py:545} INFO - Filling up the DagBag from /opt/airflow/dags/e_commerce_dw_dag.py
[2025-01-10T10:41:11.735+0000] {processor.py:840} INFO - DAG(s) 'e_commerce_dw_etl' retrieved from /opt/airflow/dags/e_commerce_dw_dag.py
[2025-01-10T10:41:11.774+0000] {logging_mixin.py:188} INFO - [2025-01-10T10:41:11.773+0000] {dag.py:3096} INFO - Sync 1 DAGs
[2025-01-10T10:41:11.798+0000] {logging_mixin.py:188} INFO - [2025-01-10T10:41:11.797+0000] {dag.py:3954} INFO - Setting next_dagrun for e_commerce_dw_etl to 2025-01-10 00:00:00+00:00, run_after=2025-01-11 00:00:00+00:00
[2025-01-10T10:41:11.817+0000] {processor.py:183} INFO - Processing /opt/airflow/dags/e_commerce_dw_dag.py took 0.161 seconds
[2025-01-10T10:41:42.283+0000] {processor.py:161} INFO - Started process (PID=1087) to work on /opt/airflow/dags/e_commerce_dw_dag.py
[2025-01-10T10:41:42.285+0000] {processor.py:830} INFO - Processing file /opt/airflow/dags/e_commerce_dw_dag.py for tasks to queue
[2025-01-10T10:41:42.286+0000] {logging_mixin.py:188} INFO - [2025-01-10T10:41:42.286+0000] {dagbag.py:545} INFO - Filling up the DagBag from /opt/airflow/dags/e_commerce_dw_dag.py
[2025-01-10T10:41:42.360+0000] {processor.py:840} INFO - DAG(s) 'e_commerce_dw_etl' retrieved from /opt/airflow/dags/e_commerce_dw_dag.py
[2025-01-10T10:41:42.391+0000] {logging_mixin.py:188} INFO - [2025-01-10T10:41:42.391+0000] {dag.py:3096} INFO - Sync 1 DAGs
[2025-01-10T10:41:42.421+0000] {logging_mixin.py:188} INFO - [2025-01-10T10:41:42.421+0000] {dag.py:3954} INFO - Setting next_dagrun for e_commerce_dw_etl to 2025-01-10 00:00:00+00:00, run_after=2025-01-11 00:00:00+00:00
[2025-01-10T10:41:42.454+0000] {processor.py:183} INFO - Processing /opt/airflow/dags/e_commerce_dw_dag.py took 0.177 seconds
[2025-01-10T10:42:12.977+0000] {processor.py:161} INFO - Started process (PID=1113) to work on /opt/airflow/dags/e_commerce_dw_dag.py
[2025-01-10T10:42:12.978+0000] {processor.py:830} INFO - Processing file /opt/airflow/dags/e_commerce_dw_dag.py for tasks to queue
[2025-01-10T10:42:12.979+0000] {logging_mixin.py:188} INFO - [2025-01-10T10:42:12.979+0000] {dagbag.py:545} INFO - Filling up the DagBag from /opt/airflow/dags/e_commerce_dw_dag.py
[2025-01-10T10:42:13.053+0000] {processor.py:840} INFO - DAG(s) 'e_commerce_dw_etl' retrieved from /opt/airflow/dags/e_commerce_dw_dag.py
[2025-01-10T10:42:13.085+0000] {logging_mixin.py:188} INFO - [2025-01-10T10:42:13.085+0000] {dag.py:3096} INFO - Sync 1 DAGs
[2025-01-10T10:42:13.106+0000] {logging_mixin.py:188} INFO - [2025-01-10T10:42:13.106+0000] {dag.py:3954} INFO - Setting next_dagrun for e_commerce_dw_etl to 2025-01-10 00:00:00+00:00, run_after=2025-01-11 00:00:00+00:00
[2025-01-10T10:42:13.126+0000] {processor.py:183} INFO - Processing /opt/airflow/dags/e_commerce_dw_dag.py took 0.155 seconds
[2025-01-10T10:42:43.625+0000] {processor.py:161} INFO - Started process (PID=1139) to work on /opt/airflow/dags/e_commerce_dw_dag.py
[2025-01-10T10:42:43.626+0000] {processor.py:830} INFO - Processing file /opt/airflow/dags/e_commerce_dw_dag.py for tasks to queue
[2025-01-10T10:42:43.626+0000] {logging_mixin.py:188} INFO - [2025-01-10T10:42:43.626+0000] {dagbag.py:545} INFO - Filling up the DagBag from /opt/airflow/dags/e_commerce_dw_dag.py
[2025-01-10T10:42:43.675+0000] {processor.py:840} INFO - DAG(s) 'e_commerce_dw_etl' retrieved from /opt/airflow/dags/e_commerce_dw_dag.py
[2025-01-10T10:42:43.703+0000] {logging_mixin.py:188} INFO - [2025-01-10T10:42:43.703+0000] {dag.py:3096} INFO - Sync 1 DAGs
[2025-01-10T10:42:43.724+0000] {logging_mixin.py:188} INFO - [2025-01-10T10:42:43.723+0000] {dag.py:3954} INFO - Setting next_dagrun for e_commerce_dw_etl to 2025-01-10 00:00:00+00:00, run_after=2025-01-11 00:00:00+00:00
[2025-01-10T10:42:43.746+0000] {processor.py:183} INFO - Processing /opt/airflow/dags/e_commerce_dw_dag.py took 0.127 seconds
[2025-01-10T10:43:14.665+0000] {processor.py:161} INFO - Started process (PID=1165) to work on /opt/airflow/dags/e_commerce_dw_dag.py
[2025-01-10T10:43:14.666+0000] {processor.py:830} INFO - Processing file /opt/airflow/dags/e_commerce_dw_dag.py for tasks to queue
[2025-01-10T10:43:14.667+0000] {logging_mixin.py:188} INFO - [2025-01-10T10:43:14.667+0000] {dagbag.py:545} INFO - Filling up the DagBag from /opt/airflow/dags/e_commerce_dw_dag.py
[2025-01-10T10:43:14.758+0000] {processor.py:840} INFO - DAG(s) 'e_commerce_dw_etl' retrieved from /opt/airflow/dags/e_commerce_dw_dag.py
[2025-01-10T10:43:14.793+0000] {logging_mixin.py:188} INFO - [2025-01-10T10:43:14.793+0000] {dag.py:3096} INFO - Sync 1 DAGs
[2025-01-10T10:43:14.824+0000] {logging_mixin.py:188} INFO - [2025-01-10T10:43:14.824+0000] {dag.py:3954} INFO - Setting next_dagrun for e_commerce_dw_etl to 2025-01-10 00:00:00+00:00, run_after=2025-01-11 00:00:00+00:00
[2025-01-10T10:43:14.849+0000] {processor.py:183} INFO - Processing /opt/airflow/dags/e_commerce_dw_dag.py took 0.191 seconds
[2025-01-10T10:43:45.382+0000] {processor.py:161} INFO - Started process (PID=1191) to work on /opt/airflow/dags/e_commerce_dw_dag.py
[2025-01-10T10:43:45.383+0000] {processor.py:830} INFO - Processing file /opt/airflow/dags/e_commerce_dw_dag.py for tasks to queue
[2025-01-10T10:43:45.384+0000] {logging_mixin.py:188} INFO - [2025-01-10T10:43:45.383+0000] {dagbag.py:545} INFO - Filling up the DagBag from /opt/airflow/dags/e_commerce_dw_dag.py
[2025-01-10T10:43:45.431+0000] {processor.py:840} INFO - DAG(s) 'e_commerce_dw_etl' retrieved from /opt/airflow/dags/e_commerce_dw_dag.py
[2025-01-10T10:43:45.462+0000] {logging_mixin.py:188} INFO - [2025-01-10T10:43:45.461+0000] {dag.py:3096} INFO - Sync 1 DAGs
[2025-01-10T10:43:45.485+0000] {logging_mixin.py:188} INFO - [2025-01-10T10:43:45.484+0000] {dag.py:3954} INFO - Setting next_dagrun for e_commerce_dw_etl to 2025-01-10 00:00:00+00:00, run_after=2025-01-11 00:00:00+00:00
[2025-01-10T10:43:45.509+0000] {processor.py:183} INFO - Processing /opt/airflow/dags/e_commerce_dw_dag.py took 0.134 seconds
[2025-01-10T10:44:16.002+0000] {processor.py:161} INFO - Started process (PID=1217) to work on /opt/airflow/dags/e_commerce_dw_dag.py
[2025-01-10T10:44:16.004+0000] {processor.py:830} INFO - Processing file /opt/airflow/dags/e_commerce_dw_dag.py for tasks to queue
[2025-01-10T10:44:16.005+0000] {logging_mixin.py:188} INFO - [2025-01-10T10:44:16.005+0000] {dagbag.py:545} INFO - Filling up the DagBag from /opt/airflow/dags/e_commerce_dw_dag.py
[2025-01-10T10:44:16.061+0000] {processor.py:840} INFO - DAG(s) 'e_commerce_dw_etl' retrieved from /opt/airflow/dags/e_commerce_dw_dag.py
[2025-01-10T10:44:16.090+0000] {logging_mixin.py:188} INFO - [2025-01-10T10:44:16.090+0000] {dag.py:3096} INFO - Sync 1 DAGs
[2025-01-10T10:44:16.115+0000] {logging_mixin.py:188} INFO - [2025-01-10T10:44:16.115+0000] {dag.py:3954} INFO - Setting next_dagrun for e_commerce_dw_etl to 2025-01-10 00:00:00+00:00, run_after=2025-01-11 00:00:00+00:00
[2025-01-10T10:44:16.136+0000] {processor.py:183} INFO - Processing /opt/airflow/dags/e_commerce_dw_dag.py took 0.140 seconds
[2025-01-10T10:44:46.630+0000] {processor.py:161} INFO - Started process (PID=1243) to work on /opt/airflow/dags/e_commerce_dw_dag.py
[2025-01-10T10:44:46.631+0000] {processor.py:830} INFO - Processing file /opt/airflow/dags/e_commerce_dw_dag.py for tasks to queue
[2025-01-10T10:44:46.632+0000] {logging_mixin.py:188} INFO - [2025-01-10T10:44:46.632+0000] {dagbag.py:545} INFO - Filling up the DagBag from /opt/airflow/dags/e_commerce_dw_dag.py
[2025-01-10T10:44:46.680+0000] {processor.py:840} INFO - DAG(s) 'e_commerce_dw_etl' retrieved from /opt/airflow/dags/e_commerce_dw_dag.py
[2025-01-10T10:44:46.709+0000] {logging_mixin.py:188} INFO - [2025-01-10T10:44:46.708+0000] {dag.py:3096} INFO - Sync 1 DAGs
[2025-01-10T10:44:46.729+0000] {logging_mixin.py:188} INFO - [2025-01-10T10:44:46.728+0000] {dag.py:3954} INFO - Setting next_dagrun for e_commerce_dw_etl to 2025-01-10 00:00:00+00:00, run_after=2025-01-11 00:00:00+00:00
[2025-01-10T10:44:46.749+0000] {processor.py:183} INFO - Processing /opt/airflow/dags/e_commerce_dw_dag.py took 0.125 seconds
[2025-01-10T10:45:17.282+0000] {processor.py:161} INFO - Started process (PID=1269) to work on /opt/airflow/dags/e_commerce_dw_dag.py
[2025-01-10T10:45:17.283+0000] {processor.py:830} INFO - Processing file /opt/airflow/dags/e_commerce_dw_dag.py for tasks to queue
[2025-01-10T10:45:17.284+0000] {logging_mixin.py:188} INFO - [2025-01-10T10:45:17.284+0000] {dagbag.py:545} INFO - Filling up the DagBag from /opt/airflow/dags/e_commerce_dw_dag.py
[2025-01-10T10:45:17.341+0000] {processor.py:840} INFO - DAG(s) 'e_commerce_dw_etl' retrieved from /opt/airflow/dags/e_commerce_dw_dag.py
[2025-01-10T10:45:17.371+0000] {logging_mixin.py:188} INFO - [2025-01-10T10:45:17.371+0000] {dag.py:3096} INFO - Sync 1 DAGs
[2025-01-10T10:45:17.394+0000] {logging_mixin.py:188} INFO - [2025-01-10T10:45:17.394+0000] {dag.py:3954} INFO - Setting next_dagrun for e_commerce_dw_etl to 2025-01-10 00:00:00+00:00, run_after=2025-01-11 00:00:00+00:00
[2025-01-10T10:45:17.417+0000] {processor.py:183} INFO - Processing /opt/airflow/dags/e_commerce_dw_dag.py took 0.141 seconds
[2025-01-10T10:45:47.910+0000] {processor.py:161} INFO - Started process (PID=1295) to work on /opt/airflow/dags/e_commerce_dw_dag.py
[2025-01-10T10:45:47.911+0000] {processor.py:830} INFO - Processing file /opt/airflow/dags/e_commerce_dw_dag.py for tasks to queue
[2025-01-10T10:45:47.913+0000] {logging_mixin.py:188} INFO - [2025-01-10T10:45:47.913+0000] {dagbag.py:545} INFO - Filling up the DagBag from /opt/airflow/dags/e_commerce_dw_dag.py
[2025-01-10T10:45:47.975+0000] {processor.py:840} INFO - DAG(s) 'e_commerce_dw_etl' retrieved from /opt/airflow/dags/e_commerce_dw_dag.py
[2025-01-10T10:45:48.010+0000] {logging_mixin.py:188} INFO - [2025-01-10T10:45:48.009+0000] {dag.py:3096} INFO - Sync 1 DAGs
[2025-01-10T10:45:48.037+0000] {logging_mixin.py:188} INFO - [2025-01-10T10:45:48.037+0000] {dag.py:3954} INFO - Setting next_dagrun for e_commerce_dw_etl to 2025-01-10 00:00:00+00:00, run_after=2025-01-11 00:00:00+00:00
[2025-01-10T10:45:48.061+0000] {processor.py:183} INFO - Processing /opt/airflow/dags/e_commerce_dw_dag.py took 0.159 seconds
[2025-01-10T10:46:18.551+0000] {processor.py:161} INFO - Started process (PID=1321) to work on /opt/airflow/dags/e_commerce_dw_dag.py
[2025-01-10T10:46:18.552+0000] {processor.py:830} INFO - Processing file /opt/airflow/dags/e_commerce_dw_dag.py for tasks to queue
[2025-01-10T10:46:18.553+0000] {logging_mixin.py:188} INFO - [2025-01-10T10:46:18.553+0000] {dagbag.py:545} INFO - Filling up the DagBag from /opt/airflow/dags/e_commerce_dw_dag.py
[2025-01-10T10:46:18.600+0000] {processor.py:840} INFO - DAG(s) 'e_commerce_dw_etl' retrieved from /opt/airflow/dags/e_commerce_dw_dag.py
[2025-01-10T10:46:18.628+0000] {logging_mixin.py:188} INFO - [2025-01-10T10:46:18.628+0000] {dag.py:3096} INFO - Sync 1 DAGs
[2025-01-10T10:46:18.651+0000] {logging_mixin.py:188} INFO - [2025-01-10T10:46:18.650+0000] {dag.py:3954} INFO - Setting next_dagrun for e_commerce_dw_etl to 2025-01-10 00:00:00+00:00, run_after=2025-01-11 00:00:00+00:00
[2025-01-10T10:46:18.676+0000] {processor.py:183} INFO - Processing /opt/airflow/dags/e_commerce_dw_dag.py took 0.131 seconds
[2025-01-10T10:46:49.192+0000] {processor.py:161} INFO - Started process (PID=1353) to work on /opt/airflow/dags/e_commerce_dw_dag.py
[2025-01-10T10:46:49.193+0000] {processor.py:830} INFO - Processing file /opt/airflow/dags/e_commerce_dw_dag.py for tasks to queue
[2025-01-10T10:46:49.194+0000] {logging_mixin.py:188} INFO - [2025-01-10T10:46:49.194+0000] {dagbag.py:545} INFO - Filling up the DagBag from /opt/airflow/dags/e_commerce_dw_dag.py
[2025-01-10T10:46:49.245+0000] {processor.py:840} INFO - DAG(s) 'e_commerce_dw_etl' retrieved from /opt/airflow/dags/e_commerce_dw_dag.py
[2025-01-10T10:46:49.275+0000] {logging_mixin.py:188} INFO - [2025-01-10T10:46:49.274+0000] {dag.py:3096} INFO - Sync 1 DAGs
[2025-01-10T10:46:49.297+0000] {logging_mixin.py:188} INFO - [2025-01-10T10:46:49.297+0000] {dag.py:3954} INFO - Setting next_dagrun for e_commerce_dw_etl to 2025-01-10 00:00:00+00:00, run_after=2025-01-11 00:00:00+00:00
[2025-01-10T10:46:49.318+0000] {processor.py:183} INFO - Processing /opt/airflow/dags/e_commerce_dw_dag.py took 0.132 seconds
[2025-01-10T10:47:19.888+0000] {processor.py:161} INFO - Started process (PID=1379) to work on /opt/airflow/dags/e_commerce_dw_dag.py
[2025-01-10T10:47:19.890+0000] {processor.py:830} INFO - Processing file /opt/airflow/dags/e_commerce_dw_dag.py for tasks to queue
[2025-01-10T10:47:19.891+0000] {logging_mixin.py:188} INFO - [2025-01-10T10:47:19.891+0000] {dagbag.py:545} INFO - Filling up the DagBag from /opt/airflow/dags/e_commerce_dw_dag.py
[2025-01-10T10:47:19.986+0000] {processor.py:840} INFO - DAG(s) 'e_commerce_dw_etl' retrieved from /opt/airflow/dags/e_commerce_dw_dag.py
[2025-01-10T10:47:20.035+0000] {logging_mixin.py:188} INFO - [2025-01-10T10:47:20.035+0000] {dag.py:3096} INFO - Sync 1 DAGs
[2025-01-10T10:47:20.067+0000] {logging_mixin.py:188} INFO - [2025-01-10T10:47:20.067+0000] {dag.py:3954} INFO - Setting next_dagrun for e_commerce_dw_etl to 2025-01-10 00:00:00+00:00, run_after=2025-01-11 00:00:00+00:00
[2025-01-10T10:47:20.090+0000] {processor.py:183} INFO - Processing /opt/airflow/dags/e_commerce_dw_dag.py took 0.213 seconds
[2025-01-10T10:47:50.520+0000] {processor.py:161} INFO - Started process (PID=1405) to work on /opt/airflow/dags/e_commerce_dw_dag.py
[2025-01-10T10:47:50.521+0000] {processor.py:830} INFO - Processing file /opt/airflow/dags/e_commerce_dw_dag.py for tasks to queue
[2025-01-10T10:47:50.522+0000] {logging_mixin.py:188} INFO - [2025-01-10T10:47:50.522+0000] {dagbag.py:545} INFO - Filling up the DagBag from /opt/airflow/dags/e_commerce_dw_dag.py
[2025-01-10T10:47:50.575+0000] {processor.py:840} INFO - DAG(s) 'e_commerce_dw_etl' retrieved from /opt/airflow/dags/e_commerce_dw_dag.py
[2025-01-10T10:47:50.608+0000] {logging_mixin.py:188} INFO - [2025-01-10T10:47:50.608+0000] {dag.py:3096} INFO - Sync 1 DAGs
[2025-01-10T10:47:50.632+0000] {logging_mixin.py:188} INFO - [2025-01-10T10:47:50.631+0000] {dag.py:3954} INFO - Setting next_dagrun for e_commerce_dw_etl to 2025-01-10 00:00:00+00:00, run_after=2025-01-11 00:00:00+00:00
[2025-01-10T10:47:50.657+0000] {processor.py:183} INFO - Processing /opt/airflow/dags/e_commerce_dw_dag.py took 0.144 seconds
[2025-01-10T10:48:21.186+0000] {processor.py:161} INFO - Started process (PID=1431) to work on /opt/airflow/dags/e_commerce_dw_dag.py
[2025-01-10T10:48:21.188+0000] {processor.py:830} INFO - Processing file /opt/airflow/dags/e_commerce_dw_dag.py for tasks to queue
[2025-01-10T10:48:21.189+0000] {logging_mixin.py:188} INFO - [2025-01-10T10:48:21.189+0000] {dagbag.py:545} INFO - Filling up the DagBag from /opt/airflow/dags/e_commerce_dw_dag.py
[2025-01-10T10:48:21.259+0000] {processor.py:840} INFO - DAG(s) 'e_commerce_dw_etl' retrieved from /opt/airflow/dags/e_commerce_dw_dag.py
[2025-01-10T10:48:21.291+0000] {logging_mixin.py:188} INFO - [2025-01-10T10:48:21.290+0000] {dag.py:3096} INFO - Sync 1 DAGs
[2025-01-10T10:48:21.312+0000] {logging_mixin.py:188} INFO - [2025-01-10T10:48:21.311+0000] {dag.py:3954} INFO - Setting next_dagrun for e_commerce_dw_etl to 2025-01-10 00:00:00+00:00, run_after=2025-01-11 00:00:00+00:00
[2025-01-10T10:48:21.335+0000] {processor.py:183} INFO - Processing /opt/airflow/dags/e_commerce_dw_dag.py took 0.155 seconds
[2025-01-10T10:48:51.776+0000] {processor.py:161} INFO - Started process (PID=1457) to work on /opt/airflow/dags/e_commerce_dw_dag.py
[2025-01-10T10:48:51.777+0000] {processor.py:830} INFO - Processing file /opt/airflow/dags/e_commerce_dw_dag.py for tasks to queue
[2025-01-10T10:48:51.777+0000] {logging_mixin.py:188} INFO - [2025-01-10T10:48:51.777+0000] {dagbag.py:545} INFO - Filling up the DagBag from /opt/airflow/dags/e_commerce_dw_dag.py
[2025-01-10T10:48:51.826+0000] {processor.py:840} INFO - DAG(s) 'e_commerce_dw_etl' retrieved from /opt/airflow/dags/e_commerce_dw_dag.py
[2025-01-10T10:48:51.855+0000] {logging_mixin.py:188} INFO - [2025-01-10T10:48:51.855+0000] {dag.py:3096} INFO - Sync 1 DAGs
[2025-01-10T10:48:51.879+0000] {logging_mixin.py:188} INFO - [2025-01-10T10:48:51.879+0000] {dag.py:3954} INFO - Setting next_dagrun for e_commerce_dw_etl to 2025-01-10 00:00:00+00:00, run_after=2025-01-11 00:00:00+00:00
[2025-01-10T10:48:51.908+0000] {processor.py:183} INFO - Processing /opt/airflow/dags/e_commerce_dw_dag.py took 0.138 seconds
[2025-01-10T10:49:22.540+0000] {processor.py:161} INFO - Started process (PID=1483) to work on /opt/airflow/dags/e_commerce_dw_dag.py
[2025-01-10T10:49:22.541+0000] {processor.py:830} INFO - Processing file /opt/airflow/dags/e_commerce_dw_dag.py for tasks to queue
[2025-01-10T10:49:22.543+0000] {logging_mixin.py:188} INFO - [2025-01-10T10:49:22.543+0000] {dagbag.py:545} INFO - Filling up the DagBag from /opt/airflow/dags/e_commerce_dw_dag.py
[2025-01-10T10:49:22.641+0000] {processor.py:840} INFO - DAG(s) 'e_commerce_dw_etl' retrieved from /opt/airflow/dags/e_commerce_dw_dag.py
[2025-01-10T10:49:22.719+0000] {logging_mixin.py:188} INFO - [2025-01-10T10:49:22.718+0000] {dag.py:3096} INFO - Sync 1 DAGs
[2025-01-10T10:49:22.771+0000] {logging_mixin.py:188} INFO - [2025-01-10T10:49:22.770+0000] {dag.py:3954} INFO - Setting next_dagrun for e_commerce_dw_etl to 2025-01-10 00:00:00+00:00, run_after=2025-01-11 00:00:00+00:00
[2025-01-10T10:49:22.792+0000] {processor.py:183} INFO - Processing /opt/airflow/dags/e_commerce_dw_dag.py took 0.269 seconds
[2025-01-10T10:49:53.393+0000] {processor.py:161} INFO - Started process (PID=1509) to work on /opt/airflow/dags/e_commerce_dw_dag.py
[2025-01-10T10:49:53.395+0000] {processor.py:830} INFO - Processing file /opt/airflow/dags/e_commerce_dw_dag.py for tasks to queue
[2025-01-10T10:49:53.396+0000] {logging_mixin.py:188} INFO - [2025-01-10T10:49:53.395+0000] {dagbag.py:545} INFO - Filling up the DagBag from /opt/airflow/dags/e_commerce_dw_dag.py
[2025-01-10T10:49:53.444+0000] {processor.py:840} INFO - DAG(s) 'e_commerce_dw_etl' retrieved from /opt/airflow/dags/e_commerce_dw_dag.py
[2025-01-10T10:49:53.478+0000] {logging_mixin.py:188} INFO - [2025-01-10T10:49:53.478+0000] {dag.py:3096} INFO - Sync 1 DAGs
[2025-01-10T10:49:53.499+0000] {logging_mixin.py:188} INFO - [2025-01-10T10:49:53.499+0000] {dag.py:3954} INFO - Setting next_dagrun for e_commerce_dw_etl to 2025-01-10 00:00:00+00:00, run_after=2025-01-11 00:00:00+00:00
[2025-01-10T10:49:53.523+0000] {processor.py:183} INFO - Processing /opt/airflow/dags/e_commerce_dw_dag.py took 0.137 seconds
[2025-01-10T10:50:24.070+0000] {processor.py:161} INFO - Started process (PID=1535) to work on /opt/airflow/dags/e_commerce_dw_dag.py
[2025-01-10T10:50:24.071+0000] {processor.py:830} INFO - Processing file /opt/airflow/dags/e_commerce_dw_dag.py for tasks to queue
[2025-01-10T10:50:24.072+0000] {logging_mixin.py:188} INFO - [2025-01-10T10:50:24.072+0000] {dagbag.py:545} INFO - Filling up the DagBag from /opt/airflow/dags/e_commerce_dw_dag.py
[2025-01-10T10:50:24.134+0000] {processor.py:840} INFO - DAG(s) 'e_commerce_dw_etl' retrieved from /opt/airflow/dags/e_commerce_dw_dag.py
[2025-01-10T10:50:24.166+0000] {logging_mixin.py:188} INFO - [2025-01-10T10:50:24.165+0000] {dag.py:3096} INFO - Sync 1 DAGs
[2025-01-10T10:50:24.199+0000] {logging_mixin.py:188} INFO - [2025-01-10T10:50:24.198+0000] {dag.py:3954} INFO - Setting next_dagrun for e_commerce_dw_etl to 2025-01-10 00:00:00+00:00, run_after=2025-01-11 00:00:00+00:00
[2025-01-10T10:50:24.232+0000] {processor.py:183} INFO - Processing /opt/airflow/dags/e_commerce_dw_dag.py took 0.167 seconds
[2025-01-10T10:50:54.738+0000] {processor.py:161} INFO - Started process (PID=1561) to work on /opt/airflow/dags/e_commerce_dw_dag.py
[2025-01-10T10:50:54.739+0000] {processor.py:830} INFO - Processing file /opt/airflow/dags/e_commerce_dw_dag.py for tasks to queue
[2025-01-10T10:50:54.740+0000] {logging_mixin.py:188} INFO - [2025-01-10T10:50:54.740+0000] {dagbag.py:545} INFO - Filling up the DagBag from /opt/airflow/dags/e_commerce_dw_dag.py
[2025-01-10T10:50:54.796+0000] {processor.py:840} INFO - DAG(s) 'e_commerce_dw_etl' retrieved from /opt/airflow/dags/e_commerce_dw_dag.py
[2025-01-10T10:50:54.831+0000] {logging_mixin.py:188} INFO - [2025-01-10T10:50:54.830+0000] {dag.py:3096} INFO - Sync 1 DAGs
[2025-01-10T10:50:54.854+0000] {logging_mixin.py:188} INFO - [2025-01-10T10:50:54.854+0000] {dag.py:3954} INFO - Setting next_dagrun for e_commerce_dw_etl to 2025-01-10 00:00:00+00:00, run_after=2025-01-11 00:00:00+00:00
[2025-01-10T10:50:54.879+0000] {processor.py:183} INFO - Processing /opt/airflow/dags/e_commerce_dw_dag.py took 0.148 seconds
[2025-01-10T10:51:25.487+0000] {processor.py:161} INFO - Started process (PID=1587) to work on /opt/airflow/dags/e_commerce_dw_dag.py
[2025-01-10T10:51:25.489+0000] {processor.py:830} INFO - Processing file /opt/airflow/dags/e_commerce_dw_dag.py for tasks to queue
[2025-01-10T10:51:25.490+0000] {logging_mixin.py:188} INFO - [2025-01-10T10:51:25.490+0000] {dagbag.py:545} INFO - Filling up the DagBag from /opt/airflow/dags/e_commerce_dw_dag.py
[2025-01-10T10:51:25.539+0000] {processor.py:840} INFO - DAG(s) 'e_commerce_dw_etl' retrieved from /opt/airflow/dags/e_commerce_dw_dag.py
[2025-01-10T10:51:25.571+0000] {logging_mixin.py:188} INFO - [2025-01-10T10:51:25.571+0000] {dag.py:3096} INFO - Sync 1 DAGs
[2025-01-10T10:51:25.596+0000] {logging_mixin.py:188} INFO - [2025-01-10T10:51:25.596+0000] {dag.py:3954} INFO - Setting next_dagrun for e_commerce_dw_etl to 2025-01-10 00:00:00+00:00, run_after=2025-01-11 00:00:00+00:00
[2025-01-10T10:51:25.653+0000] {processor.py:183} INFO - Processing /opt/airflow/dags/e_commerce_dw_dag.py took 0.173 seconds
[2025-01-10T10:51:56.239+0000] {processor.py:161} INFO - Started process (PID=1613) to work on /opt/airflow/dags/e_commerce_dw_dag.py
[2025-01-10T10:51:56.241+0000] {processor.py:830} INFO - Processing file /opt/airflow/dags/e_commerce_dw_dag.py for tasks to queue
[2025-01-10T10:51:56.244+0000] {logging_mixin.py:188} INFO - [2025-01-10T10:51:56.243+0000] {dagbag.py:545} INFO - Filling up the DagBag from /opt/airflow/dags/e_commerce_dw_dag.py
[2025-01-10T10:51:56.308+0000] {processor.py:840} INFO - DAG(s) 'e_commerce_dw_etl' retrieved from /opt/airflow/dags/e_commerce_dw_dag.py
[2025-01-10T10:51:56.337+0000] {logging_mixin.py:188} INFO - [2025-01-10T10:51:56.336+0000] {dag.py:3096} INFO - Sync 1 DAGs
[2025-01-10T10:51:56.357+0000] {logging_mixin.py:188} INFO - [2025-01-10T10:51:56.357+0000] {dag.py:3954} INFO - Setting next_dagrun for e_commerce_dw_etl to 2025-01-10 00:00:00+00:00, run_after=2025-01-11 00:00:00+00:00
[2025-01-10T10:51:56.385+0000] {processor.py:183} INFO - Processing /opt/airflow/dags/e_commerce_dw_dag.py took 0.155 seconds
