[2025-01-10T10:24:48.443+0000] {processor.py:161} INFO - Started process (PID=208) to work on /opt/airflow/dags/extract_data.py
[2025-01-10T10:24:48.445+0000] {processor.py:830} INFO - Processing file /opt/airflow/dags/extract_data.py for tasks to queue
[2025-01-10T10:24:48.446+0000] {logging_mixin.py:188} INFO - [2025-01-10T10:24:48.446+0000] {dagbag.py:545} INFO - Filling up the DagBag from /opt/airflow/dags/extract_data.py
[2025-01-10T10:24:48.467+0000] {processor.py:842} WARNING - No viable dags retrieved from /opt/airflow/dags/extract_data.py
[2025-01-10T10:24:48.485+0000] {processor.py:183} INFO - Processing /opt/airflow/dags/extract_data.py took 0.053 seconds
[2025-01-10T10:25:18.706+0000] {processor.py:161} INFO - Started process (PID=234) to work on /opt/airflow/dags/extract_data.py
[2025-01-10T10:25:18.708+0000] {processor.py:830} INFO - Processing file /opt/airflow/dags/extract_data.py for tasks to queue
[2025-01-10T10:25:18.712+0000] {logging_mixin.py:188} INFO - [2025-01-10T10:25:18.711+0000] {dagbag.py:545} INFO - Filling up the DagBag from /opt/airflow/dags/extract_data.py
[2025-01-10T10:25:18.734+0000] {processor.py:842} WARNING - No viable dags retrieved from /opt/airflow/dags/extract_data.py
[2025-01-10T10:25:18.776+0000] {processor.py:183} INFO - Processing /opt/airflow/dags/extract_data.py took 0.081 seconds
[2025-01-10T10:25:49.750+0000] {processor.py:161} INFO - Started process (PID=260) to work on /opt/airflow/dags/extract_data.py
[2025-01-10T10:25:49.757+0000] {processor.py:830} INFO - Processing file /opt/airflow/dags/extract_data.py for tasks to queue
[2025-01-10T10:25:49.759+0000] {logging_mixin.py:188} INFO - [2025-01-10T10:25:49.759+0000] {dagbag.py:545} INFO - Filling up the DagBag from /opt/airflow/dags/extract_data.py
[2025-01-10T10:25:49.784+0000] {processor.py:842} WARNING - No viable dags retrieved from /opt/airflow/dags/extract_data.py
[2025-01-10T10:25:49.819+0000] {processor.py:183} INFO - Processing /opt/airflow/dags/extract_data.py took 0.085 seconds
[2025-01-10T10:26:20.488+0000] {processor.py:161} INFO - Started process (PID=300) to work on /opt/airflow/dags/extract_data.py
[2025-01-10T10:26:20.490+0000] {processor.py:830} INFO - Processing file /opt/airflow/dags/extract_data.py for tasks to queue
[2025-01-10T10:26:20.492+0000] {logging_mixin.py:188} INFO - [2025-01-10T10:26:20.491+0000] {dagbag.py:545} INFO - Filling up the DagBag from /opt/airflow/dags/extract_data.py
[2025-01-10T10:26:20.519+0000] {processor.py:842} WARNING - No viable dags retrieved from /opt/airflow/dags/extract_data.py
[2025-01-10T10:26:20.539+0000] {processor.py:183} INFO - Processing /opt/airflow/dags/extract_data.py took 0.061 seconds
[2025-01-10T10:26:51.175+0000] {processor.py:161} INFO - Started process (PID=328) to work on /opt/airflow/dags/extract_data.py
[2025-01-10T10:26:51.177+0000] {processor.py:830} INFO - Processing file /opt/airflow/dags/extract_data.py for tasks to queue
[2025-01-10T10:26:51.178+0000] {logging_mixin.py:188} INFO - [2025-01-10T10:26:51.178+0000] {dagbag.py:545} INFO - Filling up the DagBag from /opt/airflow/dags/extract_data.py
[2025-01-10T10:26:51.193+0000] {processor.py:842} WARNING - No viable dags retrieved from /opt/airflow/dags/extract_data.py
[2025-01-10T10:26:51.207+0000] {processor.py:183} INFO - Processing /opt/airflow/dags/extract_data.py took 0.037 seconds
[2025-01-10T10:27:21.963+0000] {processor.py:161} INFO - Started process (PID=354) to work on /opt/airflow/dags/extract_data.py
[2025-01-10T10:27:21.965+0000] {processor.py:830} INFO - Processing file /opt/airflow/dags/extract_data.py for tasks to queue
[2025-01-10T10:27:21.966+0000] {logging_mixin.py:188} INFO - [2025-01-10T10:27:21.965+0000] {dagbag.py:545} INFO - Filling up the DagBag from /opt/airflow/dags/extract_data.py
[2025-01-10T10:27:21.978+0000] {processor.py:842} WARNING - No viable dags retrieved from /opt/airflow/dags/extract_data.py
[2025-01-10T10:27:21.994+0000] {processor.py:183} INFO - Processing /opt/airflow/dags/extract_data.py took 0.036 seconds
[2025-01-10T10:27:52.544+0000] {processor.py:161} INFO - Started process (PID=378) to work on /opt/airflow/dags/extract_data.py
[2025-01-10T10:27:52.545+0000] {processor.py:830} INFO - Processing file /opt/airflow/dags/extract_data.py for tasks to queue
[2025-01-10T10:27:52.547+0000] {logging_mixin.py:188} INFO - [2025-01-10T10:27:52.546+0000] {dagbag.py:545} INFO - Filling up the DagBag from /opt/airflow/dags/extract_data.py
[2025-01-10T10:27:52.563+0000] {processor.py:842} WARNING - No viable dags retrieved from /opt/airflow/dags/extract_data.py
[2025-01-10T10:27:52.579+0000] {processor.py:183} INFO - Processing /opt/airflow/dags/extract_data.py took 0.045 seconds
[2025-01-10T10:28:23.299+0000] {processor.py:161} INFO - Started process (PID=404) to work on /opt/airflow/dags/extract_data.py
[2025-01-10T10:28:23.300+0000] {processor.py:830} INFO - Processing file /opt/airflow/dags/extract_data.py for tasks to queue
[2025-01-10T10:28:23.301+0000] {logging_mixin.py:188} INFO - [2025-01-10T10:28:23.301+0000] {dagbag.py:545} INFO - Filling up the DagBag from /opt/airflow/dags/extract_data.py
[2025-01-10T10:28:23.314+0000] {processor.py:842} WARNING - No viable dags retrieved from /opt/airflow/dags/extract_data.py
[2025-01-10T10:28:23.327+0000] {processor.py:183} INFO - Processing /opt/airflow/dags/extract_data.py took 0.034 seconds
[2025-01-10T10:28:53.887+0000] {processor.py:161} INFO - Started process (PID=432) to work on /opt/airflow/dags/extract_data.py
[2025-01-10T10:28:53.888+0000] {processor.py:830} INFO - Processing file /opt/airflow/dags/extract_data.py for tasks to queue
[2025-01-10T10:28:53.889+0000] {logging_mixin.py:188} INFO - [2025-01-10T10:28:53.889+0000] {dagbag.py:545} INFO - Filling up the DagBag from /opt/airflow/dags/extract_data.py
[2025-01-10T10:28:53.901+0000] {processor.py:842} WARNING - No viable dags retrieved from /opt/airflow/dags/extract_data.py
[2025-01-10T10:28:53.915+0000] {processor.py:183} INFO - Processing /opt/airflow/dags/extract_data.py took 0.035 seconds
[2025-01-10T10:29:24.663+0000] {processor.py:161} INFO - Started process (PID=458) to work on /opt/airflow/dags/extract_data.py
[2025-01-10T10:29:24.664+0000] {processor.py:830} INFO - Processing file /opt/airflow/dags/extract_data.py for tasks to queue
[2025-01-10T10:29:24.665+0000] {logging_mixin.py:188} INFO - [2025-01-10T10:29:24.665+0000] {dagbag.py:545} INFO - Filling up the DagBag from /opt/airflow/dags/extract_data.py
[2025-01-10T10:29:24.677+0000] {processor.py:842} WARNING - No viable dags retrieved from /opt/airflow/dags/extract_data.py
[2025-01-10T10:29:24.689+0000] {processor.py:183} INFO - Processing /opt/airflow/dags/extract_data.py took 0.032 seconds
[2025-01-10T10:29:55.321+0000] {processor.py:161} INFO - Started process (PID=484) to work on /opt/airflow/dags/extract_data.py
[2025-01-10T10:29:55.322+0000] {processor.py:830} INFO - Processing file /opt/airflow/dags/extract_data.py for tasks to queue
[2025-01-10T10:29:55.322+0000] {logging_mixin.py:188} INFO - [2025-01-10T10:29:55.322+0000] {dagbag.py:545} INFO - Filling up the DagBag from /opt/airflow/dags/extract_data.py
[2025-01-10T10:29:55.333+0000] {processor.py:842} WARNING - No viable dags retrieved from /opt/airflow/dags/extract_data.py
[2025-01-10T10:29:55.345+0000] {processor.py:183} INFO - Processing /opt/airflow/dags/extract_data.py took 0.031 seconds
[2025-01-10T10:30:25.995+0000] {processor.py:161} INFO - Started process (PID=510) to work on /opt/airflow/dags/extract_data.py
[2025-01-10T10:30:25.996+0000] {processor.py:830} INFO - Processing file /opt/airflow/dags/extract_data.py for tasks to queue
[2025-01-10T10:30:25.997+0000] {logging_mixin.py:188} INFO - [2025-01-10T10:30:25.997+0000] {dagbag.py:545} INFO - Filling up the DagBag from /opt/airflow/dags/extract_data.py
[2025-01-10T10:30:26.009+0000] {processor.py:842} WARNING - No viable dags retrieved from /opt/airflow/dags/extract_data.py
[2025-01-10T10:30:26.023+0000] {processor.py:183} INFO - Processing /opt/airflow/dags/extract_data.py took 0.034 seconds
[2025-01-10T10:30:56.621+0000] {processor.py:161} INFO - Started process (PID=536) to work on /opt/airflow/dags/extract_data.py
[2025-01-10T10:30:56.622+0000] {processor.py:830} INFO - Processing file /opt/airflow/dags/extract_data.py for tasks to queue
[2025-01-10T10:30:56.623+0000] {logging_mixin.py:188} INFO - [2025-01-10T10:30:56.623+0000] {dagbag.py:545} INFO - Filling up the DagBag from /opt/airflow/dags/extract_data.py
[2025-01-10T10:30:56.634+0000] {processor.py:842} WARNING - No viable dags retrieved from /opt/airflow/dags/extract_data.py
[2025-01-10T10:30:56.645+0000] {processor.py:183} INFO - Processing /opt/airflow/dags/extract_data.py took 0.029 seconds
[2025-01-10T10:31:27.215+0000] {processor.py:161} INFO - Started process (PID=562) to work on /opt/airflow/dags/extract_data.py
[2025-01-10T10:31:27.216+0000] {processor.py:830} INFO - Processing file /opt/airflow/dags/extract_data.py for tasks to queue
[2025-01-10T10:31:27.217+0000] {logging_mixin.py:188} INFO - [2025-01-10T10:31:27.217+0000] {dagbag.py:545} INFO - Filling up the DagBag from /opt/airflow/dags/extract_data.py
[2025-01-10T10:31:27.229+0000] {processor.py:842} WARNING - No viable dags retrieved from /opt/airflow/dags/extract_data.py
[2025-01-10T10:31:27.241+0000] {processor.py:183} INFO - Processing /opt/airflow/dags/extract_data.py took 0.031 seconds
[2025-01-10T10:31:57.863+0000] {processor.py:161} INFO - Started process (PID=588) to work on /opt/airflow/dags/extract_data.py
[2025-01-10T10:31:57.864+0000] {processor.py:830} INFO - Processing file /opt/airflow/dags/extract_data.py for tasks to queue
[2025-01-10T10:31:57.865+0000] {logging_mixin.py:188} INFO - [2025-01-10T10:31:57.865+0000] {dagbag.py:545} INFO - Filling up the DagBag from /opt/airflow/dags/extract_data.py
[2025-01-10T10:31:57.878+0000] {processor.py:842} WARNING - No viable dags retrieved from /opt/airflow/dags/extract_data.py
[2025-01-10T10:31:57.891+0000] {processor.py:183} INFO - Processing /opt/airflow/dags/extract_data.py took 0.034 seconds
[2025-01-10T10:32:28.470+0000] {processor.py:161} INFO - Started process (PID=614) to work on /opt/airflow/dags/extract_data.py
[2025-01-10T10:32:28.471+0000] {processor.py:830} INFO - Processing file /opt/airflow/dags/extract_data.py for tasks to queue
[2025-01-10T10:32:28.472+0000] {logging_mixin.py:188} INFO - [2025-01-10T10:32:28.472+0000] {dagbag.py:545} INFO - Filling up the DagBag from /opt/airflow/dags/extract_data.py
[2025-01-10T10:32:28.485+0000] {processor.py:842} WARNING - No viable dags retrieved from /opt/airflow/dags/extract_data.py
[2025-01-10T10:32:28.498+0000] {processor.py:183} INFO - Processing /opt/airflow/dags/extract_data.py took 0.035 seconds
[2025-01-10T10:32:59.111+0000] {processor.py:161} INFO - Started process (PID=638) to work on /opt/airflow/dags/extract_data.py
[2025-01-10T10:32:59.112+0000] {processor.py:830} INFO - Processing file /opt/airflow/dags/extract_data.py for tasks to queue
[2025-01-10T10:32:59.114+0000] {logging_mixin.py:188} INFO - [2025-01-10T10:32:59.113+0000] {dagbag.py:545} INFO - Filling up the DagBag from /opt/airflow/dags/extract_data.py
[2025-01-10T10:32:59.128+0000] {processor.py:842} WARNING - No viable dags retrieved from /opt/airflow/dags/extract_data.py
[2025-01-10T10:32:59.146+0000] {processor.py:183} INFO - Processing /opt/airflow/dags/extract_data.py took 0.045 seconds
[2025-01-10T10:33:29.822+0000] {processor.py:161} INFO - Started process (PID=666) to work on /opt/airflow/dags/extract_data.py
[2025-01-10T10:33:29.823+0000] {processor.py:830} INFO - Processing file /opt/airflow/dags/extract_data.py for tasks to queue
[2025-01-10T10:33:29.824+0000] {logging_mixin.py:188} INFO - [2025-01-10T10:33:29.824+0000] {dagbag.py:545} INFO - Filling up the DagBag from /opt/airflow/dags/extract_data.py
[2025-01-10T10:33:29.835+0000] {processor.py:842} WARNING - No viable dags retrieved from /opt/airflow/dags/extract_data.py
[2025-01-10T10:33:29.849+0000] {processor.py:183} INFO - Processing /opt/airflow/dags/extract_data.py took 0.033 seconds
[2025-01-10T10:34:00.476+0000] {processor.py:161} INFO - Started process (PID=692) to work on /opt/airflow/dags/extract_data.py
[2025-01-10T10:34:00.477+0000] {processor.py:830} INFO - Processing file /opt/airflow/dags/extract_data.py for tasks to queue
[2025-01-10T10:34:00.478+0000] {logging_mixin.py:188} INFO - [2025-01-10T10:34:00.477+0000] {dagbag.py:545} INFO - Filling up the DagBag from /opt/airflow/dags/extract_data.py
[2025-01-10T10:34:00.488+0000] {processor.py:842} WARNING - No viable dags retrieved from /opt/airflow/dags/extract_data.py
[2025-01-10T10:34:00.500+0000] {processor.py:183} INFO - Processing /opt/airflow/dags/extract_data.py took 0.031 seconds
[2025-01-10T10:34:31.152+0000] {processor.py:161} INFO - Started process (PID=718) to work on /opt/airflow/dags/extract_data.py
[2025-01-10T10:34:31.153+0000] {processor.py:830} INFO - Processing file /opt/airflow/dags/extract_data.py for tasks to queue
[2025-01-10T10:34:31.155+0000] {logging_mixin.py:188} INFO - [2025-01-10T10:34:31.154+0000] {dagbag.py:545} INFO - Filling up the DagBag from /opt/airflow/dags/extract_data.py
[2025-01-10T10:34:31.169+0000] {processor.py:842} WARNING - No viable dags retrieved from /opt/airflow/dags/extract_data.py
[2025-01-10T10:34:31.185+0000] {processor.py:183} INFO - Processing /opt/airflow/dags/extract_data.py took 0.038 seconds
[2025-01-10T10:35:01.912+0000] {processor.py:161} INFO - Started process (PID=742) to work on /opt/airflow/dags/extract_data.py
[2025-01-10T10:35:01.913+0000] {processor.py:830} INFO - Processing file /opt/airflow/dags/extract_data.py for tasks to queue
[2025-01-10T10:35:01.914+0000] {logging_mixin.py:188} INFO - [2025-01-10T10:35:01.914+0000] {dagbag.py:545} INFO - Filling up the DagBag from /opt/airflow/dags/extract_data.py
[2025-01-10T10:35:01.929+0000] {processor.py:842} WARNING - No viable dags retrieved from /opt/airflow/dags/extract_data.py
[2025-01-10T10:35:01.942+0000] {processor.py:183} INFO - Processing /opt/airflow/dags/extract_data.py took 0.036 seconds
[2025-01-10T10:35:32.503+0000] {processor.py:161} INFO - Started process (PID=768) to work on /opt/airflow/dags/extract_data.py
[2025-01-10T10:35:32.504+0000] {processor.py:830} INFO - Processing file /opt/airflow/dags/extract_data.py for tasks to queue
[2025-01-10T10:35:32.506+0000] {logging_mixin.py:188} INFO - [2025-01-10T10:35:32.505+0000] {dagbag.py:545} INFO - Filling up the DagBag from /opt/airflow/dags/extract_data.py
[2025-01-10T10:35:32.518+0000] {processor.py:842} WARNING - No viable dags retrieved from /opt/airflow/dags/extract_data.py
[2025-01-10T10:35:32.531+0000] {processor.py:183} INFO - Processing /opt/airflow/dags/extract_data.py took 0.034 seconds
[2025-01-10T10:36:03.155+0000] {processor.py:161} INFO - Started process (PID=796) to work on /opt/airflow/dags/extract_data.py
[2025-01-10T10:36:03.156+0000] {processor.py:830} INFO - Processing file /opt/airflow/dags/extract_data.py for tasks to queue
[2025-01-10T10:36:03.157+0000] {logging_mixin.py:188} INFO - [2025-01-10T10:36:03.157+0000] {dagbag.py:545} INFO - Filling up the DagBag from /opt/airflow/dags/extract_data.py
[2025-01-10T10:36:03.167+0000] {processor.py:842} WARNING - No viable dags retrieved from /opt/airflow/dags/extract_data.py
[2025-01-10T10:36:03.182+0000] {processor.py:183} INFO - Processing /opt/airflow/dags/extract_data.py took 0.033 seconds
[2025-01-10T10:36:33.786+0000] {processor.py:161} INFO - Started process (PID=822) to work on /opt/airflow/dags/extract_data.py
[2025-01-10T10:36:33.787+0000] {processor.py:830} INFO - Processing file /opt/airflow/dags/extract_data.py for tasks to queue
[2025-01-10T10:36:33.788+0000] {logging_mixin.py:188} INFO - [2025-01-10T10:36:33.787+0000] {dagbag.py:545} INFO - Filling up the DagBag from /opt/airflow/dags/extract_data.py
[2025-01-10T10:36:33.797+0000] {processor.py:842} WARNING - No viable dags retrieved from /opt/airflow/dags/extract_data.py
[2025-01-10T10:36:33.810+0000] {processor.py:183} INFO - Processing /opt/airflow/dags/extract_data.py took 0.031 seconds
[2025-01-10T10:37:04.356+0000] {processor.py:161} INFO - Started process (PID=848) to work on /opt/airflow/dags/extract_data.py
[2025-01-10T10:37:04.357+0000] {processor.py:830} INFO - Processing file /opt/airflow/dags/extract_data.py for tasks to queue
[2025-01-10T10:37:04.358+0000] {logging_mixin.py:188} INFO - [2025-01-10T10:37:04.358+0000] {dagbag.py:545} INFO - Filling up the DagBag from /opt/airflow/dags/extract_data.py
[2025-01-10T10:37:04.371+0000] {processor.py:842} WARNING - No viable dags retrieved from /opt/airflow/dags/extract_data.py
[2025-01-10T10:37:04.384+0000] {processor.py:183} INFO - Processing /opt/airflow/dags/extract_data.py took 0.034 seconds
[2025-01-10T10:37:34.969+0000] {processor.py:161} INFO - Started process (PID=873) to work on /opt/airflow/dags/extract_data.py
[2025-01-10T10:37:34.970+0000] {processor.py:830} INFO - Processing file /opt/airflow/dags/extract_data.py for tasks to queue
[2025-01-10T10:37:34.972+0000] {logging_mixin.py:188} INFO - [2025-01-10T10:37:34.971+0000] {dagbag.py:545} INFO - Filling up the DagBag from /opt/airflow/dags/extract_data.py
[2025-01-10T10:37:34.984+0000] {processor.py:842} WARNING - No viable dags retrieved from /opt/airflow/dags/extract_data.py
[2025-01-10T10:37:34.996+0000] {processor.py:183} INFO - Processing /opt/airflow/dags/extract_data.py took 0.033 seconds
[2025-01-10T10:38:05.574+0000] {processor.py:161} INFO - Started process (PID=898) to work on /opt/airflow/dags/extract_data.py
[2025-01-10T10:38:05.575+0000] {processor.py:830} INFO - Processing file /opt/airflow/dags/extract_data.py for tasks to queue
[2025-01-10T10:38:05.577+0000] {logging_mixin.py:188} INFO - [2025-01-10T10:38:05.576+0000] {dagbag.py:545} INFO - Filling up the DagBag from /opt/airflow/dags/extract_data.py
[2025-01-10T10:38:05.590+0000] {processor.py:842} WARNING - No viable dags retrieved from /opt/airflow/dags/extract_data.py
[2025-01-10T10:38:05.603+0000] {processor.py:183} INFO - Processing /opt/airflow/dags/extract_data.py took 0.037 seconds
[2025-01-10T10:38:36.211+0000] {processor.py:161} INFO - Started process (PID=926) to work on /opt/airflow/dags/extract_data.py
[2025-01-10T10:38:36.212+0000] {processor.py:830} INFO - Processing file /opt/airflow/dags/extract_data.py for tasks to queue
[2025-01-10T10:38:36.213+0000] {logging_mixin.py:188} INFO - [2025-01-10T10:38:36.213+0000] {dagbag.py:545} INFO - Filling up the DagBag from /opt/airflow/dags/extract_data.py
[2025-01-10T10:38:36.225+0000] {processor.py:842} WARNING - No viable dags retrieved from /opt/airflow/dags/extract_data.py
[2025-01-10T10:38:36.238+0000] {processor.py:183} INFO - Processing /opt/airflow/dags/extract_data.py took 0.033 seconds
[2025-01-10T10:39:06.868+0000] {processor.py:161} INFO - Started process (PID=952) to work on /opt/airflow/dags/extract_data.py
[2025-01-10T10:39:06.869+0000] {processor.py:830} INFO - Processing file /opt/airflow/dags/extract_data.py for tasks to queue
[2025-01-10T10:39:06.870+0000] {logging_mixin.py:188} INFO - [2025-01-10T10:39:06.870+0000] {dagbag.py:545} INFO - Filling up the DagBag from /opt/airflow/dags/extract_data.py
[2025-01-10T10:39:06.884+0000] {processor.py:842} WARNING - No viable dags retrieved from /opt/airflow/dags/extract_data.py
[2025-01-10T10:39:06.899+0000] {processor.py:183} INFO - Processing /opt/airflow/dags/extract_data.py took 0.040 seconds
[2025-01-10T10:39:37.494+0000] {processor.py:161} INFO - Started process (PID=978) to work on /opt/airflow/dags/extract_data.py
[2025-01-10T10:39:37.495+0000] {processor.py:830} INFO - Processing file /opt/airflow/dags/extract_data.py for tasks to queue
[2025-01-10T10:39:37.496+0000] {logging_mixin.py:188} INFO - [2025-01-10T10:39:37.495+0000] {dagbag.py:545} INFO - Filling up the DagBag from /opt/airflow/dags/extract_data.py
[2025-01-10T10:39:37.509+0000] {processor.py:842} WARNING - No viable dags retrieved from /opt/airflow/dags/extract_data.py
[2025-01-10T10:39:37.520+0000] {processor.py:183} INFO - Processing /opt/airflow/dags/extract_data.py took 0.033 seconds
[2025-01-10T10:40:08.299+0000] {processor.py:161} INFO - Started process (PID=1004) to work on /opt/airflow/dags/extract_data.py
[2025-01-10T10:40:08.300+0000] {processor.py:830} INFO - Processing file /opt/airflow/dags/extract_data.py for tasks to queue
[2025-01-10T10:40:08.302+0000] {logging_mixin.py:188} INFO - [2025-01-10T10:40:08.301+0000] {dagbag.py:545} INFO - Filling up the DagBag from /opt/airflow/dags/extract_data.py
[2025-01-10T10:40:08.316+0000] {processor.py:842} WARNING - No viable dags retrieved from /opt/airflow/dags/extract_data.py
[2025-01-10T10:40:08.329+0000] {processor.py:183} INFO - Processing /opt/airflow/dags/extract_data.py took 0.036 seconds
[2025-01-10T10:40:39.271+0000] {processor.py:161} INFO - Started process (PID=1028) to work on /opt/airflow/dags/extract_data.py
[2025-01-10T10:40:39.273+0000] {processor.py:830} INFO - Processing file /opt/airflow/dags/extract_data.py for tasks to queue
[2025-01-10T10:40:39.275+0000] {logging_mixin.py:188} INFO - [2025-01-10T10:40:39.274+0000] {dagbag.py:545} INFO - Filling up the DagBag from /opt/airflow/dags/extract_data.py
[2025-01-10T10:40:39.301+0000] {processor.py:842} WARNING - No viable dags retrieved from /opt/airflow/dags/extract_data.py
[2025-01-10T10:40:39.337+0000] {processor.py:183} INFO - Processing /opt/airflow/dags/extract_data.py took 0.091 seconds
[2025-01-10T10:41:09.606+0000] {processor.py:161} INFO - Started process (PID=1056) to work on /opt/airflow/dags/extract_data.py
[2025-01-10T10:41:09.607+0000] {processor.py:830} INFO - Processing file /opt/airflow/dags/extract_data.py for tasks to queue
[2025-01-10T10:41:09.608+0000] {logging_mixin.py:188} INFO - [2025-01-10T10:41:09.608+0000] {dagbag.py:545} INFO - Filling up the DagBag from /opt/airflow/dags/extract_data.py
[2025-01-10T10:41:09.623+0000] {processor.py:842} WARNING - No viable dags retrieved from /opt/airflow/dags/extract_data.py
[2025-01-10T10:41:09.652+0000] {processor.py:183} INFO - Processing /opt/airflow/dags/extract_data.py took 0.058 seconds
[2025-01-10T10:41:40.217+0000] {processor.py:161} INFO - Started process (PID=1080) to work on /opt/airflow/dags/extract_data.py
[2025-01-10T10:41:40.218+0000] {processor.py:830} INFO - Processing file /opt/airflow/dags/extract_data.py for tasks to queue
[2025-01-10T10:41:40.219+0000] {logging_mixin.py:188} INFO - [2025-01-10T10:41:40.218+0000] {dagbag.py:545} INFO - Filling up the DagBag from /opt/airflow/dags/extract_data.py
[2025-01-10T10:41:40.230+0000] {processor.py:842} WARNING - No viable dags retrieved from /opt/airflow/dags/extract_data.py
[2025-01-10T10:41:40.242+0000] {processor.py:183} INFO - Processing /opt/airflow/dags/extract_data.py took 0.032 seconds
[2025-01-10T10:42:10.972+0000] {processor.py:161} INFO - Started process (PID=1108) to work on /opt/airflow/dags/extract_data.py
[2025-01-10T10:42:10.998+0000] {processor.py:830} INFO - Processing file /opt/airflow/dags/extract_data.py for tasks to queue
[2025-01-10T10:42:11.030+0000] {logging_mixin.py:188} INFO - [2025-01-10T10:42:11.029+0000] {dagbag.py:545} INFO - Filling up the DagBag from /opt/airflow/dags/extract_data.py
[2025-01-10T10:42:11.099+0000] {processor.py:842} WARNING - No viable dags retrieved from /opt/airflow/dags/extract_data.py
[2025-01-10T10:42:11.141+0000] {processor.py:183} INFO - Processing /opt/airflow/dags/extract_data.py took 0.199 seconds
[2025-01-10T10:42:41.596+0000] {processor.py:161} INFO - Started process (PID=1134) to work on /opt/airflow/dags/extract_data.py
[2025-01-10T10:42:41.598+0000] {processor.py:830} INFO - Processing file /opt/airflow/dags/extract_data.py for tasks to queue
[2025-01-10T10:42:41.599+0000] {logging_mixin.py:188} INFO - [2025-01-10T10:42:41.598+0000] {dagbag.py:545} INFO - Filling up the DagBag from /opt/airflow/dags/extract_data.py
[2025-01-10T10:42:41.610+0000] {processor.py:842} WARNING - No viable dags retrieved from /opt/airflow/dags/extract_data.py
[2025-01-10T10:42:41.623+0000] {processor.py:183} INFO - Processing /opt/airflow/dags/extract_data.py took 0.033 seconds
[2025-01-10T10:43:12.601+0000] {processor.py:161} INFO - Started process (PID=1158) to work on /opt/airflow/dags/extract_data.py
[2025-01-10T10:43:12.603+0000] {processor.py:830} INFO - Processing file /opt/airflow/dags/extract_data.py for tasks to queue
[2025-01-10T10:43:12.604+0000] {logging_mixin.py:188} INFO - [2025-01-10T10:43:12.604+0000] {dagbag.py:545} INFO - Filling up the DagBag from /opt/airflow/dags/extract_data.py
[2025-01-10T10:43:12.626+0000] {processor.py:842} WARNING - No viable dags retrieved from /opt/airflow/dags/extract_data.py
[2025-01-10T10:43:12.654+0000] {processor.py:183} INFO - Processing /opt/airflow/dags/extract_data.py took 0.085 seconds
[2025-01-10T10:43:43.327+0000] {processor.py:161} INFO - Started process (PID=1186) to work on /opt/airflow/dags/extract_data.py
[2025-01-10T10:43:43.328+0000] {processor.py:830} INFO - Processing file /opt/airflow/dags/extract_data.py for tasks to queue
[2025-01-10T10:43:43.330+0000] {logging_mixin.py:188} INFO - [2025-01-10T10:43:43.329+0000] {dagbag.py:545} INFO - Filling up the DagBag from /opt/airflow/dags/extract_data.py
[2025-01-10T10:43:43.342+0000] {processor.py:842} WARNING - No viable dags retrieved from /opt/airflow/dags/extract_data.py
[2025-01-10T10:43:43.356+0000] {processor.py:183} INFO - Processing /opt/airflow/dags/extract_data.py took 0.034 seconds
[2025-01-10T10:44:13.925+0000] {processor.py:161} INFO - Started process (PID=1210) to work on /opt/airflow/dags/extract_data.py
[2025-01-10T10:44:13.927+0000] {processor.py:830} INFO - Processing file /opt/airflow/dags/extract_data.py for tasks to queue
[2025-01-10T10:44:13.928+0000] {logging_mixin.py:188} INFO - [2025-01-10T10:44:13.928+0000] {dagbag.py:545} INFO - Filling up the DagBag from /opt/airflow/dags/extract_data.py
[2025-01-10T10:44:13.942+0000] {processor.py:842} WARNING - No viable dags retrieved from /opt/airflow/dags/extract_data.py
[2025-01-10T10:44:13.955+0000] {processor.py:183} INFO - Processing /opt/airflow/dags/extract_data.py took 0.036 seconds
[2025-01-10T10:44:44.562+0000] {processor.py:161} INFO - Started process (PID=1238) to work on /opt/airflow/dags/extract_data.py
[2025-01-10T10:44:44.563+0000] {processor.py:830} INFO - Processing file /opt/airflow/dags/extract_data.py for tasks to queue
[2025-01-10T10:44:44.564+0000] {logging_mixin.py:188} INFO - [2025-01-10T10:44:44.564+0000] {dagbag.py:545} INFO - Filling up the DagBag from /opt/airflow/dags/extract_data.py
[2025-01-10T10:44:44.577+0000] {processor.py:842} WARNING - No viable dags retrieved from /opt/airflow/dags/extract_data.py
[2025-01-10T10:44:44.591+0000] {processor.py:183} INFO - Processing /opt/airflow/dags/extract_data.py took 0.034 seconds
[2025-01-10T10:45:15.249+0000] {processor.py:161} INFO - Started process (PID=1264) to work on /opt/airflow/dags/extract_data.py
[2025-01-10T10:45:15.250+0000] {processor.py:830} INFO - Processing file /opt/airflow/dags/extract_data.py for tasks to queue
[2025-01-10T10:45:15.251+0000] {logging_mixin.py:188} INFO - [2025-01-10T10:45:15.251+0000] {dagbag.py:545} INFO - Filling up the DagBag from /opt/airflow/dags/extract_data.py
[2025-01-10T10:45:15.266+0000] {processor.py:842} WARNING - No viable dags retrieved from /opt/airflow/dags/extract_data.py
[2025-01-10T10:45:15.282+0000] {processor.py:183} INFO - Processing /opt/airflow/dags/extract_data.py took 0.041 seconds
[2025-01-10T10:45:45.834+0000] {processor.py:161} INFO - Started process (PID=1288) to work on /opt/airflow/dags/extract_data.py
[2025-01-10T10:45:45.836+0000] {processor.py:830} INFO - Processing file /opt/airflow/dags/extract_data.py for tasks to queue
[2025-01-10T10:45:45.837+0000] {logging_mixin.py:188} INFO - [2025-01-10T10:45:45.837+0000] {dagbag.py:545} INFO - Filling up the DagBag from /opt/airflow/dags/extract_data.py
[2025-01-10T10:45:45.848+0000] {processor.py:842} WARNING - No viable dags retrieved from /opt/airflow/dags/extract_data.py
[2025-01-10T10:45:45.864+0000] {processor.py:183} INFO - Processing /opt/airflow/dags/extract_data.py took 0.035 seconds
[2025-01-10T10:46:16.514+0000] {processor.py:161} INFO - Started process (PID=1316) to work on /opt/airflow/dags/extract_data.py
[2025-01-10T10:46:16.515+0000] {processor.py:830} INFO - Processing file /opt/airflow/dags/extract_data.py for tasks to queue
[2025-01-10T10:46:16.516+0000] {logging_mixin.py:188} INFO - [2025-01-10T10:46:16.516+0000] {dagbag.py:545} INFO - Filling up the DagBag from /opt/airflow/dags/extract_data.py
[2025-01-10T10:46:16.534+0000] {processor.py:842} WARNING - No viable dags retrieved from /opt/airflow/dags/extract_data.py
[2025-01-10T10:46:16.547+0000] {processor.py:183} INFO - Processing /opt/airflow/dags/extract_data.py took 0.040 seconds
[2025-01-10T10:46:47.147+0000] {processor.py:161} INFO - Started process (PID=1342) to work on /opt/airflow/dags/extract_data.py
[2025-01-10T10:46:47.148+0000] {processor.py:830} INFO - Processing file /opt/airflow/dags/extract_data.py for tasks to queue
[2025-01-10T10:46:47.149+0000] {logging_mixin.py:188} INFO - [2025-01-10T10:46:47.149+0000] {dagbag.py:545} INFO - Filling up the DagBag from /opt/airflow/dags/extract_data.py
[2025-01-10T10:46:47.159+0000] {processor.py:842} WARNING - No viable dags retrieved from /opt/airflow/dags/extract_data.py
[2025-01-10T10:46:47.172+0000] {processor.py:183} INFO - Processing /opt/airflow/dags/extract_data.py took 0.031 seconds
[2025-01-10T10:47:17.841+0000] {processor.py:161} INFO - Started process (PID=1368) to work on /opt/airflow/dags/extract_data.py
[2025-01-10T10:47:17.842+0000] {processor.py:830} INFO - Processing file /opt/airflow/dags/extract_data.py for tasks to queue
[2025-01-10T10:47:17.843+0000] {logging_mixin.py:188} INFO - [2025-01-10T10:47:17.843+0000] {dagbag.py:545} INFO - Filling up the DagBag from /opt/airflow/dags/extract_data.py
[2025-01-10T10:47:17.856+0000] {processor.py:842} WARNING - No viable dags retrieved from /opt/airflow/dags/extract_data.py
[2025-01-10T10:47:17.869+0000] {processor.py:183} INFO - Processing /opt/airflow/dags/extract_data.py took 0.034 seconds
[2025-01-10T10:47:48.470+0000] {processor.py:161} INFO - Started process (PID=1394) to work on /opt/airflow/dags/extract_data.py
[2025-01-10T10:47:48.471+0000] {processor.py:830} INFO - Processing file /opt/airflow/dags/extract_data.py for tasks to queue
[2025-01-10T10:47:48.473+0000] {logging_mixin.py:188} INFO - [2025-01-10T10:47:48.472+0000] {dagbag.py:545} INFO - Filling up the DagBag from /opt/airflow/dags/extract_data.py
[2025-01-10T10:47:48.486+0000] {processor.py:842} WARNING - No viable dags retrieved from /opt/airflow/dags/extract_data.py
[2025-01-10T10:47:48.501+0000] {processor.py:183} INFO - Processing /opt/airflow/dags/extract_data.py took 0.036 seconds
[2025-01-10T10:48:19.123+0000] {processor.py:161} INFO - Started process (PID=1426) to work on /opt/airflow/dags/extract_data.py
[2025-01-10T10:48:19.125+0000] {processor.py:830} INFO - Processing file /opt/airflow/dags/extract_data.py for tasks to queue
[2025-01-10T10:48:19.126+0000] {logging_mixin.py:188} INFO - [2025-01-10T10:48:19.126+0000] {dagbag.py:545} INFO - Filling up the DagBag from /opt/airflow/dags/extract_data.py
[2025-01-10T10:48:19.138+0000] {processor.py:842} WARNING - No viable dags retrieved from /opt/airflow/dags/extract_data.py
[2025-01-10T10:48:19.152+0000] {processor.py:183} INFO - Processing /opt/airflow/dags/extract_data.py took 0.036 seconds
[2025-01-10T10:48:49.705+0000] {processor.py:161} INFO - Started process (PID=1452) to work on /opt/airflow/dags/extract_data.py
[2025-01-10T10:48:49.706+0000] {processor.py:830} INFO - Processing file /opt/airflow/dags/extract_data.py for tasks to queue
[2025-01-10T10:48:49.707+0000] {logging_mixin.py:188} INFO - [2025-01-10T10:48:49.707+0000] {dagbag.py:545} INFO - Filling up the DagBag from /opt/airflow/dags/extract_data.py
[2025-01-10T10:48:49.724+0000] {processor.py:842} WARNING - No viable dags retrieved from /opt/airflow/dags/extract_data.py
[2025-01-10T10:48:49.738+0000] {processor.py:183} INFO - Processing /opt/airflow/dags/extract_data.py took 0.038 seconds
[2025-01-10T10:49:20.504+0000] {processor.py:161} INFO - Started process (PID=1478) to work on /opt/airflow/dags/extract_data.py
[2025-01-10T10:49:20.516+0000] {processor.py:830} INFO - Processing file /opt/airflow/dags/extract_data.py for tasks to queue
[2025-01-10T10:49:20.519+0000] {logging_mixin.py:188} INFO - [2025-01-10T10:49:20.518+0000] {dagbag.py:545} INFO - Filling up the DagBag from /opt/airflow/dags/extract_data.py
[2025-01-10T10:49:20.538+0000] {processor.py:842} WARNING - No viable dags retrieved from /opt/airflow/dags/extract_data.py
[2025-01-10T10:49:20.578+0000] {processor.py:183} INFO - Processing /opt/airflow/dags/extract_data.py took 0.095 seconds
[2025-01-10T10:49:51.344+0000] {processor.py:161} INFO - Started process (PID=1503) to work on /opt/airflow/dags/extract_data.py
[2025-01-10T10:49:51.345+0000] {processor.py:830} INFO - Processing file /opt/airflow/dags/extract_data.py for tasks to queue
[2025-01-10T10:49:51.347+0000] {logging_mixin.py:188} INFO - [2025-01-10T10:49:51.346+0000] {dagbag.py:545} INFO - Filling up the DagBag from /opt/airflow/dags/extract_data.py
[2025-01-10T10:49:51.358+0000] {processor.py:842} WARNING - No viable dags retrieved from /opt/airflow/dags/extract_data.py
[2025-01-10T10:49:51.369+0000] {processor.py:183} INFO - Processing /opt/airflow/dags/extract_data.py took 0.032 seconds
[2025-01-10T10:50:22.036+0000] {processor.py:161} INFO - Started process (PID=1530) to work on /opt/airflow/dags/extract_data.py
[2025-01-10T10:50:22.038+0000] {processor.py:830} INFO - Processing file /opt/airflow/dags/extract_data.py for tasks to queue
[2025-01-10T10:50:22.040+0000] {logging_mixin.py:188} INFO - [2025-01-10T10:50:22.039+0000] {dagbag.py:545} INFO - Filling up the DagBag from /opt/airflow/dags/extract_data.py
[2025-01-10T10:50:22.054+0000] {processor.py:842} WARNING - No viable dags retrieved from /opt/airflow/dags/extract_data.py
[2025-01-10T10:50:22.077+0000] {processor.py:183} INFO - Processing /opt/airflow/dags/extract_data.py took 0.050 seconds
[2025-01-10T10:50:52.687+0000] {processor.py:161} INFO - Started process (PID=1556) to work on /opt/airflow/dags/extract_data.py
[2025-01-10T10:50:52.688+0000] {processor.py:830} INFO - Processing file /opt/airflow/dags/extract_data.py for tasks to queue
[2025-01-10T10:50:52.689+0000] {logging_mixin.py:188} INFO - [2025-01-10T10:50:52.689+0000] {dagbag.py:545} INFO - Filling up the DagBag from /opt/airflow/dags/extract_data.py
[2025-01-10T10:50:52.704+0000] {processor.py:842} WARNING - No viable dags retrieved from /opt/airflow/dags/extract_data.py
[2025-01-10T10:50:52.719+0000] {processor.py:183} INFO - Processing /opt/airflow/dags/extract_data.py took 0.038 seconds
[2025-01-10T10:51:23.445+0000] {processor.py:161} INFO - Started process (PID=1582) to work on /opt/airflow/dags/extract_data.py
[2025-01-10T10:51:23.446+0000] {processor.py:830} INFO - Processing file /opt/airflow/dags/extract_data.py for tasks to queue
[2025-01-10T10:51:23.447+0000] {logging_mixin.py:188} INFO - [2025-01-10T10:51:23.447+0000] {dagbag.py:545} INFO - Filling up the DagBag from /opt/airflow/dags/extract_data.py
[2025-01-10T10:51:23.461+0000] {processor.py:842} WARNING - No viable dags retrieved from /opt/airflow/dags/extract_data.py
[2025-01-10T10:51:23.473+0000] {processor.py:183} INFO - Processing /opt/airflow/dags/extract_data.py took 0.034 seconds
[2025-01-10T10:51:54.162+0000] {processor.py:161} INFO - Started process (PID=1608) to work on /opt/airflow/dags/extract_data.py
[2025-01-10T10:51:54.164+0000] {processor.py:830} INFO - Processing file /opt/airflow/dags/extract_data.py for tasks to queue
[2025-01-10T10:51:54.166+0000] {logging_mixin.py:188} INFO - [2025-01-10T10:51:54.165+0000] {dagbag.py:545} INFO - Filling up the DagBag from /opt/airflow/dags/extract_data.py
[2025-01-10T10:51:54.180+0000] {processor.py:842} WARNING - No viable dags retrieved from /opt/airflow/dags/extract_data.py
[2025-01-10T10:51:54.200+0000] {processor.py:183} INFO - Processing /opt/airflow/dags/extract_data.py took 0.045 seconds
